
3818933 : 0x40e35ebffae4ec : 1 : spill_jit_data :  Jit agent is not initialized
3818933 : 0x40e35ebffc9170 : 2 : ittapi_config_mask_get :  --itt-config mask to be applied: 39
3818933 : 0x40e35ebffcc01b : 2 : ittapi_config_apply_per_lib :  ITTAPI function instrumented: __itt_domain_create
3818933 : 0x40e35ebffcd7d2 : 2 : ittapi_config_apply_per_lib :  ITTAPI function instrumented: __itt_module_load_with_sections
3818933 : 0x40e35ebffcf728 : 2 : ittapi_config_apply_per_lib :  ITTAPI function not implemented: __itt_module_unload_with_sections
3818933 : 0x40e35ebffd1567 : 2 : ittapi_config_apply_per_lib :  ITTAPI function instrumented: __itt_string_handle_create
3818933 : 0x40e35ebffd28ff : 2 : ittapi_config_apply_per_lib :  ITTAPI function instrumented: __itt_counter_create
3818933 : 0x40e35ebffd39b8 : 2 : ittapi_config_apply_per_lib :  ITTAPI function instrumented: __itt_counter_create_typed
3818933 : 0x40e35ebffd4c4f : 2 : ittapi_config_apply_per_lib :  ITTAPI function instrumented: __itt_pause
3818933 : 0x40e35ebffd5ed2 : 2 : ittapi_config_apply_per_lib :  ITTAPI function instrumented: __itt_resume
3818933 : 0x40e35ebffe8f7f : 2 : ittapi_config_apply_per_lib :  ITTAPI function instrumented: __itt_thread_set_name
3818933 : 0x40e35ebffea7fe : 2 : ittapi_config_apply_per_lib :  ITTAPI function instrumented: __itt_thread_ignore
3818933 : 0x40e35ebffeba19 : 2 : ittapi_config_apply_per_lib :  ITTAPI function instrumented: __itt_thr_name_set
3818933 : 0x40e35ebffeccd8 : 2 : ittapi_config_apply_per_lib :  ITTAPI function instrumented: __itt_thr_ignore
3818933 : 0x40e35ebffee54d : 2 : ittapi_config_apply_per_lib :  ITTAPI function not implemented: __itt_enable_attach
3818933 : 0x40e35ebffef84e : 2 : ittapi_config_apply_per_lib :  ITTAPI function instrumented: __itt_detach
3818933 : 0x40e35ebfff0832 : 2 : ittapi_config_apply_per_lib :  ITTAPI function NOT instrumented (not matched by --itt-config option): __itt_sync_create

3818933 : 0x40e35ebfff1906 : 2 : ittapi_config_apply_per_lib :  ITTAPI function NOT instrumented (not matched by --itt-config option): __itt_sync_rename

3818933 : 0x40e35ebfff2812 : 2 : ittapi_config_apply_per_lib :  ITTAPI function NOT instrumented (not matched by --itt-config option): __itt_sync_destroy

3818933 : 0x40e35ebfff379f : 2 : ittapi_config_apply_per_lib :  ITTAPI function NOT instrumented (not matched by --itt-config option): __itt_sync_prepare

3818933 : 0x40e35ebfff8fcf : 2 : ittapi_config_apply_per_lib :  ITTAPI function NOT instrumented (not matched by --itt-config option): __itt_sync_cancel

3818933 : 0x40e35ebfffa039 : 2 : ittapi_config_apply_per_lib :  ITTAPI function NOT instrumented (not matched by --itt-config option): __itt_sync_acquired

3818933 : 0x40e35ebfffaedd : 2 : ittapi_config_apply_per_lib :  ITTAPI function NOT instrumented (not matched by --itt-config option): __itt_sync_releasing

3818933 : 0x40e35ebfffc2f3 : 2 : ittapi_config_apply_per_lib :  ITTAPI function not implemented: __itt_suppress_push
3818933 : 0x40e35ebfffdb1b : 2 : ittapi_config_apply_per_lib :  ITTAPI function not implemented: __itt_suppress_pop
3818933 : 0x40e35ebfffeed8 : 2 : ittapi_config_apply_per_lib :  ITTAPI function not implemented: __itt_suppress_mark_range
3818933 : 0x40e35ec0000374 : 2 : ittapi_config_apply_per_lib :  ITTAPI function not implemented: __itt_suppress_clear_range
3818933 : 0x40e35ec0001285 : 2 : ittapi_config_apply_per_lib :  ITTAPI function NOT instrumented (not matched by --itt-config option): __itt_sync_prepare

3818933 : 0x40e35ec000214b : 2 : ittapi_config_apply_per_lib :  ITTAPI function NOT instrumented (not matched by --itt-config option): __itt_sync_cancel

3818933 : 0x40e35ec0002f8a : 2 : ittapi_config_apply_per_lib :  ITTAPI function NOT instrumented (not matched by --itt-config option): __itt_sync_acquired

3818933 : 0x40e35ec0007e14 : 2 : ittapi_config_apply_per_lib :  ITTAPI function NOT instrumented (not matched by --itt-config option): __itt_sync_releasing

3818933 : 0x40e35ec0008e88 : 2 : ittapi_config_apply_per_lib :  ITTAPI function NOT instrumented (not matched by --itt-config option): __itt_model_site_begin

3818933 : 0x40e35ec0009e05 : 2 : ittapi_config_apply_per_lib :  ITTAPI function NOT instrumented (not matched by --itt-config option): __itt_model_site_end

3818933 : 0x40e35ec000ad52 : 2 : ittapi_config_apply_per_lib :  ITTAPI function NOT instrumented (not matched by --itt-config option): __itt_model_task_begin

3818933 : 0x40e35ec000bc1f : 2 : ittapi_config_apply_per_lib :  ITTAPI function NOT instrumented (not matched by --itt-config option): __itt_model_task_end

3818933 : 0x40e35ec000cc3b : 2 : ittapi_config_apply_per_lib :  ITTAPI function NOT instrumented (not matched by --itt-config option): __itt_model_lock_acquire

3818933 : 0x40e35ec000db39 : 2 : ittapi_config_apply_per_lib :  ITTAPI function NOT instrumented (not matched by --itt-config option): __itt_model_lock_release

3818933 : 0x40e35ec000eaf2 : 2 : ittapi_config_apply_per_lib :  ITTAPI function NOT instrumented (not matched by --itt-config option): __itt_model_record_allocation

3818933 : 0x40e35ec000f9c1 : 2 : ittapi_config_apply_per_lib :  ITTAPI function NOT instrumented (not matched by --itt-config option): __itt_model_record_deallocation

3818933 : 0x40e35ec00108aa : 2 : ittapi_config_apply_per_lib :  ITTAPI function NOT instrumented (not matched by --itt-config option): __itt_model_induction_uses

3818933 : 0x40e35ec0017f9f : 2 : ittapi_config_apply_per_lib :  ITTAPI function NOT instrumented (not matched by --itt-config option): __itt_model_reduction_uses

3818933 : 0x40e35ec001901f : 2 : ittapi_config_apply_per_lib :  ITTAPI function NOT instrumented (not matched by --itt-config option): __itt_model_observe_uses

3818933 : 0x40e35ec0019fce : 2 : ittapi_config_apply_per_lib :  ITTAPI function NOT instrumented (not matched by --itt-config option): __itt_model_clear_uses

3818933 : 0x40e35ec001ae72 : 2 : ittapi_config_apply_per_lib :  ITTAPI function NOT instrumented (not matched by --itt-config option): __itt_model_site_beginA

3818933 : 0x40e35ec001bdaf : 2 : ittapi_config_apply_per_lib :  ITTAPI function NOT instrumented (not matched by --itt-config option): __itt_model_site_beginAL

3818933 : 0x40e35ec001cd75 : 2 : ittapi_config_apply_per_lib :  ITTAPI function NOT instrumented (not matched by --itt-config option): __itt_model_task_beginA

3818933 : 0x40e35ec001dbfa : 2 : ittapi_config_apply_per_lib :  ITTAPI function NOT instrumented (not matched by --itt-config option): __itt_model_task_beginAL

3818933 : 0x40e35ec001eaf8 : 2 : ittapi_config_apply_per_lib :  ITTAPI function NOT instrumented (not matched by --itt-config option): __itt_model_iteration_taskA

3818933 : 0x40e35ec001f9e2 : 2 : ittapi_config_apply_per_lib :  ITTAPI function NOT instrumented (not matched by --itt-config option): __itt_model_iteration_taskAL

3818933 : 0x40e35ec0020947 : 2 : ittapi_config_apply_per_lib :  ITTAPI function NOT instrumented (not matched by --itt-config option): __itt_model_site_end_2

3818933 : 0x40e35ec0025324 : 2 : ittapi_config_apply_per_lib :  ITTAPI function NOT instrumented (not matched by --itt-config option): __itt_model_task_end_2

3818933 : 0x40e35ec00262c5 : 2 : ittapi_config_apply_per_lib :  ITTAPI function NOT instrumented (not matched by --itt-config option): __itt_model_lock_acquire_2

3818933 : 0x40e35ec00271ff : 2 : ittapi_config_apply_per_lib :  ITTAPI function NOT instrumented (not matched by --itt-config option): __itt_model_lock_release_2

3818933 : 0x40e35ec002816e : 2 : ittapi_config_apply_per_lib :  ITTAPI function NOT instrumented (not matched by --itt-config option): __itt_model_aggregate_task

3818933 : 0x40e35ec002905c : 2 : ittapi_config_apply_per_lib :  ITTAPI function NOT instrumented (not matched by --itt-config option): __itt_model_disable_push

3818933 : 0x40e35ec0029fa3 : 2 : ittapi_config_apply_per_lib :  ITTAPI function NOT instrumented (not matched by --itt-config option): __itt_model_disable_pop

3818933 : 0x40e35ec002b092 : 2 : ittapi_config_apply_per_lib :  ITTAPI function instrumented: __itt_heap_function_create
3818933 : 0x40e35ec002c20d : 2 : ittapi_config_apply_per_lib :  ITTAPI function instrumented: __itt_heap_allocate_begin
3818933 : 0x40e35ec002d400 : 2 : ittapi_config_apply_per_lib :  ITTAPI function instrumented: __itt_heap_allocate_end
3818933 : 0x40e35ec002e4fd : 2 : ittapi_config_apply_per_lib :  ITTAPI function instrumented: __itt_heap_free_begin
3818933 : 0x40e35ec0034bef : 2 : ittapi_config_apply_per_lib :  ITTAPI function instrumented: __itt_heap_free_end
3818933 : 0x40e35ec0035e99 : 2 : ittapi_config_apply_per_lib :  ITTAPI function instrumented: __itt_heap_reallocate_begin
3818933 : 0x40e35ec0036f1a : 2 : ittapi_config_apply_per_lib :  ITTAPI function instrumented: __itt_heap_reallocate_end
3818933 : 0x40e35ec0038309 : 2 : ittapi_config_apply_per_lib :  ITTAPI function not implemented: __itt_heap_internal_access_begin
3818933 : 0x40e35ec00396d6 : 2 : ittapi_config_apply_per_lib :  ITTAPI function not implemented: __itt_heap_internal_access_end
3818933 : 0x40e35ec003ab15 : 2 : ittapi_config_apply_per_lib :  ITTAPI function not implemented: __itt_heap_record_memory_growth_begin
3818933 : 0x40e35ec003bdeb : 2 : ittapi_config_apply_per_lib :  ITTAPI function not implemented: __itt_heap_record_memory_growth_end
3818933 : 0x40e35ec003d154 : 2 : ittapi_config_apply_per_lib :  ITTAPI function not implemented: __itt_heap_reset_detection
3818933 : 0x40e35ec003e58c : 2 : ittapi_config_apply_per_lib :  ITTAPI function not implemented: __itt_heap_record
3818933 : 0x40e35ec003f823 : 2 : ittapi_config_apply_per_lib :  ITTAPI function not implemented: __itt_id_create
3818933 : 0x40e35ec00445e6 : 2 : ittapi_config_apply_per_lib :  ITTAPI function not implemented: __itt_id_destroy
3818933 : 0x40e35ec00458c9 : 2 : ittapi_config_apply_per_lib :  ITTAPI function instrumented: __itt_get_timestamp
3818933 : 0x40e35ec0046bdb : 2 : ittapi_config_apply_per_lib :  ITTAPI function not implemented: __itt_region_begin
3818933 : 0x40e35ec0047ee1 : 2 : ittapi_config_apply_per_lib :  ITTAPI function not implemented: __itt_region_end
3818933 : 0x40e35ec00490f8 : 2 : ittapi_config_apply_per_lib :  ITTAPI function instrumented: __itt_frame_begin_v3
3818933 : 0x40e35ec004a20f : 2 : ittapi_config_apply_per_lib :  ITTAPI function instrumented: __itt_frame_end_v3
3818933 : 0x40e35ec004b352 : 2 : ittapi_config_apply_per_lib :  ITTAPI function instrumented: __itt_frame_submit_v3
3818933 : 0x40e35ec004c6f4 : 2 : ittapi_config_apply_per_lib :  ITTAPI function not implemented: __itt_task_group
3818933 : 0x40e35ec004d8bc : 2 : ittapi_config_apply_per_lib :  ITTAPI function instrumented: __itt_task_begin
3818933 : 0x40e35ec004e9a7 : 2 : ittapi_config_apply_per_lib :  ITTAPI function instrumented: __itt_task_begin_fn
3818933 : 0x40e35ec0053965 : 2 : ittapi_config_apply_per_lib :  ITTAPI function instrumented: __itt_task_end
3818933 : 0x40e35ec0054e36 : 2 : ittapi_config_apply_per_lib :  ITTAPI function not implemented: __itt_counter_inc_v3
3818933 : 0x40e35ec005620a : 2 : ittapi_config_apply_per_lib :  ITTAPI function not implemented: __itt_counter_inc_delta_v3
3818933 : 0x40e35ec005752e : 2 : ittapi_config_apply_per_lib :  ITTAPI function not implemented: __itt_counter_dec_v3
3818933 : 0x40e35ec0058703 : 2 : ittapi_config_apply_per_lib :  ITTAPI function not implemented: __itt_counter_dec_delta_v3
3818933 : 0x40e35ec00599ed : 2 : ittapi_config_apply_per_lib :  ITTAPI function not implemented: __itt_marker
3818933 : 0x40e35ec005abae : 2 : ittapi_config_apply_per_lib :  ITTAPI function instrumented: __itt_metadata_add
3818933 : 0x40e35ec005bdaf : 2 : ittapi_config_apply_per_lib :  ITTAPI function not implemented: __itt_metadata_str_add
3818933 : 0x40e35ec005cfdf : 2 : ittapi_config_apply_per_lib :  ITTAPI function not implemented: __itt_relation_add_to_current
3818933 : 0x40e35ec005e2e7 : 2 : ittapi_config_apply_per_lib :  ITTAPI function not implemented: __itt_relation_add
3818933 : 0x40e35ec0062c7d : 2 : ittapi_config_apply_per_lib :  ITTAPI function instrumented: __itt_event_create
3818933 : 0x40e35ec0063eaa : 2 : ittapi_config_apply_per_lib :  ITTAPI function instrumented: __itt_event_start
3818933 : 0x40e35ec0064f7b : 2 : ittapi_config_apply_per_lib :  ITTAPI function instrumented: __itt_event_end
3818933 : 0x40e35ec0065e11 : 2 : ittapi_config_apply_per_lib :  ITTAPI function NOT instrumented (not matched by --itt-config option): __itt_sync_set_name

3818933 : 0x40e35ec0066de4 : 2 : ittapi_config_apply_per_lib :  ITTAPI function NOT instrumented (not matched by --itt-config option): __itt_notify_sync_name

3818933 : 0x40e35ec0067d10 : 2 : ittapi_config_apply_per_lib :  ITTAPI function NOT instrumented (not matched by --itt-config option): __itt_notify_sync_prepare

3818933 : 0x40e35ec0068b9d : 2 : ittapi_config_apply_per_lib :  ITTAPI function NOT instrumented (not matched by --itt-config option): __itt_notify_sync_cancel

3818933 : 0x40e35ec0069aff : 2 : ittapi_config_apply_per_lib :  ITTAPI function NOT instrumented (not matched by --itt-config option): __itt_notify_sync_acquired

3818933 : 0x40e35ec006a96a : 2 : ittapi_config_apply_per_lib :  ITTAPI function NOT instrumented (not matched by --itt-config option): __itt_notify_sync_releasing

3818933 : 0x40e35ec006bb89 : 2 : ittapi_config_apply_per_lib :  ITTAPI function not implemented: __itt_memory_read
3818933 : 0x40e35ec0072552 : 2 : ittapi_config_apply_per_lib :  ITTAPI function not implemented: __itt_memory_write
3818933 : 0x40e35ec00739ee : 2 : ittapi_config_apply_per_lib :  ITTAPI function not implemented: __itt_memory_update
3818933 : 0x40e35ec0074d07 : 2 : ittapi_config_apply_per_lib :  ITTAPI function not implemented: __itt_state_get
3818933 : 0x40e35ec0075ee6 : 2 : ittapi_config_apply_per_lib :  ITTAPI function not implemented: __itt_state_set
3818933 : 0x40e35ec00771b3 : 2 : ittapi_config_apply_per_lib :  ITTAPI function not implemented: __itt_obj_mode_set
3818933 : 0x40e35ec0078475 : 2 : ittapi_config_apply_per_lib :  ITTAPI function not implemented: __itt_thr_mode_set
3818933 : 0x40e35ec0079567 : 2 : ittapi_config_apply_per_lib :  ITTAPI function instrumented: __itt_frame_create
3818933 : 0x40e35ec007a603 : 2 : ittapi_config_apply_per_lib :  ITTAPI function instrumented: __itt_pt_region_create
3818933 : 0x40e35ec007b777 : 2 : ittapi_config_apply_per_lib :  ITTAPI function instrumented: __itt_frame_begin
3818933 : 0x40e35ec007c92b : 2 : ittapi_config_apply_per_lib :  ITTAPI function instrumented: __itt_frame_end
3818933 : 0x40e35ec0081cd2 : 2 : ittapi_config_apply_per_lib :  ITTAPI function not implemented: __itt_counter_destroy
3818933 : 0x40e35ec0083067 : 2 : ittapi_config_apply_per_lib :  ITTAPI function instrumented: __itt_counter_inc
3818933 : 0x40e35ec0084148 : 2 : ittapi_config_apply_per_lib :  ITTAPI function instrumented: __itt_counter_inc_delta
3818933 : 0x40e35ec0085338 : 2 : ittapi_config_apply_per_lib :  ITTAPI function instrumented: __itt_counter_dec
3818933 : 0x40e35ec0086561 : 2 : ittapi_config_apply_per_lib :  ITTAPI function instrumented: __itt_counter_dec_delta
3818933 : 0x40e35ec00877b2 : 2 : ittapi_config_apply_per_lib :  ITTAPI function instrumented: __itt_counter_set_value
3818933 : 0x40e35ec0088b89 : 2 : ittapi_config_apply_per_lib :  ITTAPI function not implemented: __itt_counter_set_value_ex
3818933 : 0x40e35ec0089dd0 : 2 : ittapi_config_apply_per_lib :  ITTAPI function not implemented: __itt_mark_create
3818933 : 0x40e35ec008b0df : 2 : ittapi_config_apply_per_lib :  ITTAPI function not implemented: __itt_mark
3818933 : 0x40e35ec008c47d : 2 : ittapi_config_apply_per_lib :  ITTAPI function not implemented: __itt_mark_off
3818933 : 0x40e35ec00910f8 : 2 : ittapi_config_apply_per_lib :  ITTAPI function not implemented: __itt_mark_global
3818933 : 0x40e35ec00924b2 : 2 : ittapi_config_apply_per_lib :  ITTAPI function not implemented: __itt_mark_global_off
3818933 : 0x40e35ec0093547 : 2 : ittapi_config_apply_per_lib :  ITTAPI function NOT instrumented (not matched by --itt-config option): __itt_stack_caller_create

3818933 : 0x40e35ec009451a : 2 : ittapi_config_apply_per_lib :  ITTAPI function NOT instrumented (not matched by --itt-config option): __itt_stack_caller_destroy

3818933 : 0x40e35ec009542f : 2 : ittapi_config_apply_per_lib :  ITTAPI function NOT instrumented (not matched by --itt-config option): __itt_stack_callee_enter

3818933 : 0x40e35ec00962fe : 2 : ittapi_config_apply_per_lib :  ITTAPI function NOT instrumented (not matched by --itt-config option): __itt_stack_callee_leave

3818933 : 0x40e35ec009d743 : 2 : ittapi_config_apply_per_lib :  ITTAPI function not implemented: __itt_clock_domain_create
3818933 : 0x40e35ec009f3e7 : 2 : ittapi_config_apply_per_lib :  ITTAPI function not implemented: __itt_clock_domain_reset
3818933 : 0x40e35ec00a0677 : 2 : ittapi_config_apply_per_lib :  ITTAPI function not implemented: __itt_id_create_ex
3818933 : 0x40e35ec00a19e3 : 2 : ittapi_config_apply_per_lib :  ITTAPI function not implemented: __itt_id_destroy_ex
3818933 : 0x40e35ec00a9892 : 2 : ittapi_config_apply_per_lib :  ITTAPI function not implemented: __itt_task_begin_ex
3818933 : 0x40e35ec00aad35 : 2 : ittapi_config_apply_per_lib :  ITTAPI function not implemented: __itt_task_begin_fn_ex
3818933 : 0x40e35ec00ac044 : 2 : ittapi_config_apply_per_lib :  ITTAPI function not implemented: __itt_task_end_ex
3818933 : 0x40e35ec00ad256 : 2 : ittapi_config_apply_per_lib :  ITTAPI function instrumented: __itt_task_begin_overlapped
3818933 : 0x40e35ec00ae4e9 : 2 : ittapi_config_apply_per_lib :  ITTAPI function not implemented: __itt_task_begin_overlapped_ex
3818933 : 0x40e35ec00af845 : 2 : ittapi_config_apply_per_lib :  ITTAPI function instrumented: __itt_task_end_overlapped
3818933 : 0x40e35ec00b0b07 : 2 : ittapi_config_apply_per_lib :  ITTAPI function not implemented: __itt_task_end_overlapped_ex
3818933 : 0x40e35ec00b1d9e : 2 : ittapi_config_apply_per_lib :  ITTAPI function not implemented: __itt_marker_ex
3818933 : 0x40e35ec00b30d5 : 2 : ittapi_config_apply_per_lib :  ITTAPI function not implemented: __itt_metadata_add_with_scope
3818933 : 0x40e35ec00b4514 : 2 : ittapi_config_apply_per_lib :  ITTAPI function not implemented: __itt_metadata_str_add_with_scope
3818933 : 0x40e35ec00b92f7 : 2 : ittapi_config_apply_per_lib :  ITTAPI function not implemented: __itt_relation_add_to_current_ex
3818933 : 0x40e35ec00ba69d : 2 : ittapi_config_apply_per_lib :  ITTAPI function not implemented: __itt_relation_add_ex
3818933 : 0x40e35ec00bb8ea : 2 : ittapi_config_apply_per_lib :  ITTAPI function not implemented: __itt_track_group_create
3818933 : 0x40e35ec00bc9c8 : 2 : ittapi_config_apply_per_lib :  ITTAPI function not implemented: __itt_track_create
3818933 : 0x40e35ec00bdbae : 2 : ittapi_config_apply_per_lib :  ITTAPI function not implemented: __itt_set_track
3818933 : 0x40e35ec00bed3e : 2 : ittapi_config_apply_per_lib :  ITTAPI function instrumented: __itt_api_version
3818933 : 0x40e35ec00bff9b : 2 : ittapi_config_apply_per_lib :  ITTAPI function not implemented: __itt_av_save
3818933 : 0x40e35ec00c1106 : 2 : ittapi_config_apply_per_lib :  ITTAPI function instrumented: __itt_module_load
3818933 : 0x40e35ec00c22ce : 2 : ittapi_config_apply_per_lib :  ITTAPI function not implemented: __itt_module_unload