20 [139727178266496] INFO perfrun.launcher <> - Launcher main begin
21 [139727178266496] INFO perfrun.launcher <> - MessageCatalogInit finished
21 [139727178266496] INFO perfrun.launcher <> - Launcher instance created
21 [139727178266496] INFO perfrun.launcher <> - argc = 6; cmdline = /opt/intel/vtune_profiler_2020.2.0.610396/bin64/amplxe-runss -dump-vdso -r /home/kd5eyn/git/p2-concurrency/exp2/r019ue --tmp-dir /tmp/amplxe-tmp-kd5eyn 
52 [139727178266496] INFO perfrun.launcher <> - plugin remoteplug has been added successfully
52 [139727178266496] INFO perfrun.launcher <> - plugin system has been added successfully
52 [139727178266496] INFO perfrun.launcher <> - plugin vdso has been added successfully
52 [139727178266496] INFO perfrun.launcher <> - plugin itt has been added successfully
52 [139727178266496] INFO perfrun.launcher <> - plugin ptracecollector has been added successfully
52 [139727178266496] INFO perfrun.launcher <> - plugin gpu has been added successfully
52 [139727178266496] INFO perfrun.launcher <> - plugin  has been added successfully
52 [139727178266496] INFO perfrun.launcher <> - plugin  has been added successfully
52 [139727178266496] INFO perfrun.launcher <> - plugin  has been added successfully
52 [139727178266496] INFO perfrun.launcher <> - plugin mrte has been added successfully
52 [139727178266496] INFO perfrun.launcher <> - plugin emon has been added successfully
52 [139727178266496] INFO perfrun.launcher <> - plugin cuscol has been added successfully
53 [139727178266496] INFO perfrun.launcher <> - plugin stdsrc has been added successfully
53 [139727178266496] INFO perfrun.launcher <> - plugin sep has been added successfully
54 [139727178266496] INFO perfrun.launcher <> - plugin vtsspp has been added successfully
54 [139727178266496] INFO perfrun.sdk <> - Reading value (0) from file: /proc/sys/kernel/perf_event_paranoid
54 [139727178266496] INFO perfrun.perfcollector <> - checking access to: /opt/intel/vtune_profiler_2020.2.0.610396/bin64/amplxe-perf-priv
63 [139727178266496] INFO perfrun.perfcollector <> - cpu: family = 6 model = 79
63 [139727178266496] INFO perfrun.perfcollector <> - dir found : /sys/bus/event_source/devices/software
63 [139727178266496] WARN perfrun.perfcollector <> - format subdir doesn't exist, at file: vcs/perfrun1/plugins/perfcollector/src/controller.cpp:685
63 [139727178266496] WARN perfrun.perfcollector <> - pmu hwInfo is not set, at file: vcs/perfrun1/plugins/perfcollector/src/controller.cpp:779
63 [139727178266496] INFO perfrun.perfcollector <> - pmu added : family : software , id : 0
63 [139727178266496] INFO perfrun.perfcollector <> - dir found : /sys/bus/event_source/devices/uncore_cbox_8
63 [139727178266496] INFO perfrun.perfcollector <> - format: event config:0-7 mask:0-7
63 [139727178266496] INFO perfrun.perfcollector <> - format: filter_link config1:6-8 mask:6-8
63 [139727178266496] INFO perfrun.perfcollector <> - format: filter_c6 config1:61 mask:61
63 [139727178266496] INFO perfrun.perfcollector <> - format: edge config:18 mask:18
64 [139727178266496] INFO perfrun.perfcollector <> - format: filter_isoc config1:63 mask:63
64 [139727178266496] INFO perfrun.perfcollector <> - format: filter_tid config1:0-5 mask:0-5
64 [139727178266496] INFO perfrun.perfcollector <> - format: filter_nid config1:32-47 mask:32-47
64 [139727178266496] INFO perfrun.perfcollector <> - format: filter_nc config1:62 mask:62
64 [139727178266496] INFO perfrun.perfcollector <> - format: umask config:8-15 mask:8-15
64 [139727178266496] INFO perfrun.perfcollector <> - format: tid_en config:19 mask:19
64 [139727178266496] INFO perfrun.perfcollector <> - format: thresh config:24-31 mask:24-31
64 [139727178266496] INFO perfrun.perfcollector <> - format: filter_state config1:17-23 mask:17-23
64 [139727178266496] INFO perfrun.perfcollector <> - format: filter_opc config1:52-60 mask:52-60
64 [139727178266496] WARN perfrun.perfcollector <> - pmu hwInfo is not set, at file: vcs/perfrun1/plugins/perfcollector/src/controller.cpp:779
64 [139727178266496] INFO perfrun.perfcollector <> - pmu added : family : uncore_cbox , id : 8
64 [139727178266496] INFO perfrun.perfcollector <> - dir found : /sys/bus/event_source/devices/uncore_imc_3
65 [139727178266496] INFO perfrun.perfcollector <> - format: event config:0-7 mask:0-7
65 [139727178266496] INFO perfrun.perfcollector <> - format: edge config:18 mask:18
65 [139727178266496] INFO perfrun.perfcollector <> - format: inv config:23 mask:23
65 [139727178266496] INFO perfrun.perfcollector <> - format: umask config:8-15 mask:8-15
65 [139727178266496] INFO perfrun.perfcollector <> - format: thresh config:24-31 mask:24-31
65 [139727178266496] INFO perfrun.perfcollector <> - hwInfo : PERF_IMC_PMU_DETAILS
65 [139727178266496] INFO perfrun.perfcollector <> - pmu added : family : uncore_imc , id : 3
65 [139727178266496] INFO perfrun.perfcollector <> - dir found : /sys/bus/event_source/devices/uncore_r2pcie
65 [139727178266496] INFO perfrun.perfcollector <> - format: event config:0-7 mask:0-7
65 [139727178266496] INFO perfrun.perfcollector <> - format: edge config:18 mask:18
65 [139727178266496] INFO perfrun.perfcollector <> - format: inv config:23 mask:23
65 [139727178266496] INFO perfrun.perfcollector <> - format: umask config:8-15 mask:8-15
66 [139727178266496] INFO perfrun.perfcollector <> - format: thresh config:24-31 mask:24-31
66 [139727178266496] WARN perfrun.perfcollector <> - pmu hwInfo is not set, at file: vcs/perfrun1/plugins/perfcollector/src/controller.cpp:779
66 [139727178266496] INFO perfrun.perfcollector <> - pmu added : family : uncore_r2pcie , id : 0
66 [139727178266496] INFO perfrun.perfcollector <> - dir found : /sys/bus/event_source/devices/uncore_qpi_1
66 [139727178266496] INFO perfrun.perfcollector <> - format: mask_rnid4 config2:31 mask:31
66 [139727178266496] INFO perfrun.perfcollector <> - format: mask_rnid30 config2:32-35 mask:32-35
66 [139727178266496] INFO perfrun.perfcollector <> - format: match_rnid30 config1:32-35 mask:32-35
66 [139727178266496] INFO perfrun.perfcollector <> - format: event config:0-7,21 mask:0-7,21
67 [139727178266496] INFO perfrun.perfcollector <> - format: match0 config1:0-31 mask:0-31
67 [139727178266496] INFO perfrun.perfcollector <> - format: match_rds config1:48-51 mask:48-51
67 [139727178266496] INFO perfrun.perfcollector <> - format: mask_rds config2:48-51 mask:48-51
67 [139727178266496] INFO perfrun.perfcollector <> - format: edge config:18 mask:18
67 [139727178266496] INFO perfrun.perfcollector <> - format: mask1 config2:32-63 mask:32-63
67 [139727178266496] INFO perfrun.perfcollector <> - format: match_dnid config1:13-17 mask:13-17
67 [139727178266496] INFO perfrun.perfcollector <> - format: mask_dnid config2:13-17 mask:13-17
67 [139727178266496] INFO perfrun.perfcollector <> - format: match_vnw config1:3-4 mask:3-4
67 [139727178266496] INFO perfrun.perfcollector <> - format: mask_vnw config2:3-4 mask:3-4
67 [139727178266496] INFO perfrun.perfcollector <> - format: mask_mc config2:9-12 mask:9-12
67 [139727178266496] INFO perfrun.perfcollector <> - format: match1 config1:32-63 mask:32-63
67 [139727178266496] INFO perfrun.perfcollector <> - format: inv config:23 mask:23
67 [139727178266496] INFO perfrun.perfcollector <> - format: umask config:8-15 mask:8-15
68 [139727178266496] INFO perfrun.perfcollector <> - format: match_opc config1:5-8 mask:5-8
68 [139727178266496] INFO perfrun.perfcollector <> - format: mask_opc config2:5-8 mask:5-8
68 [139727178266496] INFO perfrun.perfcollector <> - format: thresh config:24-31 mask:24-31
68 [139727178266496] INFO perfrun.perfcollector <> - format: match_rnid4 config1:31 mask:31
68 [139727178266496] INFO perfrun.perfcollector <> - format: mask0 config2:0-31 mask:0-31
68 [139727178266496] INFO perfrun.perfcollector <> - format: match_mc config1:9-12 mask:9-12
68 [139727178266496] INFO perfrun.perfcollector <> - hwInfo : PERF_QPI_PMU_DETAILS
68 [139727178266496] INFO perfrun.perfcollector <> - pmu added : family : uncore_qpi , id : 1
68 [139727178266496] INFO perfrun.perfcollector <> - dir found : /sys/bus/event_source/devices/uncore_cbox_6
68 [139727178266496] INFO perfrun.perfcollector <> - format: event config:0-7 mask:0-7
68 [139727178266496] INFO perfrun.perfcollector <> - format: filter_link config1:6-8 mask:6-8
68 [139727178266496] INFO perfrun.perfcollector <> - format: filter_c6 config1:61 mask:61
68 [139727178266496] INFO perfrun.perfcollector <> - format: edge config:18 mask:18
69 [139727178266496] INFO perfrun.perfcollector <> - format: filter_isoc config1:63 mask:63
69 [139727178266496] INFO perfrun.perfcollector <> - format: filter_tid config1:0-5 mask:0-5
69 [139727178266496] INFO perfrun.perfcollector <> - format: filter_nid config1:32-47 mask:32-47
69 [139727178266496] INFO perfrun.perfcollector <> - format: filter_nc config1:62 mask:62
69 [139727178266496] INFO perfrun.perfcollector <> - format: umask config:8-15 mask:8-15
69 [139727178266496] INFO perfrun.perfcollector <> - format: tid_en config:19 mask:19
69 [139727178266496] INFO perfrun.perfcollector <> - format: thresh config:24-31 mask:24-31
69 [139727178266496] INFO perfrun.perfcollector <> - format: filter_state config1:17-23 mask:17-23
69 [139727178266496] INFO perfrun.perfcollector <> - format: filter_opc config1:52-60 mask:52-60
69 [139727178266496] WARN perfrun.perfcollector <> - pmu hwInfo is not set, at file: vcs/perfrun1/plugins/perfcollector/src/controller.cpp:779
69 [139727178266496] INFO perfrun.perfcollector <> - pmu added : family : uncore_cbox , id : 6
69 [139727178266496] INFO perfrun.perfcollector <> - dir found : /sys/bus/event_source/devices/uncore_imc_1
69 [139727178266496] INFO perfrun.perfcollector <> - format: event config:0-7 mask:0-7
70 [139727178266496] INFO perfrun.perfcollector <> - format: edge config:18 mask:18
70 [139727178266496] INFO perfrun.perfcollector <> - format: inv config:23 mask:23
70 [139727178266496] INFO perfrun.perfcollector <> - format: umask config:8-15 mask:8-15
70 [139727178266496] INFO perfrun.perfcollector <> - format: thresh config:24-31 mask:24-31
70 [139727178266496] INFO perfrun.perfcollector <> - hwInfo : PERF_IMC_PMU_DETAILS
70 [139727178266496] INFO perfrun.perfcollector <> - pmu added : family : uncore_imc , id : 1
70 [139727178266496] INFO perfrun.perfcollector <> - dir found : /sys/bus/event_source/devices/power
70 [139727178266496] INFO perfrun.perfcollector <> - format: event config:0-7 mask:0-7
70 [139727178266496] WARN perfrun.perfcollector <> - pmu hwInfo is not set, at file: vcs/perfrun1/plugins/perfcollector/src/controller.cpp:779
70 [139727178266496] INFO perfrun.perfcollector <> - pmu added : family : power , id : 0
70 [139727178266496] INFO perfrun.perfcollector <> - dir found : /sys/bus/event_source/devices/uncore_cbox_4
70 [139727178266496] INFO perfrun.perfcollector <> - format: event config:0-7 mask:0-7
70 [139727178266496] INFO perfrun.perfcollector <> - format: filter_link config1:6-8 mask:6-8
70 [139727178266496] INFO perfrun.perfcollector <> - format: filter_c6 config1:61 mask:61
71 [139727178266496] INFO perfrun.perfcollector <> - format: edge config:18 mask:18
71 [139727178266496] INFO perfrun.perfcollector <> - format: filter_isoc config1:63 mask:63
71 [139727178266496] INFO perfrun.perfcollector <> - format: filter_tid config1:0-5 mask:0-5
71 [139727178266496] INFO perfrun.perfcollector <> - format: filter_nid config1:32-47 mask:32-47
71 [139727178266496] INFO perfrun.perfcollector <> - format: filter_nc config1:62 mask:62
71 [139727178266496] INFO perfrun.perfcollector <> - format: umask config:8-15 mask:8-15
71 [139727178266496] INFO perfrun.perfcollector <> - format: tid_en config:19 mask:19
71 [139727178266496] INFO perfrun.perfcollector <> - format: thresh config:24-31 mask:24-31
71 [139727178266496] INFO perfrun.perfcollector <> - format: filter_state config1:17-23 mask:17-23
71 [139727178266496] INFO perfrun.perfcollector <> - format: filter_opc config1:52-60 mask:52-60
71 [139727178266496] WARN perfrun.perfcollector <> - pmu hwInfo is not set, at file: vcs/perfrun1/plugins/perfcollector/src/controller.cpp:779
71 [139727178266496] INFO perfrun.perfcollector <> - pmu added : family : uncore_cbox , id : 4
71 [139727178266496] INFO perfrun.perfcollector <> - dir found : /sys/bus/event_source/devices/uprobe
72 [139727178266496] INFO perfrun.perfcollector <> - format: ref_ctr_offset config:32-63 mask:32-63
72 [139727178266496] INFO perfrun.perfcollector <> - format: retprobe config:0 mask:0
72 [139727178266496] WARN perfrun.perfcollector <> - pmu hwInfo is not set, at file: vcs/perfrun1/plugins/perfcollector/src/controller.cpp:779
72 [139727178266496] INFO perfrun.perfcollector <> - pmu added : family : uprobe , id : 0
72 [139727178266496] INFO perfrun.perfcollector <> - dir found : /sys/bus/event_source/devices/cpu
72 [139727178266496] INFO perfrun.perfcollector <> - format: event config:0-7 mask:0-7
72 [139727178266496] INFO perfrun.perfcollector <> - format: pc config:19 mask:19
72 [139727178266496] INFO perfrun.perfcollector <> - format: in_tx config:32 mask:32
72 [139727178266496] INFO perfrun.perfcollector <> - format: edge config:18 mask:18
72 [139727178266496] INFO perfrun.perfcollector <> - format: any config:21 mask:21
72 [139727178266496] INFO perfrun.perfcollector <> - format: offcore_rsp config1:0-63 mask:0-63
72 [139727178266496] INFO perfrun.perfcollector <> - format: in_tx_cp config:33 mask:33
72 [139727178266496] INFO perfrun.perfcollector <> - format: ldlat config1:0-15 mask:0-15
73 [139727178266496] INFO perfrun.perfcollector <> - format: inv config:23 mask:23
73 [139727178266496] INFO perfrun.perfcollector <> - format: umask config:8-15 mask:8-15
73 [139727178266496] INFO perfrun.perfcollector <> - format: cmask config:24-31 mask:24-31
73 [139727178266496] INFO perfrun.perfcollector <> - hwInfo : PERF_CPU_PMU_DETAILS
73 [139727178266496] INFO perfrun.perfcollector <> - pmu added : family : cpu , id : 0
73 [139727178266496] INFO perfrun.perfcollector <> - dir found : /sys/bus/event_source/devices/uncore_r3qpi_0
73 [139727178266496] INFO perfrun.perfcollector <> - format: event config:0-7 mask:0-7
73 [139727178266496] INFO perfrun.perfcollector <> - format: edge config:18 mask:18
73 [139727178266496] INFO perfrun.perfcollector <> - format: inv config:23 mask:23
73 [139727178266496] INFO perfrun.perfcollector <> - format: umask config:8-15 mask:8-15
73 [139727178266496] INFO perfrun.perfcollector <> - format: thresh config:24-31 mask:24-31
73 [139727178266496] WARN perfrun.perfcollector <> - pmu hwInfo is not set, at file: vcs/perfrun1/plugins/perfcollector/src/controller.cpp:779
73 [139727178266496] INFO perfrun.perfcollector <> - pmu added : family : uncore_r3qpi , id : 0
73 [139727178266496] INFO perfrun.perfcollector <> - dir found : /sys/bus/event_source/devices/cstate_core
74 [139727178266496] INFO perfrun.perfcollector <> - format: event config:0-63 mask:0-63
74 [139727178266496] WARN perfrun.perfcollector <> - pmu hwInfo is not set, at file: vcs/perfrun1/plugins/perfcollector/src/controller.cpp:779
74 [139727178266496] INFO perfrun.perfcollector <> - pmu added : family : cstate_core , id : 0
74 [139727178266496] INFO perfrun.perfcollector <> - dir found : /sys/bus/event_source/devices/uncore_cbox_2
74 [139727178266496] INFO perfrun.perfcollector <> - format: event config:0-7 mask:0-7
74 [139727178266496] INFO perfrun.perfcollector <> - format: filter_link config1:6-8 mask:6-8
74 [139727178266496] INFO perfrun.perfcollector <> - format: filter_c6 config1:61 mask:61
74 [139727178266496] INFO perfrun.perfcollector <> - format: edge config:18 mask:18
74 [139727178266496] INFO perfrun.perfcollector <> - format: filter_isoc config1:63 mask:63
74 [139727178266496] INFO perfrun.perfcollector <> - format: filter_tid config1:0-5 mask:0-5
74 [139727178266496] INFO perfrun.perfcollector <> - format: filter_nid config1:32-47 mask:32-47
74 [139727178266496] INFO perfrun.perfcollector <> - format: filter_nc config1:62 mask:62
75 [139727178266496] INFO perfrun.perfcollector <> - format: umask config:8-15 mask:8-15
75 [139727178266496] INFO perfrun.perfcollector <> - format: tid_en config:19 mask:19
75 [139727178266496] INFO perfrun.perfcollector <> - format: thresh config:24-31 mask:24-31
75 [139727178266496] INFO perfrun.perfcollector <> - format: filter_state config1:17-23 mask:17-23
75 [139727178266496] INFO perfrun.perfcollector <> - format: filter_opc config1:52-60 mask:52-60
75 [139727178266496] WARN perfrun.perfcollector <> - pmu hwInfo is not set, at file: vcs/perfrun1/plugins/perfcollector/src/controller.cpp:779
75 [139727178266496] INFO perfrun.perfcollector <> - pmu added : family : uncore_cbox , id : 2
75 [139727178266496] INFO perfrun.perfcollector <> - dir found : /sys/bus/event_source/devices/breakpoint
75 [139727178266496] WARN perfrun.perfcollector <> - format subdir doesn't exist, at file: vcs/perfrun1/plugins/perfcollector/src/controller.cpp:685
75 [139727178266496] WARN perfrun.perfcollector <> - pmu hwInfo is not set, at file: vcs/perfrun1/plugins/perfcollector/src/controller.cpp:779
75 [139727178266496] INFO perfrun.perfcollector <> - pmu added : family : breakpoint , id : 0
75 [139727178266496] INFO perfrun.perfcollector <> - dir found : /sys/bus/event_source/devices/uncore_ha_0
75 [139727178266496] INFO perfrun.perfcollector <> - format: event config:0-7 mask:0-7
75 [139727178266496] INFO perfrun.perfcollector <> - format: edge config:18 mask:18
76 [139727178266496] INFO perfrun.perfcollector <> - format: inv config:23 mask:23
76 [139727178266496] INFO perfrun.perfcollector <> - format: umask config:8-15 mask:8-15
76 [139727178266496] INFO perfrun.perfcollector <> - format: thresh config:24-31 mask:24-31
76 [139727178266496] WARN perfrun.perfcollector <> - pmu hwInfo is not set, at file: vcs/perfrun1/plugins/perfcollector/src/controller.cpp:779
76 [139727178266496] INFO perfrun.perfcollector <> - pmu added : family : uncore_ha , id : 0
76 [139727178266496] INFO perfrun.perfcollector <> - dir found : /sys/bus/event_source/devices/uncore_cbox_0
76 [139727178266496] INFO perfrun.perfcollector <> - format: event config:0-7 mask:0-7
76 [139727178266496] INFO perfrun.perfcollector <> - format: filter_link config1:6-8 mask:6-8
76 [139727178266496] INFO perfrun.perfcollector <> - format: filter_c6 config1:61 mask:61
76 [139727178266496] INFO perfrun.perfcollector <> - format: edge config:18 mask:18
76 [139727178266496] INFO perfrun.perfcollector <> - format: filter_isoc config1:63 mask:63
76 [139727178266496] INFO perfrun.perfcollector <> - format: filter_tid config1:0-5 mask:0-5
76 [139727178266496] INFO perfrun.perfcollector <> - format: filter_nid config1:32-47 mask:32-47
76 [139727178266496] INFO perfrun.perfcollector <> - format: filter_nc config1:62 mask:62
77 [139727178266496] INFO perfrun.perfcollector <> - format: umask config:8-15 mask:8-15
77 [139727178266496] INFO perfrun.perfcollector <> - format: tid_en config:19 mask:19
77 [139727178266496] INFO perfrun.perfcollector <> - format: thresh config:24-31 mask:24-31
77 [139727178266496] INFO perfrun.perfcollector <> - format: filter_state config1:17-23 mask:17-23
77 [139727178266496] INFO perfrun.perfcollector <> - format: filter_opc config1:52-60 mask:52-60
77 [139727178266496] WARN perfrun.perfcollector <> - pmu hwInfo is not set, at file: vcs/perfrun1/plugins/perfcollector/src/controller.cpp:779
77 [139727178266496] INFO perfrun.perfcollector <> - pmu added : family : uncore_cbox , id : 0
77 [139727178266496] INFO perfrun.perfcollector <> - dir found : /sys/bus/event_source/devices/tracepoint
77 [139727178266496] WARN perfrun.perfcollector <> - format subdir doesn't exist, at file: vcs/perfrun1/plugins/perfcollector/src/controller.cpp:685
77 [139727178266496] WARN perfrun.perfcollector <> - pmu hwInfo is not set, at file: vcs/perfrun1/plugins/perfcollector/src/controller.cpp:779
77 [139727178266496] INFO perfrun.perfcollector <> - pmu added : family : tracepoint , id : 0
77 [139727178266496] INFO perfrun.perfcollector <> - dir found : /sys/bus/event_source/devices/uncore_cbox_9
77 [139727178266496] INFO perfrun.perfcollector <> - format: event config:0-7 mask:0-7
77 [139727178266496] INFO perfrun.perfcollector <> - format: filter_link config1:6-8 mask:6-8
77 [139727178266496] INFO perfrun.perfcollector <> - format: filter_c6 config1:61 mask:61
78 [139727178266496] INFO perfrun.perfcollector <> - format: edge config:18 mask:18
78 [139727178266496] INFO perfrun.perfcollector <> - format: filter_isoc config1:63 mask:63
78 [139727178266496] INFO perfrun.perfcollector <> - format: filter_tid config1:0-5 mask:0-5
78 [139727178266496] INFO perfrun.perfcollector <> - format: filter_nid config1:32-47 mask:32-47
78 [139727178266496] INFO perfrun.perfcollector <> - format: filter_nc config1:62 mask:62
78 [139727178266496] INFO perfrun.perfcollector <> - format: umask config:8-15 mask:8-15
78 [139727178266496] INFO perfrun.perfcollector <> - format: tid_en config:19 mask:19
78 [139727178266496] INFO perfrun.perfcollector <> - format: thresh config:24-31 mask:24-31
78 [139727178266496] INFO perfrun.perfcollector <> - format: filter_state config1:17-23 mask:17-23
78 [139727178266496] INFO perfrun.perfcollector <> - format: filter_opc config1:52-60 mask:52-60
78 [139727178266496] WARN perfrun.perfcollector <> - pmu hwInfo is not set, at file: vcs/perfrun1/plugins/perfcollector/src/controller.cpp:779
78 [139727178266496] INFO perfrun.perfcollector <> - pmu added : family : uncore_cbox , id : 9
78 [139727178266496] INFO perfrun.perfcollector <> - dir found : /sys/bus/event_source/devices/cstate_pkg
79 [139727178266496] INFO perfrun.perfcollector <> - format: event config:0-63 mask:0-63
79 [139727178266496] WARN perfrun.perfcollector <> - pmu hwInfo is not set, at file: vcs/perfrun1/plugins/perfcollector/src/controller.cpp:779
79 [139727178266496] INFO perfrun.perfcollector <> - pmu added : family : cstate_pkg , id : 0
79 [139727178266496] INFO perfrun.perfcollector <> - dir found : /sys/bus/event_source/devices/uncore_imc_4
79 [139727178266496] INFO perfrun.perfcollector <> - format: event config:0-7 mask:0-7
79 [139727178266496] INFO perfrun.perfcollector <> - format: edge config:18 mask:18
79 [139727178266496] INFO perfrun.perfcollector <> - format: inv config:23 mask:23
79 [139727178266496] INFO perfrun.perfcollector <> - format: umask config:8-15 mask:8-15
79 [139727178266496] INFO perfrun.perfcollector <> - format: thresh config:24-31 mask:24-31
79 [139727178266496] INFO perfrun.perfcollector <> - hwInfo : PERF_IMC_PMU_DETAILS
79 [139727178266496] INFO perfrun.perfcollector <> - pmu added : family : uncore_imc , id : 4
79 [139727178266496] INFO perfrun.perfcollector <> - dir found : /sys/bus/event_source/devices/uncore_ubox
79 [139727178266496] INFO perfrun.perfcollector <> - format: event config:0-7 mask:0-7
79 [139727178266496] INFO perfrun.perfcollector <> - format: edge config:18 mask:18
79 [139727178266496] INFO perfrun.perfcollector <> - format: inv config:23 mask:23
79 [139727178266496] INFO perfrun.perfcollector <> - format: umask config:8-15 mask:8-15
79 [139727178266496] INFO perfrun.perfcollector <> - format: thresh config:24-28 mask:24-28
80 [139727178266496] WARN perfrun.perfcollector <> - pmu hwInfo is not set, at file: vcs/perfrun1/plugins/perfcollector/src/controller.cpp:779
80 [139727178266496] INFO perfrun.perfcollector <> - pmu added : family : uncore_ubox , id : 0
80 [139727178266496] INFO perfrun.perfcollector <> - dir found : /sys/bus/event_source/devices/uncore_cbox_7
80 [139727178266496] INFO perfrun.perfcollector <> - format: event config:0-7 mask:0-7
80 [139727178266496] INFO perfrun.perfcollector <> - format: filter_link config1:6-8 mask:6-8
80 [139727178266496] INFO perfrun.perfcollector <> - format: filter_c6 config1:61 mask:61
80 [139727178266496] INFO perfrun.perfcollector <> - format: edge config:18 mask:18
80 [139727178266496] INFO perfrun.perfcollector <> - format: filter_isoc config1:63 mask:63
80 [139727178266496] INFO perfrun.perfcollector <> - format: filter_tid config1:0-5 mask:0-5
80 [139727178266496] INFO perfrun.perfcollector <> - format: filter_nid config1:32-47 mask:32-47
80 [139727178266496] INFO perfrun.perfcollector <> - format: filter_nc config1:62 mask:62
80 [139727178266496] INFO perfrun.perfcollector <> - format: umask config:8-15 mask:8-15
80 [139727178266496] INFO perfrun.perfcollector <> - format: tid_en config:19 mask:19
80 [139727178266496] INFO perfrun.perfcollector <> - format: thresh config:24-31 mask:24-31
80 [139727178266496] INFO perfrun.perfcollector <> - format: filter_state config1:17-23 mask:17-23
80 [139727178266496] INFO perfrun.perfcollector <> - format: filter_opc config1:52-60 mask:52-60
80 [139727178266496] WARN perfrun.perfcollector <> - pmu hwInfo is not set, at file: vcs/perfrun1/plugins/perfcollector/src/controller.cpp:779
80 [139727178266496] INFO perfrun.perfcollector <> - pmu added : family : uncore_cbox , id : 7
80 [139727178266496] INFO perfrun.perfcollector <> - dir found : /sys/bus/event_source/devices/uncore_imc_2
81 [139727178266496] INFO perfrun.perfcollector <> - format: event config:0-7 mask:0-7
81 [139727178266496] INFO perfrun.perfcollector <> - format: edge config:18 mask:18
81 [139727178266496] INFO perfrun.perfcollector <> - format: inv config:23 mask:23
81 [139727178266496] INFO perfrun.perfcollector <> - format: umask config:8-15 mask:8-15
81 [139727178266496] INFO perfrun.perfcollector <> - format: thresh config:24-31 mask:24-31
81 [139727178266496] INFO perfrun.perfcollector <> - hwInfo : PERF_IMC_PMU_DETAILS
81 [139727178266496] INFO perfrun.perfcollector <> - pmu added : family : uncore_imc , id : 2
81 [139727178266496] INFO perfrun.perfcollector <> - dir found : /sys/bus/event_source/devices/kprobe
81 [139727178266496] INFO perfrun.perfcollector <> - format: retprobe config:0 mask:0
81 [139727178266496] WARN perfrun.perfcollector <> - pmu hwInfo is not set, at file: vcs/perfrun1/plugins/perfcollector/src/controller.cpp:779
81 [139727178266496] INFO perfrun.perfcollector <> - pmu added : family : kprobe , id : 0
81 [139727178266496] INFO perfrun.perfcollector <> - dir found : /sys/bus/event_source/devices/uncore_qpi_0
81 [139727178266496] INFO perfrun.perfcollector <> - format: mask_rnid4 config2:31 mask:31
81 [139727178266496] INFO perfrun.perfcollector <> - format: mask_rnid30 config2:32-35 mask:32-35
81 [139727178266496] INFO perfrun.perfcollector <> - format: match_rnid30 config1:32-35 mask:32-35
81 [139727178266496] INFO perfrun.perfcollector <> - format: event config:0-7,21 mask:0-7,21
81 [139727178266496] INFO perfrun.perfcollector <> - format: match0 config1:0-31 mask:0-31
81 [139727178266496] INFO perfrun.perfcollector <> - format: match_rds config1:48-51 mask:48-51
82 [139727178266496] INFO perfrun.perfcollector <> - format: mask_rds config2:48-51 mask:48-51
82 [139727178266496] INFO perfrun.perfcollector <> - format: edge config:18 mask:18
82 [139727178266496] INFO perfrun.perfcollector <> - format: mask1 config2:32-63 mask:32-63
82 [139727178266496] INFO perfrun.perfcollector <> - format: match_dnid config1:13-17 mask:13-17
82 [139727178266496] INFO perfrun.perfcollector <> - format: mask_dnid config2:13-17 mask:13-17
82 [139727178266496] INFO perfrun.perfcollector <> - format: match_vnw config1:3-4 mask:3-4
82 [139727178266496] INFO perfrun.perfcollector <> - format: mask_vnw config2:3-4 mask:3-4
82 [139727178266496] INFO perfrun.perfcollector <> - format: mask_mc config2:9-12 mask:9-12
82 [139727178266496] INFO perfrun.perfcollector <> - format: match1 config1:32-63 mask:32-63
82 [139727178266496] INFO perfrun.perfcollector <> - format: inv config:23 mask:23
82 [139727178266496] INFO perfrun.perfcollector <> - format: umask config:8-15 mask:8-15
82 [139727178266496] INFO perfrun.perfcollector <> - format: match_opc config1:5-8 mask:5-8
82 [139727178266496] INFO perfrun.perfcollector <> - format: mask_opc config2:5-8 mask:5-8
82 [139727178266496] INFO perfrun.perfcollector <> - format: thresh config:24-31 mask:24-31
82 [139727178266496] INFO perfrun.perfcollector <> - format: match_rnid4 config1:31 mask:31
82 [139727178266496] INFO perfrun.perfcollector <> - format: mask0 config2:0-31 mask:0-31
82 [139727178266496] INFO perfrun.perfcollector <> - format: match_mc config1:9-12 mask:9-12
82 [139727178266496] INFO perfrun.perfcollector <> - hwInfo : PERF_QPI_PMU_DETAILS
82 [139727178266496] INFO perfrun.perfcollector <> - pmu added : family : uncore_qpi , id : 0
82 [139727178266496] INFO perfrun.perfcollector <> - dir found : /sys/bus/event_source/devices/uncore_cbox_5
83 [139727178266496] INFO perfrun.perfcollector <> - format: event config:0-7 mask:0-7
83 [139727178266496] INFO perfrun.perfcollector <> - format: filter_link config1:6-8 mask:6-8
83 [139727178266496] INFO perfrun.perfcollector <> - format: filter_c6 config1:61 mask:61
83 [139727178266496] INFO perfrun.perfcollector <> - format: edge config:18 mask:18
83 [139727178266496] INFO perfrun.perfcollector <> - format: filter_isoc config1:63 mask:63
83 [139727178266496] INFO perfrun.perfcollector <> - format: filter_tid config1:0-5 mask:0-5
83 [139727178266496] INFO perfrun.perfcollector <> - format: filter_nid config1:32-47 mask:32-47
83 [139727178266496] INFO perfrun.perfcollector <> - format: filter_nc config1:62 mask:62
83 [139727178266496] INFO perfrun.perfcollector <> - format: umask config:8-15 mask:8-15
83 [139727178266496] INFO perfrun.perfcollector <> - format: tid_en config:19 mask:19
83 [139727178266496] INFO perfrun.perfcollector <> - format: thresh config:24-31 mask:24-31
83 [139727178266496] INFO perfrun.perfcollector <> - format: filter_state config1:17-23 mask:17-23
83 [139727178266496] INFO perfrun.perfcollector <> - format: filter_opc config1:52-60 mask:52-60
83 [139727178266496] WARN perfrun.perfcollector <> - pmu hwInfo is not set, at file: vcs/perfrun1/plugins/perfcollector/src/controller.cpp:779
83 [139727178266496] INFO perfrun.perfcollector <> - pmu added : family : uncore_cbox , id : 5
83 [139727178266496] INFO perfrun.perfcollector <> - dir found : /sys/bus/event_source/devices/uncore_imc_0
83 [139727178266496] INFO perfrun.perfcollector <> - format: event config:0-7 mask:0-7
84 [139727178266496] INFO perfrun.perfcollector <> - format: edge config:18 mask:18
84 [139727178266496] INFO perfrun.perfcollector <> - format: inv config:23 mask:23
84 [139727178266496] INFO perfrun.perfcollector <> - format: umask config:8-15 mask:8-15
84 [139727178266496] INFO perfrun.perfcollector <> - format: thresh config:24-31 mask:24-31
84 [139727178266496] INFO perfrun.perfcollector <> - hwInfo : PERF_IMC_PMU_DETAILS
84 [139727178266496] INFO perfrun.perfcollector <> - pmu added : family : uncore_imc , id : 0
84 [139727178266496] INFO perfrun.perfcollector <> - dir found : /sys/bus/event_source/devices/uncore_pcu
84 [139727178266496] INFO perfrun.perfcollector <> - format: filter_band2 config1:16-23 mask:16-23
84 [139727178266496] INFO perfrun.perfcollector <> - format: event config:0-7 mask:0-7
84 [139727178266496] INFO perfrun.perfcollector <> - format: filter_band0 config1:0-7 mask:0-7
84 [139727178266496] INFO perfrun.perfcollector <> - format: edge config:18 mask:18
84 [139727178266496] INFO perfrun.perfcollector <> - format: occ_invert config:30 mask:30
84 [139727178266496] INFO perfrun.perfcollector <> - format: occ_edge config:14-51 mask:14-51
84 [139727178266496] INFO perfrun.perfcollector <> - format: filter_band3 config1:24-31 mask:24-31
84 [139727178266496] INFO perfrun.perfcollector <> - format: filter_band1 config1:8-15 mask:8-15
84 [139727178266496] INFO perfrun.perfcollector <> - format: inv config:23 mask:23
84 [139727178266496] INFO perfrun.perfcollector <> - format: thresh config:24-28 mask:24-28
84 [139727178266496] INFO perfrun.perfcollector <> - format: occ_sel config:14-15 mask:14-15
85 [139727178266496] WARN perfrun.perfcollector <> - pmu hwInfo is not set, at file: vcs/perfrun1/plugins/perfcollector/src/controller.cpp:779
85 [139727178266496] INFO perfrun.perfcollector <> - pmu added : family : uncore_pcu , id : 0
85 [139727178266496] INFO perfrun.perfcollector <> - dir found : /sys/bus/event_source/devices/uncore_r3qpi_1
85 [139727178266496] INFO perfrun.perfcollector <> - format: event config:0-7 mask:0-7
85 [139727178266496] INFO perfrun.perfcollector <> - format: edge config:18 mask:18
85 [139727178266496] INFO perfrun.perfcollector <> - format: inv config:23 mask:23
85 [139727178266496] INFO perfrun.perfcollector <> - format: umask config:8-15 mask:8-15
85 [139727178266496] INFO perfrun.perfcollector <> - format: thresh config:24-31 mask:24-31
85 [139727178266496] WARN perfrun.perfcollector <> - pmu hwInfo is not set, at file: vcs/perfrun1/plugins/perfcollector/src/controller.cpp:779
85 [139727178266496] INFO perfrun.perfcollector <> - pmu added : family : uncore_r3qpi , id : 1
85 [139727178266496] INFO perfrun.perfcollector <> - dir found : /sys/bus/event_source/devices/msr
85 [139727178266496] INFO perfrun.perfcollector <> - format: event config:0-63 mask:0-63
85 [139727178266496] WARN perfrun.perfcollector <> - pmu hwInfo is not set, at file: vcs/perfrun1/plugins/perfcollector/src/controller.cpp:779
85 [139727178266496] INFO perfrun.perfcollector <> - pmu added : family : msr , id : 0
85 [139727178266496] INFO perfrun.perfcollector <> - dir found : /sys/bus/event_source/devices/uncore_cbox_3
85 [139727178266496] INFO perfrun.perfcollector <> - format: event config:0-7 mask:0-7
85 [139727178266496] INFO perfrun.perfcollector <> - format: filter_link config1:6-8 mask:6-8
85 [139727178266496] INFO perfrun.perfcollector <> - format: filter_c6 config1:61 mask:61
85 [139727178266496] INFO perfrun.perfcollector <> - format: edge config:18 mask:18
86 [139727178266496] INFO perfrun.perfcollector <> - format: filter_isoc config1:63 mask:63
86 [139727178266496] INFO perfrun.perfcollector <> - format: filter_tid config1:0-5 mask:0-5
86 [139727178266496] INFO perfrun.perfcollector <> - format: filter_nid config1:32-47 mask:32-47
86 [139727178266496] INFO perfrun.perfcollector <> - format: filter_nc config1:62 mask:62
86 [139727178266496] INFO perfrun.perfcollector <> - format: umask config:8-15 mask:8-15
86 [139727178266496] INFO perfrun.perfcollector <> - format: tid_en config:19 mask:19
86 [139727178266496] INFO perfrun.perfcollector <> - format: thresh config:24-31 mask:24-31
86 [139727178266496] INFO perfrun.perfcollector <> - format: filter_state config1:17-23 mask:17-23
86 [139727178266496] INFO perfrun.perfcollector <> - format: filter_opc config1:52-60 mask:52-60
86 [139727178266496] WARN perfrun.perfcollector <> - pmu hwInfo is not set, at file: vcs/perfrun1/plugins/perfcollector/src/controller.cpp:779
86 [139727178266496] INFO perfrun.perfcollector <> - pmu added : family : uncore_cbox , id : 3
86 [139727178266496] INFO perfrun.perfcollector <> - dir found : /sys/bus/event_source/devices/intel_pt
86 [139727178266496] INFO perfrun.perfcollector <> - format: ptw config:12 mask:12
86 [139727178266496] INFO perfrun.perfcollector <> - format: cyc_thresh config:19-22 mask:19-22
86 [139727178266496] INFO perfrun.perfcollector <> - format: pt config:0 mask:0
86 [139727178266496] INFO perfrun.perfcollector <> - format: branch config:13 mask:13
86 [139727178266496] INFO perfrun.perfcollector <> - format: tsc config:10 mask:10
86 [139727178266496] INFO perfrun.perfcollector <> - format: pwr_evt config:4 mask:4
87 [139727178266496] INFO perfrun.perfcollector <> - format: fup_on_ptw config:5 mask:5
87 [139727178266496] INFO perfrun.perfcollector <> - format: cyc config:1 mask:1
87 [139727178266496] INFO perfrun.perfcollector <> - format: noretcomp config:11 mask:11
87 [139727178266496] INFO perfrun.perfcollector <> - format: mtc config:9 mask:9
87 [139727178266496] INFO perfrun.perfcollector <> - format: psb_period config:24-27 mask:24-27
87 [139727178266496] INFO perfrun.perfcollector <> - format: mtc_period config:14-17 mask:14-17
87 [139727178266496] WARN perfrun.perfcollector <> - pmu hwInfo is not set, at file: vcs/perfrun1/plugins/perfcollector/src/controller.cpp:779
87 [139727178266496] INFO perfrun.perfcollector <> - pmu added : family : intel_pt , id : 0
87 [139727178266496] INFO perfrun.perfcollector <> - dir found : /sys/bus/event_source/devices/uncore_cbox_1
87 [139727178266496] INFO perfrun.perfcollector <> - format: event config:0-7 mask:0-7
87 [139727178266496] INFO perfrun.perfcollector <> - format: filter_link config1:6-8 mask:6-8
87 [139727178266496] INFO perfrun.perfcollector <> - format: filter_c6 config1:61 mask:61
87 [139727178266496] INFO perfrun.perfcollector <> - format: edge config:18 mask:18
87 [139727178266496] INFO perfrun.perfcollector <> - format: filter_isoc config1:63 mask:63
87 [139727178266496] INFO perfrun.perfcollector <> - format: filter_tid config1:0-5 mask:0-5
87 [139727178266496] INFO perfrun.perfcollector <> - format: filter_nid config1:32-47 mask:32-47
87 [139727178266496] INFO perfrun.perfcollector <> - format: filter_nc config1:62 mask:62
87 [139727178266496] INFO perfrun.perfcollector <> - format: umask config:8-15 mask:8-15
88 [139727178266496] INFO perfrun.perfcollector <> - format: tid_en config:19 mask:19
88 [139727178266496] INFO perfrun.perfcollector <> - format: thresh config:24-31 mask:24-31
88 [139727178266496] INFO perfrun.perfcollector <> - format: filter_state config1:17-23 mask:17-23
88 [139727178266496] INFO perfrun.perfcollector <> - format: filter_opc config1:52-60 mask:52-60
88 [139727178266496] WARN perfrun.perfcollector <> - pmu hwInfo is not set, at file: vcs/perfrun1/plugins/perfcollector/src/controller.cpp:779
88 [139727178266496] INFO perfrun.perfcollector <> - pmu added : family : uncore_cbox , id : 1
88 [139727178266496] INFO perfrun.launcher <> - plugin perf has been added successfully
88 [139727178266496] INFO perfrun.launcher <> - plugin aoclprofile has been added successfully
88 [139727178266496] INFO perfrun.launcher <> - plugin tpss has been added successfully
88 [139727178266496] INFO perfrun.launcher <> - plugin exprof has been added successfully
88 [139727178266496] INFO perfrun.launcher <> - plugin media has been added successfully
88 [139727178266496] INFO perfrun.launcher <> - plugin ice has been added successfully
88 [139727178266496] INFO perfrun.launcher <> - plugin  has been added successfully
88 [139727178266496] INFO perfrun.launcher <> - plugin  has been added successfully
88 [139727178266496] INFO perfrun.launcher <> - plugin parallelfs has been added successfully
88 [139727178266496] INFO perfrun.launcher <> - plugin power has been added successfully
89 [139727178266496] INFO perfrun.launcher <> - plugin hwloc has been added successfully
89 [139727178266496] INFO perfrun.launcher <> - plugin ipmwatch has been added successfully
89 [139727178266496] INFO perfrun.launcher <> - plugin os_counters has been added successfully
89 [139727178266496] INFO perfrun.launcher <> - the option was added --interval: Specify an interval of data collection (for example, sampling) in milliseconds.
89 [139727178266496] INFO perfrun.launcher <> - the option was added --follow-child: Profile process with or without children.
89 [139727178266496] INFO perfrun.launcher <> - the option was added --gelding: BADMSG: perfrun1.launcher.plugin_manager::gelding
89 [139727178266496] INFO perfrun.launcher <> - the option was added --time-source: Specify time source for measurement. Possible values: sys - wall clock time; tsc - time stamp counter; ext - time from an external source; auto - auto select accurate time source.
89 [139727178266496] INFO perfrun.launcher <> - the option was added --stack: Enable or disable collection of stacks.
90 [139727178266496] INFO perfrun.launcher <> - the option was added --stack-stitching: Enable or disable the stack stitching algorithm for Intel TBB-based applications.
90 [139727178266496] INFO perfrun.launcher <> - the option was added --type: Specify type of data to be collected. For example, --type cpu:counters,waiting:nostack,io.
90 [139727178266496] INFO perfrun.launcher <> - the option was added --mrte-mode: Specify Java/.NET/other managed runtime collection mode. Possible values: native - collect information only for native code; managed - collect information only for managed code; mixed - collect information for both managed and native code; auto - choose the mode based on binary type.
90 [139727178266496] INFO perfrun.launcher <> - the option was added --mrte-mode-list: List supported Java/.NET/other managed runtime collection modes.
90 [139727178266496] INFO perfrun.launcher <> - the option was added --mrte-type: Specify which managed runtimes to collect. Possible values: java - collect information for Java; dotnet - collect information for .NET; python - collect information for CPython. You can specify several values separated by comma.
90 [139727178266496] INFO perfrun.launcher <> - the option was added --mrte-type-list: List supported Java/.NET/other managed runtime types.
90 [139727178266496] INFO perfrun.launcher <> - the option was added --trace-strategy: Specify how to profile a process tree. <string> can be "<process>:trace:notrace" - profile the process but do not profile its children. Shorthand parameters: t - trace, nt - notrace. For example, "vtunedemo.exe:t:t".
90 [139727178266496] INFO perfrun.launcher <> - the option was added --collector: BADMSG: perfrun1.launcher.plugin_manager::collector
90 [139727178266496] INFO perfrun.launcher <> - the option was added --system-wide: Enable system-wide profiling. This mode may require additional permissions.
90 [139727178266496] INFO perfrun.launcher <> - the option was added --kvm-guest: Enable KVM guest OS profiling.
90 [139727178266496] INFO perfrun.launcher <> - the option was added --kvm-guest-kallsyms: Specify a local path to the /proc/kallsyms file copied from the guest OS for proper symbol resolution.
90 [139727178266496] INFO perfrun.launcher <> - the option was added --kvm-guest-modules: Specify a local path to the /proc/modules file copied from the guest OS for proper symbol resolution.
90 [139727178266496] INFO perfrun.launcher <> - the option was added --bandwidth-limits: Measure bandwidth limits
90 [139727178266496] INFO perfrun.launcher <> - the option was added --acrn-map-info: Collect map info for ACRN
90 [139727178266496] INFO perfrun.launcher <> - the option was added --bandwidth-strategy: Bandwidth limits determination specific properties (example: --bandwidth-strategy array-size=0,duration=500).
91 [139727178266496] INFO perfrun.launcher <> - the option was added --bandwidth-config: List of benchmarks to run.
91 [139727178266496] INFO perfrun.launcher <> - the option was added --dump-vdso: Dump [vdso] to result directory
91 [139727178266496] INFO perfrun.launcher <> - the option was added --system-collector-config: Specify subcollectors. Possible values: all, container, device-info, none. Specify subcollectors. Possible values: all, vdso.
91 [139727178266496] INFO perfrun.launcher <> - the option was added --itt-config: Specify a sub-set of ITT API to collect.
91 [139727178266496] INFO perfrun.launcher <> - the option was added --itt-debug: Set pseudo-breakpoint at ITT API collector's start to enable the debugger to attach early.
91 [139727178266496] INFO perfrun.launcher <> - the option was added --ptrace: Ptrace collector.
91 [139727178266496] INFO perfrun.launcher <> - the option was added --target-pid: BADMSG: perfrun1.ptracecollector::target-pid
91 [139727178266496] INFO perfrun.launcher <> - the option was added --ptrace-server-pid: BADMSG: perfrun1.ptracecollector::ptrace-server-pid
91 [139727178266496] INFO perfrun.launcher <> - the option was added --ptrace-trace: BADMSG: perfrun1.ptracecollector::ptrace-trace
91 [139727178266496] INFO perfrun.launcher <> - the option was added --ptrace-time-source: BADMSG: perfrun1.ptracecollector::ptrace-time-source
91 [139727178266496] INFO perfrun.launcher <> - the option was added --ptrace-start-type: BADMSG: perfrun1.ptracecollector::ptrace-start-type
91 [139727178266496] INFO perfrun.launcher <> - the option was added --gpu-config: Specify types of GPU data to be collected. Possible values: preset1, preset2.
91 [139727178266496] INFO perfrun.launcher <> - the option was added --gpu-debug: Enable self-testing of the GPGPU profiling collector.
91 [139727178266496] INFO perfrun.launcher <> - the option was added --gpu-counting: Collect GPU data in the counting mode.
92 [139727178266496] INFO perfrun.launcher <> - the option was added --emon-preset: Specify a preset for EMON collector. For available presets, run: emon -preset-list.
92 [139727178266496] INFO perfrun.launcher <> - the option was added --emon-csv-trace-format: Use CSV format for EMON trace file.
92 [139727178266496] INFO perfrun.launcher <> - the option was added --emon-machine-readable-ver: Write machine readable EMON version file.
92 [139727178266496] INFO perfrun.launcher <> - the option was added --custom-collector: Allows to provide arbitrary command line to be run on collection steps.
92 [139727178266496] INFO perfrun.launcher <> - the option was added --stdsrc-config: Specify Standard Sources category tag(s).
92 [139727178266496] INFO perfrun.launcher <> - the option was added --ftrace-config-list: List Linux Ftrace category tag(s).
92 [139727178266496] INFO perfrun.launcher <> - the option was added --ftrace-config: Specify Linux Ftrace category tag(s).
92 [139727178266496] INFO perfrun.launcher <> - the option was added --ftrace-function-groups: Enable tracing of specific groups of functions.
92 [139727178266496] INFO perfrun.launcher <> - the option was added --event-info: BADMSG: perfrun1.stdsrc::event-info
92 [139727178266496] INFO perfrun.launcher <> - the option was added --cpu-list: List supported CPUs.
92 [139727178266496] INFO perfrun.launcher <> - the option was added --target-list: List available targets for performing sampling collection.
92 [139727178266496] INFO perfrun.launcher <> - the option was added --event-value-list: Display event information.
92 [139727178266496] INFO perfrun.launcher <> - the option was added --platform-value-list: Display details of supported platforms.
92 [139727178266496] INFO perfrun.launcher <> - the option was added --uncore-event-list: List uncore events for which a sampling data collection can be performed on this platform.
93 [139727178266496] INFO perfrun.launcher <> - the option was added --modifier-list: Specify the event name <string> for which the modifiers list is requested.
93 [139727178266496] INFO perfrun.launcher <> - the option was added --pmu-list: List supported PMUs.
93 [139727178266496] INFO perfrun.launcher <> - the option was added --os-mode-only: Enable sampling data collection for OS-mode processes only.
93 [139727178266496] INFO perfrun.launcher <> - the option was added --user-mode-only: Enable sampling data collection for user-mode processes only.
93 [139727178266496] INFO perfrun.launcher <> - the option was added --event-config: Perform data collection for the events with <string> configured using the format <event name1>":modifier1=val:modifier2=val/constraint1={:modifier3=val:modifier4=val}...,"<event name2>":... Specify the events(s) to monitor and embed the event names within double quotes("). [:modifier=val] specifies individual event modifiers along with the respective values for a given platform. Note that the modifiers can be generic to an event as well as specific to a constraint (or an event qualifier). The constraint specific special modifiers appear after [/constraint=]. The modifiers can be in decimal or hexadecimal format. Only specific modifiers accept the value as a string. Each event specification is delimited by a comma (,). For a list of supported modifiers and constraints, refer to the documentation.
93 [139727178266496] INFO perfrun.launcher <> - the option was added --chipset-event-config: Perform data collection for the chipset events with <string> configured using the format "<event name1>"...,"<event name2>":... Specify the events(s) to monitor and embed the event names within double quotes(").
93 [139727178266496] INFO perfrun.launcher <> - the option was added --uncore-event-config: Perform uncore data collection in ebc count mode for the events with <string> configured using the format "<event name1>"...,"<event name2>":... Specify the events(s) to monitor and embed the event names within double quotes(").
93 [139727178266496] INFO perfrun.launcher <> - the option was added --count-emon: Enable counting mode and output the data in EMON format.
93 [139727178266496] INFO perfrun.launcher <> - the option was added --event-based-counts: Enable event-based counting mode. During sampling data collection, event counts data is collected for the list of events specified in -event-config option.
93 [139727178266496] INFO perfrun.launcher <> - the option was added --event-mux-tfactor: Specify the event multiplexing tfactor as <integer> to set the length of the interval between interrupts. The larger the tfactor value, the larger the period between interrupts. Currently this option is only available on Intel platforms codenamed Knights Corner.
93 [139727178266496] INFO perfrun.launcher <> - the option was added --full-pebs-capture: Capture full pebs information.
93 [139727178266496] INFO perfrun.launcher <> - the option was added --last-branch-records: Capture Last Branch Records information.
93 [139727178266496] INFO perfrun.launcher <> - the option was added --pmu-type: Specify the targeted PMU name as <string>.
93 [139727178266496] INFO perfrun.launcher <> - the option was added --platform-type: Specify the targeted platform number as <number>.
94 [139727178266496] INFO perfrun.launcher <> - the option was added --p-state-trigger: Specify the name of the trigger event for P-state data as <string>. The default trigger is CPU_CLK_UNHALTED.REF_TSC.
94 [139727178266496] INFO perfrun.launcher <> - the option was added --bts-count: Specify the <integer> number of BTS records collected after each sample or context switch (VTSS++ only).
94 [139727178266496] INFO perfrun.launcher <> - the option was added --cpu-mask: Specify which CPU(s) <string> to collect data on. For example, specify "2-8,10,12-14" to sample only CPUs 2 through 8, 10, and 12 through 14.
94 [139727178266496] INFO perfrun.launcher <> - the option was added --event-mux-alg: Specify the event multiplexing algorithm. Possible values: sequence, timer, trigger.
94 [139727178266496] INFO perfrun.launcher <> - the option was added --event-mux-timeslice: Specify the event multiplexing time slice value as <integer>. The time slice specifies the duration between cycles for each event multiplexing group. The default value is 50 milliseconds. This option is valid only for timer-based event multiplexing. Specify the event multiplexing time slice value as <integer>. The time slice specifies the duration between cycles for each event multiplexing group. The default value is 1 millisecond. This option is valid only for timer-based event multiplexing.
94 [139727178266496] INFO perfrun.launcher <> - the option was added --event-mux-factor: Specify the event multiplexing factor as <integer>. It controls the switching of event multiplexing groups. The default factor is 50. This option is valid only for trigger-based event multiplexing. Specify the event multiplexing factor as <integer>. It controls the switching of event multiplexing groups. The default factor is 1. This option is valid only for trigger-based event multiplexing.
94 [139727178266496] INFO perfrun.launcher <> - the option was added --event-mux-trigger: Specify the name of the trigger event for event multiplexing as <string>. This option is valid only for trigger-based event multiplexing. The default trigger is CPU_CLK_UNHALTED.CORE (or CPU_CLK_UNHALTED.THREAD). BADMSG: perfrun1.vtsspp::event-mux-trigger
94 [139727178266496] INFO perfrun.launcher <> - the option was added --pt-mode: BADMSG: perfrun1.vtsspp::pt-mode
94 [139727178266496] INFO perfrun.launcher <> - the option was added --sample-after-multiplier: Specify the sample after multiplier as <double>. This multiplier modifies the sample after value for all the events specified in -event-config option. The values can range from 0.1 to 100.0. SAV multiplier value
94 [139727178266496] INFO perfrun.launcher <> - the option was added --uncore-sampling-interval: Specify the uncore sampling interval as <integer>. This value set the uncore sampling interval for all the uncore events specified in -event-config option.
94 [139727178266496] INFO perfrun.launcher <> - the option was added --count: Enable counting mode. Enable counting mode
94 [139727178266496] INFO perfrun.launcher <> - the option was added --trace-mpi: Configure collector to trace MPI code.
94 [139727178266496] INFO perfrun.launcher <> - the option was added --aggregated-counting: Enable aggregated counting mode. Enable aggregated-counting mode
95 [139727178266496] INFO perfrun.launcher <> - the option was added --perf-per-cpu: System-wide collection from all CPUs
95 [139727178266496] INFO perfrun.launcher <> - the option was added --raw-perf-config: Specify a verified configuration for the Perf collector in the format: <describer>,<content>. For example: map-events-file,<path_to_map_events_file>.
95 [139727178266496] INFO perfrun.launcher <> - the option was added --sys-config: BADMSG: perfrun1.vtsspp::sys-config Specify types of system data to be collected. Supported value: cswitch - collect context switch information.
95 [139727178266496] INFO perfrun.launcher <> - the option was added --perf-event-config: Specify events for Perf collector in Perf format. For example: perf-event-config=cpu-clock.
95 [139727178266496] INFO perfrun.launcher <> - the option was added --perf-aio: Number of control blocks in asynchronous trace writing mode.
95 [139727178266496] INFO perfrun.launcher <> - the option was added --perf-compression: Specify compression of Perf collector output data. Possible levels: 0 - without compression, 1..3 - best speed, 4..22 - best compression that incurs big overhead.
95 [139727178266496] INFO perfrun.launcher <> - the option was added --perf-mmap-flush: Minimum data size read from the kernel mapped region.
95 [139727178266496] INFO perfrun.launcher <> - the option was added --perf-affinity: Adjust an affinity mask of the Perf thread to a node with an allocated memory trace buffer.
95 [139727178266496] INFO perfrun.launcher <> - the option was added --perf-threads: Setup threading mode for trace writing.
95 [139727178266496] INFO perfrun.launcher <> - the option was added --aocl-profile: Enable profiling data collection through the aocl profiling tool.
95 [139727178266496] INFO perfrun.launcher <> - the option was added --aocl-source-file: Path to .source file that can be found in the compilation output directory of FPGA application. This option is recommended for accurate attribution of performance statistics to the source lines. If not specified, the profiler will try to find the file in the current directory.
95 [139727178266496] INFO perfrun.launcher <> - the option was added --stackwalk: Specify stack unwinding method. Possible values: online - unwind stacks during collection; offline - unwind stacks after collection is finished. Specify stack unwinding method. Possible value: lbr - unwind stacks during collection. Specify stack unwinding method. Possible values: online - unwind stacks during collection; offline - unwind stacks after collection is finished; lbr - enable LBR-based call stack collection. Specify stack unwinding method. Possible values: online - unwind stacks during collection; offline - unwind stacks after collection is finished. Specify stack unwinding method. Possible values: online - unwind stacks during collection; offline - unwind stacks after collection is finished.
95 [139727178266496] INFO perfrun.launcher <> - the option was added --filter-include: Filter data during collection. Possible values: contended=<on|off> - filter out uncontended events; contended_nostack=<time> - filter out stacks for contended events that take less than <time> microseconds; wait=<time> - ignore transitions and blocks with wait time less than <time> microseconds; wait_nostack=<time> - filter out stacks for waits that take less than <time> microseconds.
96 [139727178266496] INFO perfrun.launcher <> - the option was added --debug-pin: Debug PIN tool and runtime.
96 [139727178266496] INFO perfrun.launcher <> - the option was added --debug-exception: Disallow the application to set own abnormal termination handler.
96 [139727178266496] INFO perfrun.launcher <> - the option was added --trace-type: Specify the trace file granularity. Possible values: per-thread - per-thread trace file generation; per-process - per-process trace file generation.
96 [139727178266496] INFO perfrun.launcher <> - the option was added --instrumentation-type: Specify type of instrumentation.
96 [139727178266496] INFO perfrun.launcher <> - the option was added --altstack: Enable or disable usage of altstacks for profiling signal handlers.
96 [139727178266496] INFO perfrun.launcher <> - the option was added --profiling-signal: BADMSG: perfrun1.ptracecollector::profiling-signal Alternate profiling signal.
96 [139727178266496] INFO perfrun.launcher <> - the option was added --memory-strategy: Specify a minimal memory object size to be traced and a hash table size for faster objects search; for example: --memory-strategy obj-size-min=1024,hash-table-size=4096.
96 [139727178266496] INFO perfrun.launcher <> - the option was added --gpu-profiling-type: Specify a type of deep GPU profiling: none, bblatency, memlatency, instcount.
96 [139727178266496] INFO perfrun.launcher <> - the option was added --opencl-trace-mode: Specify OpenCL kernel tracing modes: 'default' to trace OpenCL kernels for Intel Graphics Driver only; 'epoch' for any non-Intel graphics, where OpenCL kernels will be traced and OpenCL profiling API timestamps will be interpreted as Unux Epoch time in nanoseconds; 'completion' to trace OpenCL kernels for any Graphics Driver and bind OpenCL profiling API timestamps to the timestamp of OpenCL completion callback.
96 [139727178266496] INFO perfrun.launcher <> - the option was added --gpu-kernels-to-profile: Specify a comma-separated list of GPU kernel names and invocations to be profiled in the following format: kernel_name[#start_idx#step#stop_idx], where kernel_name is the name of GPU kernel; start_idx is the number of the first invocation; and stop_idx is the number of the last invocation to be profiled.
96 [139727178266496] INFO perfrun.launcher <> - the option was added --exprof-com-list: List available COM ports.
96 [139727178266496] INFO perfrun.launcher <> - the option was added --exprof-dvc-list: List available DvC IDs.
97 [139727178266496] INFO perfrun.launcher <> - the option was added --exprof-trace-channel: BADMSG: perfrun1.exprof::exprof-trace-channel
97 [139727178266496] INFO perfrun.launcher <> - the option was added --exprof-event-config: Specify ExactProfiling Event Classes.
97 [139727178266496] INFO perfrun.launcher <> - the option was added --ice-pmons-list: BADMSG: perfrun1.ice::ice-pmons-list
97 [139727178266496] INFO perfrun.launcher <> - the option was added --ice-pmons-config: BADMSG: perfrun1.ice::ice-pmons-config
97 [139727178266496] INFO perfrun.launcher <> - the option was added --ice-sw-trace: Collect software traces of the Intel Neural Network Processor (NNP-I) and analyze software context of inference progress.
97 [139727178266496] INFO perfrun.launcher <> - the option was added --ice-sample-after-value: BADMSG: perfrun1.ice::ice-sample-after-value
97 [139727178266496] INFO perfrun.launcher <> - the option was added --ice-frequency: BADMSG: perfrun1.ice::ice-frequency
97 [139727178266496] INFO perfrun.launcher <> - the option was added --parallel-fs-config: Specify parallel fs counters to collect.
97 [139727178266496] INFO perfrun.launcher <> - the option was added --pwr-config: BADMSG: perfrun1.vtsspp::pwr-config Specify power metrics configuration.
97 [139727178266496] INFO perfrun.launcher <> - the option was added --collect-topology: Collect topology info with hwloc.
97 [139727178266496] INFO perfrun.launcher <> - the option was added --persistent-mem-metrics: Collect Persistent Memory performance counters.
97 [139727178266496] INFO perfrun.launcher <> - the option was added --os-counters: Collect OS counters
98 [139727178266496] INFO perfrun.launcher <> - create msngr2::ICliToolContext
99 [139727178266496] INFO perfrun.launcher <> - create file finder object
108 [139727169259264] INFO perfrun.launcher <> - plugin [remoteplug] was disabled because it doesn't support the given collection type.
108 [139727169259264] INFO perfrun.launcher <> - plugin [system] was disabled because it doesn't support the given collection type.
108 [139727169259264] INFO perfrun.vdso <> - dumping [vdso] pseudomodule
109 [139727169259264] INFO perfrun.launcher <> - plugin [itt] was disabled because it doesn't support the given collection type.
109 [139727169259264] INFO perfrun.launcher <> - plugin [ptracecollector] was disabled because it doesn't support the given collection type.
109 [139727169259264] INFO perfrun.launcher <> - plugin [gpu] was disabled because it doesn't support the given collection type.
110 [139727169259264] INFO perfrun.launcher <> - plugin [] was disabled because it doesn't support the given collection type.
110 [139727169259264] INFO perfrun.launcher <> - plugin [] was disabled because it doesn't support the given collection type.
110 [139727169259264] INFO perfrun.launcher <> - plugin [] was disabled because it doesn't support the given collection type.
110 [139727169259264] INFO perfrun.launcher <> - plugin [mrte] was disabled because it doesn't support the given collection type.
110 [139727169259264] INFO perfrun.launcher <> - plugin [emon] was disabled because it doesn't support the given collection type.
110 [139727169259264] INFO perfrun.launcher <> - plugin [cuscol] was disabled because it doesn't support the given collection type.
110 [139727169259264] INFO perfrun.launcher <> - plugin [stdsrc] was disabled because it doesn't support the given collection type.
110 [139727169259264] INFO perfrun.launcher <> - plugin [sep] was disabled because it doesn't support the given collection type.
110 [139727169259264] INFO perfrun.launcher <> - plugin [vtsspp] was disabled because it doesn't support the given collection type.
110 [139727169259264] INFO perfrun.launcher <> - plugin [perf] was disabled because it doesn't support the given collection type.
110 [139727169259264] INFO perfrun.launcher <> - plugin [aoclprofile] was disabled because it doesn't support the given collection type.
110 [139727169259264] INFO perfrun.launcher <> - plugin [tpss] was disabled because it doesn't support the given collection type.
110 [139727169259264] INFO perfrun.launcher <> - plugin [exprof] was disabled because it doesn't support the given collection type.
110 [139727169259264] INFO perfrun.launcher <> - plugin [media] was disabled because it doesn't support the given collection type.
110 [139727169259264] INFO perfrun.launcher <> - plugin [ice] was disabled because it doesn't support the given collection type.
110 [139727169259264] INFO perfrun.launcher <> - plugin [] was disabled because it doesn't support the given collection type.
110 [139727169259264] INFO perfrun.launcher <> - plugin [] was disabled because it doesn't support the given collection type.
110 [139727169259264] INFO perfrun.launcher <> - plugin [parallelfs] was disabled because it doesn't support the given collection type.
110 [139727169259264] INFO perfrun.launcher <> - plugin [power] was disabled because it doesn't support the given collection type.
110 [139727169259264] INFO perfrun.launcher <> - plugin [hwloc] was disabled because it doesn't support the given collection type.
110 [139727169259264] INFO perfrun.launcher <> - plugin [ipmwatch] was disabled because it doesn't support the given collection type.
110 [139727169259264] INFO perfrun.launcher <> - plugin [os_counters] was disabled because it doesn't support the given collection type.
110 [139727178266496] INFO perfrun.launcher <> - Application exit code: 0
110 [139727178266496] INFO perfrun.launcher <> - Exit code: 0
