
3816783 : 0x40e33b9b9c095f : 1 : spill_jit_data :  Jit agent is not initialized
3816783 : 0x40e33b9b9d1125 : 2 : ittapi_config_mask_get :  --itt-config mask to be applied: 39
3816783 : 0x40e33b9b9d2717 : 2 : ittapi_config_apply_per_lib :  ITTAPI function instrumented: __itt_domain_create
3816783 : 0x40e33b9b9d33f0 : 2 : ittapi_config_apply_per_lib :  ITTAPI function instrumented: __itt_module_load_with_sections
3816783 : 0x40e33b9b9d4334 : 2 : ittapi_config_apply_per_lib :  ITTAPI function not implemented: __itt_module_unload_with_sections
3816783 : 0x40e33b9b9d5169 : 2 : ittapi_config_apply_per_lib :  ITTAPI function instrumented: __itt_string_handle_create
3816783 : 0x40e33b9b9d5a80 : 2 : ittapi_config_apply_per_lib :  ITTAPI function instrumented: __itt_counter_create
3816783 : 0x40e33b9b9d62ac : 2 : ittapi_config_apply_per_lib :  ITTAPI function instrumented: __itt_counter_create_typed
3816783 : 0x40e33b9b9d6c18 : 2 : ittapi_config_apply_per_lib :  ITTAPI function instrumented: __itt_pause
3816783 : 0x40e33b9b9d74cb : 2 : ittapi_config_apply_per_lib :  ITTAPI function instrumented: __itt_resume
3816783 : 0x40e33b9b9e4932 : 2 : ittapi_config_apply_per_lib :  ITTAPI function instrumented: __itt_thread_set_name
3816783 : 0x40e33b9b9e56f1 : 2 : ittapi_config_apply_per_lib :  ITTAPI function instrumented: __itt_thread_ignore
3816783 : 0x40e33b9b9e6021 : 2 : ittapi_config_apply_per_lib :  ITTAPI function instrumented: __itt_thr_name_set
3816783 : 0x40e33b9b9e69a8 : 2 : ittapi_config_apply_per_lib :  ITTAPI function instrumented: __itt_thr_ignore
3816783 : 0x40e33b9b9e77f7 : 2 : ittapi_config_apply_per_lib :  ITTAPI function not implemented: __itt_enable_attach
3816783 : 0x40e33b9b9e81a3 : 2 : ittapi_config_apply_per_lib :  ITTAPI function instrumented: __itt_detach
3816783 : 0x40e33b9b9e89b1 : 2 : ittapi_config_apply_per_lib :  ITTAPI function NOT instrumented (not matched by --itt-config option): __itt_sync_create

3816783 : 0x40e33b9b9e9307 : 2 : ittapi_config_apply_per_lib :  ITTAPI function NOT instrumented (not matched by --itt-config option): __itt_sync_rename

3816783 : 0x40e33b9b9e9aa1 : 2 : ittapi_config_apply_per_lib :  ITTAPI function NOT instrumented (not matched by --itt-config option): __itt_sync_destroy

3816783 : 0x40e33b9b9ea290 : 2 : ittapi_config_apply_per_lib :  ITTAPI function NOT instrumented (not matched by --itt-config option): __itt_sync_prepare

3816783 : 0x40e33b9b9ed35f : 2 : ittapi_config_apply_per_lib :  ITTAPI function NOT instrumented (not matched by --itt-config option): __itt_sync_cancel

3816783 : 0x40e33b9b9edc03 : 2 : ittapi_config_apply_per_lib :  ITTAPI function NOT instrumented (not matched by --itt-config option): __itt_sync_acquired

3816783 : 0x40e33b9b9ee3cc : 2 : ittapi_config_apply_per_lib :  ITTAPI function NOT instrumented (not matched by --itt-config option): __itt_sync_releasing

3816783 : 0x40e33b9b9eef6f : 2 : ittapi_config_apply_per_lib :  ITTAPI function not implemented: __itt_suppress_push
3816783 : 0x40e33b9b9efc9e : 2 : ittapi_config_apply_per_lib :  ITTAPI function not implemented: __itt_suppress_pop
3816783 : 0x40e33b9b9f072f : 2 : ittapi_config_apply_per_lib :  ITTAPI function not implemented: __itt_suppress_mark_range
3816783 : 0x40e33b9b9f11ae : 2 : ittapi_config_apply_per_lib :  ITTAPI function not implemented: __itt_suppress_clear_range
3816783 : 0x40e33b9b9f1940 : 2 : ittapi_config_apply_per_lib :  ITTAPI function NOT instrumented (not matched by --itt-config option): __itt_sync_prepare

3816783 : 0x40e33b9b9f211b : 2 : ittapi_config_apply_per_lib :  ITTAPI function NOT instrumented (not matched by --itt-config option): __itt_sync_cancel

3816783 : 0x40e33b9b9f284d : 2 : ittapi_config_apply_per_lib :  ITTAPI function NOT instrumented (not matched by --itt-config option): __itt_sync_acquired

3816783 : 0x40e33b9b9f4fea : 2 : ittapi_config_apply_per_lib :  ITTAPI function NOT instrumented (not matched by --itt-config option): __itt_sync_releasing

3816783 : 0x40e33b9b9f58e0 : 2 : ittapi_config_apply_per_lib :  ITTAPI function NOT instrumented (not matched by --itt-config option): __itt_model_site_begin

3816783 : 0x40e33b9b9f60ea : 2 : ittapi_config_apply_per_lib :  ITTAPI function NOT instrumented (not matched by --itt-config option): __itt_model_site_end

3816783 : 0x40e33b9b9f68ea : 2 : ittapi_config_apply_per_lib :  ITTAPI function NOT instrumented (not matched by --itt-config option): __itt_model_task_begin

3816783 : 0x40e33b9b9f7094 : 2 : ittapi_config_apply_per_lib :  ITTAPI function NOT instrumented (not matched by --itt-config option): __itt_model_task_end

3816783 : 0x40e33b9b9f78eb : 2 : ittapi_config_apply_per_lib :  ITTAPI function NOT instrumented (not matched by --itt-config option): __itt_model_lock_acquire

3816783 : 0x40e33b9b9f809d : 2 : ittapi_config_apply_per_lib :  ITTAPI function NOT instrumented (not matched by --itt-config option): __itt_model_lock_release

3816783 : 0x40e33b9b9f888d : 2 : ittapi_config_apply_per_lib :  ITTAPI function NOT instrumented (not matched by --itt-config option): __itt_model_record_allocation

3816783 : 0x40e33b9b9f9025 : 2 : ittapi_config_apply_per_lib :  ITTAPI function NOT instrumented (not matched by --itt-config option): __itt_model_record_deallocation

3816783 : 0x40e33b9b9f97fa : 2 : ittapi_config_apply_per_lib :  ITTAPI function NOT instrumented (not matched by --itt-config option): __itt_model_induction_uses

3816783 : 0x40e33b9b9fdb08 : 2 : ittapi_config_apply_per_lib :  ITTAPI function NOT instrumented (not matched by --itt-config option): __itt_model_reduction_uses

3816783 : 0x40e33b9b9fe44b : 2 : ittapi_config_apply_per_lib :  ITTAPI function NOT instrumented (not matched by --itt-config option): __itt_model_observe_uses

3816783 : 0x40e33b9b9fec40 : 2 : ittapi_config_apply_per_lib :  ITTAPI function NOT instrumented (not matched by --itt-config option): __itt_model_clear_uses

3816783 : 0x40e33b9b9ff3fd : 2 : ittapi_config_apply_per_lib :  ITTAPI function NOT instrumented (not matched by --itt-config option): __itt_model_site_beginA

3816783 : 0x40e33b9b9ffbc6 : 2 : ittapi_config_apply_per_lib :  ITTAPI function NOT instrumented (not matched by --itt-config option): __itt_model_site_beginAL

3816783 : 0x40e33b9ba04017 : 2 : ittapi_config_apply_per_lib :  ITTAPI function NOT instrumented (not matched by --itt-config option): __itt_model_task_beginA

3816783 : 0x40e33b9ba04754 : 2 : ittapi_config_apply_per_lib :  ITTAPI function NOT instrumented (not matched by --itt-config option): __itt_model_task_beginAL

3816783 : 0x40e33b9ba04ea2 : 2 : ittapi_config_apply_per_lib :  ITTAPI function NOT instrumented (not matched by --itt-config option): __itt_model_iteration_taskA

3816783 : 0x40e33b9ba055eb : 2 : ittapi_config_apply_per_lib :  ITTAPI function NOT instrumented (not matched by --itt-config option): __itt_model_iteration_taskAL

3816783 : 0x40e33b9ba05d77 : 2 : ittapi_config_apply_per_lib :  ITTAPI function NOT instrumented (not matched by --itt-config option): __itt_model_site_end_2

3816783 : 0x40e33b9ba08a63 : 2 : ittapi_config_apply_per_lib :  ITTAPI function NOT instrumented (not matched by --itt-config option): __itt_model_task_end_2

3816783 : 0x40e33b9ba0921a : 2 : ittapi_config_apply_per_lib :  ITTAPI function NOT instrumented (not matched by --itt-config option): __itt_model_lock_acquire_2

3816783 : 0x40e33b9ba0997b : 2 : ittapi_config_apply_per_lib :  ITTAPI function NOT instrumented (not matched by --itt-config option): __itt_model_lock_release_2

3816783 : 0x40e33b9ba0a0f6 : 2 : ittapi_config_apply_per_lib :  ITTAPI function NOT instrumented (not matched by --itt-config option): __itt_model_aggregate_task

3816783 : 0x40e33b9ba0a84d : 2 : ittapi_config_apply_per_lib :  ITTAPI function NOT instrumented (not matched by --itt-config option): __itt_model_disable_push

3816783 : 0x40e33b9ba0afa5 : 2 : ittapi_config_apply_per_lib :  ITTAPI function NOT instrumented (not matched by --itt-config option): __itt_model_disable_pop

3816783 : 0x40e33b9ba0b904 : 2 : ittapi_config_apply_per_lib :  ITTAPI function instrumented: __itt_heap_function_create
3816783 : 0x40e33b9ba0c1b0 : 2 : ittapi_config_apply_per_lib :  ITTAPI function instrumented: __itt_heap_allocate_begin
3816783 : 0x40e33b9ba0ca5f : 2 : ittapi_config_apply_per_lib :  ITTAPI function instrumented: __itt_heap_allocate_end
3816783 : 0x40e33b9ba0d2e5 : 2 : ittapi_config_apply_per_lib :  ITTAPI function instrumented: __itt_heap_free_begin
3816783 : 0x40e33b9ba11876 : 2 : ittapi_config_apply_per_lib :  ITTAPI function instrumented: __itt_heap_free_end
3816783 : 0x40e33b9ba1222e : 2 : ittapi_config_apply_per_lib :  ITTAPI function instrumented: __itt_heap_reallocate_begin
3816783 : 0x40e33b9ba12a6a : 2 : ittapi_config_apply_per_lib :  ITTAPI function instrumented: __itt_heap_reallocate_end
3816783 : 0x40e33b9ba13509 : 2 : ittapi_config_apply_per_lib :  ITTAPI function not implemented: __itt_heap_internal_access_begin
3816783 : 0x40e33b9ba13e99 : 2 : ittapi_config_apply_per_lib :  ITTAPI function not implemented: __itt_heap_internal_access_end
3816783 : 0x40e33b9ba16a3e : 2 : ittapi_config_apply_per_lib :  ITTAPI function not implemented: __itt_heap_record_memory_growth_begin
3816783 : 0x40e33b9ba173b1 : 2 : ittapi_config_apply_per_lib :  ITTAPI function not implemented: __itt_heap_record_memory_growth_end
3816783 : 0x40e33b9ba17d13 : 2 : ittapi_config_apply_per_lib :  ITTAPI function not implemented: __itt_heap_reset_detection
3816783 : 0x40e33b9ba187a8 : 2 : ittapi_config_apply_per_lib :  ITTAPI function not implemented: __itt_heap_record
3816783 : 0x40e33b9ba190be : 2 : ittapi_config_apply_per_lib :  ITTAPI function not implemented: __itt_id_create
3816783 : 0x40e33b9ba1c522 : 2 : ittapi_config_apply_per_lib :  ITTAPI function not implemented: __itt_id_destroy
3816783 : 0x40e33b9ba1ce8c : 2 : ittapi_config_apply_per_lib :  ITTAPI function instrumented: __itt_get_timestamp
3816783 : 0x40e33b9ba1d7b9 : 2 : ittapi_config_apply_per_lib :  ITTAPI function not implemented: __itt_region_begin
3816783 : 0x40e33b9ba1e0f7 : 2 : ittapi_config_apply_per_lib :  ITTAPI function not implemented: __itt_region_end
3816783 : 0x40e33b9ba1e9bd : 2 : ittapi_config_apply_per_lib :  ITTAPI function instrumented: __itt_frame_begin_v3
3816783 : 0x40e33b9ba1f258 : 2 : ittapi_config_apply_per_lib :  ITTAPI function instrumented: __itt_frame_end_v3
3816783 : 0x40e33b9ba1faa6 : 2 : ittapi_config_apply_per_lib :  ITTAPI function instrumented: __itt_frame_submit_v3
3816783 : 0x40e33b9ba2040d : 2 : ittapi_config_apply_per_lib :  ITTAPI function not implemented: __itt_task_group
3816783 : 0x40e33b9ba20ccc : 2 : ittapi_config_apply_per_lib :  ITTAPI function instrumented: __itt_task_begin
3816783 : 0x40e33b9ba214fc : 2 : ittapi_config_apply_per_lib :  ITTAPI function instrumented: __itt_task_begin_fn
3816783 : 0x40e33b9ba23bd7 : 2 : ittapi_config_apply_per_lib :  ITTAPI function instrumented: __itt_task_end
3816783 : 0x40e33b9ba245e6 : 2 : ittapi_config_apply_per_lib :  ITTAPI function not implemented: __itt_counter_inc_v3
3816783 : 0x40e33b9ba24ff0 : 2 : ittapi_config_apply_per_lib :  ITTAPI function not implemented: __itt_counter_inc_delta_v3
3816783 : 0x40e33b9ba2590d : 2 : ittapi_config_apply_per_lib :  ITTAPI function not implemented: __itt_counter_dec_v3
3816783 : 0x40e33b9ba261c8 : 2 : ittapi_config_apply_per_lib :  ITTAPI function not implemented: __itt_counter_dec_delta_v3
3816783 : 0x40e33b9ba26aa2 : 2 : ittapi_config_apply_per_lib :  ITTAPI function not implemented: __itt_marker
3816783 : 0x40e33b9ba27348 : 2 : ittapi_config_apply_per_lib :  ITTAPI function instrumented: __itt_metadata_add
3816783 : 0x40e33b9ba27c5d : 2 : ittapi_config_apply_per_lib :  ITTAPI function not implemented: __itt_metadata_str_add
3816783 : 0x40e33b9ba2858c : 2 : ittapi_config_apply_per_lib :  ITTAPI function not implemented: __itt_relation_add_to_current
3816783 : 0x40e33b9ba28e79 : 2 : ittapi_config_apply_per_lib :  ITTAPI function not implemented: __itt_relation_add
3816783 : 0x40e33b9ba2b3ea : 2 : ittapi_config_apply_per_lib :  ITTAPI function instrumented: __itt_event_create
3816783 : 0x40e33b9ba2bd4b : 2 : ittapi_config_apply_per_lib :  ITTAPI function instrumented: __itt_event_start
3816783 : 0x40e33b9ba2c5d0 : 2 : ittapi_config_apply_per_lib :  ITTAPI function instrumented: __itt_event_end
3816783 : 0x40e33b9ba2ccff : 2 : ittapi_config_apply_per_lib :  ITTAPI function NOT instrumented (not matched by --itt-config option): __itt_sync_set_name

3816783 : 0x40e33b9ba2d4ba : 2 : ittapi_config_apply_per_lib :  ITTAPI function NOT instrumented (not matched by --itt-config option): __itt_notify_sync_name

3816783 : 0x40e33b9ba2dc13 : 2 : ittapi_config_apply_per_lib :  ITTAPI function NOT instrumented (not matched by --itt-config option): __itt_notify_sync_prepare

3816783 : 0x40e33b9ba2e35f : 2 : ittapi_config_apply_per_lib :  ITTAPI function NOT instrumented (not matched by --itt-config option): __itt_notify_sync_cancel

3816783 : 0x40e33b9ba2eac3 : 2 : ittapi_config_apply_per_lib :  ITTAPI function NOT instrumented (not matched by --itt-config option): __itt_notify_sync_acquired

3816783 : 0x40e33b9ba2f1ea : 2 : ittapi_config_apply_per_lib :  ITTAPI function NOT instrumented (not matched by --itt-config option): __itt_notify_sync_releasing

3816783 : 0x40e33b9ba2faf1 : 2 : ittapi_config_apply_per_lib :  ITTAPI function not implemented: __itt_memory_read
3816783 : 0x40e33b9ba33425 : 2 : ittapi_config_apply_per_lib :  ITTAPI function not implemented: __itt_memory_write
3816783 : 0x40e33b9ba33ebe : 2 : ittapi_config_apply_per_lib :  ITTAPI function not implemented: __itt_memory_update
3816783 : 0x40e33b9ba347f5 : 2 : ittapi_config_apply_per_lib :  ITTAPI function not implemented: __itt_state_get
3816783 : 0x40e33b9ba350a0 : 2 : ittapi_config_apply_per_lib :  ITTAPI function not implemented: __itt_state_set
3816783 : 0x40e33b9ba35941 : 2 : ittapi_config_apply_per_lib :  ITTAPI function not implemented: __itt_obj_mode_set
3816783 : 0x40e33b9ba36279 : 2 : ittapi_config_apply_per_lib :  ITTAPI function not implemented: __itt_thr_mode_set
3816783 : 0x40e33b9ba36ac7 : 2 : ittapi_config_apply_per_lib :  ITTAPI function instrumented: __itt_frame_create
3816783 : 0x40e33b9ba372e1 : 2 : ittapi_config_apply_per_lib :  ITTAPI function instrumented: __itt_pt_region_create
3816783 : 0x40e33b9ba37b5a : 2 : ittapi_config_apply_per_lib :  ITTAPI function instrumented: __itt_frame_begin
3816783 : 0x40e33b9ba383ce : 2 : ittapi_config_apply_per_lib :  ITTAPI function instrumented: __itt_frame_end
3816783 : 0x40e33b9ba3ad12 : 2 : ittapi_config_apply_per_lib :  ITTAPI function not implemented: __itt_counter_destroy
3816783 : 0x40e33b9ba3b6a8 : 2 : ittapi_config_apply_per_lib :  ITTAPI function instrumented: __itt_counter_inc
3816783 : 0x40e33b9ba3bf0e : 2 : ittapi_config_apply_per_lib :  ITTAPI function instrumented: __itt_counter_inc_delta
3816783 : 0x40e33b9ba3c77a : 2 : ittapi_config_apply_per_lib :  ITTAPI function instrumented: __itt_counter_dec
3816783 : 0x40e33b9ba3d08f : 2 : ittapi_config_apply_per_lib :  ITTAPI function instrumented: __itt_counter_dec_delta
3816783 : 0x40e33b9ba3d900 : 2 : ittapi_config_apply_per_lib :  ITTAPI function instrumented: __itt_counter_set_value
3816783 : 0x40e33b9ba3e1ab : 2 : ittapi_config_apply_per_lib :  ITTAPI function not implemented: __itt_counter_set_value_ex
3816783 : 0x40e33b9ba3ea4b : 2 : ittapi_config_apply_per_lib :  ITTAPI function not implemented: __itt_mark_create
3816783 : 0x40e33b9ba3f3fe : 2 : ittapi_config_apply_per_lib :  ITTAPI function not implemented: __itt_mark
3816783 : 0x40e33b9ba3fdf1 : 2 : ittapi_config_apply_per_lib :  ITTAPI function not implemented: __itt_mark_off
3816783 : 0x40e33b9ba42589 : 2 : ittapi_config_apply_per_lib :  ITTAPI function not implemented: __itt_mark_global
3816783 : 0x40e33b9ba43029 : 2 : ittapi_config_apply_per_lib :  ITTAPI function not implemented: __itt_mark_global_off
3816783 : 0x40e33b9ba43883 : 2 : ittapi_config_apply_per_lib :  ITTAPI function NOT instrumented (not matched by --itt-config option): __itt_stack_caller_create

3816783 : 0x40e33b9ba4402e : 2 : ittapi_config_apply_per_lib :  ITTAPI function NOT instrumented (not matched by --itt-config option): __itt_stack_caller_destroy

3816783 : 0x40e33b9ba447a1 : 2 : ittapi_config_apply_per_lib :  ITTAPI function NOT instrumented (not matched by --itt-config option): __itt_stack_callee_enter

3816783 : 0x40e33b9ba44f04 : 2 : ittapi_config_apply_per_lib :  ITTAPI function NOT instrumented (not matched by --itt-config option): __itt_stack_callee_leave

3816783 : 0x40e33b9ba4581d : 2 : ittapi_config_apply_per_lib :  ITTAPI function not implemented: __itt_clock_domain_create
3816783 : 0x40e33b9ba46169 : 2 : ittapi_config_apply_per_lib :  ITTAPI function not implemented: __itt_clock_domain_reset
3816783 : 0x40e33b9ba46a3b : 2 : ittapi_config_apply_per_lib :  ITTAPI function not implemented: __itt_id_create_ex
3816783 : 0x40e33b9ba4739b : 2 : ittapi_config_apply_per_lib :  ITTAPI function not implemented: __itt_id_destroy_ex
3816783 : 0x40e33b9ba4aa95 : 2 : ittapi_config_apply_per_lib :  ITTAPI function not implemented: __itt_task_begin_ex
3816783 : 0x40e33b9ba4b4f2 : 2 : ittapi_config_apply_per_lib :  ITTAPI function not implemented: __itt_task_begin_fn_ex
3816783 : 0x40e33b9ba4be2e : 2 : ittapi_config_apply_per_lib :  ITTAPI function not implemented: __itt_task_end_ex
3816783 : 0x40e33b9ba4c737 : 2 : ittapi_config_apply_per_lib :  ITTAPI function instrumented: __itt_task_begin_overlapped
3816783 : 0x40e33b9ba4d028 : 2 : ittapi_config_apply_per_lib :  ITTAPI function not implemented: __itt_task_begin_overlapped_ex
3816783 : 0x40e33b9ba4d923 : 2 : ittapi_config_apply_per_lib :  ITTAPI function instrumented: __itt_task_end_overlapped
3816783 : 0x40e33b9ba4e22f : 2 : ittapi_config_apply_per_lib :  ITTAPI function not implemented: __itt_task_end_overlapped_ex
3816783 : 0x40e33b9ba4eb10 : 2 : ittapi_config_apply_per_lib :  ITTAPI function not implemented: __itt_marker_ex
3816783 : 0x40e33b9ba4f4ae : 2 : ittapi_config_apply_per_lib :  ITTAPI function not implemented: __itt_metadata_add_with_scope
3816783 : 0x40e33b9ba4fe80 : 2 : ittapi_config_apply_per_lib :  ITTAPI function not implemented: __itt_metadata_str_add_with_scope
3816783 : 0x40e33b9ba5266d : 2 : ittapi_config_apply_per_lib :  ITTAPI function not implemented: __itt_relation_add_to_current_ex
3816783 : 0x40e33b9ba53012 : 2 : ittapi_config_apply_per_lib :  ITTAPI function not implemented: __itt_relation_add_ex
3816783 : 0x40e33b9ba53909 : 2 : ittapi_config_apply_per_lib :  ITTAPI function not implemented: __itt_track_group_create
3816783 : 0x40e33b9ba541a4 : 2 : ittapi_config_apply_per_lib :  ITTAPI function not implemented: __itt_track_create
3816783 : 0x40e33b9ba54a62 : 2 : ittapi_config_apply_per_lib :  ITTAPI function not implemented: __itt_set_track
3816783 : 0x40e33b9ba5532c : 2 : ittapi_config_apply_per_lib :  ITTAPI function instrumented: __itt_api_version
3816783 : 0x40e33b9ba55c10 : 2 : ittapi_config_apply_per_lib :  ITTAPI function not implemented: __itt_av_save
3816783 : 0x40e33b9ba564aa : 2 : ittapi_config_apply_per_lib :  ITTAPI function instrumented: __itt_module_load
3816783 : 0x40e33b9ba56d6d : 2 : ittapi_config_apply_per_lib :  ITTAPI function not implemented: __itt_module_unload