
3817053 : 0x40e34096256c92 : 1 : spill_jit_data :  Jit agent is not initialized
3817053 : 0x40e34096272def : 2 : ittapi_config_mask_get :  --itt-config mask to be applied: 39
3817053 : 0x40e340962750ac : 2 : ittapi_config_apply_per_lib :  ITTAPI function instrumented: __itt_domain_create
3817053 : 0x40e3409627686c : 2 : ittapi_config_apply_per_lib :  ITTAPI function instrumented: __itt_module_load_with_sections
3817053 : 0x40e34096278635 : 2 : ittapi_config_apply_per_lib :  ITTAPI function not implemented: __itt_module_unload_with_sections
3817053 : 0x40e34096279f64 : 2 : ittapi_config_apply_per_lib :  ITTAPI function instrumented: __itt_string_handle_create
3817053 : 0x40e3409627b0ec : 2 : ittapi_config_apply_per_lib :  ITTAPI function instrumented: __itt_counter_create
3817053 : 0x40e3409627c2f1 : 2 : ittapi_config_apply_per_lib :  ITTAPI function instrumented: __itt_counter_create_typed
3817053 : 0x40e3409627d546 : 2 : ittapi_config_apply_per_lib :  ITTAPI function instrumented: __itt_pause
3817053 : 0x40e3409627e60c : 2 : ittapi_config_apply_per_lib :  ITTAPI function instrumented: __itt_resume
3817053 : 0x40e34096293fed : 2 : ittapi_config_apply_per_lib :  ITTAPI function instrumented: __itt_thread_set_name
3817053 : 0x40e340962958c1 : 2 : ittapi_config_apply_per_lib :  ITTAPI function instrumented: __itt_thread_ignore
3817053 : 0x40e34096296ac7 : 2 : ittapi_config_apply_per_lib :  ITTAPI function instrumented: __itt_thr_name_set
3817053 : 0x40e34096297c8c : 2 : ittapi_config_apply_per_lib :  ITTAPI function instrumented: __itt_thr_ignore
3817053 : 0x40e340962995d7 : 2 : ittapi_config_apply_per_lib :  ITTAPI function not implemented: __itt_enable_attach
3817053 : 0x40e3409629a881 : 2 : ittapi_config_apply_per_lib :  ITTAPI function instrumented: __itt_detach
3817053 : 0x40e3409629b83f : 2 : ittapi_config_apply_per_lib :  ITTAPI function NOT instrumented (not matched by --itt-config option): __itt_sync_create

3817053 : 0x40e3409629c901 : 2 : ittapi_config_apply_per_lib :  ITTAPI function NOT instrumented (not matched by --itt-config option): __itt_sync_rename

3817053 : 0x40e3409629d6dd : 2 : ittapi_config_apply_per_lib :  ITTAPI function NOT instrumented (not matched by --itt-config option): __itt_sync_destroy

3817053 : 0x40e3409629e660 : 2 : ittapi_config_apply_per_lib :  ITTAPI function NOT instrumented (not matched by --itt-config option): __itt_sync_prepare

3817053 : 0x40e340962a431f : 2 : ittapi_config_apply_per_lib :  ITTAPI function NOT instrumented (not matched by --itt-config option): __itt_sync_cancel

3817053 : 0x40e340962a52ee : 2 : ittapi_config_apply_per_lib :  ITTAPI function NOT instrumented (not matched by --itt-config option): __itt_sync_acquired

3817053 : 0x40e340962a61ee : 2 : ittapi_config_apply_per_lib :  ITTAPI function NOT instrumented (not matched by --itt-config option): __itt_sync_releasing

3817053 : 0x40e340962a7747 : 2 : ittapi_config_apply_per_lib :  ITTAPI function not implemented: __itt_suppress_push
3817053 : 0x40e340962a903a : 2 : ittapi_config_apply_per_lib :  ITTAPI function not implemented: __itt_suppress_pop
3817053 : 0x40e340962aa465 : 2 : ittapi_config_apply_per_lib :  ITTAPI function not implemented: __itt_suppress_mark_range
3817053 : 0x40e340962ab900 : 2 : ittapi_config_apply_per_lib :  ITTAPI function not implemented: __itt_suppress_clear_range
3817053 : 0x40e340962ac7ac : 2 : ittapi_config_apply_per_lib :  ITTAPI function NOT instrumented (not matched by --itt-config option): __itt_sync_prepare

3817053 : 0x40e340962ad62b : 2 : ittapi_config_apply_per_lib :  ITTAPI function NOT instrumented (not matched by --itt-config option): __itt_sync_cancel

3817053 : 0x40e340962ae460 : 2 : ittapi_config_apply_per_lib :  ITTAPI function NOT instrumented (not matched by --itt-config option): __itt_sync_acquired

3817053 : 0x40e340962b3868 : 2 : ittapi_config_apply_per_lib :  ITTAPI function NOT instrumented (not matched by --itt-config option): __itt_sync_releasing

3817053 : 0x40e340962b4933 : 2 : ittapi_config_apply_per_lib :  ITTAPI function NOT instrumented (not matched by --itt-config option): __itt_model_site_begin

3817053 : 0x40e340962b585d : 2 : ittapi_config_apply_per_lib :  ITTAPI function NOT instrumented (not matched by --itt-config option): __itt_model_site_end

3817053 : 0x40e340962b672a : 2 : ittapi_config_apply_per_lib :  ITTAPI function NOT instrumented (not matched by --itt-config option): __itt_model_task_begin

3817053 : 0x40e340962b75e0 : 2 : ittapi_config_apply_per_lib :  ITTAPI function NOT instrumented (not matched by --itt-config option): __itt_model_task_end

3817053 : 0x40e340962b8599 : 2 : ittapi_config_apply_per_lib :  ITTAPI function NOT instrumented (not matched by --itt-config option): __itt_model_lock_acquire

3817053 : 0x40e340962b9497 : 2 : ittapi_config_apply_per_lib :  ITTAPI function NOT instrumented (not matched by --itt-config option): __itt_model_lock_release

3817053 : 0x40e340962bd15d : 2 : ittapi_config_apply_per_lib :  ITTAPI function NOT instrumented (not matched by --itt-config option): __itt_model_record_allocation

3817053 : 0x40e340962be092 : 2 : ittapi_config_apply_per_lib :  ITTAPI function NOT instrumented (not matched by --itt-config option): __itt_model_record_deallocation

3817053 : 0x40e340962befa4 : 2 : ittapi_config_apply_per_lib :  ITTAPI function NOT instrumented (not matched by --itt-config option): __itt_model_induction_uses

3817053 : 0x40e340962c726b : 2 : ittapi_config_apply_per_lib :  ITTAPI function NOT instrumented (not matched by --itt-config option): __itt_model_reduction_uses

3817053 : 0x40e340962c83e3 : 2 : ittapi_config_apply_per_lib :  ITTAPI function NOT instrumented (not matched by --itt-config option): __itt_model_observe_uses

3817053 : 0x40e340962c930b : 2 : ittapi_config_apply_per_lib :  ITTAPI function NOT instrumented (not matched by --itt-config option): __itt_model_clear_uses

3817053 : 0x40e340962ca204 : 2 : ittapi_config_apply_per_lib :  ITTAPI function NOT instrumented (not matched by --itt-config option): __itt_model_site_beginA

3817053 : 0x40e340962cb16d : 2 : ittapi_config_apply_per_lib :  ITTAPI function NOT instrumented (not matched by --itt-config option): __itt_model_site_beginAL

3817053 : 0x40e340962cc0ab : 2 : ittapi_config_apply_per_lib :  ITTAPI function NOT instrumented (not matched by --itt-config option): __itt_model_task_beginA

3817053 : 0x40e340962ccfd1 : 2 : ittapi_config_apply_per_lib :  ITTAPI function NOT instrumented (not matched by --itt-config option): __itt_model_task_beginAL

3817053 : 0x40e340962cdebd : 2 : ittapi_config_apply_per_lib :  ITTAPI function NOT instrumented (not matched by --itt-config option): __itt_model_iteration_taskA

3817053 : 0x40e340962cede7 : 2 : ittapi_config_apply_per_lib :  ITTAPI function NOT instrumented (not matched by --itt-config option): __itt_model_iteration_taskAL

3817053 : 0x40e340962cfcfb : 2 : ittapi_config_apply_per_lib :  ITTAPI function NOT instrumented (not matched by --itt-config option): __itt_model_site_end_2

3817053 : 0x40e340962d4cce : 2 : ittapi_config_apply_per_lib :  ITTAPI function NOT instrumented (not matched by --itt-config option): __itt_model_task_end_2

3817053 : 0x40e340962d5d53 : 2 : ittapi_config_apply_per_lib :  ITTAPI function NOT instrumented (not matched by --itt-config option): __itt_model_lock_acquire_2

3817053 : 0x40e340962d6c37 : 2 : ittapi_config_apply_per_lib :  ITTAPI function NOT instrumented (not matched by --itt-config option): __itt_model_lock_release_2

3817053 : 0x40e340962d7b4f : 2 : ittapi_config_apply_per_lib :  ITTAPI function NOT instrumented (not matched by --itt-config option): __itt_model_aggregate_task

3817053 : 0x40e340962d8aa1 : 2 : ittapi_config_apply_per_lib :  ITTAPI function NOT instrumented (not matched by --itt-config option): __itt_model_disable_push

3817053 : 0x40e340962d993f : 2 : ittapi_config_apply_per_lib :  ITTAPI function NOT instrumented (not matched by --itt-config option): __itt_model_disable_pop

3817053 : 0x40e340962dac34 : 2 : ittapi_config_apply_per_lib :  ITTAPI function instrumented: __itt_heap_function_create
3817053 : 0x40e340962dbdc0 : 2 : ittapi_config_apply_per_lib :  ITTAPI function instrumented: __itt_heap_allocate_begin
3817053 : 0x40e340962dcfa0 : 2 : ittapi_config_apply_per_lib :  ITTAPI function instrumented: __itt_heap_allocate_end
3817053 : 0x40e340962de137 : 2 : ittapi_config_apply_per_lib :  ITTAPI function instrumented: __itt_heap_free_begin
3817053 : 0x40e340962e54a9 : 2 : ittapi_config_apply_per_lib :  ITTAPI function instrumented: __itt_heap_free_end
3817053 : 0x40e340962e697c : 2 : ittapi_config_apply_per_lib :  ITTAPI function instrumented: __itt_heap_reallocate_begin
3817053 : 0x40e340962e7a46 : 2 : ittapi_config_apply_per_lib :  ITTAPI function instrumented: __itt_heap_reallocate_end
3817053 : 0x40e340962e8f03 : 2 : ittapi_config_apply_per_lib :  ITTAPI function not implemented: __itt_heap_internal_access_begin
3817053 : 0x40e340962ea364 : 2 : ittapi_config_apply_per_lib :  ITTAPI function not implemented: __itt_heap_internal_access_end
3817053 : 0x40e340962eb80c : 2 : ittapi_config_apply_per_lib :  ITTAPI function not implemented: __itt_heap_record_memory_growth_begin
3817053 : 0x40e340962ecbf5 : 2 : ittapi_config_apply_per_lib :  ITTAPI function not implemented: __itt_heap_record_memory_growth_end
3817053 : 0x40e340962edf28 : 2 : ittapi_config_apply_per_lib :  ITTAPI function not implemented: __itt_heap_reset_detection
3817053 : 0x40e340962ef417 : 2 : ittapi_config_apply_per_lib :  ITTAPI function not implemented: __itt_heap_record
3817053 : 0x40e340962f0686 : 2 : ittapi_config_apply_per_lib :  ITTAPI function not implemented: __itt_id_create
3817053 : 0x40e340962f5ba9 : 2 : ittapi_config_apply_per_lib :  ITTAPI function not implemented: __itt_id_destroy
3817053 : 0x40e340962f6e41 : 2 : ittapi_config_apply_per_lib :  ITTAPI function instrumented: __itt_get_timestamp
3817053 : 0x40e340962f8216 : 2 : ittapi_config_apply_per_lib :  ITTAPI function not implemented: __itt_region_begin
3817053 : 0x40e340962f9604 : 2 : ittapi_config_apply_per_lib :  ITTAPI function not implemented: __itt_region_end
3817053 : 0x40e340962fa7a1 : 2 : ittapi_config_apply_per_lib :  ITTAPI function instrumented: __itt_frame_begin_v3
3817053 : 0x40e340962fb956 : 2 : ittapi_config_apply_per_lib :  ITTAPI function instrumented: __itt_frame_end_v3
3817053 : 0x40e340962fcab5 : 2 : ittapi_config_apply_per_lib :  ITTAPI function instrumented: __itt_frame_submit_v3
3817053 : 0x40e340962fde2e : 2 : ittapi_config_apply_per_lib :  ITTAPI function not implemented: __itt_task_group
3817053 : 0x40e340962feff9 : 2 : ittapi_config_apply_per_lib :  ITTAPI function instrumented: __itt_task_begin
3817053 : 0x40e340963000b6 : 2 : ittapi_config_apply_per_lib :  ITTAPI function instrumented: __itt_task_begin_fn
3817053 : 0x40e3409630522b : 2 : ittapi_config_apply_per_lib :  ITTAPI function instrumented: __itt_task_end
3817053 : 0x40e34096306837 : 2 : ittapi_config_apply_per_lib :  ITTAPI function not implemented: __itt_counter_inc_v3
3817053 : 0x40e34096307c6a : 2 : ittapi_config_apply_per_lib :  ITTAPI function not implemented: __itt_counter_inc_delta_v3
3817053 : 0x40e34096308f5e : 2 : ittapi_config_apply_per_lib :  ITTAPI function not implemented: __itt_counter_dec_v3
3817053 : 0x40e3409630a1d1 : 2 : ittapi_config_apply_per_lib :  ITTAPI function not implemented: __itt_counter_dec_delta_v3
3817053 : 0x40e3409630b4e3 : 2 : ittapi_config_apply_per_lib :  ITTAPI function not implemented: __itt_marker
3817053 : 0x40e3409630c76e : 2 : ittapi_config_apply_per_lib :  ITTAPI function instrumented: __itt_metadata_add
3817053 : 0x40e3409630db15 : 2 : ittapi_config_apply_per_lib :  ITTAPI function not implemented: __itt_metadata_str_add
3817053 : 0x40e3409630ee3e : 2 : ittapi_config_apply_per_lib :  ITTAPI function not implemented: __itt_relation_add_to_current
3817053 : 0x40e34096310146 : 2 : ittapi_config_apply_per_lib :  ITTAPI function not implemented: __itt_relation_add
3817053 : 0x40e340963150f8 : 2 : ittapi_config_apply_per_lib :  ITTAPI function instrumented: __itt_event_create
3817053 : 0x40e340963163c0 : 2 : ittapi_config_apply_per_lib :  ITTAPI function instrumented: __itt_event_start
3817053 : 0x40e34096317468 : 2 : ittapi_config_apply_per_lib :  ITTAPI function instrumented: __itt_event_end
3817053 : 0x40e340963182e8 : 2 : ittapi_config_apply_per_lib :  ITTAPI function NOT instrumented (not matched by --itt-config option): __itt_sync_set_name

3817053 : 0x40e34096319267 : 2 : ittapi_config_apply_per_lib :  ITTAPI function NOT instrumented (not matched by --itt-config option): __itt_notify_sync_name

3817053 : 0x40e3409631a164 : 2 : ittapi_config_apply_per_lib :  ITTAPI function NOT instrumented (not matched by --itt-config option): __itt_notify_sync_prepare

3817053 : 0x40e3409631b059 : 2 : ittapi_config_apply_per_lib :  ITTAPI function NOT instrumented (not matched by --itt-config option): __itt_notify_sync_cancel

3817053 : 0x40e3409631bf0d : 2 : ittapi_config_apply_per_lib :  ITTAPI function NOT instrumented (not matched by --itt-config option): __itt_notify_sync_acquired

3817053 : 0x40e3409631cdcb : 2 : ittapi_config_apply_per_lib :  ITTAPI function NOT instrumented (not matched by --itt-config option): __itt_notify_sync_releasing

3817053 : 0x40e3409631e111 : 2 : ittapi_config_apply_per_lib :  ITTAPI function not implemented: __itt_memory_read
3817053 : 0x40e340963259ad : 2 : ittapi_config_apply_per_lib :  ITTAPI function not implemented: __itt_memory_write
3817053 : 0x40e34096326f25 : 2 : ittapi_config_apply_per_lib :  ITTAPI function not implemented: __itt_memory_update
3817053 : 0x40e34096328249 : 2 : ittapi_config_apply_per_lib :  ITTAPI function not implemented: __itt_state_get
3817053 : 0x40e3409632954c : 2 : ittapi_config_apply_per_lib :  ITTAPI function not implemented: __itt_state_set
3817053 : 0x40e3409632a81e : 2 : ittapi_config_apply_per_lib :  ITTAPI function not implemented: __itt_obj_mode_set
3817053 : 0x40e3409632bb72 : 2 : ittapi_config_apply_per_lib :  ITTAPI function not implemented: __itt_thr_mode_set
3817053 : 0x40e3409632cc3e : 2 : ittapi_config_apply_per_lib :  ITTAPI function instrumented: __itt_frame_create
3817053 : 0x40e3409632dcd0 : 2 : ittapi_config_apply_per_lib :  ITTAPI function instrumented: __itt_pt_region_create
3817053 : 0x40e3409632ee37 : 2 : ittapi_config_apply_per_lib :  ITTAPI function instrumented: __itt_frame_begin
3817053 : 0x40e3409632ffe4 : 2 : ittapi_config_apply_per_lib :  ITTAPI function instrumented: __itt_frame_end
3817053 : 0x40e34096335e01 : 2 : ittapi_config_apply_per_lib :  ITTAPI function not implemented: __itt_counter_destroy
3817053 : 0x40e3409633729c : 2 : ittapi_config_apply_per_lib :  ITTAPI function instrumented: __itt_counter_inc
3817053 : 0x40e340963383ae : 2 : ittapi_config_apply_per_lib :  ITTAPI function instrumented: __itt_counter_inc_delta
3817053 : 0x40e34096339538 : 2 : ittapi_config_apply_per_lib :  ITTAPI function instrumented: __itt_counter_dec
3817053 : 0x40e3409633a785 : 2 : ittapi_config_apply_per_lib :  ITTAPI function instrumented: __itt_counter_dec_delta
3817053 : 0x40e3409633b969 : 2 : ittapi_config_apply_per_lib :  ITTAPI function instrumented: __itt_counter_set_value
3817053 : 0x40e3409633cc67 : 2 : ittapi_config_apply_per_lib :  ITTAPI function not implemented: __itt_counter_set_value_ex
3817053 : 0x40e3409633de93 : 2 : ittapi_config_apply_per_lib :  ITTAPI function not implemented: __itt_mark_create
3817053 : 0x40e3409633f27a : 2 : ittapi_config_apply_per_lib :  ITTAPI function not implemented: __itt_mark
3817053 : 0x40e34096340672 : 2 : ittapi_config_apply_per_lib :  ITTAPI function not implemented: __itt_mark_off
3817053 : 0x40e3409634e0a9 : 2 : ittapi_config_apply_per_lib :  ITTAPI function not implemented: __itt_mark_global
3817053 : 0x40e3409634fa60 : 2 : ittapi_config_apply_per_lib :  ITTAPI function not implemented: __itt_mark_global_off
3817053 : 0x40e34096350ae5 : 2 : ittapi_config_apply_per_lib :  ITTAPI function NOT instrumented (not matched by --itt-config option): __itt_stack_caller_create

3817053 : 0x40e34096351acd : 2 : ittapi_config_apply_per_lib :  ITTAPI function NOT instrumented (not matched by --itt-config option): __itt_stack_caller_destroy

3817053 : 0x40e340963529d6 : 2 : ittapi_config_apply_per_lib :  ITTAPI function NOT instrumented (not matched by --itt-config option): __itt_stack_callee_enter

3817053 : 0x40e340963538ec : 2 : ittapi_config_apply_per_lib :  ITTAPI function NOT instrumented (not matched by --itt-config option): __itt_stack_callee_leave

3817053 : 0x40e34096354c3b : 2 : ittapi_config_apply_per_lib :  ITTAPI function not implemented: __itt_clock_domain_create
3817053 : 0x40e34096356019 : 2 : ittapi_config_apply_per_lib :  ITTAPI function not implemented: __itt_clock_domain_reset
3817053 : 0x40e3409635721d : 2 : ittapi_config_apply_per_lib :  ITTAPI function not implemented: __itt_id_create_ex
3817053 : 0x40e34096358569 : 2 : ittapi_config_apply_per_lib :  ITTAPI function not implemented: __itt_id_destroy_ex
3817053 : 0x40e340963620c1 : 2 : ittapi_config_apply_per_lib :  ITTAPI function not implemented: __itt_task_begin_ex
3817053 : 0x40e34096366469 : 2 : ittapi_config_apply_per_lib :  ITTAPI function not implemented: __itt_task_begin_fn_ex
3817053 : 0x40e340963677ca : 2 : ittapi_config_apply_per_lib :  ITTAPI function not implemented: __itt_task_end_ex
3817053 : 0x40e34096368a90 : 2 : ittapi_config_apply_per_lib :  ITTAPI function instrumented: __itt_task_begin_overlapped
3817053 : 0x40e34096369d82 : 2 : ittapi_config_apply_per_lib :  ITTAPI function not implemented: __itt_task_begin_overlapped_ex
3817053 : 0x40e3409636b01f : 2 : ittapi_config_apply_per_lib :  ITTAPI function instrumented: __itt_task_end_overlapped
3817053 : 0x40e3409636c368 : 2 : ittapi_config_apply_per_lib :  ITTAPI function not implemented: __itt_task_end_overlapped_ex
3817053 : 0x40e3409636d6b1 : 2 : ittapi_config_apply_per_lib :  ITTAPI function not implemented: __itt_marker_ex
3817053 : 0x40e3409636ea9e : 2 : ittapi_config_apply_per_lib :  ITTAPI function not implemented: __itt_metadata_add_with_scope
3817053 : 0x40e3409636fec8 : 2 : ittapi_config_apply_per_lib :  ITTAPI function not implemented: __itt_metadata_str_add_with_scope
3817053 : 0x40e34096375a50 : 2 : ittapi_config_apply_per_lib :  ITTAPI function not implemented: __itt_relation_add_to_current_ex
3817053 : 0x40e34096376ec1 : 2 : ittapi_config_apply_per_lib :  ITTAPI function not implemented: __itt_relation_add_ex
3817053 : 0x40e340963780d9 : 2 : ittapi_config_apply_per_lib :  ITTAPI function not implemented: __itt_track_group_create
3817053 : 0x40e340963792f3 : 2 : ittapi_config_apply_per_lib :  ITTAPI function not implemented: __itt_track_create
3817053 : 0x40e3409637a5c4 : 2 : ittapi_config_apply_per_lib :  ITTAPI function not implemented: __itt_set_track
3817053 : 0x40e3409637b7a0 : 2 : ittapi_config_apply_per_lib :  ITTAPI function instrumented: __itt_api_version
3817053 : 0x40e3409637ca4f : 2 : ittapi_config_apply_per_lib :  ITTAPI function not implemented: __itt_av_save
3817053 : 0x40e3409637dbef : 2 : ittapi_config_apply_per_lib :  ITTAPI function instrumented: __itt_module_load
3817053 : 0x40e3409637eea7 : 2 : ittapi_config_apply_per_lib :  ITTAPI function not implemented: __itt_module_unload