
3817171 : 0x40e3434d8e5c13 : 1 : spill_jit_data :  Jit agent is not initialized
3817171 : 0x40e3434d8f6d67 : 2 : ittapi_config_mask_get :  --itt-config mask to be applied: 39
3817171 : 0x40e3434d8f844c : 2 : ittapi_config_apply_per_lib :  ITTAPI function instrumented: __itt_domain_create
3817171 : 0x40e3434d8f93f1 : 2 : ittapi_config_apply_per_lib :  ITTAPI function instrumented: __itt_module_load_with_sections
3817171 : 0x40e3434d8fa64d : 2 : ittapi_config_apply_per_lib :  ITTAPI function not implemented: __itt_module_unload_with_sections
3817171 : 0x40e3434d8fb6d9 : 2 : ittapi_config_apply_per_lib :  ITTAPI function instrumented: __itt_string_handle_create
3817171 : 0x40e3434d8fc0fe : 2 : ittapi_config_apply_per_lib :  ITTAPI function instrumented: __itt_counter_create
3817171 : 0x40e3434d8fca7c : 2 : ittapi_config_apply_per_lib :  ITTAPI function instrumented: __itt_counter_create_typed
3817171 : 0x40e3434d8fd527 : 2 : ittapi_config_apply_per_lib :  ITTAPI function instrumented: __itt_pause
3817171 : 0x40e3434d8fdf2c : 2 : ittapi_config_apply_per_lib :  ITTAPI function instrumented: __itt_resume
3817171 : 0x40e3434d90b230 : 2 : ittapi_config_apply_per_lib :  ITTAPI function instrumented: __itt_thread_set_name
3817171 : 0x40e3434d90c0b2 : 2 : ittapi_config_apply_per_lib :  ITTAPI function instrumented: __itt_thread_ignore
3817171 : 0x40e3434d90cb05 : 2 : ittapi_config_apply_per_lib :  ITTAPI function instrumented: __itt_thr_name_set
3817171 : 0x40e3434d90d57e : 2 : ittapi_config_apply_per_lib :  ITTAPI function instrumented: __itt_thr_ignore
3817171 : 0x40e3434d90e474 : 2 : ittapi_config_apply_per_lib :  ITTAPI function not implemented: __itt_enable_attach
3817171 : 0x40e3434d90ef83 : 2 : ittapi_config_apply_per_lib :  ITTAPI function instrumented: __itt_detach
3817171 : 0x40e3434d90f8de : 2 : ittapi_config_apply_per_lib :  ITTAPI function NOT instrumented (not matched by --itt-config option): __itt_sync_create

3817171 : 0x40e3434d910373 : 2 : ittapi_config_apply_per_lib :  ITTAPI function NOT instrumented (not matched by --itt-config option): __itt_sync_rename

3817171 : 0x40e3434d910ba6 : 2 : ittapi_config_apply_per_lib :  ITTAPI function NOT instrumented (not matched by --itt-config option): __itt_sync_destroy

3817171 : 0x40e3434d9114af : 2 : ittapi_config_apply_per_lib :  ITTAPI function NOT instrumented (not matched by --itt-config option): __itt_sync_prepare

3817171 : 0x40e3434d914c79 : 2 : ittapi_config_apply_per_lib :  ITTAPI function NOT instrumented (not matched by --itt-config option): __itt_sync_cancel

3817171 : 0x40e3434d91566e : 2 : ittapi_config_apply_per_lib :  ITTAPI function NOT instrumented (not matched by --itt-config option): __itt_sync_acquired

3817171 : 0x40e3434d915f03 : 2 : ittapi_config_apply_per_lib :  ITTAPI function NOT instrumented (not matched by --itt-config option): __itt_sync_releasing

3817171 : 0x40e3434d916bcf : 2 : ittapi_config_apply_per_lib :  ITTAPI function not implemented: __itt_suppress_push
3817171 : 0x40e3434d9179da : 2 : ittapi_config_apply_per_lib :  ITTAPI function not implemented: __itt_suppress_pop
3817171 : 0x40e3434d918660 : 2 : ittapi_config_apply_per_lib :  ITTAPI function not implemented: __itt_suppress_mark_range
3817171 : 0x40e3434d919275 : 2 : ittapi_config_apply_per_lib :  ITTAPI function not implemented: __itt_suppress_clear_range
3817171 : 0x40e3434d919b18 : 2 : ittapi_config_apply_per_lib :  ITTAPI function NOT instrumented (not matched by --itt-config option): __itt_sync_prepare

3817171 : 0x40e3434d91a3d4 : 2 : ittapi_config_apply_per_lib :  ITTAPI function NOT instrumented (not matched by --itt-config option): __itt_sync_cancel

3817171 : 0x40e3434d91ac30 : 2 : ittapi_config_apply_per_lib :  ITTAPI function NOT instrumented (not matched by --itt-config option): __itt_sync_acquired

3817171 : 0x40e3434d91ddba : 2 : ittapi_config_apply_per_lib :  ITTAPI function NOT instrumented (not matched by --itt-config option): __itt_sync_releasing

3817171 : 0x40e3434d91e7a9 : 2 : ittapi_config_apply_per_lib :  ITTAPI function NOT instrumented (not matched by --itt-config option): __itt_model_site_begin

3817171 : 0x40e3434d91f0dd : 2 : ittapi_config_apply_per_lib :  ITTAPI function NOT instrumented (not matched by --itt-config option): __itt_model_site_end

3817171 : 0x40e3434d91f9ac : 2 : ittapi_config_apply_per_lib :  ITTAPI function NOT instrumented (not matched by --itt-config option): __itt_model_task_begin

3817171 : 0x40e3434d92027d : 2 : ittapi_config_apply_per_lib :  ITTAPI function NOT instrumented (not matched by --itt-config option): __itt_model_task_end

3817171 : 0x40e3434d920ba7 : 2 : ittapi_config_apply_per_lib :  ITTAPI function NOT instrumented (not matched by --itt-config option): __itt_model_lock_acquire

3817171 : 0x40e3434d921454 : 2 : ittapi_config_apply_per_lib :  ITTAPI function NOT instrumented (not matched by --itt-config option): __itt_model_lock_release

3817171 : 0x40e3434d921d32 : 2 : ittapi_config_apply_per_lib :  ITTAPI function NOT instrumented (not matched by --itt-config option): __itt_model_record_allocation

3817171 : 0x40e3434d9225d2 : 2 : ittapi_config_apply_per_lib :  ITTAPI function NOT instrumented (not matched by --itt-config option): __itt_model_record_deallocation

3817171 : 0x40e3434d922e8f : 2 : ittapi_config_apply_per_lib :  ITTAPI function NOT instrumented (not matched by --itt-config option): __itt_model_induction_uses

3817171 : 0x40e3434d928d33 : 2 : ittapi_config_apply_per_lib :  ITTAPI function NOT instrumented (not matched by --itt-config option): __itt_model_reduction_uses

3817171 : 0x40e3434d9297c3 : 2 : ittapi_config_apply_per_lib :  ITTAPI function NOT instrumented (not matched by --itt-config option): __itt_model_observe_uses

3817171 : 0x40e3434d92a12d : 2 : ittapi_config_apply_per_lib :  ITTAPI function NOT instrumented (not matched by --itt-config option): __itt_model_clear_uses

3817171 : 0x40e3434d92aa19 : 2 : ittapi_config_apply_per_lib :  ITTAPI function NOT instrumented (not matched by --itt-config option): __itt_model_site_beginA

3817171 : 0x40e3434d92b2f0 : 2 : ittapi_config_apply_per_lib :  ITTAPI function NOT instrumented (not matched by --itt-config option): __itt_model_site_beginAL

3817171 : 0x40e3434d92bc18 : 2 : ittapi_config_apply_per_lib :  ITTAPI function NOT instrumented (not matched by --itt-config option): __itt_model_task_beginA

3817171 : 0x40e3434d92c4ab : 2 : ittapi_config_apply_per_lib :  ITTAPI function NOT instrumented (not matched by --itt-config option): __itt_model_task_beginAL

3817171 : 0x40e3434d92cd56 : 2 : ittapi_config_apply_per_lib :  ITTAPI function NOT instrumented (not matched by --itt-config option): __itt_model_iteration_taskA

3817171 : 0x40e3434d92d609 : 2 : ittapi_config_apply_per_lib :  ITTAPI function NOT instrumented (not matched by --itt-config option): __itt_model_iteration_taskAL

3817171 : 0x40e3434d92dedd : 2 : ittapi_config_apply_per_lib :  ITTAPI function NOT instrumented (not matched by --itt-config option): __itt_model_site_end_2

3817171 : 0x40e3434d9312f3 : 2 : ittapi_config_apply_per_lib :  ITTAPI function NOT instrumented (not matched by --itt-config option): __itt_model_task_end_2

3817171 : 0x40e3434d931c21 : 2 : ittapi_config_apply_per_lib :  ITTAPI function NOT instrumented (not matched by --itt-config option): __itt_model_lock_acquire_2

3817171 : 0x40e3434d9324e6 : 2 : ittapi_config_apply_per_lib :  ITTAPI function NOT instrumented (not matched by --itt-config option): __itt_model_lock_release_2

3817171 : 0x40e3434d932dc2 : 2 : ittapi_config_apply_per_lib :  ITTAPI function NOT instrumented (not matched by --itt-config option): __itt_model_aggregate_task

3817171 : 0x40e3434d9336c9 : 2 : ittapi_config_apply_per_lib :  ITTAPI function NOT instrumented (not matched by --itt-config option): __itt_model_disable_push

3817171 : 0x40e3434d933f95 : 2 : ittapi_config_apply_per_lib :  ITTAPI function NOT instrumented (not matched by --itt-config option): __itt_model_disable_pop

3817171 : 0x40e3434d934a49 : 2 : ittapi_config_apply_per_lib :  ITTAPI function instrumented: __itt_heap_function_create
3817171 : 0x40e3434d93544a : 2 : ittapi_config_apply_per_lib :  ITTAPI function instrumented: __itt_heap_allocate_begin
3817171 : 0x40e3434d935eab : 2 : ittapi_config_apply_per_lib :  ITTAPI function instrumented: __itt_heap_allocate_end
3817171 : 0x40e3434d936900 : 2 : ittapi_config_apply_per_lib :  ITTAPI function instrumented: __itt_heap_free_begin
3817171 : 0x40e3434d93b5a5 : 2 : ittapi_config_apply_per_lib :  ITTAPI function instrumented: __itt_heap_free_end
3817171 : 0x40e3434d93c0e0 : 2 : ittapi_config_apply_per_lib :  ITTAPI function instrumented: __itt_heap_reallocate_begin
3817171 : 0x40e3434d93ca61 : 2 : ittapi_config_apply_per_lib :  ITTAPI function instrumented: __itt_heap_reallocate_end
3817171 : 0x40e3434d93d6cf : 2 : ittapi_config_apply_per_lib :  ITTAPI function not implemented: __itt_heap_internal_access_begin
3817171 : 0x40e3434d93e1f0 : 2 : ittapi_config_apply_per_lib :  ITTAPI function not implemented: __itt_heap_internal_access_end
3817171 : 0x40e3434d93edad : 2 : ittapi_config_apply_per_lib :  ITTAPI function not implemented: __itt_heap_record_memory_growth_begin
3817171 : 0x40e3434d93f906 : 2 : ittapi_config_apply_per_lib :  ITTAPI function not implemented: __itt_heap_record_memory_growth_end
3817171 : 0x40e3434d94040f : 2 : ittapi_config_apply_per_lib :  ITTAPI function not implemented: __itt_heap_reset_detection
3817171 : 0x40e3434d941066 : 2 : ittapi_config_apply_per_lib :  ITTAPI function not implemented: __itt_heap_record
3817171 : 0x40e3434d941b1f : 2 : ittapi_config_apply_per_lib :  ITTAPI function not implemented: __itt_id_create
3817171 : 0x40e3434d944cec : 2 : ittapi_config_apply_per_lib :  ITTAPI function not implemented: __itt_id_destroy
3817171 : 0x40e3434d9458de : 2 : ittapi_config_apply_per_lib :  ITTAPI function instrumented: __itt_get_timestamp
3817171 : 0x40e3434d9463e4 : 2 : ittapi_config_apply_per_lib :  ITTAPI function not implemented: __itt_region_begin
3817171 : 0x40e3434d946ec5 : 2 : ittapi_config_apply_per_lib :  ITTAPI function not implemented: __itt_region_end
3817171 : 0x40e3434d9479c5 : 2 : ittapi_config_apply_per_lib :  ITTAPI function instrumented: __itt_frame_begin_v3
3817171 : 0x40e3434d94841b : 2 : ittapi_config_apply_per_lib :  ITTAPI function instrumented: __itt_frame_end_v3
3817171 : 0x40e3434d948e36 : 2 : ittapi_config_apply_per_lib :  ITTAPI function instrumented: __itt_frame_submit_v3
3817171 : 0x40e3434d949951 : 2 : ittapi_config_apply_per_lib :  ITTAPI function not implemented: __itt_task_group
3817171 : 0x40e3434d94a3fc : 2 : ittapi_config_apply_per_lib :  ITTAPI function instrumented: __itt_task_begin
3817171 : 0x40e3434d94adf4 : 2 : ittapi_config_apply_per_lib :  ITTAPI function instrumented: __itt_task_begin_fn
3817171 : 0x40e3434d94dc4c : 2 : ittapi_config_apply_per_lib :  ITTAPI function instrumented: __itt_task_end
3817171 : 0x40e3434d94e9ac : 2 : ittapi_config_apply_per_lib :  ITTAPI function not implemented: __itt_counter_inc_v3
3817171 : 0x40e3434d94f581 : 2 : ittapi_config_apply_per_lib :  ITTAPI function not implemented: __itt_counter_inc_delta_v3
3817171 : 0x40e3434d95004e : 2 : ittapi_config_apply_per_lib :  ITTAPI function not implemented: __itt_counter_dec_v3
3817171 : 0x40e3434d950aac : 2 : ittapi_config_apply_per_lib :  ITTAPI function not implemented: __itt_counter_dec_delta_v3
3817171 : 0x40e3434d951565 : 2 : ittapi_config_apply_per_lib :  ITTAPI function not implemented: __itt_marker
3817171 : 0x40e3434d951fd2 : 2 : ittapi_config_apply_per_lib :  ITTAPI function instrumented: __itt_metadata_add
3817171 : 0x40e3434d952abe : 2 : ittapi_config_apply_per_lib :  ITTAPI function not implemented: __itt_metadata_str_add
3817171 : 0x40e3434d953589 : 2 : ittapi_config_apply_per_lib :  ITTAPI function not implemented: __itt_relation_add_to_current
3817171 : 0x40e3434d954056 : 2 : ittapi_config_apply_per_lib :  ITTAPI function not implemented: __itt_relation_add
3817171 : 0x40e3434d956c9b : 2 : ittapi_config_apply_per_lib :  ITTAPI function instrumented: __itt_event_create
3817171 : 0x40e3434d9577dd : 2 : ittapi_config_apply_per_lib :  ITTAPI function instrumented: __itt_event_start
3817171 : 0x40e3434d9581ab : 2 : ittapi_config_apply_per_lib :  ITTAPI function instrumented: __itt_event_end
3817171 : 0x40e3434d958a2a : 2 : ittapi_config_apply_per_lib :  ITTAPI function NOT instrumented (not matched by --itt-config option): __itt_sync_set_name

3817171 : 0x40e3434d95934c : 2 : ittapi_config_apply_per_lib :  ITTAPI function NOT instrumented (not matched by --itt-config option): __itt_notify_sync_name

3817171 : 0x40e3434d959c4c : 2 : ittapi_config_apply_per_lib :  ITTAPI function NOT instrumented (not matched by --itt-config option): __itt_notify_sync_prepare

3817171 : 0x40e3434d95a524 : 2 : ittapi_config_apply_per_lib :  ITTAPI function NOT instrumented (not matched by --itt-config option): __itt_notify_sync_cancel

3817171 : 0x40e3434d95adca : 2 : ittapi_config_apply_per_lib :  ITTAPI function NOT instrumented (not matched by --itt-config option): __itt_notify_sync_acquired

3817171 : 0x40e3434d95b66a : 2 : ittapi_config_apply_per_lib :  ITTAPI function NOT instrumented (not matched by --itt-config option): __itt_notify_sync_releasing

3817171 : 0x40e3434d95c140 : 2 : ittapi_config_apply_per_lib :  ITTAPI function not implemented: __itt_memory_read
3817171 : 0x40e3434d960177 : 2 : ittapi_config_apply_per_lib :  ITTAPI function not implemented: __itt_memory_write
3817171 : 0x40e3434d960db6 : 2 : ittapi_config_apply_per_lib :  ITTAPI function not implemented: __itt_memory_update
3817171 : 0x40e3434d9618bf : 2 : ittapi_config_apply_per_lib :  ITTAPI function not implemented: __itt_state_get
3817171 : 0x40e3434d962316 : 2 : ittapi_config_apply_per_lib :  ITTAPI function not implemented: __itt_state_set
3817171 : 0x40e3434d962dc2 : 2 : ittapi_config_apply_per_lib :  ITTAPI function not implemented: __itt_obj_mode_set
3817171 : 0x40e3434d963858 : 2 : ittapi_config_apply_per_lib :  ITTAPI function not implemented: __itt_thr_mode_set
3817171 : 0x40e3434d96423a : 2 : ittapi_config_apply_per_lib :  ITTAPI function instrumented: __itt_frame_create
3817171 : 0x40e3434d964b9d : 2 : ittapi_config_apply_per_lib :  ITTAPI function instrumented: __itt_pt_region_create
3817171 : 0x40e3434d965632 : 2 : ittapi_config_apply_per_lib :  ITTAPI function instrumented: __itt_frame_begin
3817171 : 0x40e3434d96602a : 2 : ittapi_config_apply_per_lib :  ITTAPI function instrumented: __itt_frame_end
3817171 : 0x40e3434d96909d : 2 : ittapi_config_apply_per_lib :  ITTAPI function not implemented: __itt_counter_destroy
3817171 : 0x40e3434d969bdb : 2 : ittapi_config_apply_per_lib :  ITTAPI function instrumented: __itt_counter_inc
3817171 : 0x40e3434d96a5c3 : 2 : ittapi_config_apply_per_lib :  ITTAPI function instrumented: __itt_counter_inc_delta
3817171 : 0x40e3434d96af9c : 2 : ittapi_config_apply_per_lib :  ITTAPI function instrumented: __itt_counter_dec
3817171 : 0x40e3434d96ba5a : 2 : ittapi_config_apply_per_lib :  ITTAPI function instrumented: __itt_counter_dec_delta
3817171 : 0x40e3434d96c48f : 2 : ittapi_config_apply_per_lib :  ITTAPI function instrumented: __itt_counter_set_value
3817171 : 0x40e3434d96ceed : 2 : ittapi_config_apply_per_lib :  ITTAPI function not implemented: __itt_counter_set_value_ex
3817171 : 0x40e3434d96d93a : 2 : ittapi_config_apply_per_lib :  ITTAPI function not implemented: __itt_mark_create
3817171 : 0x40e3434d96e46f : 2 : ittapi_config_apply_per_lib :  ITTAPI function not implemented: __itt_mark
3817171 : 0x40e3434d96f0b5 : 2 : ittapi_config_apply_per_lib :  ITTAPI function not implemented: __itt_mark_off
3817171 : 0x40e3434d974bea : 2 : ittapi_config_apply_per_lib :  ITTAPI function not implemented: __itt_mark_global
3817171 : 0x40e3434d9758d9 : 2 : ittapi_config_apply_per_lib :  ITTAPI function not implemented: __itt_mark_global_off
3817171 : 0x40e3434d97626f : 2 : ittapi_config_apply_per_lib :  ITTAPI function NOT instrumented (not matched by --itt-config option): __itt_stack_caller_create

3817171 : 0x40e3434d976b92 : 2 : ittapi_config_apply_per_lib :  ITTAPI function NOT instrumented (not matched by --itt-config option): __itt_stack_caller_destroy

3817171 : 0x40e3434d97746e : 2 : ittapi_config_apply_per_lib :  ITTAPI function NOT instrumented (not matched by --itt-config option): __itt_stack_callee_enter

3817171 : 0x40e3434d977d6b : 2 : ittapi_config_apply_per_lib :  ITTAPI function NOT instrumented (not matched by --itt-config option): __itt_stack_callee_leave

3817171 : 0x40e3434d978822 : 2 : ittapi_config_apply_per_lib :  ITTAPI function not implemented: __itt_clock_domain_create
3817171 : 0x40e3434d97934c : 2 : ittapi_config_apply_per_lib :  ITTAPI function not implemented: __itt_clock_domain_reset
3817171 : 0x40e3434d979db8 : 2 : ittapi_config_apply_per_lib :  ITTAPI function not implemented: __itt_id_create_ex
3817171 : 0x40e3434d97a892 : 2 : ittapi_config_apply_per_lib :  ITTAPI function not implemented: __itt_id_destroy_ex
3817171 : 0x40e3434d97eade : 2 : ittapi_config_apply_per_lib :  ITTAPI function not implemented: __itt_task_begin_ex
3817171 : 0x40e3434d97f6fe : 2 : ittapi_config_apply_per_lib :  ITTAPI function not implemented: __itt_task_begin_fn_ex
3817171 : 0x40e3434d980216 : 2 : ittapi_config_apply_per_lib :  ITTAPI function not implemented: __itt_task_end_ex
3817171 : 0x40e3434d980c25 : 2 : ittapi_config_apply_per_lib :  ITTAPI function instrumented: __itt_task_begin_overlapped
3817171 : 0x40e3434d9816a2 : 2 : ittapi_config_apply_per_lib :  ITTAPI function not implemented: __itt_task_begin_overlapped_ex
3817171 : 0x40e3434d9821fd : 2 : ittapi_config_apply_per_lib :  ITTAPI function instrumented: __itt_task_end_overlapped
3817171 : 0x40e3434d982cd3 : 2 : ittapi_config_apply_per_lib :  ITTAPI function not implemented: __itt_task_end_overlapped_ex
3817171 : 0x40e3434d983731 : 2 : ittapi_config_apply_per_lib :  ITTAPI function not implemented: __itt_marker_ex
3817171 : 0x40e3434d984351 : 2 : ittapi_config_apply_per_lib :  ITTAPI function not implemented: __itt_metadata_add_with_scope
3817171 : 0x40e3434d984e8b : 2 : ittapi_config_apply_per_lib :  ITTAPI function not implemented: __itt_metadata_str_add_with_scope
3817171 : 0x40e3434d987dda : 2 : ittapi_config_apply_per_lib :  ITTAPI function not implemented: __itt_relation_add_to_current_ex
3817171 : 0x40e3434d988959 : 2 : ittapi_config_apply_per_lib :  ITTAPI function not implemented: __itt_relation_add_ex
3817171 : 0x40e3434d98947d : 2 : ittapi_config_apply_per_lib :  ITTAPI function not implemented: __itt_track_group_create
3817171 : 0x40e3434d989e53 : 2 : ittapi_config_apply_per_lib :  ITTAPI function not implemented: __itt_track_create
3817171 : 0x40e3434d98a8d7 : 2 : ittapi_config_apply_per_lib :  ITTAPI function not implemented: __itt_set_track
3817171 : 0x40e3434d98b328 : 2 : ittapi_config_apply_per_lib :  ITTAPI function instrumented: __itt_api_version
3817171 : 0x40e3434d98bd8a : 2 : ittapi_config_apply_per_lib :  ITTAPI function not implemented: __itt_av_save
3817171 : 0x40e3434d98c7e1 : 2 : ittapi_config_apply_per_lib :  ITTAPI function instrumented: __itt_module_load
3817171 : 0x40e3434d98d26e : 2 : ittapi_config_apply_per_lib :  ITTAPI function not implemented: __itt_module_unload