
3817899 : 0x40e350c5c26c39 : 1 : spill_jit_data :  Jit agent is not initialized
3817899 : 0x40e350c5c3bef3 : 2 : ittapi_config_mask_get :  --itt-config mask to be applied: 39
3817899 : 0x40e350c5c3dc9f : 2 : ittapi_config_apply_per_lib :  ITTAPI function instrumented: __itt_domain_create
3817899 : 0x40e350c5c3efb2 : 2 : ittapi_config_apply_per_lib :  ITTAPI function instrumented: __itt_module_load_with_sections
3817899 : 0x40e350c5c40743 : 2 : ittapi_config_apply_per_lib :  ITTAPI function not implemented: __itt_module_unload_with_sections
3817899 : 0x40e350c5c41d5b : 2 : ittapi_config_apply_per_lib :  ITTAPI function instrumented: __itt_string_handle_create
3817899 : 0x40e350c5c42a7a : 2 : ittapi_config_apply_per_lib :  ITTAPI function instrumented: __itt_counter_create
3817899 : 0x40e350c5c436d8 : 2 : ittapi_config_apply_per_lib :  ITTAPI function instrumented: __itt_counter_create_typed
3817899 : 0x40e350c5c4448b : 2 : ittapi_config_apply_per_lib :  ITTAPI function instrumented: __itt_pause
3817899 : 0x40e350c5c45215 : 2 : ittapi_config_apply_per_lib :  ITTAPI function instrumented: __itt_resume
3817899 : 0x40e350c5c58a10 : 2 : ittapi_config_apply_per_lib :  ITTAPI function instrumented: __itt_thread_set_name
3817899 : 0x40e350c5c5a3f0 : 2 : ittapi_config_apply_per_lib :  ITTAPI function instrumented: __itt_thread_ignore
3817899 : 0x40e350c5c5b72b : 2 : ittapi_config_apply_per_lib :  ITTAPI function instrumented: __itt_thr_name_set
3817899 : 0x40e350c5c5cd0c : 2 : ittapi_config_apply_per_lib :  ITTAPI function instrumented: __itt_thr_ignore
3817899 : 0x40e350c5c5e860 : 2 : ittapi_config_apply_per_lib :  ITTAPI function not implemented: __itt_enable_attach
3817899 : 0x40e350c5c5fc8e : 2 : ittapi_config_apply_per_lib :  ITTAPI function instrumented: __itt_detach
3817899 : 0x40e350c5c60eca : 2 : ittapi_config_apply_per_lib :  ITTAPI function NOT instrumented (not matched by --itt-config option): __itt_sync_create

3817899 : 0x40e350c5c62159 : 2 : ittapi_config_apply_per_lib :  ITTAPI function NOT instrumented (not matched by --itt-config option): __itt_sync_rename

3817899 : 0x40e350c5c6324e : 2 : ittapi_config_apply_per_lib :  ITTAPI function NOT instrumented (not matched by --itt-config option): __itt_sync_destroy

3817899 : 0x40e350c5c64370 : 2 : ittapi_config_apply_per_lib :  ITTAPI function NOT instrumented (not matched by --itt-config option): __itt_sync_prepare

3817899 : 0x40e350c5c6ae6b : 2 : ittapi_config_apply_per_lib :  ITTAPI function NOT instrumented (not matched by --itt-config option): __itt_sync_cancel

3817899 : 0x40e350c5c6c257 : 2 : ittapi_config_apply_per_lib :  ITTAPI function NOT instrumented (not matched by --itt-config option): __itt_sync_acquired

3817899 : 0x40e350c5c6d290 : 2 : ittapi_config_apply_per_lib :  ITTAPI function NOT instrumented (not matched by --itt-config option): __itt_sync_releasing

3817899 : 0x40e350c5c6eadb : 2 : ittapi_config_apply_per_lib :  ITTAPI function not implemented: __itt_suppress_push
3817899 : 0x40e350c5c70587 : 2 : ittapi_config_apply_per_lib :  ITTAPI function not implemented: __itt_suppress_pop
3817899 : 0x40e350c5c71b71 : 2 : ittapi_config_apply_per_lib :  ITTAPI function not implemented: __itt_suppress_mark_range
3817899 : 0x40e350c5c73122 : 2 : ittapi_config_apply_per_lib :  ITTAPI function not implemented: __itt_suppress_clear_range
3817899 : 0x40e350c5c7402c : 2 : ittapi_config_apply_per_lib :  ITTAPI function NOT instrumented (not matched by --itt-config option): __itt_sync_prepare

3817899 : 0x40e350c5c74f65 : 2 : ittapi_config_apply_per_lib :  ITTAPI function NOT instrumented (not matched by --itt-config option): __itt_sync_cancel

3817899 : 0x40e350c5c75d93 : 2 : ittapi_config_apply_per_lib :  ITTAPI function NOT instrumented (not matched by --itt-config option): __itt_sync_acquired

3817899 : 0x40e350c5c7aba6 : 2 : ittapi_config_apply_per_lib :  ITTAPI function NOT instrumented (not matched by --itt-config option): __itt_sync_releasing

3817899 : 0x40e350c5c7ba17 : 2 : ittapi_config_apply_per_lib :  ITTAPI function NOT instrumented (not matched by --itt-config option): __itt_model_site_begin

3817899 : 0x40e350c5c7c650 : 2 : ittapi_config_apply_per_lib :  ITTAPI function NOT instrumented (not matched by --itt-config option): __itt_model_site_end

3817899 : 0x40e350c5c7d204 : 2 : ittapi_config_apply_per_lib :  ITTAPI function NOT instrumented (not matched by --itt-config option): __itt_model_task_begin

3817899 : 0x40e350c5c7dd63 : 2 : ittapi_config_apply_per_lib :  ITTAPI function NOT instrumented (not matched by --itt-config option): __itt_model_task_end

3817899 : 0x40e350c5c7e962 : 2 : ittapi_config_apply_per_lib :  ITTAPI function NOT instrumented (not matched by --itt-config option): __itt_model_lock_acquire

3817899 : 0x40e350c5c7f4dc : 2 : ittapi_config_apply_per_lib :  ITTAPI function NOT instrumented (not matched by --itt-config option): __itt_model_lock_release

3817899 : 0x40e350c5c8005b : 2 : ittapi_config_apply_per_lib :  ITTAPI function NOT instrumented (not matched by --itt-config option): __itt_model_record_allocation

3817899 : 0x40e350c5c80bb8 : 2 : ittapi_config_apply_per_lib :  ITTAPI function NOT instrumented (not matched by --itt-config option): __itt_model_record_deallocation

3817899 : 0x40e350c5c816f6 : 2 : ittapi_config_apply_per_lib :  ITTAPI function NOT instrumented (not matched by --itt-config option): __itt_model_induction_uses

3817899 : 0x40e350c5c88f3d : 2 : ittapi_config_apply_per_lib :  ITTAPI function NOT instrumented (not matched by --itt-config option): __itt_model_reduction_uses

3817899 : 0x40e350c5c89d1c : 2 : ittapi_config_apply_per_lib :  ITTAPI function NOT instrumented (not matched by --itt-config option): __itt_model_observe_uses

3817899 : 0x40e350c5c8ac33 : 2 : ittapi_config_apply_per_lib :  ITTAPI function NOT instrumented (not matched by --itt-config option): __itt_model_clear_uses

3817899 : 0x40e350c5c8b79c : 2 : ittapi_config_apply_per_lib :  ITTAPI function NOT instrumented (not matched by --itt-config option): __itt_model_site_beginA

3817899 : 0x40e350c5c8c327 : 2 : ittapi_config_apply_per_lib :  ITTAPI function NOT instrumented (not matched by --itt-config option): __itt_model_site_beginAL

3817899 : 0x40e350c5c8cee5 : 2 : ittapi_config_apply_per_lib :  ITTAPI function NOT instrumented (not matched by --itt-config option): __itt_model_task_beginA

3817899 : 0x40e350c5c8da1e : 2 : ittapi_config_apply_per_lib :  ITTAPI function NOT instrumented (not matched by --itt-config option): __itt_model_task_beginAL

3817899 : 0x40e350c5c8e59c : 2 : ittapi_config_apply_per_lib :  ITTAPI function NOT instrumented (not matched by --itt-config option): __itt_model_iteration_taskA

3817899 : 0x40e350c5c8f0cd : 2 : ittapi_config_apply_per_lib :  ITTAPI function NOT instrumented (not matched by --itt-config option): __itt_model_iteration_taskAL

3817899 : 0x40e350c5c8fd5b : 2 : ittapi_config_apply_per_lib :  ITTAPI function NOT instrumented (not matched by --itt-config option): __itt_model_site_end_2

3817899 : 0x40e350c5c94117 : 2 : ittapi_config_apply_per_lib :  ITTAPI function NOT instrumented (not matched by --itt-config option): __itt_model_task_end_2

3817899 : 0x40e350c5c94d34 : 2 : ittapi_config_apply_per_lib :  ITTAPI function NOT instrumented (not matched by --itt-config option): __itt_model_lock_acquire_2

3817899 : 0x40e350c5c9587d : 2 : ittapi_config_apply_per_lib :  ITTAPI function NOT instrumented (not matched by --itt-config option): __itt_model_lock_release_2

3817899 : 0x40e350c5c964b8 : 2 : ittapi_config_apply_per_lib :  ITTAPI function NOT instrumented (not matched by --itt-config option): __itt_model_aggregate_task

3817899 : 0x40e350c5c9703a : 2 : ittapi_config_apply_per_lib :  ITTAPI function NOT instrumented (not matched by --itt-config option): __itt_model_disable_push

3817899 : 0x40e350c5c97bba : 2 : ittapi_config_apply_per_lib :  ITTAPI function NOT instrumented (not matched by --itt-config option): __itt_model_disable_pop

3817899 : 0x40e350c5c98a5a : 2 : ittapi_config_apply_per_lib :  ITTAPI function instrumented: __itt_heap_function_create
3817899 : 0x40e350c5c997f8 : 2 : ittapi_config_apply_per_lib :  ITTAPI function instrumented: __itt_heap_allocate_begin
3817899 : 0x40e350c5c9a4ea : 2 : ittapi_config_apply_per_lib :  ITTAPI function instrumented: __itt_heap_allocate_end
3817899 : 0x40e350c5c9b268 : 2 : ittapi_config_apply_per_lib :  ITTAPI function instrumented: __itt_heap_free_begin
3817899 : 0x40e350c5ca0b86 : 2 : ittapi_config_apply_per_lib :  ITTAPI function instrumented: __itt_heap_free_end
3817899 : 0x40e350c5ca1a01 : 2 : ittapi_config_apply_per_lib :  ITTAPI function instrumented: __itt_heap_reallocate_begin
3817899 : 0x40e350c5ca26bb : 2 : ittapi_config_apply_per_lib :  ITTAPI function instrumented: __itt_heap_reallocate_end
3817899 : 0x40e350c5ca36a6 : 2 : ittapi_config_apply_per_lib :  ITTAPI function not implemented: __itt_heap_internal_access_begin
3817899 : 0x40e350c5ca4514 : 2 : ittapi_config_apply_per_lib :  ITTAPI function not implemented: __itt_heap_internal_access_end
3817899 : 0x40e350c5ca56e0 : 2 : ittapi_config_apply_per_lib :  ITTAPI function not implemented: __itt_heap_record_memory_growth_begin
3817899 : 0x40e350c5ca650f : 2 : ittapi_config_apply_per_lib :  ITTAPI function not implemented: __itt_heap_record_memory_growth_end
3817899 : 0x40e350c5ca741c : 2 : ittapi_config_apply_per_lib :  ITTAPI function not implemented: __itt_heap_reset_detection
3817899 : 0x40e350c5ca83be : 2 : ittapi_config_apply_per_lib :  ITTAPI function not implemented: __itt_heap_record
3817899 : 0x40e350c5ca91cf : 2 : ittapi_config_apply_per_lib :  ITTAPI function not implemented: __itt_id_create
3817899 : 0x40e350c5cacf3b : 2 : ittapi_config_apply_per_lib :  ITTAPI function not implemented: __itt_id_destroy
3817899 : 0x40e350c5cadde7 : 2 : ittapi_config_apply_per_lib :  ITTAPI function instrumented: __itt_get_timestamp
3817899 : 0x40e350c5caec24 : 2 : ittapi_config_apply_per_lib :  ITTAPI function not implemented: __itt_region_begin
3817899 : 0x40e350c5cafc5e : 2 : ittapi_config_apply_per_lib :  ITTAPI function not implemented: __itt_region_end
3817899 : 0x40e350c5cb09cb : 2 : ittapi_config_apply_per_lib :  ITTAPI function instrumented: __itt_frame_begin_v3
3817899 : 0x40e350c5cb1703 : 2 : ittapi_config_apply_per_lib :  ITTAPI function instrumented: __itt_frame_end_v3
3817899 : 0x40e350c5cb246a : 2 : ittapi_config_apply_per_lib :  ITTAPI function instrumented: __itt_frame_submit_v3
3817899 : 0x40e350c5cb32e3 : 2 : ittapi_config_apply_per_lib :  ITTAPI function not implemented: __itt_task_group
3817899 : 0x40e350c5cb40f9 : 2 : ittapi_config_apply_per_lib :  ITTAPI function instrumented: __itt_task_begin
3817899 : 0x40e350c5cb4e1d : 2 : ittapi_config_apply_per_lib :  ITTAPI function instrumented: __itt_task_begin_fn
3817899 : 0x40e350c5cb88d8 : 2 : ittapi_config_apply_per_lib :  ITTAPI function instrumented: __itt_task_end
3817899 : 0x40e350c5cb9816 : 2 : ittapi_config_apply_per_lib :  ITTAPI function not implemented: __itt_counter_inc_v3
3817899 : 0x40e350c5cba6dd : 2 : ittapi_config_apply_per_lib :  ITTAPI function not implemented: __itt_counter_inc_delta_v3
3817899 : 0x40e350c5cbb4fb : 2 : ittapi_config_apply_per_lib :  ITTAPI function not implemented: __itt_counter_dec_v3
3817899 : 0x40e350c5cbc28a : 2 : ittapi_config_apply_per_lib :  ITTAPI function not implemented: __itt_counter_dec_delta_v3
3817899 : 0x40e350c5cbd051 : 2 : ittapi_config_apply_per_lib :  ITTAPI function not implemented: __itt_marker
3817899 : 0x40e350c5cbddbb : 2 : ittapi_config_apply_per_lib :  ITTAPI function instrumented: __itt_metadata_add
3817899 : 0x40e350c5cbebae : 2 : ittapi_config_apply_per_lib :  ITTAPI function not implemented: __itt_metadata_str_add
3817899 : 0x40e350c5cbfb78 : 2 : ittapi_config_apply_per_lib :  ITTAPI function not implemented: __itt_relation_add_to_current
3817899 : 0x40e350c5cc0960 : 2 : ittapi_config_apply_per_lib :  ITTAPI function not implemented: __itt_relation_add
3817899 : 0x40e350c5cc436e : 2 : ittapi_config_apply_per_lib :  ITTAPI function instrumented: __itt_event_create
3817899 : 0x40e350c5cc5139 : 2 : ittapi_config_apply_per_lib :  ITTAPI function instrumented: __itt_event_start
3817899 : 0x40e350c5cc5da7 : 2 : ittapi_config_apply_per_lib :  ITTAPI function instrumented: __itt_event_end
3817899 : 0x40e350c5cc68ef : 2 : ittapi_config_apply_per_lib :  ITTAPI function NOT instrumented (not matched by --itt-config option): __itt_sync_set_name

3817899 : 0x40e350c5cc74f0 : 2 : ittapi_config_apply_per_lib :  ITTAPI function NOT instrumented (not matched by --itt-config option): __itt_notify_sync_name

3817899 : 0x40e350c5cc808b : 2 : ittapi_config_apply_per_lib :  ITTAPI function NOT instrumented (not matched by --itt-config option): __itt_notify_sync_prepare

3817899 : 0x40e350c5cc8bdb : 2 : ittapi_config_apply_per_lib :  ITTAPI function NOT instrumented (not matched by --itt-config option): __itt_notify_sync_cancel

3817899 : 0x40e350c5cc9721 : 2 : ittapi_config_apply_per_lib :  ITTAPI function NOT instrumented (not matched by --itt-config option): __itt_notify_sync_acquired

3817899 : 0x40e350c5cca33c : 2 : ittapi_config_apply_per_lib :  ITTAPI function NOT instrumented (not matched by --itt-config option): __itt_notify_sync_releasing

3817899 : 0x40e350c5ccb0f6 : 2 : ittapi_config_apply_per_lib :  ITTAPI function not implemented: __itt_memory_read
3817899 : 0x40e350c5cd0154 : 2 : ittapi_config_apply_per_lib :  ITTAPI function not implemented: __itt_memory_write
3817899 : 0x40e350c5cd10cb : 2 : ittapi_config_apply_per_lib :  ITTAPI function not implemented: __itt_memory_update
3817899 : 0x40e350c5cd1f03 : 2 : ittapi_config_apply_per_lib :  ITTAPI function not implemented: __itt_state_get
3817899 : 0x40e350c5cd2c2e : 2 : ittapi_config_apply_per_lib :  ITTAPI function not implemented: __itt_state_set
3817899 : 0x40e350c5cd39ff : 2 : ittapi_config_apply_per_lib :  ITTAPI function not implemented: __itt_obj_mode_set
3817899 : 0x40e350c5cd4849 : 2 : ittapi_config_apply_per_lib :  ITTAPI function not implemented: __itt_thr_mode_set
3817899 : 0x40e350c5cd5513 : 2 : ittapi_config_apply_per_lib :  ITTAPI function instrumented: __itt_frame_create
3817899 : 0x40e350c5cd6168 : 2 : ittapi_config_apply_per_lib :  ITTAPI function instrumented: __itt_pt_region_create
3817899 : 0x40e350c5cd6e84 : 2 : ittapi_config_apply_per_lib :  ITTAPI function instrumented: __itt_frame_begin
3817899 : 0x40e350c5cd7cb4 : 2 : ittapi_config_apply_per_lib :  ITTAPI function instrumented: __itt_frame_end
3817899 : 0x40e350c5cdb8e1 : 2 : ittapi_config_apply_per_lib :  ITTAPI function not implemented: __itt_counter_destroy
3817899 : 0x40e350c5cdc69e : 2 : ittapi_config_apply_per_lib :  ITTAPI function instrumented: __itt_counter_inc
3817899 : 0x40e350c5cdd388 : 2 : ittapi_config_apply_per_lib :  ITTAPI function instrumented: __itt_counter_inc_delta
3817899 : 0x40e350c5cde05a : 2 : ittapi_config_apply_per_lib :  ITTAPI function instrumented: __itt_counter_dec
3817899 : 0x40e350c5cdee96 : 2 : ittapi_config_apply_per_lib :  ITTAPI function instrumented: __itt_counter_dec_delta
3817899 : 0x40e350c5cdfb8a : 2 : ittapi_config_apply_per_lib :  ITTAPI function instrumented: __itt_counter_set_value
3817899 : 0x40e350c5ce08f9 : 2 : ittapi_config_apply_per_lib :  ITTAPI function not implemented: __itt_counter_set_value_ex
3817899 : 0x40e350c5ce1700 : 2 : ittapi_config_apply_per_lib :  ITTAPI function not implemented: __itt_mark_create
3817899 : 0x40e350c5ce266b : 2 : ittapi_config_apply_per_lib :  ITTAPI function not implemented: __itt_mark
3817899 : 0x40e350c5ce35a2 : 2 : ittapi_config_apply_per_lib :  ITTAPI function not implemented: __itt_mark_off
3817899 : 0x40e350c5ce7347 : 2 : ittapi_config_apply_per_lib :  ITTAPI function not implemented: __itt_mark_global
3817899 : 0x40e350c5ce8334 : 2 : ittapi_config_apply_per_lib :  ITTAPI function not implemented: __itt_mark_global_off
3817899 : 0x40e350c5ce8f92 : 2 : ittapi_config_apply_per_lib :  ITTAPI function NOT instrumented (not matched by --itt-config option): __itt_stack_caller_create

3817899 : 0x40e350c5ce9dca : 2 : ittapi_config_apply_per_lib :  ITTAPI function NOT instrumented (not matched by --itt-config option): __itt_stack_caller_destroy

3817899 : 0x40e350c5cea96a : 2 : ittapi_config_apply_per_lib :  ITTAPI function NOT instrumented (not matched by --itt-config option): __itt_stack_callee_enter

3817899 : 0x40e350c5ceb519 : 2 : ittapi_config_apply_per_lib :  ITTAPI function NOT instrumented (not matched by --itt-config option): __itt_stack_callee_leave

3817899 : 0x40e350c5cec32a : 2 : ittapi_config_apply_per_lib :  ITTAPI function not implemented: __itt_clock_domain_create
3817899 : 0x40e350c5ced21e : 2 : ittapi_config_apply_per_lib :  ITTAPI function not implemented: __itt_clock_domain_reset
3817899 : 0x40e350c5cedf98 : 2 : ittapi_config_apply_per_lib :  ITTAPI function not implemented: __itt_id_create_ex
3817899 : 0x40e350c5ceef90 : 2 : ittapi_config_apply_per_lib :  ITTAPI function not implemented: __itt_id_destroy_ex
3817899 : 0x40e350c5cf3f0c : 2 : ittapi_config_apply_per_lib :  ITTAPI function not implemented: __itt_task_begin_ex
3817899 : 0x40e350c5cf4db9 : 2 : ittapi_config_apply_per_lib :  ITTAPI function not implemented: __itt_task_begin_fn_ex
3817899 : 0x40e350c5cf5beb : 2 : ittapi_config_apply_per_lib :  ITTAPI function not implemented: __itt_task_end_ex
3817899 : 0x40e350c5cf6969 : 2 : ittapi_config_apply_per_lib :  ITTAPI function instrumented: __itt_task_begin_overlapped
3817899 : 0x40e350c5cf7799 : 2 : ittapi_config_apply_per_lib :  ITTAPI function not implemented: __itt_task_begin_overlapped_ex
3817899 : 0x40e350c5cf8556 : 2 : ittapi_config_apply_per_lib :  ITTAPI function instrumented: __itt_task_end_overlapped
3817899 : 0x40e350c5cf9372 : 2 : ittapi_config_apply_per_lib :  ITTAPI function not implemented: __itt_task_end_overlapped_ex
3817899 : 0x40e350c5cfa115 : 2 : ittapi_config_apply_per_lib :  ITTAPI function not implemented: __itt_marker_ex
3817899 : 0x40e350c5cfafef : 2 : ittapi_config_apply_per_lib :  ITTAPI function not implemented: __itt_metadata_add_with_scope
3817899 : 0x40e350c5cfbeb8 : 2 : ittapi_config_apply_per_lib :  ITTAPI function not implemented: __itt_metadata_str_add_with_scope
3817899 : 0x40e350c5cffc82 : 2 : ittapi_config_apply_per_lib :  ITTAPI function not implemented: __itt_relation_add_to_current_ex
3817899 : 0x40e350c5d042f6 : 2 : ittapi_config_apply_per_lib :  ITTAPI function not implemented: __itt_relation_add_ex
3817899 : 0x40e350c5d05ac4 : 2 : ittapi_config_apply_per_lib :  ITTAPI function not implemented: __itt_track_group_create
3817899 : 0x40e350c5d067bb : 2 : ittapi_config_apply_per_lib :  ITTAPI function not implemented: __itt_track_create
3817899 : 0x40e350c5d075df : 2 : ittapi_config_apply_per_lib :  ITTAPI function not implemented: __itt_set_track
3817899 : 0x40e350c5d0840b : 2 : ittapi_config_apply_per_lib :  ITTAPI function instrumented: __itt_api_version
3817899 : 0x40e350c5d0917b : 2 : ittapi_config_apply_per_lib :  ITTAPI function not implemented: __itt_av_save
3817899 : 0x40e350c5d09efb : 2 : ittapi_config_apply_per_lib :  ITTAPI function instrumented: __itt_module_load
3817899 : 0x40e350c5d0ad2b : 2 : ittapi_config_apply_per_lib :  ITTAPI function not implemented: __itt_module_unload