
3820850 : 0x40e37a215ce986 : 1 : spill_jit_data :  Jit agent is not initialized
3820850 : 0x40e37a215e5b24 : 2 : ittapi_config_mask_get :  --itt-config mask to be applied: 39
3820850 : 0x40e37a215e78f2 : 2 : ittapi_config_apply_per_lib :  ITTAPI function instrumented: __itt_domain_create
3820850 : 0x40e37a215e894f : 2 : ittapi_config_apply_per_lib :  ITTAPI function instrumented: __itt_module_load_with_sections
3820850 : 0x40e37a215ea3b2 : 2 : ittapi_config_apply_per_lib :  ITTAPI function not implemented: __itt_module_unload_with_sections
3820850 : 0x40e37a215eb5f5 : 2 : ittapi_config_apply_per_lib :  ITTAPI function instrumented: __itt_string_handle_create
3820850 : 0x40e37a215ec1d6 : 2 : ittapi_config_apply_per_lib :  ITTAPI function instrumented: __itt_counter_create
3820850 : 0x40e37a215ecde7 : 2 : ittapi_config_apply_per_lib :  ITTAPI function instrumented: __itt_counter_create_typed
3820850 : 0x40e37a215edda7 : 2 : ittapi_config_apply_per_lib :  ITTAPI function instrumented: __itt_pause
3820850 : 0x40e37a215ee8ba : 2 : ittapi_config_apply_per_lib :  ITTAPI function instrumented: __itt_resume
3820850 : 0x40e37a21601473 : 2 : ittapi_config_apply_per_lib :  ITTAPI function instrumented: __itt_thread_set_name
3820850 : 0x40e37a21602a42 : 2 : ittapi_config_apply_per_lib :  ITTAPI function instrumented: __itt_thread_ignore
3820850 : 0x40e37a21603ab2 : 2 : ittapi_config_apply_per_lib :  ITTAPI function instrumented: __itt_thr_name_set
3820850 : 0x40e37a2160476c : 2 : ittapi_config_apply_per_lib :  ITTAPI function instrumented: __itt_thr_ignore
3820850 : 0x40e37a2160598c : 2 : ittapi_config_apply_per_lib :  ITTAPI function not implemented: __itt_enable_attach
3820850 : 0x40e37a2160674c : 2 : ittapi_config_apply_per_lib :  ITTAPI function instrumented: __itt_detach
3820850 : 0x40e37a21607214 : 2 : ittapi_config_apply_per_lib :  ITTAPI function NOT instrumented (not matched by --itt-config option): __itt_sync_create

3820850 : 0x40e37a21607dde : 2 : ittapi_config_apply_per_lib :  ITTAPI function NOT instrumented (not matched by --itt-config option): __itt_sync_rename

3820850 : 0x40e37a2160880e : 2 : ittapi_config_apply_per_lib :  ITTAPI function NOT instrumented (not matched by --itt-config option): __itt_sync_destroy

3820850 : 0x40e37a21609410 : 2 : ittapi_config_apply_per_lib :  ITTAPI function NOT instrumented (not matched by --itt-config option): __itt_sync_prepare

3820850 : 0x40e37a2160e3fe : 2 : ittapi_config_apply_per_lib :  ITTAPI function NOT instrumented (not matched by --itt-config option): __itt_sync_cancel

3820850 : 0x40e37a2160f037 : 2 : ittapi_config_apply_per_lib :  ITTAPI function NOT instrumented (not matched by --itt-config option): __itt_sync_acquired

3820850 : 0x40e37a2160fa62 : 2 : ittapi_config_apply_per_lib :  ITTAPI function NOT instrumented (not matched by --itt-config option): __itt_sync_releasing

3820850 : 0x40e37a21610ae9 : 2 : ittapi_config_apply_per_lib :  ITTAPI function not implemented: __itt_suppress_push
3820850 : 0x40e37a21611c56 : 2 : ittapi_config_apply_per_lib :  ITTAPI function not implemented: __itt_suppress_pop
3820850 : 0x40e37a21616038 : 2 : ittapi_config_apply_per_lib :  ITTAPI function not implemented: __itt_suppress_mark_range
3820850 : 0x40e37a21617498 : 2 : ittapi_config_apply_per_lib :  ITTAPI function not implemented: __itt_suppress_clear_range
3820850 : 0x40e37a21617fc0 : 2 : ittapi_config_apply_per_lib :  ITTAPI function NOT instrumented (not matched by --itt-config option): __itt_sync_prepare

3820850 : 0x40e37a21618a26 : 2 : ittapi_config_apply_per_lib :  ITTAPI function NOT instrumented (not matched by --itt-config option): __itt_sync_cancel

3820850 : 0x40e37a216193d1 : 2 : ittapi_config_apply_per_lib :  ITTAPI function NOT instrumented (not matched by --itt-config option): __itt_sync_acquired

3820850 : 0x40e37a2161eb32 : 2 : ittapi_config_apply_per_lib :  ITTAPI function NOT instrumented (not matched by --itt-config option): __itt_sync_releasing

3820850 : 0x40e37a2161f72f : 2 : ittapi_config_apply_per_lib :  ITTAPI function NOT instrumented (not matched by --itt-config option): __itt_model_site_begin

3820850 : 0x40e37a21620321 : 2 : ittapi_config_apply_per_lib :  ITTAPI function NOT instrumented (not matched by --itt-config option): __itt_model_site_end

3820850 : 0x40e37a21620cf6 : 2 : ittapi_config_apply_per_lib :  ITTAPI function NOT instrumented (not matched by --itt-config option): __itt_model_task_begin

3820850 : 0x40e37a2162180d : 2 : ittapi_config_apply_per_lib :  ITTAPI function NOT instrumented (not matched by --itt-config option): __itt_model_task_end

3820850 : 0x40e37a2162230b : 2 : ittapi_config_apply_per_lib :  ITTAPI function NOT instrumented (not matched by --itt-config option): __itt_model_lock_acquire

3820850 : 0x40e37a21622f8a : 2 : ittapi_config_apply_per_lib :  ITTAPI function NOT instrumented (not matched by --itt-config option): __itt_model_lock_release

3820850 : 0x40e37a21623be4 : 2 : ittapi_config_apply_per_lib :  ITTAPI function NOT instrumented (not matched by --itt-config option): __itt_model_record_allocation

3820850 : 0x40e37a2162498a : 2 : ittapi_config_apply_per_lib :  ITTAPI function NOT instrumented (not matched by --itt-config option): __itt_model_record_deallocation

3820850 : 0x40e37a21625478 : 2 : ittapi_config_apply_per_lib :  ITTAPI function NOT instrumented (not matched by --itt-config option): __itt_model_induction_uses

3820850 : 0x40e37a2162c0b5 : 2 : ittapi_config_apply_per_lib :  ITTAPI function NOT instrumented (not matched by --itt-config option): __itt_model_reduction_uses

3820850 : 0x40e37a2162cd51 : 2 : ittapi_config_apply_per_lib :  ITTAPI function NOT instrumented (not matched by --itt-config option): __itt_model_observe_uses

3820850 : 0x40e37a2162d79a : 2 : ittapi_config_apply_per_lib :  ITTAPI function NOT instrumented (not matched by --itt-config option): __itt_model_clear_uses

3820850 : 0x40e37a2162f79e : 2 : ittapi_config_apply_per_lib :  ITTAPI function NOT instrumented (not matched by --itt-config option): __itt_model_site_beginA

3820850 : 0x40e37a21630292 : 2 : ittapi_config_apply_per_lib :  ITTAPI function NOT instrumented (not matched by --itt-config option): __itt_model_site_beginAL

3820850 : 0x40e37a21630dbf : 2 : ittapi_config_apply_per_lib :  ITTAPI function NOT instrumented (not matched by --itt-config option): __itt_model_task_beginA

3820850 : 0x40e37a21631902 : 2 : ittapi_config_apply_per_lib :  ITTAPI function NOT instrumented (not matched by --itt-config option): __itt_model_task_beginAL

3820850 : 0x40e37a216323db : 2 : ittapi_config_apply_per_lib :  ITTAPI function NOT instrumented (not matched by --itt-config option): __itt_model_iteration_taskA

3820850 : 0x40e37a2163300c : 2 : ittapi_config_apply_per_lib :  ITTAPI function NOT instrumented (not matched by --itt-config option): __itt_model_iteration_taskAL

3820850 : 0x40e37a21633b2f : 2 : ittapi_config_apply_per_lib :  ITTAPI function NOT instrumented (not matched by --itt-config option): __itt_model_site_end_2

3820850 : 0x40e37a21637a2c : 2 : ittapi_config_apply_per_lib :  ITTAPI function NOT instrumented (not matched by --itt-config option): __itt_model_task_end_2

3820850 : 0x40e37a216386c3 : 2 : ittapi_config_apply_per_lib :  ITTAPI function NOT instrumented (not matched by --itt-config option): __itt_model_lock_acquire_2

3820850 : 0x40e37a2163909b : 2 : ittapi_config_apply_per_lib :  ITTAPI function NOT instrumented (not matched by --itt-config option): __itt_model_lock_release_2

3820850 : 0x40e37a21639c04 : 2 : ittapi_config_apply_per_lib :  ITTAPI function NOT instrumented (not matched by --itt-config option): __itt_model_aggregate_task

3820850 : 0x40e37a2163a647 : 2 : ittapi_config_apply_per_lib :  ITTAPI function NOT instrumented (not matched by --itt-config option): __itt_model_disable_push

3820850 : 0x40e37a2163b357 : 2 : ittapi_config_apply_per_lib :  ITTAPI function NOT instrumented (not matched by --itt-config option): __itt_model_disable_pop

3820850 : 0x40e37a2163c16e : 2 : ittapi_config_apply_per_lib :  ITTAPI function instrumented: __itt_heap_function_create
3820850 : 0x40e37a2163cd38 : 2 : ittapi_config_apply_per_lib :  ITTAPI function instrumented: __itt_heap_allocate_begin
3820850 : 0x40e37a2163dc29 : 2 : ittapi_config_apply_per_lib :  ITTAPI function instrumented: __itt_heap_allocate_end
3820850 : 0x40e37a2163ea24 : 2 : ittapi_config_apply_per_lib :  ITTAPI function instrumented: __itt_heap_free_begin
3820850 : 0x40e37a21644a07 : 2 : ittapi_config_apply_per_lib :  ITTAPI function instrumented: __itt_heap_free_end
3820850 : 0x40e37a21645a61 : 2 : ittapi_config_apply_per_lib :  ITTAPI function instrumented: __itt_heap_reallocate_begin
3820850 : 0x40e37a216464fa : 2 : ittapi_config_apply_per_lib :  ITTAPI function instrumented: __itt_heap_reallocate_end
3820850 : 0x40e37a21647600 : 2 : ittapi_config_apply_per_lib :  ITTAPI function not implemented: __itt_heap_internal_access_begin
3820850 : 0x40e37a216487c7 : 2 : ittapi_config_apply_per_lib :  ITTAPI function not implemented: __itt_heap_internal_access_end
3820850 : 0x40e37a21649706 : 2 : ittapi_config_apply_per_lib :  ITTAPI function not implemented: __itt_heap_record_memory_growth_begin
3820850 : 0x40e37a2164a652 : 2 : ittapi_config_apply_per_lib :  ITTAPI function not implemented: __itt_heap_record_memory_growth_end
3820850 : 0x40e37a2164b468 : 2 : ittapi_config_apply_per_lib :  ITTAPI function not implemented: __itt_heap_reset_detection
3820850 : 0x40e37a2164c34d : 2 : ittapi_config_apply_per_lib :  ITTAPI function not implemented: __itt_heap_record
3820850 : 0x40e37a2164d1c1 : 2 : ittapi_config_apply_per_lib :  ITTAPI function not implemented: __itt_id_create
3820850 : 0x40e37a21652042 : 2 : ittapi_config_apply_per_lib :  ITTAPI function not implemented: __itt_id_destroy
3820850 : 0x40e37a21652eb5 : 2 : ittapi_config_apply_per_lib :  ITTAPI function instrumented: __itt_get_timestamp
3820850 : 0x40e37a21653c0e : 2 : ittapi_config_apply_per_lib :  ITTAPI function not implemented: __itt_region_begin
3820850 : 0x40e37a21654972 : 2 : ittapi_config_apply_per_lib :  ITTAPI function not implemented: __itt_region_end
3820850 : 0x40e37a216556db : 2 : ittapi_config_apply_per_lib :  ITTAPI function instrumented: __itt_frame_begin_v3
3820850 : 0x40e37a21656371 : 2 : ittapi_config_apply_per_lib :  ITTAPI function instrumented: __itt_frame_end_v3
3820850 : 0x40e37a21656ff5 : 2 : ittapi_config_apply_per_lib :  ITTAPI function instrumented: __itt_frame_submit_v3
3820850 : 0x40e37a21657d1b : 2 : ittapi_config_apply_per_lib :  ITTAPI function not implemented: __itt_task_group
3820850 : 0x40e37a21658bf1 : 2 : ittapi_config_apply_per_lib :  ITTAPI function instrumented: __itt_task_begin
3820850 : 0x40e37a2165968a : 2 : ittapi_config_apply_per_lib :  ITTAPI function instrumented: __itt_task_begin_fn
3820850 : 0x40e37a2165e2f2 : 2 : ittapi_config_apply_per_lib :  ITTAPI function instrumented: __itt_task_end
3820850 : 0x40e37a2165f398 : 2 : ittapi_config_apply_per_lib :  ITTAPI function not implemented: __itt_counter_inc_v3
3820850 : 0x40e37a2166024f : 2 : ittapi_config_apply_per_lib :  ITTAPI function not implemented: __itt_counter_inc_delta_v3
3820850 : 0x40e37a21660f8e : 2 : ittapi_config_apply_per_lib :  ITTAPI function not implemented: __itt_counter_dec_v3
3820850 : 0x40e37a21661e55 : 2 : ittapi_config_apply_per_lib :  ITTAPI function not implemented: __itt_counter_dec_delta_v3
3820850 : 0x40e37a21662c78 : 2 : ittapi_config_apply_per_lib :  ITTAPI function not implemented: __itt_marker
3820850 : 0x40e37a21663a22 : 2 : ittapi_config_apply_per_lib :  ITTAPI function instrumented: __itt_metadata_add
3820850 : 0x40e37a216647c4 : 2 : ittapi_config_apply_per_lib :  ITTAPI function not implemented: __itt_metadata_str_add
3820850 : 0x40e37a216655f3 : 2 : ittapi_config_apply_per_lib :  ITTAPI function not implemented: __itt_relation_add_to_current
3820850 : 0x40e37a2166639f : 2 : ittapi_config_apply_per_lib :  ITTAPI function not implemented: __itt_relation_add
3820850 : 0x40e37a2166a147 : 2 : ittapi_config_apply_per_lib :  ITTAPI function instrumented: __itt_event_create
3820850 : 0x40e37a2166af84 : 2 : ittapi_config_apply_per_lib :  ITTAPI function instrumented: __itt_event_start
3820850 : 0x40e37a2166bc26 : 2 : ittapi_config_apply_per_lib :  ITTAPI function instrumented: __itt_event_end
3820850 : 0x40e37a2166c6bb : 2 : ittapi_config_apply_per_lib :  ITTAPI function NOT instrumented (not matched by --itt-config option): __itt_sync_set_name

3820850 : 0x40e37a2166d233 : 2 : ittapi_config_apply_per_lib :  ITTAPI function NOT instrumented (not matched by --itt-config option): __itt_notify_sync_name

3820850 : 0x40e37a2166dd0d : 2 : ittapi_config_apply_per_lib :  ITTAPI function NOT instrumented (not matched by --itt-config option): __itt_notify_sync_prepare

3820850 : 0x40e37a2166e6da : 2 : ittapi_config_apply_per_lib :  ITTAPI function NOT instrumented (not matched by --itt-config option): __itt_notify_sync_cancel

3820850 : 0x40e37a2166f16f : 2 : ittapi_config_apply_per_lib :  ITTAPI function NOT instrumented (not matched by --itt-config option): __itt_notify_sync_acquired

3820850 : 0x40e37a2166fd06 : 2 : ittapi_config_apply_per_lib :  ITTAPI function NOT instrumented (not matched by --itt-config option): __itt_notify_sync_releasing

3820850 : 0x40e37a21670afe : 2 : ittapi_config_apply_per_lib :  ITTAPI function not implemented: __itt_memory_read
3820850 : 0x40e37a21676e1e : 2 : ittapi_config_apply_per_lib :  ITTAPI function not implemented: __itt_memory_write
3820850 : 0x40e37a21677ed1 : 2 : ittapi_config_apply_per_lib :  ITTAPI function not implemented: __itt_memory_update
3820850 : 0x40e37a21678b9b : 2 : ittapi_config_apply_per_lib :  ITTAPI function not implemented: __itt_state_get
3820850 : 0x40e37a21679a9b : 2 : ittapi_config_apply_per_lib :  ITTAPI function not implemented: __itt_state_set
3820850 : 0x40e37a2167a82f : 2 : ittapi_config_apply_per_lib :  ITTAPI function not implemented: __itt_obj_mode_set
3820850 : 0x40e37a2167b551 : 2 : ittapi_config_apply_per_lib :  ITTAPI function not implemented: __itt_thr_mode_set
3820850 : 0x40e37a2167c16b : 2 : ittapi_config_apply_per_lib :  ITTAPI function instrumented: __itt_frame_create
3820850 : 0x40e37a2167ccba : 2 : ittapi_config_apply_per_lib :  ITTAPI function instrumented: __itt_pt_region_create
3820850 : 0x40e37a2167d95a : 2 : ittapi_config_apply_per_lib :  ITTAPI function instrumented: __itt_frame_begin
3820850 : 0x40e37a2167e65c : 2 : ittapi_config_apply_per_lib :  ITTAPI function instrumented: __itt_frame_end
3820850 : 0x40e37a21683133 : 2 : ittapi_config_apply_per_lib :  ITTAPI function not implemented: __itt_counter_destroy
3820850 : 0x40e37a2168409f : 2 : ittapi_config_apply_per_lib :  ITTAPI function instrumented: __itt_counter_inc
3820850 : 0x40e37a21684f36 : 2 : ittapi_config_apply_per_lib :  ITTAPI function instrumented: __itt_counter_inc_delta
3820850 : 0x40e37a21685b8e : 2 : ittapi_config_apply_per_lib :  ITTAPI function instrumented: __itt_counter_dec
3820850 : 0x40e37a21686910 : 2 : ittapi_config_apply_per_lib :  ITTAPI function instrumented: __itt_counter_dec_delta
3820850 : 0x40e37a21687403 : 2 : ittapi_config_apply_per_lib :  ITTAPI function instrumented: __itt_counter_set_value
3820850 : 0x40e37a21688331 : 2 : ittapi_config_apply_per_lib :  ITTAPI function not implemented: __itt_counter_set_value_ex
3820850 : 0x40e37a21688eff : 2 : ittapi_config_apply_per_lib :  ITTAPI function not implemented: __itt_mark_create
3820850 : 0x40e37a21689e89 : 2 : ittapi_config_apply_per_lib :  ITTAPI function not implemented: __itt_mark
3820850 : 0x40e37a2168ada4 : 2 : ittapi_config_apply_per_lib :  ITTAPI function not implemented: __itt_mark_off
3820850 : 0x40e37a2168f0e5 : 2 : ittapi_config_apply_per_lib :  ITTAPI function not implemented: __itt_mark_global
3820850 : 0x40e37a216902da : 2 : ittapi_config_apply_per_lib :  ITTAPI function not implemented: __itt_mark_global_off
3820850 : 0x40e37a21690ddd : 2 : ittapi_config_apply_per_lib :  ITTAPI function NOT instrumented (not matched by --itt-config option): __itt_stack_caller_create

3820850 : 0x40e37a216918b8 : 2 : ittapi_config_apply_per_lib :  ITTAPI function NOT instrumented (not matched by --itt-config option): __itt_stack_caller_destroy

3820850 : 0x40e37a21692354 : 2 : ittapi_config_apply_per_lib :  ITTAPI function NOT instrumented (not matched by --itt-config option): __itt_stack_callee_enter

3820850 : 0x40e37a21692e5b : 2 : ittapi_config_apply_per_lib :  ITTAPI function NOT instrumented (not matched by --itt-config option): __itt_stack_callee_leave

3820850 : 0x40e37a21693b82 : 2 : ittapi_config_apply_per_lib :  ITTAPI function not implemented: __itt_clock_domain_create
3820850 : 0x40e37a21694804 : 2 : ittapi_config_apply_per_lib :  ITTAPI function not implemented: __itt_clock_domain_reset
3820850 : 0x40e37a216955b9 : 2 : ittapi_config_apply_per_lib :  ITTAPI function not implemented: __itt_id_create_ex
3820850 : 0x40e37a216963de : 2 : ittapi_config_apply_per_lib :  ITTAPI function not implemented: __itt_id_destroy_ex
3820850 : 0x40e37a2169c838 : 2 : ittapi_config_apply_per_lib :  ITTAPI function not implemented: __itt_task_begin_ex
3820850 : 0x40e37a2169dd0a : 2 : ittapi_config_apply_per_lib :  ITTAPI function not implemented: __itt_task_begin_fn_ex
3820850 : 0x40e37a2169eb4a : 2 : ittapi_config_apply_per_lib :  ITTAPI function not implemented: __itt_task_end_ex
3820850 : 0x40e37a2169fa05 : 2 : ittapi_config_apply_per_lib :  ITTAPI function instrumented: __itt_task_begin_overlapped
3820850 : 0x40e37a216a0818 : 2 : ittapi_config_apply_per_lib :  ITTAPI function not implemented: __itt_task_begin_overlapped_ex
3820850 : 0x40e37a216a15d3 : 2 : ittapi_config_apply_per_lib :  ITTAPI function instrumented: __itt_task_end_overlapped
3820850 : 0x40e37a216a21da : 2 : ittapi_config_apply_per_lib :  ITTAPI function not implemented: __itt_task_end_overlapped_ex
3820850 : 0x40e37a216a2e79 : 2 : ittapi_config_apply_per_lib :  ITTAPI function not implemented: __itt_marker_ex
3820850 : 0x40e37a216a3ddf : 2 : ittapi_config_apply_per_lib :  ITTAPI function not implemented: __itt_metadata_add_with_scope
3820850 : 0x40e37a216a4ca6 : 2 : ittapi_config_apply_per_lib :  ITTAPI function not implemented: __itt_metadata_str_add_with_scope
3820850 : 0x40e37a216a96b4 : 2 : ittapi_config_apply_per_lib :  ITTAPI function not implemented: __itt_relation_add_to_current_ex
3820850 : 0x40e37a216aa4b7 : 2 : ittapi_config_apply_per_lib :  ITTAPI function not implemented: __itt_relation_add_ex
3820850 : 0x40e37a216ab274 : 2 : ittapi_config_apply_per_lib :  ITTAPI function not implemented: __itt_track_group_create
3820850 : 0x40e37a216ac173 : 2 : ittapi_config_apply_per_lib :  ITTAPI function not implemented: __itt_track_create
3820850 : 0x40e37a216ad22a : 2 : ittapi_config_apply_per_lib :  ITTAPI function not implemented: __itt_set_track
3820850 : 0x40e37a216adefd : 2 : ittapi_config_apply_per_lib :  ITTAPI function instrumented: __itt_api_version
3820850 : 0x40e37a216aebb8 : 2 : ittapi_config_apply_per_lib :  ITTAPI function not implemented: __itt_av_save
3820850 : 0x40e37a216af8e0 : 2 : ittapi_config_apply_per_lib :  ITTAPI function instrumented: __itt_module_load
3820850 : 0x40e37a216b05b4 : 2 : ittapi_config_apply_per_lib :  ITTAPI function not implemented: __itt_module_unload