
3821254 : 0x40e381b0584809 : 1 : spill_jit_data :  Jit agent is not initialized
3821254 : 0x40e381b059a9f9 : 2 : ittapi_config_mask_get :  --itt-config mask to be applied: 39
3821254 : 0x40e381b059c9a1 : 2 : ittapi_config_apply_per_lib :  ITTAPI function instrumented: __itt_domain_create
3821254 : 0x40e381b059dd0b : 2 : ittapi_config_apply_per_lib :  ITTAPI function instrumented: __itt_module_load_with_sections
3821254 : 0x40e381b059f51c : 2 : ittapi_config_apply_per_lib :  ITTAPI function not implemented: __itt_module_unload_with_sections
3821254 : 0x40e381b05a09a0 : 2 : ittapi_config_apply_per_lib :  ITTAPI function instrumented: __itt_string_handle_create
3821254 : 0x40e381b05a1742 : 2 : ittapi_config_apply_per_lib :  ITTAPI function instrumented: __itt_counter_create
3821254 : 0x40e381b05a24ac : 2 : ittapi_config_apply_per_lib :  ITTAPI function instrumented: __itt_counter_create_typed
3821254 : 0x40e381b05a32fb : 2 : ittapi_config_apply_per_lib :  ITTAPI function instrumented: __itt_pause
3821254 : 0x40e381b05a403a : 2 : ittapi_config_apply_per_lib :  ITTAPI function instrumented: __itt_resume
3821254 : 0x40e381b05b6006 : 2 : ittapi_config_apply_per_lib :  ITTAPI function instrumented: __itt_thread_set_name
3821254 : 0x40e381b05b7694 : 2 : ittapi_config_apply_per_lib :  ITTAPI function instrumented: __itt_thread_ignore
3821254 : 0x40e381b05b85a2 : 2 : ittapi_config_apply_per_lib :  ITTAPI function instrumented: __itt_thr_name_set
3821254 : 0x40e381b05b9321 : 2 : ittapi_config_apply_per_lib :  ITTAPI function instrumented: __itt_thr_ignore
3821254 : 0x40e381b05ba7c5 : 2 : ittapi_config_apply_per_lib :  ITTAPI function not implemented: __itt_enable_attach
3821254 : 0x40e381b05bb6e5 : 2 : ittapi_config_apply_per_lib :  ITTAPI function instrumented: __itt_detach
3821254 : 0x40e381b05bc2fc : 2 : ittapi_config_apply_per_lib :  ITTAPI function NOT instrumented (not matched by --itt-config option): __itt_sync_create

3821254 : 0x40e381b05bd0db : 2 : ittapi_config_apply_per_lib :  ITTAPI function NOT instrumented (not matched by --itt-config option): __itt_sync_rename

3821254 : 0x40e381b05bdc13 : 2 : ittapi_config_apply_per_lib :  ITTAPI function NOT instrumented (not matched by --itt-config option): __itt_sync_destroy

3821254 : 0x40e381b05be80d : 2 : ittapi_config_apply_per_lib :  ITTAPI function NOT instrumented (not matched by --itt-config option): __itt_sync_prepare

3821254 : 0x40e381b05c39f1 : 2 : ittapi_config_apply_per_lib :  ITTAPI function NOT instrumented (not matched by --itt-config option): __itt_sync_cancel

3821254 : 0x40e381b05c46eb : 2 : ittapi_config_apply_per_lib :  ITTAPI function NOT instrumented (not matched by --itt-config option): __itt_sync_acquired

3821254 : 0x40e381b05c5282 : 2 : ittapi_config_apply_per_lib :  ITTAPI function NOT instrumented (not matched by --itt-config option): __itt_sync_releasing

3821254 : 0x40e381b05c643c : 2 : ittapi_config_apply_per_lib :  ITTAPI function not implemented: __itt_suppress_push
3821254 : 0x40e381b05c76da : 2 : ittapi_config_apply_per_lib :  ITTAPI function not implemented: __itt_suppress_pop
3821254 : 0x40e381b05c86d8 : 2 : ittapi_config_apply_per_lib :  ITTAPI function not implemented: __itt_suppress_mark_range
3821254 : 0x40e381b05c97b3 : 2 : ittapi_config_apply_per_lib :  ITTAPI function not implemented: __itt_suppress_clear_range
3821254 : 0x40e381b05ca38e : 2 : ittapi_config_apply_per_lib :  ITTAPI function NOT instrumented (not matched by --itt-config option): __itt_sync_prepare

3821254 : 0x40e381b05caf13 : 2 : ittapi_config_apply_per_lib :  ITTAPI function NOT instrumented (not matched by --itt-config option): __itt_sync_cancel

3821254 : 0x40e381b05cba3b : 2 : ittapi_config_apply_per_lib :  ITTAPI function NOT instrumented (not matched by --itt-config option): __itt_sync_acquired

3821254 : 0x40e381b05d0168 : 2 : ittapi_config_apply_per_lib :  ITTAPI function NOT instrumented (not matched by --itt-config option): __itt_sync_releasing

3821254 : 0x40e381b05d0eb8 : 2 : ittapi_config_apply_per_lib :  ITTAPI function NOT instrumented (not matched by --itt-config option): __itt_model_site_begin

3821254 : 0x40e381b05d1add : 2 : ittapi_config_apply_per_lib :  ITTAPI function NOT instrumented (not matched by --itt-config option): __itt_model_site_end

3821254 : 0x40e381b05d26cb : 2 : ittapi_config_apply_per_lib :  ITTAPI function NOT instrumented (not matched by --itt-config option): __itt_model_task_begin

3821254 : 0x40e381b05d3252 : 2 : ittapi_config_apply_per_lib :  ITTAPI function NOT instrumented (not matched by --itt-config option): __itt_model_task_end

3821254 : 0x40e381b05d3eb5 : 2 : ittapi_config_apply_per_lib :  ITTAPI function NOT instrumented (not matched by --itt-config option): __itt_model_lock_acquire

3821254 : 0x40e381b05d4a62 : 2 : ittapi_config_apply_per_lib :  ITTAPI function NOT instrumented (not matched by --itt-config option): __itt_model_lock_release

3821254 : 0x40e381b05d5628 : 2 : ittapi_config_apply_per_lib :  ITTAPI function NOT instrumented (not matched by --itt-config option): __itt_model_record_allocation

3821254 : 0x40e381b05d61b4 : 2 : ittapi_config_apply_per_lib :  ITTAPI function NOT instrumented (not matched by --itt-config option): __itt_model_record_deallocation

3821254 : 0x40e381b05d6de4 : 2 : ittapi_config_apply_per_lib :  ITTAPI function NOT instrumented (not matched by --itt-config option): __itt_model_induction_uses

3821254 : 0x40e381b05de7c9 : 2 : ittapi_config_apply_per_lib :  ITTAPI function NOT instrumented (not matched by --itt-config option): __itt_model_reduction_uses

3821254 : 0x40e381b05df6f4 : 2 : ittapi_config_apply_per_lib :  ITTAPI function NOT instrumented (not matched by --itt-config option): __itt_model_observe_uses

3821254 : 0x40e381b05e02f3 : 2 : ittapi_config_apply_per_lib :  ITTAPI function NOT instrumented (not matched by --itt-config option): __itt_model_clear_uses

3821254 : 0x40e381b05e0ee9 : 2 : ittapi_config_apply_per_lib :  ITTAPI function NOT instrumented (not matched by --itt-config option): __itt_model_site_beginA

3821254 : 0x40e381b05e1b29 : 2 : ittapi_config_apply_per_lib :  ITTAPI function NOT instrumented (not matched by --itt-config option): __itt_model_site_beginAL

3821254 : 0x40e381b05e2759 : 2 : ittapi_config_apply_per_lib :  ITTAPI function NOT instrumented (not matched by --itt-config option): __itt_model_task_beginA

3821254 : 0x40e381b05e3330 : 2 : ittapi_config_apply_per_lib :  ITTAPI function NOT instrumented (not matched by --itt-config option): __itt_model_task_beginAL

3821254 : 0x40e381b05e3ef3 : 2 : ittapi_config_apply_per_lib :  ITTAPI function NOT instrumented (not matched by --itt-config option): __itt_model_iteration_taskA

3821254 : 0x40e381b05e4ae1 : 2 : ittapi_config_apply_per_lib :  ITTAPI function NOT instrumented (not matched by --itt-config option): __itt_model_iteration_taskAL

3821254 : 0x40e381b05e56e9 : 2 : ittapi_config_apply_per_lib :  ITTAPI function NOT instrumented (not matched by --itt-config option): __itt_model_site_end_2

3821254 : 0x40e381b05e9856 : 2 : ittapi_config_apply_per_lib :  ITTAPI function NOT instrumented (not matched by --itt-config option): __itt_model_task_end_2

3821254 : 0x40e381b05ea5b6 : 2 : ittapi_config_apply_per_lib :  ITTAPI function NOT instrumented (not matched by --itt-config option): __itt_model_lock_acquire_2

3821254 : 0x40e381b05eb1ce : 2 : ittapi_config_apply_per_lib :  ITTAPI function NOT instrumented (not matched by --itt-config option): __itt_model_lock_release_2

3821254 : 0x40e381b05ebdbc : 2 : ittapi_config_apply_per_lib :  ITTAPI function NOT instrumented (not matched by --itt-config option): __itt_model_aggregate_task

3821254 : 0x40e381b05ec9c8 : 2 : ittapi_config_apply_per_lib :  ITTAPI function NOT instrumented (not matched by --itt-config option): __itt_model_disable_push

3821254 : 0x40e381b05ed5bf : 2 : ittapi_config_apply_per_lib :  ITTAPI function NOT instrumented (not matched by --itt-config option): __itt_model_disable_pop

3821254 : 0x40e381b05ee5e3 : 2 : ittapi_config_apply_per_lib :  ITTAPI function instrumented: __itt_heap_function_create
3821254 : 0x40e381b05ef4c4 : 2 : ittapi_config_apply_per_lib :  ITTAPI function instrumented: __itt_heap_allocate_begin
3821254 : 0x40e381b05f02a1 : 2 : ittapi_config_apply_per_lib :  ITTAPI function instrumented: __itt_heap_allocate_end
3821254 : 0x40e381b05f1065 : 2 : ittapi_config_apply_per_lib :  ITTAPI function instrumented: __itt_heap_free_begin
3821254 : 0x40e381b05f6a49 : 2 : ittapi_config_apply_per_lib :  ITTAPI function instrumented: __itt_heap_free_end
3821254 : 0x40e381b05f79d5 : 2 : ittapi_config_apply_per_lib :  ITTAPI function instrumented: __itt_heap_reallocate_begin
3821254 : 0x40e381b05f87c8 : 2 : ittapi_config_apply_per_lib :  ITTAPI function instrumented: __itt_heap_reallocate_end
3821254 : 0x40e381b05f98e2 : 2 : ittapi_config_apply_per_lib :  ITTAPI function not implemented: __itt_heap_internal_access_begin
3821254 : 0x40e381b05fa946 : 2 : ittapi_config_apply_per_lib :  ITTAPI function not implemented: __itt_heap_internal_access_end
3821254 : 0x40e381b05fb900 : 2 : ittapi_config_apply_per_lib :  ITTAPI function not implemented: __itt_heap_record_memory_growth_begin
3821254 : 0x40e381b05fc84f : 2 : ittapi_config_apply_per_lib :  ITTAPI function not implemented: __itt_heap_record_memory_growth_end
3821254 : 0x40e381b05fd7ca : 2 : ittapi_config_apply_per_lib :  ITTAPI function not implemented: __itt_heap_reset_detection
3821254 : 0x40e381b05fe81f : 2 : ittapi_config_apply_per_lib :  ITTAPI function not implemented: __itt_heap_record
3821254 : 0x40e381b05ff6f2 : 2 : ittapi_config_apply_per_lib :  ITTAPI function not implemented: __itt_id_create
3821254 : 0x40e381b060400f : 2 : ittapi_config_apply_per_lib :  ITTAPI function not implemented: __itt_id_destroy
3821254 : 0x40e381b0604f9f : 2 : ittapi_config_apply_per_lib :  ITTAPI function instrumented: __itt_get_timestamp
3821254 : 0x40e381b0605e9d : 2 : ittapi_config_apply_per_lib :  ITTAPI function not implemented: __itt_region_begin
3821254 : 0x40e381b0606db3 : 2 : ittapi_config_apply_per_lib :  ITTAPI function not implemented: __itt_region_end
3821254 : 0x40e381b0607bee : 2 : ittapi_config_apply_per_lib :  ITTAPI function instrumented: __itt_frame_begin_v3
3821254 : 0x40e381b0608a28 : 2 : ittapi_config_apply_per_lib :  ITTAPI function instrumented: __itt_frame_end_v3
3821254 : 0x40e381b06096ff : 2 : ittapi_config_apply_per_lib :  ITTAPI function instrumented: __itt_frame_submit_v3
3821254 : 0x40e381b060a62e : 2 : ittapi_config_apply_per_lib :  ITTAPI function not implemented: __itt_task_group
3821254 : 0x40e381b060b4e4 : 2 : ittapi_config_apply_per_lib :  ITTAPI function instrumented: __itt_task_begin
3821254 : 0x40e381b060c1f6 : 2 : ittapi_config_apply_per_lib :  ITTAPI function instrumented: __itt_task_begin_fn
3821254 : 0x40e381b06109c8 : 2 : ittapi_config_apply_per_lib :  ITTAPI function instrumented: __itt_task_end
3821254 : 0x40e381b0611bdc : 2 : ittapi_config_apply_per_lib :  ITTAPI function not implemented: __itt_counter_inc_v3
3821254 : 0x40e381b0612aeb : 2 : ittapi_config_apply_per_lib :  ITTAPI function not implemented: __itt_counter_inc_delta_v3
3821254 : 0x40e381b0613927 : 2 : ittapi_config_apply_per_lib :  ITTAPI function not implemented: __itt_counter_dec_v3
3821254 : 0x40e381b061486b : 2 : ittapi_config_apply_per_lib :  ITTAPI function not implemented: __itt_counter_dec_delta_v3
3821254 : 0x40e381b061597e : 2 : ittapi_config_apply_per_lib :  ITTAPI function not implemented: __itt_marker
3821254 : 0x40e381b06167df : 2 : ittapi_config_apply_per_lib :  ITTAPI function instrumented: __itt_metadata_add
3821254 : 0x40e381b061771f : 2 : ittapi_config_apply_per_lib :  ITTAPI function not implemented: __itt_metadata_str_add
3821254 : 0x40e381b0618643 : 2 : ittapi_config_apply_per_lib :  ITTAPI function not implemented: __itt_relation_add_to_current
3821254 : 0x40e381b061951f : 2 : ittapi_config_apply_per_lib :  ITTAPI function not implemented: __itt_relation_add
3821254 : 0x40e381b061d9b5 : 2 : ittapi_config_apply_per_lib :  ITTAPI function instrumented: __itt_event_create
3821254 : 0x40e381b061e94f : 2 : ittapi_config_apply_per_lib :  ITTAPI function instrumented: __itt_event_start
3821254 : 0x40e381b061f6e0 : 2 : ittapi_config_apply_per_lib :  ITTAPI function instrumented: __itt_event_end
3821254 : 0x40e381b0620286 : 2 : ittapi_config_apply_per_lib :  ITTAPI function NOT instrumented (not matched by --itt-config option): __itt_sync_set_name

3821254 : 0x40e381b0620ee0 : 2 : ittapi_config_apply_per_lib :  ITTAPI function NOT instrumented (not matched by --itt-config option): __itt_notify_sync_name

3821254 : 0x40e381b0621a7c : 2 : ittapi_config_apply_per_lib :  ITTAPI function NOT instrumented (not matched by --itt-config option): __itt_notify_sync_prepare

3821254 : 0x40e381b06245f0 : 2 : ittapi_config_apply_per_lib :  ITTAPI function NOT instrumented (not matched by --itt-config option): __itt_notify_sync_cancel

3821254 : 0x40e381b06251ac : 2 : ittapi_config_apply_per_lib :  ITTAPI function NOT instrumented (not matched by --itt-config option): __itt_notify_sync_acquired

3821254 : 0x40e381b0625d53 : 2 : ittapi_config_apply_per_lib :  ITTAPI function NOT instrumented (not matched by --itt-config option): __itt_notify_sync_releasing

3821254 : 0x40e381b0626d58 : 2 : ittapi_config_apply_per_lib :  ITTAPI function not implemented: __itt_memory_read
3821254 : 0x40e381b062d2cc : 2 : ittapi_config_apply_per_lib :  ITTAPI function not implemented: __itt_memory_write
3821254 : 0x40e381b062e497 : 2 : ittapi_config_apply_per_lib :  ITTAPI function not implemented: __itt_memory_update
3821254 : 0x40e381b062f397 : 2 : ittapi_config_apply_per_lib :  ITTAPI function not implemented: __itt_state_get
3821254 : 0x40e381b06301f3 : 2 : ittapi_config_apply_per_lib :  ITTAPI function not implemented: __itt_state_set
3821254 : 0x40e381b06310fd : 2 : ittapi_config_apply_per_lib :  ITTAPI function not implemented: __itt_obj_mode_set
3821254 : 0x40e381b0632032 : 2 : ittapi_config_apply_per_lib :  ITTAPI function not implemented: __itt_thr_mode_set
3821254 : 0x40e381b0632d7a : 2 : ittapi_config_apply_per_lib :  ITTAPI function instrumented: __itt_frame_create
3821254 : 0x40e381b0633aa4 : 2 : ittapi_config_apply_per_lib :  ITTAPI function instrumented: __itt_pt_region_create
3821254 : 0x40e381b06348bc : 2 : ittapi_config_apply_per_lib :  ITTAPI function instrumented: __itt_frame_begin
3821254 : 0x40e381b0635640 : 2 : ittapi_config_apply_per_lib :  ITTAPI function instrumented: __itt_frame_end
3821254 : 0x40e381b0639be9 : 2 : ittapi_config_apply_per_lib :  ITTAPI function not implemented: __itt_counter_destroy
3821254 : 0x40e381b063abe7 : 2 : ittapi_config_apply_per_lib :  ITTAPI function instrumented: __itt_counter_inc
3821254 : 0x40e381b063b978 : 2 : ittapi_config_apply_per_lib :  ITTAPI function instrumented: __itt_counter_inc_delta
3821254 : 0x40e381b063c6da : 2 : ittapi_config_apply_per_lib :  ITTAPI function instrumented: __itt_counter_dec
3821254 : 0x40e381b063d5a6 : 2 : ittapi_config_apply_per_lib :  ITTAPI function instrumented: __itt_counter_dec_delta
3821254 : 0x40e381b063e351 : 2 : ittapi_config_apply_per_lib :  ITTAPI function instrumented: __itt_counter_set_value
3821254 : 0x40e381b063f245 : 2 : ittapi_config_apply_per_lib :  ITTAPI function not implemented: __itt_counter_set_value_ex
3821254 : 0x40e381b064005d : 2 : ittapi_config_apply_per_lib :  ITTAPI function not implemented: __itt_mark_create
3821254 : 0x40e381b0641083 : 2 : ittapi_config_apply_per_lib :  ITTAPI function not implemented: __itt_mark
3821254 : 0x40e381b06420c0 : 2 : ittapi_config_apply_per_lib :  ITTAPI function not implemented: __itt_mark_off
3821254 : 0x40e381b0646aa1 : 2 : ittapi_config_apply_per_lib :  ITTAPI function not implemented: __itt_mark_global
3821254 : 0x40e381b0647cc6 : 2 : ittapi_config_apply_per_lib :  ITTAPI function not implemented: __itt_mark_global_off
3821254 : 0x40e381b0648953 : 2 : ittapi_config_apply_per_lib :  ITTAPI function NOT instrumented (not matched by --itt-config option): __itt_stack_caller_create

3821254 : 0x40e381b06495a8 : 2 : ittapi_config_apply_per_lib :  ITTAPI function NOT instrumented (not matched by --itt-config option): __itt_stack_caller_destroy

3821254 : 0x40e381b064a1d8 : 2 : ittapi_config_apply_per_lib :  ITTAPI function NOT instrumented (not matched by --itt-config option): __itt_stack_callee_enter

3821254 : 0x40e381b064caf5 : 2 : ittapi_config_apply_per_lib :  ITTAPI function NOT instrumented (not matched by --itt-config option): __itt_stack_callee_leave

3821254 : 0x40e381b064da6d : 2 : ittapi_config_apply_per_lib :  ITTAPI function not implemented: __itt_clock_domain_create
3821254 : 0x40e381b064e99e : 2 : ittapi_config_apply_per_lib :  ITTAPI function not implemented: __itt_clock_domain_reset
3821254 : 0x40e381b064f7c0 : 2 : ittapi_config_apply_per_lib :  ITTAPI function not implemented: __itt_id_create_ex
3821254 : 0x40e381b065071e : 2 : ittapi_config_apply_per_lib :  ITTAPI function not implemented: __itt_id_destroy_ex
3821254 : 0x40e381b0656945 : 2 : ittapi_config_apply_per_lib :  ITTAPI function not implemented: __itt_task_begin_ex
3821254 : 0x40e381b0657a7a : 2 : ittapi_config_apply_per_lib :  ITTAPI function not implemented: __itt_task_begin_fn_ex
3821254 : 0x40e381b06589e9 : 2 : ittapi_config_apply_per_lib :  ITTAPI function not implemented: __itt_task_end_ex
3821254 : 0x40e381b0659816 : 2 : ittapi_config_apply_per_lib :  ITTAPI function instrumented: __itt_task_begin_overlapped
3821254 : 0x40e381b065a6a6 : 2 : ittapi_config_apply_per_lib :  ITTAPI function not implemented: __itt_task_begin_overlapped_ex
3821254 : 0x40e381b065b584 : 2 : ittapi_config_apply_per_lib :  ITTAPI function instrumented: __itt_task_end_overlapped
3821254 : 0x40e381b065c4f8 : 2 : ittapi_config_apply_per_lib :  ITTAPI function not implemented: __itt_task_end_overlapped_ex
3821254 : 0x40e381b065d452 : 2 : ittapi_config_apply_per_lib :  ITTAPI function not implemented: __itt_marker_ex
3821254 : 0x40e381b065e40e : 2 : ittapi_config_apply_per_lib :  ITTAPI function not implemented: __itt_metadata_add_with_scope
3821254 : 0x40e381b065f427 : 2 : ittapi_config_apply_per_lib :  ITTAPI function not implemented: __itt_metadata_str_add_with_scope
3821254 : 0x40e381b0664311 : 2 : ittapi_config_apply_per_lib :  ITTAPI function not implemented: __itt_relation_add_to_current_ex
3821254 : 0x40e381b066538c : 2 : ittapi_config_apply_per_lib :  ITTAPI function not implemented: __itt_relation_add_ex
3821254 : 0x40e381b06661ef : 2 : ittapi_config_apply_per_lib :  ITTAPI function not implemented: __itt_track_group_create
3821254 : 0x40e381b0666ffa : 2 : ittapi_config_apply_per_lib :  ITTAPI function not implemented: __itt_track_create
3821254 : 0x40e381b0667e81 : 2 : ittapi_config_apply_per_lib :  ITTAPI function not implemented: __itt_set_track
3821254 : 0x40e381b0668cf9 : 2 : ittapi_config_apply_per_lib :  ITTAPI function instrumented: __itt_api_version
3821254 : 0x40e381b0669b89 : 2 : ittapi_config_apply_per_lib :  ITTAPI function not implemented: __itt_av_save
3821254 : 0x40e381b066a9a3 : 2 : ittapi_config_apply_per_lib :  ITTAPI function instrumented: __itt_module_load
3821254 : 0x40e381b066b890 : 2 : ittapi_config_apply_per_lib :  ITTAPI function not implemented: __itt_module_unload