
3819647 : 0x40e368f01bed5b : 1 : spill_jit_data :  Jit agent is not initialized
3819647 : 0x40e368f01d4916 : 2 : ittapi_config_mask_get :  --itt-config mask to be applied: 39
3819647 : 0x40e368f01d654b : 2 : ittapi_config_apply_per_lib :  ITTAPI function instrumented: __itt_domain_create
3819647 : 0x40e368f01d7527 : 2 : ittapi_config_apply_per_lib :  ITTAPI function instrumented: __itt_module_load_with_sections
3819647 : 0x40e368f01d878a : 2 : ittapi_config_apply_per_lib :  ITTAPI function not implemented: __itt_module_unload_with_sections
3819647 : 0x40e368f01d96d2 : 2 : ittapi_config_apply_per_lib :  ITTAPI function instrumented: __itt_string_handle_create
3819647 : 0x40e368f01da074 : 2 : ittapi_config_apply_per_lib :  ITTAPI function instrumented: __itt_counter_create
3819647 : 0x40e368f01daa29 : 2 : ittapi_config_apply_per_lib :  ITTAPI function instrumented: __itt_counter_create_typed
3819647 : 0x40e368f01db46f : 2 : ittapi_config_apply_per_lib :  ITTAPI function instrumented: __itt_pause
3819647 : 0x40e368f01dbe3a : 2 : ittapi_config_apply_per_lib :  ITTAPI function instrumented: __itt_resume
3819647 : 0x40e368f01e9aa5 : 2 : ittapi_config_apply_per_lib :  ITTAPI function instrumented: __itt_thread_set_name
3819647 : 0x40e368f01ea926 : 2 : ittapi_config_apply_per_lib :  ITTAPI function instrumented: __itt_thread_ignore
3819647 : 0x40e368f01eb2fc : 2 : ittapi_config_apply_per_lib :  ITTAPI function instrumented: __itt_thr_name_set
3819647 : 0x40e368f01ebd2e : 2 : ittapi_config_apply_per_lib :  ITTAPI function instrumented: __itt_thr_ignore
3819647 : 0x40e368f01ecb5f : 2 : ittapi_config_apply_per_lib :  ITTAPI function not implemented: __itt_enable_attach
3819647 : 0x40e368f01ed5d7 : 2 : ittapi_config_apply_per_lib :  ITTAPI function instrumented: __itt_detach
3819647 : 0x40e368f01edee1 : 2 : ittapi_config_apply_per_lib :  ITTAPI function NOT instrumented (not matched by --itt-config option): __itt_sync_create

3819647 : 0x40e368f01ee987 : 2 : ittapi_config_apply_per_lib :  ITTAPI function NOT instrumented (not matched by --itt-config option): __itt_sync_rename

3819647 : 0x40e368f01ef1a4 : 2 : ittapi_config_apply_per_lib :  ITTAPI function NOT instrumented (not matched by --itt-config option): __itt_sync_destroy

3819647 : 0x40e368f01efa53 : 2 : ittapi_config_apply_per_lib :  ITTAPI function NOT instrumented (not matched by --itt-config option): __itt_sync_prepare

3819647 : 0x40e368f01f304d : 2 : ittapi_config_apply_per_lib :  ITTAPI function NOT instrumented (not matched by --itt-config option): __itt_sync_cancel

3819647 : 0x40e368f01f39e1 : 2 : ittapi_config_apply_per_lib :  ITTAPI function NOT instrumented (not matched by --itt-config option): __itt_sync_acquired

3819647 : 0x40e368f01f41fc : 2 : ittapi_config_apply_per_lib :  ITTAPI function NOT instrumented (not matched by --itt-config option): __itt_sync_releasing

3819647 : 0x40e368f01f4d4e : 2 : ittapi_config_apply_per_lib :  ITTAPI function not implemented: __itt_suppress_push
3819647 : 0x40e368f01f5a40 : 2 : ittapi_config_apply_per_lib :  ITTAPI function not implemented: __itt_suppress_pop
3819647 : 0x40e368f01f65c0 : 2 : ittapi_config_apply_per_lib :  ITTAPI function not implemented: __itt_suppress_mark_range
3819647 : 0x40e368f01f70f7 : 2 : ittapi_config_apply_per_lib :  ITTAPI function not implemented: __itt_suppress_clear_range
3819647 : 0x40e368f01f793d : 2 : ittapi_config_apply_per_lib :  ITTAPI function NOT instrumented (not matched by --itt-config option): __itt_sync_prepare

3819647 : 0x40e368f01f81a7 : 2 : ittapi_config_apply_per_lib :  ITTAPI function NOT instrumented (not matched by --itt-config option): __itt_sync_cancel

3819647 : 0x40e368f01f8993 : 2 : ittapi_config_apply_per_lib :  ITTAPI function NOT instrumented (not matched by --itt-config option): __itt_sync_acquired

3819647 : 0x40e368f01fb75f : 2 : ittapi_config_apply_per_lib :  ITTAPI function NOT instrumented (not matched by --itt-config option): __itt_sync_releasing

3819647 : 0x40e368f01fc0d0 : 2 : ittapi_config_apply_per_lib :  ITTAPI function NOT instrumented (not matched by --itt-config option): __itt_model_site_begin

3819647 : 0x40e368f01fc991 : 2 : ittapi_config_apply_per_lib :  ITTAPI function NOT instrumented (not matched by --itt-config option): __itt_model_site_end

3819647 : 0x40e368f01fd206 : 2 : ittapi_config_apply_per_lib :  ITTAPI function NOT instrumented (not matched by --itt-config option): __itt_model_task_begin

3819647 : 0x40e368f01fda66 : 2 : ittapi_config_apply_per_lib :  ITTAPI function NOT instrumented (not matched by --itt-config option): __itt_model_task_end

3819647 : 0x40e368f01fe333 : 2 : ittapi_config_apply_per_lib :  ITTAPI function NOT instrumented (not matched by --itt-config option): __itt_model_lock_acquire

3819647 : 0x40e368f01febab : 2 : ittapi_config_apply_per_lib :  ITTAPI function NOT instrumented (not matched by --itt-config option): __itt_model_lock_release

3819647 : 0x40e368f01ff43b : 2 : ittapi_config_apply_per_lib :  ITTAPI function NOT instrumented (not matched by --itt-config option): __itt_model_record_allocation

3819647 : 0x40e368f01ffc92 : 2 : ittapi_config_apply_per_lib :  ITTAPI function NOT instrumented (not matched by --itt-config option): __itt_model_record_deallocation

3819647 : 0x40e368f02004d9 : 2 : ittapi_config_apply_per_lib :  ITTAPI function NOT instrumented (not matched by --itt-config option): __itt_model_induction_uses

3819647 : 0x40e368f020ba92 : 2 : ittapi_config_apply_per_lib :  ITTAPI function NOT instrumented (not matched by --itt-config option): __itt_model_reduction_uses

3819647 : 0x40e368f020c68d : 2 : ittapi_config_apply_per_lib :  ITTAPI function NOT instrumented (not matched by --itt-config option): __itt_model_observe_uses

3819647 : 0x40e368f020cf4b : 2 : ittapi_config_apply_per_lib :  ITTAPI function NOT instrumented (not matched by --itt-config option): __itt_model_clear_uses

3819647 : 0x40e368f020d7a4 : 2 : ittapi_config_apply_per_lib :  ITTAPI function NOT instrumented (not matched by --itt-config option): __itt_model_site_beginA

3819647 : 0x40e368f020e050 : 2 : ittapi_config_apply_per_lib :  ITTAPI function NOT instrumented (not matched by --itt-config option): __itt_model_site_beginAL

3819647 : 0x40e368f020e937 : 2 : ittapi_config_apply_per_lib :  ITTAPI function NOT instrumented (not matched by --itt-config option): __itt_model_task_beginA

3819647 : 0x40e368f020f163 : 2 : ittapi_config_apply_per_lib :  ITTAPI function NOT instrumented (not matched by --itt-config option): __itt_model_task_beginAL

3819647 : 0x40e368f020f9b1 : 2 : ittapi_config_apply_per_lib :  ITTAPI function NOT instrumented (not matched by --itt-config option): __itt_model_iteration_taskA

3819647 : 0x40e368f02101ff : 2 : ittapi_config_apply_per_lib :  ITTAPI function NOT instrumented (not matched by --itt-config option): __itt_model_iteration_taskAL

3819647 : 0x40e368f0210ab5 : 2 : ittapi_config_apply_per_lib :  ITTAPI function NOT instrumented (not matched by --itt-config option): __itt_model_site_end_2

3819647 : 0x40e368f0214229 : 2 : ittapi_config_apply_per_lib :  ITTAPI function NOT instrumented (not matched by --itt-config option): __itt_model_task_end_2

3819647 : 0x40e368f0214b0b : 2 : ittapi_config_apply_per_lib :  ITTAPI function NOT instrumented (not matched by --itt-config option): __itt_model_lock_acquire_2

3819647 : 0x40e368f021539c : 2 : ittapi_config_apply_per_lib :  ITTAPI function NOT instrumented (not matched by --itt-config option): __itt_model_lock_release_2

3819647 : 0x40e368f0215c11 : 2 : ittapi_config_apply_per_lib :  ITTAPI function NOT instrumented (not matched by --itt-config option): __itt_model_aggregate_task

3819647 : 0x40e368f0216478 : 2 : ittapi_config_apply_per_lib :  ITTAPI function NOT instrumented (not matched by --itt-config option): __itt_model_disable_push

3819647 : 0x40e368f0216d17 : 2 : ittapi_config_apply_per_lib :  ITTAPI function NOT instrumented (not matched by --itt-config option): __itt_model_disable_pop

3819647 : 0x40e368f0217808 : 2 : ittapi_config_apply_per_lib :  ITTAPI function instrumented: __itt_heap_function_create
3819647 : 0x40e368f02181a7 : 2 : ittapi_config_apply_per_lib :  ITTAPI function instrumented: __itt_heap_allocate_begin
3819647 : 0x40e368f0218b96 : 2 : ittapi_config_apply_per_lib :  ITTAPI function instrumented: __itt_heap_allocate_end
3819647 : 0x40e368f02195c8 : 2 : ittapi_config_apply_per_lib :  ITTAPI function instrumented: __itt_heap_free_begin
3819647 : 0x40e368f021ddeb : 2 : ittapi_config_apply_per_lib :  ITTAPI function instrumented: __itt_heap_free_end
3819647 : 0x40e368f021e95f : 2 : ittapi_config_apply_per_lib :  ITTAPI function instrumented: __itt_heap_reallocate_begin
3819647 : 0x40e368f021f27f : 2 : ittapi_config_apply_per_lib :  ITTAPI function instrumented: __itt_heap_reallocate_end
3819647 : 0x40e368f021fede : 2 : ittapi_config_apply_per_lib :  ITTAPI function not implemented: __itt_heap_internal_access_begin
3819647 : 0x40e368f0220961 : 2 : ittapi_config_apply_per_lib :  ITTAPI function not implemented: __itt_heap_internal_access_end
3819647 : 0x40e368f02214ed : 2 : ittapi_config_apply_per_lib :  ITTAPI function not implemented: __itt_heap_record_memory_growth_begin
3819647 : 0x40e368f0221f8c : 2 : ittapi_config_apply_per_lib :  ITTAPI function not implemented: __itt_heap_record_memory_growth_end
3819647 : 0x40e368f0222a4d : 2 : ittapi_config_apply_per_lib :  ITTAPI function not implemented: __itt_heap_reset_detection
3819647 : 0x40e368f02235ed : 2 : ittapi_config_apply_per_lib :  ITTAPI function not implemented: __itt_heap_record
3819647 : 0x40e368f0224014 : 2 : ittapi_config_apply_per_lib :  ITTAPI function not implemented: __itt_id_create
3819647 : 0x40e368f0227571 : 2 : ittapi_config_apply_per_lib :  ITTAPI function not implemented: __itt_id_destroy
3819647 : 0x40e368f0228092 : 2 : ittapi_config_apply_per_lib :  ITTAPI function instrumented: __itt_get_timestamp
3819647 : 0x40e368f0228b27 : 2 : ittapi_config_apply_per_lib :  ITTAPI function not implemented: __itt_region_begin
3819647 : 0x40e368f02295a6 : 2 : ittapi_config_apply_per_lib :  ITTAPI function not implemented: __itt_region_end
3819647 : 0x40e368f0229f74 : 2 : ittapi_config_apply_per_lib :  ITTAPI function instrumented: __itt_frame_begin_v3
3819647 : 0x40e368f022a947 : 2 : ittapi_config_apply_per_lib :  ITTAPI function instrumented: __itt_frame_end_v3
3819647 : 0x40e368f022b2c4 : 2 : ittapi_config_apply_per_lib :  ITTAPI function instrumented: __itt_frame_submit_v3
3819647 : 0x40e368f022bdbb : 2 : ittapi_config_apply_per_lib :  ITTAPI function not implemented: __itt_task_group
3819647 : 0x40e368f022c7e2 : 2 : ittapi_config_apply_per_lib :  ITTAPI function instrumented: __itt_task_begin
3819647 : 0x40e368f022d1d5 : 2 : ittapi_config_apply_per_lib :  ITTAPI function instrumented: __itt_task_begin_fn
3819647 : 0x40e368f022ffdb : 2 : ittapi_config_apply_per_lib :  ITTAPI function instrumented: __itt_task_end
3819647 : 0x40e368f0230b8a : 2 : ittapi_config_apply_per_lib :  ITTAPI function not implemented: __itt_counter_inc_v3
3819647 : 0x40e368f02316a0 : 2 : ittapi_config_apply_per_lib :  ITTAPI function not implemented: __itt_counter_inc_delta_v3
3819647 : 0x40e368f02320e8 : 2 : ittapi_config_apply_per_lib :  ITTAPI function not implemented: __itt_counter_dec_v3
3819647 : 0x40e368f0232ad5 : 2 : ittapi_config_apply_per_lib :  ITTAPI function not implemented: __itt_counter_dec_delta_v3
3819647 : 0x40e368f02334ee : 2 : ittapi_config_apply_per_lib :  ITTAPI function not implemented: __itt_marker
3819647 : 0x40e368f0233ee8 : 2 : ittapi_config_apply_per_lib :  ITTAPI function instrumented: __itt_metadata_add
3819647 : 0x40e368f023492b : 2 : ittapi_config_apply_per_lib :  ITTAPI function not implemented: __itt_metadata_str_add
3819647 : 0x40e368f023535d : 2 : ittapi_config_apply_per_lib :  ITTAPI function not implemented: __itt_relation_add_to_current
3819647 : 0x40e368f0235d8f : 2 : ittapi_config_apply_per_lib :  ITTAPI function not implemented: __itt_relation_add
3819647 : 0x40e368f02387e9 : 2 : ittapi_config_apply_per_lib :  ITTAPI function instrumented: __itt_event_create
3819647 : 0x40e368f023921b : 2 : ittapi_config_apply_per_lib :  ITTAPI function instrumented: __itt_event_start
3819647 : 0x40e368f0239b61 : 2 : ittapi_config_apply_per_lib :  ITTAPI function instrumented: __itt_event_end
3819647 : 0x40e368f023a371 : 2 : ittapi_config_apply_per_lib :  ITTAPI function NOT instrumented (not matched by --itt-config option): __itt_sync_set_name

3819647 : 0x40e368f023ac13 : 2 : ittapi_config_apply_per_lib :  ITTAPI function NOT instrumented (not matched by --itt-config option): __itt_notify_sync_name

3819647 : 0x40e368f023b47a : 2 : ittapi_config_apply_per_lib :  ITTAPI function NOT instrumented (not matched by --itt-config option): __itt_notify_sync_prepare

3819647 : 0x40e368f023bca8 : 2 : ittapi_config_apply_per_lib :  ITTAPI function NOT instrumented (not matched by --itt-config option): __itt_notify_sync_cancel

3819647 : 0x40e368f023c4e7 : 2 : ittapi_config_apply_per_lib :  ITTAPI function NOT instrumented (not matched by --itt-config option): __itt_notify_sync_acquired

3819647 : 0x40e368f023cd15 : 2 : ittapi_config_apply_per_lib :  ITTAPI function NOT instrumented (not matched by --itt-config option): __itt_notify_sync_releasing

3819647 : 0x40e368f023d73e : 2 : ittapi_config_apply_per_lib :  ITTAPI function not implemented: __itt_memory_read
3819647 : 0x40e368f0241dd4 : 2 : ittapi_config_apply_per_lib :  ITTAPI function not implemented: __itt_memory_write
3819647 : 0x40e368f0242a40 : 2 : ittapi_config_apply_per_lib :  ITTAPI function not implemented: __itt_memory_update
3819647 : 0x40e368f02434bb : 2 : ittapi_config_apply_per_lib :  ITTAPI function not implemented: __itt_state_get
3819647 : 0x40e368f0243e9f : 2 : ittapi_config_apply_per_lib :  ITTAPI function not implemented: __itt_state_set
3819647 : 0x40e368f02448d0 : 2 : ittapi_config_apply_per_lib :  ITTAPI function not implemented: __itt_obj_mode_set
3819647 : 0x40e368f0245326 : 2 : ittapi_config_apply_per_lib :  ITTAPI function not implemented: __itt_thr_mode_set
3819647 : 0x40e368f0245c70 : 2 : ittapi_config_apply_per_lib :  ITTAPI function instrumented: __itt_frame_create
3819647 : 0x40e368f0246588 : 2 : ittapi_config_apply_per_lib :  ITTAPI function instrumented: __itt_pt_region_create
3819647 : 0x40e368f0246f30 : 2 : ittapi_config_apply_per_lib :  ITTAPI function instrumented: __itt_frame_begin
3819647 : 0x40e368f02478a8 : 2 : ittapi_config_apply_per_lib :  ITTAPI function instrumented: __itt_frame_end
3819647 : 0x40e368f024a782 : 2 : ittapi_config_apply_per_lib :  ITTAPI function not implemented: __itt_counter_destroy
3819647 : 0x40e368f024b255 : 2 : ittapi_config_apply_per_lib :  ITTAPI function instrumented: __itt_counter_inc
3819647 : 0x40e368f024bbb4 : 2 : ittapi_config_apply_per_lib :  ITTAPI function instrumented: __itt_counter_inc_delta
3819647 : 0x40e368f024c541 : 2 : ittapi_config_apply_per_lib :  ITTAPI function instrumented: __itt_counter_dec
3819647 : 0x40e368f024cf3a : 2 : ittapi_config_apply_per_lib :  ITTAPI function instrumented: __itt_counter_dec_delta
3819647 : 0x40e368f024da18 : 2 : ittapi_config_apply_per_lib :  ITTAPI function instrumented: __itt_counter_set_value
3819647 : 0x40e368f024e540 : 2 : ittapi_config_apply_per_lib :  ITTAPI function not implemented: __itt_counter_set_value_ex
3819647 : 0x40e368f024ef62 : 2 : ittapi_config_apply_per_lib :  ITTAPI function not implemented: __itt_mark_create
3819647 : 0x40e368f024f9e6 : 2 : ittapi_config_apply_per_lib :  ITTAPI function not implemented: __itt_mark
3819647 : 0x40e368f02504aa : 2 : ittapi_config_apply_per_lib :  ITTAPI function not implemented: __itt_mark_off
3819647 : 0x40e368f0253120 : 2 : ittapi_config_apply_per_lib :  ITTAPI function not implemented: __itt_mark_global
3819647 : 0x40e368f0253bd0 : 2 : ittapi_config_apply_per_lib :  ITTAPI function not implemented: __itt_mark_global_off
3819647 : 0x40e368f02544c0 : 2 : ittapi_config_apply_per_lib :  ITTAPI function NOT instrumented (not matched by --itt-config option): __itt_stack_caller_create

3819647 : 0x40e368f0254d97 : 2 : ittapi_config_apply_per_lib :  ITTAPI function NOT instrumented (not matched by --itt-config option): __itt_stack_caller_destroy

3819647 : 0x40e368f02555e3 : 2 : ittapi_config_apply_per_lib :  ITTAPI function NOT instrumented (not matched by --itt-config option): __itt_stack_callee_enter

3819647 : 0x40e368f0255e42 : 2 : ittapi_config_apply_per_lib :  ITTAPI function NOT instrumented (not matched by --itt-config option): __itt_stack_callee_leave

3819647 : 0x40e368f02568a9 : 2 : ittapi_config_apply_per_lib :  ITTAPI function not implemented: __itt_clock_domain_create
3819647 : 0x40e368f0257353 : 2 : ittapi_config_apply_per_lib :  ITTAPI function not implemented: __itt_clock_domain_reset
3819647 : 0x40e368f0257d21 : 2 : ittapi_config_apply_per_lib :  ITTAPI function not implemented: __itt_id_create_ex
3819647 : 0x40e368f025872f : 2 : ittapi_config_apply_per_lib :  ITTAPI function not implemented: __itt_id_destroy_ex
3819647 : 0x40e368f025c4ba : 2 : ittapi_config_apply_per_lib :  ITTAPI function not implemented: __itt_task_begin_ex
3819647 : 0x40e368f025d072 : 2 : ittapi_config_apply_per_lib :  ITTAPI function not implemented: __itt_task_begin_fn_ex
3819647 : 0x40e368f025db37 : 2 : ittapi_config_apply_per_lib :  ITTAPI function not implemented: __itt_task_end_ex
3819647 : 0x40e368f025e4f2 : 2 : ittapi_config_apply_per_lib :  ITTAPI function instrumented: __itt_task_begin_overlapped
3819647 : 0x40e368f025ef41 : 2 : ittapi_config_apply_per_lib :  ITTAPI function not implemented: __itt_task_begin_overlapped_ex
3819647 : 0x40e368f025fa17 : 2 : ittapi_config_apply_per_lib :  ITTAPI function instrumented: __itt_task_end_overlapped
3819647 : 0x40e368f0260461 : 2 : ittapi_config_apply_per_lib :  ITTAPI function not implemented: __itt_task_end_overlapped_ex
3819647 : 0x40e368f0260e6d : 2 : ittapi_config_apply_per_lib :  ITTAPI function not implemented: __itt_marker_ex
3819647 : 0x40e368f0261914 : 2 : ittapi_config_apply_per_lib :  ITTAPI function not implemented: __itt_metadata_add_with_scope
3819647 : 0x40e368f02624cc : 2 : ittapi_config_apply_per_lib :  ITTAPI function not implemented: __itt_metadata_str_add_with_scope
3819647 : 0x40e368f02651d6 : 2 : ittapi_config_apply_per_lib :  ITTAPI function not implemented: __itt_relation_add_to_current_ex
3819647 : 0x40e368f0265ce6 : 2 : ittapi_config_apply_per_lib :  ITTAPI function not implemented: __itt_relation_add_ex
3819647 : 0x40e368f0266787 : 2 : ittapi_config_apply_per_lib :  ITTAPI function not implemented: __itt_track_group_create
3819647 : 0x40e368f0267105 : 2 : ittapi_config_apply_per_lib :  ITTAPI function not implemented: __itt_track_create
3819647 : 0x40e368f0267aeb : 2 : ittapi_config_apply_per_lib :  ITTAPI function not implemented: __itt_set_track
3819647 : 0x40e368f02684dc : 2 : ittapi_config_apply_per_lib :  ITTAPI function instrumented: __itt_api_version
3819647 : 0x40e368f0268ee8 : 2 : ittapi_config_apply_per_lib :  ITTAPI function not implemented: __itt_av_save
3819647 : 0x40e368f0269906 : 2 : ittapi_config_apply_per_lib :  ITTAPI function instrumented: __itt_module_load
3819647 : 0x40e368f026a2f2 : 2 : ittapi_config_apply_per_lib :  ITTAPI function not implemented: __itt_module_unload