
3822096 : 0x40e386f72cdd6f : 1 : spill_jit_data :  Jit agent is not initialized
3822096 : 0x40e386f72e0379 : 2 : ittapi_config_mask_get :  --itt-config mask to be applied: 39
3822096 : 0x40e386f72e240d : 2 : ittapi_config_apply_per_lib :  ITTAPI function instrumented: __itt_domain_create
3822096 : 0x40e386f72e3695 : 2 : ittapi_config_apply_per_lib :  ITTAPI function instrumented: __itt_module_load_with_sections
3822096 : 0x40e386f72e518f : 2 : ittapi_config_apply_per_lib :  ITTAPI function not implemented: __itt_module_unload_with_sections
3822096 : 0x40e386f72e636d : 2 : ittapi_config_apply_per_lib :  ITTAPI function instrumented: __itt_string_handle_create
3822096 : 0x40e386f72e9589 : 2 : ittapi_config_apply_per_lib :  ITTAPI function instrumented: __itt_counter_create
3822096 : 0x40e386f72ea3f3 : 2 : ittapi_config_apply_per_lib :  ITTAPI function instrumented: __itt_counter_create_typed
3822096 : 0x40e386f72eafe9 : 2 : ittapi_config_apply_per_lib :  ITTAPI function instrumented: __itt_pause
3822096 : 0x40e386f72ebc7e : 2 : ittapi_config_apply_per_lib :  ITTAPI function instrumented: __itt_resume
3822096 : 0x40e386f72ffb97 : 2 : ittapi_config_apply_per_lib :  ITTAPI function instrumented: __itt_thread_set_name
3822096 : 0x40e386f7300cea : 2 : ittapi_config_apply_per_lib :  ITTAPI function instrumented: __itt_thread_ignore
3822096 : 0x40e386f730192d : 2 : ittapi_config_apply_per_lib :  ITTAPI function instrumented: __itt_thr_name_set
3822096 : 0x40e386f73025f2 : 2 : ittapi_config_apply_per_lib :  ITTAPI function instrumented: __itt_thr_ignore
3822096 : 0x40e386f7303871 : 2 : ittapi_config_apply_per_lib :  ITTAPI function not implemented: __itt_enable_attach
3822096 : 0x40e386f7304642 : 2 : ittapi_config_apply_per_lib :  ITTAPI function instrumented: __itt_detach
3822096 : 0x40e386f7305191 : 2 : ittapi_config_apply_per_lib :  ITTAPI function NOT instrumented (not matched by --itt-config option): __itt_sync_create

3822096 : 0x40e386f7305dfb : 2 : ittapi_config_apply_per_lib :  ITTAPI function NOT instrumented (not matched by --itt-config option): __itt_sync_rename

3822096 : 0x40e386f73067cd : 2 : ittapi_config_apply_per_lib :  ITTAPI function NOT instrumented (not matched by --itt-config option): __itt_sync_destroy

3822096 : 0x40e386f730720f : 2 : ittapi_config_apply_per_lib :  ITTAPI function NOT instrumented (not matched by --itt-config option): __itt_sync_prepare

3822096 : 0x40e386f730b7bd : 2 : ittapi_config_apply_per_lib :  ITTAPI function NOT instrumented (not matched by --itt-config option): __itt_sync_cancel

3822096 : 0x40e386f730c411 : 2 : ittapi_config_apply_per_lib :  ITTAPI function NOT instrumented (not matched by --itt-config option): __itt_sync_acquired

3822096 : 0x40e386f730ce85 : 2 : ittapi_config_apply_per_lib :  ITTAPI function NOT instrumented (not matched by --itt-config option): __itt_sync_releasing

3822096 : 0x40e386f730df4a : 2 : ittapi_config_apply_per_lib :  ITTAPI function not implemented: __itt_suppress_push
3822096 : 0x40e386f730f118 : 2 : ittapi_config_apply_per_lib :  ITTAPI function not implemented: __itt_suppress_pop
3822096 : 0x40e386f73100ae : 2 : ittapi_config_apply_per_lib :  ITTAPI function not implemented: __itt_suppress_mark_range
3822096 : 0x40e386f731138a : 2 : ittapi_config_apply_per_lib :  ITTAPI function not implemented: __itt_suppress_clear_range
3822096 : 0x40e386f7311e4c : 2 : ittapi_config_apply_per_lib :  ITTAPI function NOT instrumented (not matched by --itt-config option): __itt_sync_prepare

3822096 : 0x40e386f7312891 : 2 : ittapi_config_apply_per_lib :  ITTAPI function NOT instrumented (not matched by --itt-config option): __itt_sync_cancel

3822096 : 0x40e386f7313302 : 2 : ittapi_config_apply_per_lib :  ITTAPI function NOT instrumented (not matched by --itt-config option): __itt_sync_acquired

3822096 : 0x40e386f73170c7 : 2 : ittapi_config_apply_per_lib :  ITTAPI function NOT instrumented (not matched by --itt-config option): __itt_sync_releasing

3822096 : 0x40e386f7318036 : 2 : ittapi_config_apply_per_lib :  ITTAPI function NOT instrumented (not matched by --itt-config option): __itt_model_site_begin

3822096 : 0x40e386f7318c71 : 2 : ittapi_config_apply_per_lib :  ITTAPI function NOT instrumented (not matched by --itt-config option): __itt_model_site_end

3822096 : 0x40e386f731975d : 2 : ittapi_config_apply_per_lib :  ITTAPI function NOT instrumented (not matched by --itt-config option): __itt_model_task_begin

3822096 : 0x40e386f731a2c6 : 2 : ittapi_config_apply_per_lib :  ITTAPI function NOT instrumented (not matched by --itt-config option): __itt_model_task_end

3822096 : 0x40e386f731ad6e : 2 : ittapi_config_apply_per_lib :  ITTAPI function NOT instrumented (not matched by --itt-config option): __itt_model_lock_acquire

3822096 : 0x40e386f731bdf8 : 2 : ittapi_config_apply_per_lib :  ITTAPI function NOT instrumented (not matched by --itt-config option): __itt_model_lock_release

3822096 : 0x40e386f731c698 : 2 : ittapi_config_apply_per_lib :  ITTAPI function NOT instrumented (not matched by --itt-config option): __itt_model_record_allocation

3822096 : 0x40e386f731ce1d : 2 : ittapi_config_apply_per_lib :  ITTAPI function NOT instrumented (not matched by --itt-config option): __itt_model_record_deallocation

3822096 : 0x40e386f731d59e : 2 : ittapi_config_apply_per_lib :  ITTAPI function NOT instrumented (not matched by --itt-config option): __itt_model_induction_uses

3822096 : 0x40e386f7322ba3 : 2 : ittapi_config_apply_per_lib :  ITTAPI function NOT instrumented (not matched by --itt-config option): __itt_model_reduction_uses

3822096 : 0x40e386f73235a9 : 2 : ittapi_config_apply_per_lib :  ITTAPI function NOT instrumented (not matched by --itt-config option): __itt_model_observe_uses

3822096 : 0x40e386f7323d6c : 2 : ittapi_config_apply_per_lib :  ITTAPI function NOT instrumented (not matched by --itt-config option): __itt_model_clear_uses

3822096 : 0x40e386f732450f : 2 : ittapi_config_apply_per_lib :  ITTAPI function NOT instrumented (not matched by --itt-config option): __itt_model_site_beginA

3822096 : 0x40e386f7324cf4 : 2 : ittapi_config_apply_per_lib :  ITTAPI function NOT instrumented (not matched by --itt-config option): __itt_model_site_beginAL

3822096 : 0x40e386f73254d7 : 2 : ittapi_config_apply_per_lib :  ITTAPI function NOT instrumented (not matched by --itt-config option): __itt_model_task_beginA

3822096 : 0x40e386f7325c77 : 2 : ittapi_config_apply_per_lib :  ITTAPI function NOT instrumented (not matched by --itt-config option): __itt_model_task_beginAL

3822096 : 0x40e386f732641c : 2 : ittapi_config_apply_per_lib :  ITTAPI function NOT instrumented (not matched by --itt-config option): __itt_model_iteration_taskA

3822096 : 0x40e386f7326ba1 : 2 : ittapi_config_apply_per_lib :  ITTAPI function NOT instrumented (not matched by --itt-config option): __itt_model_iteration_taskAL

3822096 : 0x40e386f73273ca : 2 : ittapi_config_apply_per_lib :  ITTAPI function NOT instrumented (not matched by --itt-config option): __itt_model_site_end_2

3822096 : 0x40e386f7329c75 : 2 : ittapi_config_apply_per_lib :  ITTAPI function NOT instrumented (not matched by --itt-config option): __itt_model_task_end_2

3822096 : 0x40e386f732a463 : 2 : ittapi_config_apply_per_lib :  ITTAPI function NOT instrumented (not matched by --itt-config option): __itt_model_lock_acquire_2

3822096 : 0x40e386f732ac2c : 2 : ittapi_config_apply_per_lib :  ITTAPI function NOT instrumented (not matched by --itt-config option): __itt_model_lock_release_2

3822096 : 0x40e386f732b406 : 2 : ittapi_config_apply_per_lib :  ITTAPI function NOT instrumented (not matched by --itt-config option): __itt_model_aggregate_task

3822096 : 0x40e386f732bbc0 : 2 : ittapi_config_apply_per_lib :  ITTAPI function NOT instrumented (not matched by --itt-config option): __itt_model_disable_push

3822096 : 0x40e386f732c366 : 2 : ittapi_config_apply_per_lib :  ITTAPI function NOT instrumented (not matched by --itt-config option): __itt_model_disable_pop

3822096 : 0x40e386f732cdbc : 2 : ittapi_config_apply_per_lib :  ITTAPI function instrumented: __itt_heap_function_create
3822096 : 0x40e386f732d6d8 : 2 : ittapi_config_apply_per_lib :  ITTAPI function instrumented: __itt_heap_allocate_begin
3822096 : 0x40e386f732dfde : 2 : ittapi_config_apply_per_lib :  ITTAPI function instrumented: __itt_heap_allocate_end
3822096 : 0x40e386f732e92d : 2 : ittapi_config_apply_per_lib :  ITTAPI function instrumented: __itt_heap_free_begin
3822096 : 0x40e386f7332266 : 2 : ittapi_config_apply_per_lib :  ITTAPI function instrumented: __itt_heap_free_end
3822096 : 0x40e386f7332c1b : 2 : ittapi_config_apply_per_lib :  ITTAPI function instrumented: __itt_heap_reallocate_begin
3822096 : 0x40e386f7333474 : 2 : ittapi_config_apply_per_lib :  ITTAPI function instrumented: __itt_heap_reallocate_end
3822096 : 0x40e386f7333f9e : 2 : ittapi_config_apply_per_lib :  ITTAPI function not implemented: __itt_heap_internal_access_begin
3822096 : 0x40e386f733494e : 2 : ittapi_config_apply_per_lib :  ITTAPI function not implemented: __itt_heap_internal_access_end
3822096 : 0x40e386f73353a8 : 2 : ittapi_config_apply_per_lib :  ITTAPI function not implemented: __itt_heap_record_memory_growth_begin
3822096 : 0x40e386f7335dbf : 2 : ittapi_config_apply_per_lib :  ITTAPI function not implemented: __itt_heap_record_memory_growth_end
3822096 : 0x40e386f733677d : 2 : ittapi_config_apply_per_lib :  ITTAPI function not implemented: __itt_heap_reset_detection
3822096 : 0x40e386f7337243 : 2 : ittapi_config_apply_per_lib :  ITTAPI function not implemented: __itt_heap_record
3822096 : 0x40e386f7337baf : 2 : ittapi_config_apply_per_lib :  ITTAPI function not implemented: __itt_id_create
3822096 : 0x40e386f733a6cd : 2 : ittapi_config_apply_per_lib :  ITTAPI function not implemented: __itt_id_destroy
3822096 : 0x40e386f733b267 : 2 : ittapi_config_apply_per_lib :  ITTAPI function instrumented: __itt_get_timestamp
3822096 : 0x40e386f733bc77 : 2 : ittapi_config_apply_per_lib :  ITTAPI function not implemented: __itt_region_begin
3822096 : 0x40e386f733c624 : 2 : ittapi_config_apply_per_lib :  ITTAPI function not implemented: __itt_region_end
3822096 : 0x40e386f733cf88 : 2 : ittapi_config_apply_per_lib :  ITTAPI function instrumented: __itt_frame_begin_v3
3822096 : 0x40e386f733d89b : 2 : ittapi_config_apply_per_lib :  ITTAPI function instrumented: __itt_frame_end_v3
3822096 : 0x40e386f733e190 : 2 : ittapi_config_apply_per_lib :  ITTAPI function instrumented: __itt_frame_submit_v3
3822096 : 0x40e386f733eb8a : 2 : ittapi_config_apply_per_lib :  ITTAPI function not implemented: __itt_task_group
3822096 : 0x40e386f733f4ed : 2 : ittapi_config_apply_per_lib :  ITTAPI function instrumented: __itt_task_begin
3822096 : 0x40e386f733fd8b : 2 : ittapi_config_apply_per_lib :  ITTAPI function instrumented: __itt_task_begin_fn
3822096 : 0x40e386f73426ba : 2 : ittapi_config_apply_per_lib :  ITTAPI function instrumented: __itt_task_end
3822096 : 0x40e386f7343166 : 2 : ittapi_config_apply_per_lib :  ITTAPI function not implemented: __itt_counter_inc_v3
3822096 : 0x40e386f7343b81 : 2 : ittapi_config_apply_per_lib :  ITTAPI function not implemented: __itt_counter_inc_delta_v3
3822096 : 0x40e386f734450d : 2 : ittapi_config_apply_per_lib :  ITTAPI function not implemented: __itt_counter_dec_v3
3822096 : 0x40e386f7344e27 : 2 : ittapi_config_apply_per_lib :  ITTAPI function not implemented: __itt_counter_dec_delta_v3
3822096 : 0x40e386f73457b9 : 2 : ittapi_config_apply_per_lib :  ITTAPI function not implemented: __itt_marker
3822096 : 0x40e386f734608d : 2 : ittapi_config_apply_per_lib :  ITTAPI function instrumented: __itt_metadata_add
3822096 : 0x40e386f73469da : 2 : ittapi_config_apply_per_lib :  ITTAPI function not implemented: __itt_metadata_str_add
3822096 : 0x40e386f734737f : 2 : ittapi_config_apply_per_lib :  ITTAPI function not implemented: __itt_relation_add_to_current
3822096 : 0x40e386f7347d68 : 2 : ittapi_config_apply_per_lib :  ITTAPI function not implemented: __itt_relation_add
3822096 : 0x40e386f734a484 : 2 : ittapi_config_apply_per_lib :  ITTAPI function instrumented: __itt_event_create
3822096 : 0x40e386f734adef : 2 : ittapi_config_apply_per_lib :  ITTAPI function instrumented: __itt_event_start
3822096 : 0x40e386f734b7c6 : 2 : ittapi_config_apply_per_lib :  ITTAPI function instrumented: __itt_event_end
3822096 : 0x40e386f734bf48 : 2 : ittapi_config_apply_per_lib :  ITTAPI function NOT instrumented (not matched by --itt-config option): __itt_sync_set_name

3822096 : 0x40e386f734c75b : 2 : ittapi_config_apply_per_lib :  ITTAPI function NOT instrumented (not matched by --itt-config option): __itt_notify_sync_name

3822096 : 0x40e386f734cee8 : 2 : ittapi_config_apply_per_lib :  ITTAPI function NOT instrumented (not matched by --itt-config option): __itt_notify_sync_prepare

3822096 : 0x40e386f734d672 : 2 : ittapi_config_apply_per_lib :  ITTAPI function NOT instrumented (not matched by --itt-config option): __itt_notify_sync_cancel

3822096 : 0x40e386f734de08 : 2 : ittapi_config_apply_per_lib :  ITTAPI function NOT instrumented (not matched by --itt-config option): __itt_notify_sync_acquired

3822096 : 0x40e386f734e59e : 2 : ittapi_config_apply_per_lib :  ITTAPI function NOT instrumented (not matched by --itt-config option): __itt_notify_sync_releasing

3822096 : 0x40e386f734ef5a : 2 : ittapi_config_apply_per_lib :  ITTAPI function not implemented: __itt_memory_read
3822096 : 0x40e386f7352814 : 2 : ittapi_config_apply_per_lib :  ITTAPI function not implemented: __itt_memory_write
3822096 : 0x40e386f73532c6 : 2 : ittapi_config_apply_per_lib :  ITTAPI function not implemented: __itt_memory_update
3822096 : 0x40e386f7353ee1 : 2 : ittapi_config_apply_per_lib :  ITTAPI function not implemented: __itt_state_get
3822096 : 0x40e386f73547e4 : 2 : ittapi_config_apply_per_lib :  ITTAPI function not implemented: __itt_state_set
3822096 : 0x40e386f7355182 : 2 : ittapi_config_apply_per_lib :  ITTAPI function not implemented: __itt_obj_mode_set
3822096 : 0x40e386f7355cd4 : 2 : ittapi_config_apply_per_lib :  ITTAPI function not implemented: __itt_thr_mode_set
3822096 : 0x40e386f73566ea : 2 : ittapi_config_apply_per_lib :  ITTAPI function instrumented: __itt_frame_create
3822096 : 0x40e386f7356f4b : 2 : ittapi_config_apply_per_lib :  ITTAPI function instrumented: __itt_pt_region_create
3822096 : 0x40e386f7357847 : 2 : ittapi_config_apply_per_lib :  ITTAPI function instrumented: __itt_frame_begin
3822096 : 0x40e386f73580fd : 2 : ittapi_config_apply_per_lib :  ITTAPI function instrumented: __itt_frame_end
3822096 : 0x40e386f735aad0 : 2 : ittapi_config_apply_per_lib :  ITTAPI function not implemented: __itt_counter_destroy
3822096 : 0x40e386f735b450 : 2 : ittapi_config_apply_per_lib :  ITTAPI function instrumented: __itt_counter_inc
3822096 : 0x40e386f735bcf6 : 2 : ittapi_config_apply_per_lib :  ITTAPI function instrumented: __itt_counter_inc_delta
3822096 : 0x40e386f735c5a2 : 2 : ittapi_config_apply_per_lib :  ITTAPI function instrumented: __itt_counter_dec
3822096 : 0x40e386f735cefb : 2 : ittapi_config_apply_per_lib :  ITTAPI function instrumented: __itt_counter_dec_delta
3822096 : 0x40e386f735d833 : 2 : ittapi_config_apply_per_lib :  ITTAPI function instrumented: __itt_counter_set_value
3822096 : 0x40e386f735e165 : 2 : ittapi_config_apply_per_lib :  ITTAPI function not implemented: __itt_counter_set_value_ex
3822096 : 0x40e386f735ea33 : 2 : ittapi_config_apply_per_lib :  ITTAPI function not implemented: __itt_mark_create
3822096 : 0x40e386f735f45d : 2 : ittapi_config_apply_per_lib :  ITTAPI function not implemented: __itt_mark
3822096 : 0x40e386f735fe78 : 2 : ittapi_config_apply_per_lib :  ITTAPI function not implemented: __itt_mark_off
3822096 : 0x40e386f7362d3c : 2 : ittapi_config_apply_per_lib :  ITTAPI function not implemented: __itt_mark_global
3822096 : 0x40e386f7363837 : 2 : ittapi_config_apply_per_lib :  ITTAPI function not implemented: __itt_mark_global_off
3822096 : 0x40e386f736ab2b : 2 : ittapi_config_apply_per_lib :  ITTAPI function NOT instrumented (not matched by --itt-config option): __itt_stack_caller_create

3822096 : 0x40e386f736b80d : 2 : ittapi_config_apply_per_lib :  ITTAPI function NOT instrumented (not matched by --itt-config option): __itt_stack_caller_destroy

3822096 : 0x40e386f736c194 : 2 : ittapi_config_apply_per_lib :  ITTAPI function NOT instrumented (not matched by --itt-config option): __itt_stack_callee_enter

3822096 : 0x40e386f736c958 : 2 : ittapi_config_apply_per_lib :  ITTAPI function NOT instrumented (not matched by --itt-config option): __itt_stack_callee_leave

3822096 : 0x40e386f736d47c : 2 : ittapi_config_apply_per_lib :  ITTAPI function not implemented: __itt_clock_domain_create
3822096 : 0x40e386f736de55 : 2 : ittapi_config_apply_per_lib :  ITTAPI function not implemented: __itt_clock_domain_reset
3822096 : 0x40e386f736e76c : 2 : ittapi_config_apply_per_lib :  ITTAPI function not implemented: __itt_id_create_ex
3822096 : 0x40e386f736f0cb : 2 : ittapi_config_apply_per_lib :  ITTAPI function not implemented: __itt_id_destroy_ex
3822096 : 0x40e386f7373d7e : 2 : ittapi_config_apply_per_lib :  ITTAPI function not implemented: __itt_task_begin_ex
3822096 : 0x40e386f7374823 : 2 : ittapi_config_apply_per_lib :  ITTAPI function not implemented: __itt_task_begin_fn_ex
3822096 : 0x40e386f73751cf : 2 : ittapi_config_apply_per_lib :  ITTAPI function not implemented: __itt_task_end_ex
3822096 : 0x40e386f7375b80 : 2 : ittapi_config_apply_per_lib :  ITTAPI function instrumented: __itt_task_begin_overlapped
3822096 : 0x40e386f737659d : 2 : ittapi_config_apply_per_lib :  ITTAPI function not implemented: __itt_task_begin_overlapped_ex
3822096 : 0x40e386f7376fc2 : 2 : ittapi_config_apply_per_lib :  ITTAPI function instrumented: __itt_task_end_overlapped
3822096 : 0x40e386f7377940 : 2 : ittapi_config_apply_per_lib :  ITTAPI function not implemented: __itt_task_end_overlapped_ex
3822096 : 0x40e386f73782a2 : 2 : ittapi_config_apply_per_lib :  ITTAPI function not implemented: __itt_marker_ex
3822096 : 0x40e386f7378c67 : 2 : ittapi_config_apply_per_lib :  ITTAPI function not implemented: __itt_metadata_add_with_scope
3822096 : 0x40e386f7379650 : 2 : ittapi_config_apply_per_lib :  ITTAPI function not implemented: __itt_metadata_str_add_with_scope
3822096 : 0x40e386f737c266 : 2 : ittapi_config_apply_per_lib :  ITTAPI function not implemented: __itt_relation_add_to_current_ex
3822096 : 0x40e386f737cc36 : 2 : ittapi_config_apply_per_lib :  ITTAPI function not implemented: __itt_relation_add_ex
3822096 : 0x40e386f737d57c : 2 : ittapi_config_apply_per_lib :  ITTAPI function not implemented: __itt_track_group_create
3822096 : 0x40e386f737de11 : 2 : ittapi_config_apply_per_lib :  ITTAPI function not implemented: __itt_track_create
3822096 : 0x40e386f737e74c : 2 : ittapi_config_apply_per_lib :  ITTAPI function not implemented: __itt_set_track
3822096 : 0x40e386f737f054 : 2 : ittapi_config_apply_per_lib :  ITTAPI function instrumented: __itt_api_version
3822096 : 0x40e386f737f985 : 2 : ittapi_config_apply_per_lib :  ITTAPI function not implemented: __itt_av_save
3822096 : 0x40e386f73802d6 : 2 : ittapi_config_apply_per_lib :  ITTAPI function instrumented: __itt_module_load
3822096 : 0x40e386f7380c28 : 2 : ittapi_config_apply_per_lib :  ITTAPI function not implemented: __itt_module_unload