
3819115 : 0x40e36136d333ba : 1 : spill_jit_data :  Jit agent is not initialized
3819115 : 0x40e36136d48f01 : 2 : ittapi_config_mask_get :  --itt-config mask to be applied: 39
3819115 : 0x40e36136d4ad13 : 2 : ittapi_config_apply_per_lib :  ITTAPI function instrumented: __itt_domain_create
3819115 : 0x40e36136d4bf49 : 2 : ittapi_config_apply_per_lib :  ITTAPI function instrumented: __itt_module_load_with_sections
3819115 : 0x40e36136d4d84e : 2 : ittapi_config_apply_per_lib :  ITTAPI function not implemented: __itt_module_unload_with_sections
3819115 : 0x40e36136d4ebc3 : 2 : ittapi_config_apply_per_lib :  ITTAPI function instrumented: __itt_string_handle_create
3819115 : 0x40e36136d4fa89 : 2 : ittapi_config_apply_per_lib :  ITTAPI function instrumented: __itt_counter_create
3819115 : 0x40e36136d50790 : 2 : ittapi_config_apply_per_lib :  ITTAPI function instrumented: __itt_counter_create_typed
3819115 : 0x40e36136d515f8 : 2 : ittapi_config_apply_per_lib :  ITTAPI function instrumented: __itt_pause
3819115 : 0x40e36136d5233e : 2 : ittapi_config_apply_per_lib :  ITTAPI function instrumented: __itt_resume
3819115 : 0x40e36136d662db : 2 : ittapi_config_apply_per_lib :  ITTAPI function instrumented: __itt_thread_set_name
3819115 : 0x40e36136d6787a : 2 : ittapi_config_apply_per_lib :  ITTAPI function instrumented: __itt_thread_ignore
3819115 : 0x40e36136d686c0 : 2 : ittapi_config_apply_per_lib :  ITTAPI function instrumented: __itt_thr_name_set
3819115 : 0x40e36136d694fe : 2 : ittapi_config_apply_per_lib :  ITTAPI function instrumented: __itt_thr_ignore
3819115 : 0x40e36136d6a8c8 : 2 : ittapi_config_apply_per_lib :  ITTAPI function not implemented: __itt_enable_attach
3819115 : 0x40e36136d6b764 : 2 : ittapi_config_apply_per_lib :  ITTAPI function instrumented: __itt_detach
3819115 : 0x40e36136d6c3d0 : 2 : ittapi_config_apply_per_lib :  ITTAPI function NOT instrumented (not matched by --itt-config option): __itt_sync_create

3819115 : 0x40e36136d6d0fc : 2 : ittapi_config_apply_per_lib :  ITTAPI function NOT instrumented (not matched by --itt-config option): __itt_sync_rename

3819115 : 0x40e36136d6dc41 : 2 : ittapi_config_apply_per_lib :  ITTAPI function NOT instrumented (not matched by --itt-config option): __itt_sync_destroy

3819115 : 0x40e36136d6e84c : 2 : ittapi_config_apply_per_lib :  ITTAPI function NOT instrumented (not matched by --itt-config option): __itt_sync_prepare

3819115 : 0x40e36136d737fe : 2 : ittapi_config_apply_per_lib :  ITTAPI function NOT instrumented (not matched by --itt-config option): __itt_sync_cancel

3819115 : 0x40e36136d744c5 : 2 : ittapi_config_apply_per_lib :  ITTAPI function NOT instrumented (not matched by --itt-config option): __itt_sync_acquired

3819115 : 0x40e36136d75003 : 2 : ittapi_config_apply_per_lib :  ITTAPI function NOT instrumented (not matched by --itt-config option): __itt_sync_releasing

3819115 : 0x40e36136d7609e : 2 : ittapi_config_apply_per_lib :  ITTAPI function not implemented: __itt_suppress_push
3819115 : 0x40e36136d77358 : 2 : ittapi_config_apply_per_lib :  ITTAPI function not implemented: __itt_suppress_pop
3819115 : 0x40e36136d782d5 : 2 : ittapi_config_apply_per_lib :  ITTAPI function not implemented: __itt_suppress_mark_range
3819115 : 0x40e36136d79339 : 2 : ittapi_config_apply_per_lib :  ITTAPI function not implemented: __itt_suppress_clear_range
3819115 : 0x40e36136d79ef8 : 2 : ittapi_config_apply_per_lib :  ITTAPI function NOT instrumented (not matched by --itt-config option): __itt_sync_prepare

3819115 : 0x40e36136d7aa25 : 2 : ittapi_config_apply_per_lib :  ITTAPI function NOT instrumented (not matched by --itt-config option): __itt_sync_cancel

3819115 : 0x40e36136d7b53b : 2 : ittapi_config_apply_per_lib :  ITTAPI function NOT instrumented (not matched by --itt-config option): __itt_sync_acquired

3819115 : 0x40e36136d7f7d0 : 2 : ittapi_config_apply_per_lib :  ITTAPI function NOT instrumented (not matched by --itt-config option): __itt_sync_releasing

3819115 : 0x40e36136d8051e : 2 : ittapi_config_apply_per_lib :  ITTAPI function NOT instrumented (not matched by --itt-config option): __itt_model_site_begin

3819115 : 0x40e36136d81141 : 2 : ittapi_config_apply_per_lib :  ITTAPI function NOT instrumented (not matched by --itt-config option): __itt_model_site_end

3819115 : 0x40e36136d81cc4 : 2 : ittapi_config_apply_per_lib :  ITTAPI function NOT instrumented (not matched by --itt-config option): __itt_model_task_begin

3819115 : 0x40e36136d82852 : 2 : ittapi_config_apply_per_lib :  ITTAPI function NOT instrumented (not matched by --itt-config option): __itt_model_task_end

3819115 : 0x40e36136d83481 : 2 : ittapi_config_apply_per_lib :  ITTAPI function NOT instrumented (not matched by --itt-config option): __itt_model_lock_acquire

3819115 : 0x40e36136d84005 : 2 : ittapi_config_apply_per_lib :  ITTAPI function NOT instrumented (not matched by --itt-config option): __itt_model_lock_release

3819115 : 0x40e36136d84bd1 : 2 : ittapi_config_apply_per_lib :  ITTAPI function NOT instrumented (not matched by --itt-config option): __itt_model_record_allocation

3819115 : 0x40e36136d8572e : 2 : ittapi_config_apply_per_lib :  ITTAPI function NOT instrumented (not matched by --itt-config option): __itt_model_record_deallocation

3819115 : 0x40e36136d862c0 : 2 : ittapi_config_apply_per_lib :  ITTAPI function NOT instrumented (not matched by --itt-config option): __itt_model_induction_uses

3819115 : 0x40e36136d8cdf6 : 2 : ittapi_config_apply_per_lib :  ITTAPI function NOT instrumented (not matched by --itt-config option): __itt_model_reduction_uses

3819115 : 0x40e36136d8dc2d : 2 : ittapi_config_apply_per_lib :  ITTAPI function NOT instrumented (not matched by --itt-config option): __itt_model_observe_uses

3819115 : 0x40e36136d8e828 : 2 : ittapi_config_apply_per_lib :  ITTAPI function NOT instrumented (not matched by --itt-config option): __itt_model_clear_uses

3819115 : 0x40e36136d8f3d9 : 2 : ittapi_config_apply_per_lib :  ITTAPI function NOT instrumented (not matched by --itt-config option): __itt_model_site_beginA

3819115 : 0x40e36136d8ff8f : 2 : ittapi_config_apply_per_lib :  ITTAPI function NOT instrumented (not matched by --itt-config option): __itt_model_site_beginAL

3819115 : 0x40e36136d90bb9 : 2 : ittapi_config_apply_per_lib :  ITTAPI function NOT instrumented (not matched by --itt-config option): __itt_model_task_beginA

3819115 : 0x40e36136d91754 : 2 : ittapi_config_apply_per_lib :  ITTAPI function NOT instrumented (not matched by --itt-config option): __itt_model_task_beginAL

3819115 : 0x40e36136d922e0 : 2 : ittapi_config_apply_per_lib :  ITTAPI function NOT instrumented (not matched by --itt-config option): __itt_model_iteration_taskA

3819115 : 0x40e36136d92e4f : 2 : ittapi_config_apply_per_lib :  ITTAPI function NOT instrumented (not matched by --itt-config option): __itt_model_iteration_taskAL

3819115 : 0x40e36136d93a28 : 2 : ittapi_config_apply_per_lib :  ITTAPI function NOT instrumented (not matched by --itt-config option): __itt_model_site_end_2

3819115 : 0x40e36136d97dc1 : 2 : ittapi_config_apply_per_lib :  ITTAPI function NOT instrumented (not matched by --itt-config option): __itt_model_task_end_2

3819115 : 0x40e36136d989c2 : 2 : ittapi_config_apply_per_lib :  ITTAPI function NOT instrumented (not matched by --itt-config option): __itt_model_lock_acquire_2

3819115 : 0x40e36136d995a5 : 2 : ittapi_config_apply_per_lib :  ITTAPI function NOT instrumented (not matched by --itt-config option): __itt_model_lock_release_2

3819115 : 0x40e36136d9a16e : 2 : ittapi_config_apply_per_lib :  ITTAPI function NOT instrumented (not matched by --itt-config option): __itt_model_aggregate_task

3819115 : 0x40e36136d9ad44 : 2 : ittapi_config_apply_per_lib :  ITTAPI function NOT instrumented (not matched by --itt-config option): __itt_model_disable_push

3819115 : 0x40e36136d9b8fc : 2 : ittapi_config_apply_per_lib :  ITTAPI function NOT instrumented (not matched by --itt-config option): __itt_model_disable_pop

3819115 : 0x40e36136d9c795 : 2 : ittapi_config_apply_per_lib :  ITTAPI function instrumented: __itt_heap_function_create
3819115 : 0x40e36136d9d5a0 : 2 : ittapi_config_apply_per_lib :  ITTAPI function instrumented: __itt_heap_allocate_begin
3819115 : 0x40e36136d9e3f6 : 2 : ittapi_config_apply_per_lib :  ITTAPI function instrumented: __itt_heap_allocate_end
3819115 : 0x40e36136d9f1fe : 2 : ittapi_config_apply_per_lib :  ITTAPI function instrumented: __itt_heap_free_begin
3819115 : 0x40e36136da5681 : 2 : ittapi_config_apply_per_lib :  ITTAPI function instrumented: __itt_heap_free_end
3819115 : 0x40e36136da678c : 2 : ittapi_config_apply_per_lib :  ITTAPI function instrumented: __itt_heap_reallocate_begin
3819115 : 0x40e36136da74ab : 2 : ittapi_config_apply_per_lib :  ITTAPI function instrumented: __itt_heap_reallocate_end
3819115 : 0x40e36136da8620 : 2 : ittapi_config_apply_per_lib :  ITTAPI function not implemented: __itt_heap_internal_access_begin
3819115 : 0x40e36136da957d : 2 : ittapi_config_apply_per_lib :  ITTAPI function not implemented: __itt_heap_internal_access_end
3819115 : 0x40e36136daa557 : 2 : ittapi_config_apply_per_lib :  ITTAPI function not implemented: __itt_heap_record_memory_growth_begin
3819115 : 0x40e36136dab449 : 2 : ittapi_config_apply_per_lib :  ITTAPI function not implemented: __itt_heap_record_memory_growth_end
3819115 : 0x40e36136dac396 : 2 : ittapi_config_apply_per_lib :  ITTAPI function not implemented: __itt_heap_reset_detection
3819115 : 0x40e36136dad3ec : 2 : ittapi_config_apply_per_lib :  ITTAPI function not implemented: __itt_heap_record
3819115 : 0x40e36136dae2ab : 2 : ittapi_config_apply_per_lib :  ITTAPI function not implemented: __itt_id_create
3819115 : 0x40e36136db2c14 : 2 : ittapi_config_apply_per_lib :  ITTAPI function not implemented: __itt_id_destroy
3819115 : 0x40e36136db3b6e : 2 : ittapi_config_apply_per_lib :  ITTAPI function instrumented: __itt_get_timestamp
3819115 : 0x40e36136db4a8c : 2 : ittapi_config_apply_per_lib :  ITTAPI function not implemented: __itt_region_begin
3819115 : 0x40e36136db5a01 : 2 : ittapi_config_apply_per_lib :  ITTAPI function not implemented: __itt_region_end
3819115 : 0x40e36136db6796 : 2 : ittapi_config_apply_per_lib :  ITTAPI function instrumented: __itt_frame_begin_v3
3819115 : 0x40e36136db7537 : 2 : ittapi_config_apply_per_lib :  ITTAPI function instrumented: __itt_frame_end_v3
3819115 : 0x40e36136db8311 : 2 : ittapi_config_apply_per_lib :  ITTAPI function instrumented: __itt_frame_submit_v3
3819115 : 0x40e36136db92d5 : 2 : ittapi_config_apply_per_lib :  ITTAPI function not implemented: __itt_task_group
3819115 : 0x40e36136dba0e9 : 2 : ittapi_config_apply_per_lib :  ITTAPI function instrumented: __itt_task_begin
3819115 : 0x40e36136dbae24 : 2 : ittapi_config_apply_per_lib :  ITTAPI function instrumented: __itt_task_begin_fn
3819115 : 0x40e36136dbf18d : 2 : ittapi_config_apply_per_lib :  ITTAPI function instrumented: __itt_task_end
3819115 : 0x40e36136dc0416 : 2 : ittapi_config_apply_per_lib :  ITTAPI function not implemented: __itt_counter_inc_v3
3819115 : 0x40e36136dc1478 : 2 : ittapi_config_apply_per_lib :  ITTAPI function not implemented: __itt_counter_inc_delta_v3
3819115 : 0x40e36136dc2384 : 2 : ittapi_config_apply_per_lib :  ITTAPI function not implemented: __itt_counter_dec_v3
3819115 : 0x40e36136dc31c6 : 2 : ittapi_config_apply_per_lib :  ITTAPI function not implemented: __itt_counter_dec_delta_v3
3819115 : 0x40e36136dc40b8 : 2 : ittapi_config_apply_per_lib :  ITTAPI function not implemented: __itt_marker
3819115 : 0x40e36136dc4ea2 : 2 : ittapi_config_apply_per_lib :  ITTAPI function instrumented: __itt_metadata_add
3819115 : 0x40e36136dc5d32 : 2 : ittapi_config_apply_per_lib :  ITTAPI function not implemented: __itt_metadata_str_add
3819115 : 0x40e36136dc6c49 : 2 : ittapi_config_apply_per_lib :  ITTAPI function not implemented: __itt_relation_add_to_current
3819115 : 0x40e36136dc7b1a : 2 : ittapi_config_apply_per_lib :  ITTAPI function not implemented: __itt_relation_add
3819115 : 0x40e36136dcc3a7 : 2 : ittapi_config_apply_per_lib :  ITTAPI function instrumented: __itt_event_create
3819115 : 0x40e36136dcd2ba : 2 : ittapi_config_apply_per_lib :  ITTAPI function instrumented: __itt_event_start
3819115 : 0x40e36136dcdfda : 2 : ittapi_config_apply_per_lib :  ITTAPI function instrumented: __itt_event_end
3819115 : 0x40e36136dceb63 : 2 : ittapi_config_apply_per_lib :  ITTAPI function NOT instrumented (not matched by --itt-config option): __itt_sync_set_name

3819115 : 0x40e36136dcf74d : 2 : ittapi_config_apply_per_lib :  ITTAPI function NOT instrumented (not matched by --itt-config option): __itt_notify_sync_name

3819115 : 0x40e36136dd0314 : 2 : ittapi_config_apply_per_lib :  ITTAPI function NOT instrumented (not matched by --itt-config option): __itt_notify_sync_prepare

3819115 : 0x40e36136dd0e4a : 2 : ittapi_config_apply_per_lib :  ITTAPI function NOT instrumented (not matched by --itt-config option): __itt_notify_sync_cancel

3819115 : 0x40e36136dd19b8 : 2 : ittapi_config_apply_per_lib :  ITTAPI function NOT instrumented (not matched by --itt-config option): __itt_notify_sync_acquired

3819115 : 0x40e36136dd250a : 2 : ittapi_config_apply_per_lib :  ITTAPI function NOT instrumented (not matched by --itt-config option): __itt_notify_sync_releasing

3819115 : 0x40e36136dd343f : 2 : ittapi_config_apply_per_lib :  ITTAPI function not implemented: __itt_memory_read
3819115 : 0x40e36136dd970c : 2 : ittapi_config_apply_per_lib :  ITTAPI function not implemented: __itt_memory_write
3819115 : 0x40e36136dda7dd : 2 : ittapi_config_apply_per_lib :  ITTAPI function not implemented: __itt_memory_update
3819115 : 0x40e36136ddb6bf : 2 : ittapi_config_apply_per_lib :  ITTAPI function not implemented: __itt_state_get
3819115 : 0x40e36136ddc551 : 2 : ittapi_config_apply_per_lib :  ITTAPI function not implemented: __itt_state_set
3819115 : 0x40e36136ddd4bf : 2 : ittapi_config_apply_per_lib :  ITTAPI function not implemented: __itt_obj_mode_set
3819115 : 0x40e36136dde460 : 2 : ittapi_config_apply_per_lib :  ITTAPI function not implemented: __itt_thr_mode_set
3819115 : 0x40e36136ddf326 : 2 : ittapi_config_apply_per_lib :  ITTAPI function instrumented: __itt_frame_create
3819115 : 0x40e36136de00bf : 2 : ittapi_config_apply_per_lib :  ITTAPI function instrumented: __itt_pt_region_create
3819115 : 0x40e36136de0ea7 : 2 : ittapi_config_apply_per_lib :  ITTAPI function instrumented: __itt_frame_begin
3819115 : 0x40e36136de1c40 : 2 : ittapi_config_apply_per_lib :  ITTAPI function instrumented: __itt_frame_end
3819115 : 0x40e36136de64f1 : 2 : ittapi_config_apply_per_lib :  ITTAPI function not implemented: __itt_counter_destroy
3819115 : 0x40e36136de7428 : 2 : ittapi_config_apply_per_lib :  ITTAPI function instrumented: __itt_counter_inc
3819115 : 0x40e36136de819c : 2 : ittapi_config_apply_per_lib :  ITTAPI function instrumented: __itt_counter_inc_delta
3819115 : 0x40e36136de8f10 : 2 : ittapi_config_apply_per_lib :  ITTAPI function instrumented: __itt_counter_dec
3819115 : 0x40e36136de9d64 : 2 : ittapi_config_apply_per_lib :  ITTAPI function instrumented: __itt_counter_dec_delta
3819115 : 0x40e36136deac5f : 2 : ittapi_config_apply_per_lib :  ITTAPI function instrumented: __itt_counter_set_value
3819115 : 0x40e36136debc49 : 2 : ittapi_config_apply_per_lib :  ITTAPI function not implemented: __itt_counter_set_value_ex
3819115 : 0x40e36136decb27 : 2 : ittapi_config_apply_per_lib :  ITTAPI function not implemented: __itt_mark_create
3819115 : 0x40e36136deda54 : 2 : ittapi_config_apply_per_lib :  ITTAPI function not implemented: __itt_mark
3819115 : 0x40e36136dee9c7 : 2 : ittapi_config_apply_per_lib :  ITTAPI function not implemented: __itt_mark_off
3819115 : 0x40e36136df2f8e : 2 : ittapi_config_apply_per_lib :  ITTAPI function not implemented: __itt_mark_global
3819115 : 0x40e36136df3ff0 : 2 : ittapi_config_apply_per_lib :  ITTAPI function not implemented: __itt_mark_global_off
3819115 : 0x40e36136df4c46 : 2 : ittapi_config_apply_per_lib :  ITTAPI function NOT instrumented (not matched by --itt-config option): __itt_stack_caller_create

3819115 : 0x40e36136df5816 : 2 : ittapi_config_apply_per_lib :  ITTAPI function NOT instrumented (not matched by --itt-config option): __itt_stack_caller_destroy

3819115 : 0x40e36136df63b0 : 2 : ittapi_config_apply_per_lib :  ITTAPI function NOT instrumented (not matched by --itt-config option): __itt_stack_callee_enter

3819115 : 0x40e36136df6f58 : 2 : ittapi_config_apply_per_lib :  ITTAPI function NOT instrumented (not matched by --itt-config option): __itt_stack_callee_leave

3819115 : 0x40e36136df7e43 : 2 : ittapi_config_apply_per_lib :  ITTAPI function not implemented: __itt_clock_domain_create
3819115 : 0x40e36136df8d2e : 2 : ittapi_config_apply_per_lib :  ITTAPI function not implemented: __itt_clock_domain_reset
3819115 : 0x40e36136df9bf1 : 2 : ittapi_config_apply_per_lib :  ITTAPI function not implemented: __itt_id_create_ex
3819115 : 0x40e36136dfaaa7 : 2 : ittapi_config_apply_per_lib :  ITTAPI function not implemented: __itt_id_destroy_ex
3819115 : 0x40e36136e00cd4 : 2 : ittapi_config_apply_per_lib :  ITTAPI function not implemented: __itt_task_begin_ex
3819115 : 0x40e36136e01dd4 : 2 : ittapi_config_apply_per_lib :  ITTAPI function not implemented: __itt_task_begin_fn_ex
3819115 : 0x40e36136e02ce9 : 2 : ittapi_config_apply_per_lib :  ITTAPI function not implemented: __itt_task_end_ex
3819115 : 0x40e36136e03aee : 2 : ittapi_config_apply_per_lib :  ITTAPI function instrumented: __itt_task_begin_overlapped
3819115 : 0x40e36136e049ed : 2 : ittapi_config_apply_per_lib :  ITTAPI function not implemented: __itt_task_begin_overlapped_ex
3819115 : 0x40e36136e058f0 : 2 : ittapi_config_apply_per_lib :  ITTAPI function instrumented: __itt_task_end_overlapped
3819115 : 0x40e36136e06817 : 2 : ittapi_config_apply_per_lib :  ITTAPI function not implemented: __itt_task_end_overlapped_ex
3819115 : 0x40e36136e076d8 : 2 : ittapi_config_apply_per_lib :  ITTAPI function not implemented: __itt_marker_ex
3819115 : 0x40e36136e08698 : 2 : ittapi_config_apply_per_lib :  ITTAPI function not implemented: __itt_metadata_add_with_scope
3819115 : 0x40e36136e0962e : 2 : ittapi_config_apply_per_lib :  ITTAPI function not implemented: __itt_metadata_str_add_with_scope
3819115 : 0x40e36136e0d9c8 : 2 : ittapi_config_apply_per_lib :  ITTAPI function not implemented: __itt_relation_add_to_current_ex
3819115 : 0x40e36136e0e9d8 : 2 : ittapi_config_apply_per_lib :  ITTAPI function not implemented: __itt_relation_add_ex
3819115 : 0x40e36136e0f948 : 2 : ittapi_config_apply_per_lib :  ITTAPI function not implemented: __itt_track_group_create
3819115 : 0x40e36136e10703 : 2 : ittapi_config_apply_per_lib :  ITTAPI function not implemented: __itt_track_create
3819115 : 0x40e36136e115f3 : 2 : ittapi_config_apply_per_lib :  ITTAPI function not implemented: __itt_set_track
3819115 : 0x40e36136e123fb : 2 : ittapi_config_apply_per_lib :  ITTAPI function instrumented: __itt_api_version
3819115 : 0x40e36136e1342b : 2 : ittapi_config_apply_per_lib :  ITTAPI function not implemented: __itt_av_save
3819115 : 0x40e36136e1414c : 2 : ittapi_config_apply_per_lib :  ITTAPI function instrumented: __itt_module_load
3819115 : 0x40e36136e150f4 : 2 : ittapi_config_apply_per_lib :  ITTAPI function not implemented: __itt_module_unload