
3818074 : 0x40e354bf01ce7b : 1 : spill_jit_data :  Jit agent is not initialized
3818074 : 0x40e354bf02e63a : 2 : ittapi_config_mask_get :  --itt-config mask to be applied: 39
3818074 : 0x40e354bf02fed1 : 2 : ittapi_config_apply_per_lib :  ITTAPI function instrumented: __itt_domain_create
3818074 : 0x40e354bf030d85 : 2 : ittapi_config_apply_per_lib :  ITTAPI function instrumented: __itt_module_load_with_sections
3818074 : 0x40e354bf031e56 : 2 : ittapi_config_apply_per_lib :  ITTAPI function not implemented: __itt_module_unload_with_sections
3818074 : 0x40e354bf032d43 : 2 : ittapi_config_apply_per_lib :  ITTAPI function instrumented: __itt_string_handle_create
3818074 : 0x40e354bf0336db : 2 : ittapi_config_apply_per_lib :  ITTAPI function instrumented: __itt_counter_create
3818074 : 0x40e354bf03408a : 2 : ittapi_config_apply_per_lib :  ITTAPI function instrumented: __itt_counter_create_typed
3818074 : 0x40e354bf034add : 2 : ittapi_config_apply_per_lib :  ITTAPI function instrumented: __itt_pause
3818074 : 0x40e354bf035483 : 2 : ittapi_config_apply_per_lib :  ITTAPI function instrumented: __itt_resume
3818074 : 0x40e354bf043132 : 2 : ittapi_config_apply_per_lib :  ITTAPI function instrumented: __itt_thread_set_name
3818074 : 0x40e354bf0440bb : 2 : ittapi_config_apply_per_lib :  ITTAPI function instrumented: __itt_thread_ignore
3818074 : 0x40e354bf044b47 : 2 : ittapi_config_apply_per_lib :  ITTAPI function instrumented: __itt_thr_name_set
3818074 : 0x40e354bf0455a1 : 2 : ittapi_config_apply_per_lib :  ITTAPI function instrumented: __itt_thr_ignore
3818074 : 0x40e354bf046363 : 2 : ittapi_config_apply_per_lib :  ITTAPI function not implemented: __itt_enable_attach
3818074 : 0x40e354bf046dd2 : 2 : ittapi_config_apply_per_lib :  ITTAPI function instrumented: __itt_detach
3818074 : 0x40e354bf047705 : 2 : ittapi_config_apply_per_lib :  ITTAPI function NOT instrumented (not matched by --itt-config option): __itt_sync_create

3818074 : 0x40e354bf04816a : 2 : ittapi_config_apply_per_lib :  ITTAPI function NOT instrumented (not matched by --itt-config option): __itt_sync_rename

3818074 : 0x40e354bf048958 : 2 : ittapi_config_apply_per_lib :  ITTAPI function NOT instrumented (not matched by --itt-config option): __itt_sync_destroy

3818074 : 0x40e354bf049251 : 2 : ittapi_config_apply_per_lib :  ITTAPI function NOT instrumented (not matched by --itt-config option): __itt_sync_prepare

3818074 : 0x40e354bf04cbaf : 2 : ittapi_config_apply_per_lib :  ITTAPI function NOT instrumented (not matched by --itt-config option): __itt_sync_cancel

3818074 : 0x40e354bf04d656 : 2 : ittapi_config_apply_per_lib :  ITTAPI function NOT instrumented (not matched by --itt-config option): __itt_sync_acquired

3818074 : 0x40e354bf04deb3 : 2 : ittapi_config_apply_per_lib :  ITTAPI function NOT instrumented (not matched by --itt-config option): __itt_sync_releasing

3818074 : 0x40e354bf04eaf5 : 2 : ittapi_config_apply_per_lib :  ITTAPI function not implemented: __itt_suppress_push
3818074 : 0x40e354bf04f98e : 2 : ittapi_config_apply_per_lib :  ITTAPI function not implemented: __itt_suppress_pop
3818074 : 0x40e354bf0504a6 : 2 : ittapi_config_apply_per_lib :  ITTAPI function not implemented: __itt_suppress_mark_range
3818074 : 0x40e354bf051070 : 2 : ittapi_config_apply_per_lib :  ITTAPI function not implemented: __itt_suppress_clear_range
3818074 : 0x40e354bf0518cb : 2 : ittapi_config_apply_per_lib :  ITTAPI function NOT instrumented (not matched by --itt-config option): __itt_sync_prepare

3818074 : 0x40e354bf05212f : 2 : ittapi_config_apply_per_lib :  ITTAPI function NOT instrumented (not matched by --itt-config option): __itt_sync_cancel

3818074 : 0x40e354bf052911 : 2 : ittapi_config_apply_per_lib :  ITTAPI function NOT instrumented (not matched by --itt-config option): __itt_sync_acquired

3818074 : 0x40e354bf055cad : 2 : ittapi_config_apply_per_lib :  ITTAPI function NOT instrumented (not matched by --itt-config option): __itt_sync_releasing

3818074 : 0x40e354bf0566cb : 2 : ittapi_config_apply_per_lib :  ITTAPI function NOT instrumented (not matched by --itt-config option): __itt_model_site_begin

3818074 : 0x40e354bf056fb2 : 2 : ittapi_config_apply_per_lib :  ITTAPI function NOT instrumented (not matched by --itt-config option): __itt_model_site_end

3818074 : 0x40e354bf05781c : 2 : ittapi_config_apply_per_lib :  ITTAPI function NOT instrumented (not matched by --itt-config option): __itt_model_task_begin

3818074 : 0x40e354bf058061 : 2 : ittapi_config_apply_per_lib :  ITTAPI function NOT instrumented (not matched by --itt-config option): __itt_model_task_end

3818074 : 0x40e354bf05890f : 2 : ittapi_config_apply_per_lib :  ITTAPI function NOT instrumented (not matched by --itt-config option): __itt_model_lock_acquire

3818074 : 0x40e354bf05916c : 2 : ittapi_config_apply_per_lib :  ITTAPI function NOT instrumented (not matched by --itt-config option): __itt_model_lock_release

3818074 : 0x40e354bf0599de : 2 : ittapi_config_apply_per_lib :  ITTAPI function NOT instrumented (not matched by --itt-config option): __itt_model_record_allocation

3818074 : 0x40e354bf05a237 : 2 : ittapi_config_apply_per_lib :  ITTAPI function NOT instrumented (not matched by --itt-config option): __itt_model_record_deallocation

3818074 : 0x40e354bf05aa63 : 2 : ittapi_config_apply_per_lib :  ITTAPI function NOT instrumented (not matched by --itt-config option): __itt_model_induction_uses

3818074 : 0x40e354bf060cb2 : 2 : ittapi_config_apply_per_lib :  ITTAPI function NOT instrumented (not matched by --itt-config option): __itt_model_reduction_uses

3818074 : 0x40e354bf0617e5 : 2 : ittapi_config_apply_per_lib :  ITTAPI function NOT instrumented (not matched by --itt-config option): __itt_model_observe_uses

3818074 : 0x40e354bf062082 : 2 : ittapi_config_apply_per_lib :  ITTAPI function NOT instrumented (not matched by --itt-config option): __itt_model_clear_uses

3818074 : 0x40e354bf0628f6 : 2 : ittapi_config_apply_per_lib :  ITTAPI function NOT instrumented (not matched by --itt-config option): __itt_model_site_beginA

3818074 : 0x40e354bf063189 : 2 : ittapi_config_apply_per_lib :  ITTAPI function NOT instrumented (not matched by --itt-config option): __itt_model_site_beginAL

3818074 : 0x40e354bf063a1d : 2 : ittapi_config_apply_per_lib :  ITTAPI function NOT instrumented (not matched by --itt-config option): __itt_model_task_beginA

3818074 : 0x40e354bf06423f : 2 : ittapi_config_apply_per_lib :  ITTAPI function NOT instrumented (not matched by --itt-config option): __itt_model_task_beginAL

3818074 : 0x40e354bf064a88 : 2 : ittapi_config_apply_per_lib :  ITTAPI function NOT instrumented (not matched by --itt-config option): __itt_model_iteration_taskA

3818074 : 0x40e354bf0652b9 : 2 : ittapi_config_apply_per_lib :  ITTAPI function NOT instrumented (not matched by --itt-config option): __itt_model_iteration_taskAL

3818074 : 0x40e354bf065b19 : 2 : ittapi_config_apply_per_lib :  ITTAPI function NOT instrumented (not matched by --itt-config option): __itt_model_site_end_2

3818074 : 0x40e354bf068f51 : 2 : ittapi_config_apply_per_lib :  ITTAPI function NOT instrumented (not matched by --itt-config option): __itt_model_task_end_2

3818074 : 0x40e354bf0698c4 : 2 : ittapi_config_apply_per_lib :  ITTAPI function NOT instrumented (not matched by --itt-config option): __itt_model_lock_acquire_2

3818074 : 0x40e354bf06a118 : 2 : ittapi_config_apply_per_lib :  ITTAPI function NOT instrumented (not matched by --itt-config option): __itt_model_lock_release_2

3818074 : 0x40e354bf06a981 : 2 : ittapi_config_apply_per_lib :  ITTAPI function NOT instrumented (not matched by --itt-config option): __itt_model_aggregate_task

3818074 : 0x40e354bf06b1ca : 2 : ittapi_config_apply_per_lib :  ITTAPI function NOT instrumented (not matched by --itt-config option): __itt_model_disable_push

3818074 : 0x40e354bf06ba0f : 2 : ittapi_config_apply_per_lib :  ITTAPI function NOT instrumented (not matched by --itt-config option): __itt_model_disable_pop

3818074 : 0x40e354bf06c476 : 2 : ittapi_config_apply_per_lib :  ITTAPI function instrumented: __itt_heap_function_create
3818074 : 0x40e354bf06ce4a : 2 : ittapi_config_apply_per_lib :  ITTAPI function instrumented: __itt_heap_allocate_begin
3818074 : 0x40e354bf06d816 : 2 : ittapi_config_apply_per_lib :  ITTAPI function instrumented: __itt_heap_allocate_end
3818074 : 0x40e354bf06e1f1 : 2 : ittapi_config_apply_per_lib :  ITTAPI function instrumented: __itt_heap_free_begin
3818074 : 0x40e354bf072fde : 2 : ittapi_config_apply_per_lib :  ITTAPI function instrumented: __itt_heap_free_end
3818074 : 0x40e354bf073bce : 2 : ittapi_config_apply_per_lib :  ITTAPI function instrumented: __itt_heap_reallocate_begin
3818074 : 0x40e354bf074527 : 2 : ittapi_config_apply_per_lib :  ITTAPI function instrumented: __itt_heap_reallocate_end
3818074 : 0x40e354bf0752aa : 2 : ittapi_config_apply_per_lib :  ITTAPI function not implemented: __itt_heap_internal_access_begin
3818074 : 0x40e354bf075e29 : 2 : ittapi_config_apply_per_lib :  ITTAPI function not implemented: __itt_heap_internal_access_end
3818074 : 0x40e354bf0769fb : 2 : ittapi_config_apply_per_lib :  ITTAPI function not implemented: __itt_heap_record_memory_growth_begin
3818074 : 0x40e354bf07750b : 2 : ittapi_config_apply_per_lib :  ITTAPI function not implemented: __itt_heap_record_memory_growth_end
3818074 : 0x40e354bf077fb7 : 2 : ittapi_config_apply_per_lib :  ITTAPI function not implemented: __itt_heap_reset_detection
3818074 : 0x40e354bf078b5d : 2 : ittapi_config_apply_per_lib :  ITTAPI function not implemented: __itt_heap_record
3818074 : 0x40e354bf0795ea : 2 : ittapi_config_apply_per_lib :  ITTAPI function not implemented: __itt_id_create
3818074 : 0x40e354bf07ce9f : 2 : ittapi_config_apply_per_lib :  ITTAPI function not implemented: __itt_id_destroy
3818074 : 0x40e354bf07d9b0 : 2 : ittapi_config_apply_per_lib :  ITTAPI function instrumented: __itt_get_timestamp
3818074 : 0x40e354bf07e494 : 2 : ittapi_config_apply_per_lib :  ITTAPI function not implemented: __itt_region_begin
3818074 : 0x40e354bf07ef06 : 2 : ittapi_config_apply_per_lib :  ITTAPI function not implemented: __itt_region_end
3818074 : 0x40e354bf07f8f3 : 2 : ittapi_config_apply_per_lib :  ITTAPI function instrumented: __itt_frame_begin_v3
3818074 : 0x40e354bf080301 : 2 : ittapi_config_apply_per_lib :  ITTAPI function instrumented: __itt_frame_end_v3
3818074 : 0x40e354bf080c87 : 2 : ittapi_config_apply_per_lib :  ITTAPI function instrumented: __itt_frame_submit_v3
3818074 : 0x40e354bf0817a6 : 2 : ittapi_config_apply_per_lib :  ITTAPI function not implemented: __itt_task_group
3818074 : 0x40e354bf0821be : 2 : ittapi_config_apply_per_lib :  ITTAPI function instrumented: __itt_task_begin
3818074 : 0x40e354bf082b47 : 2 : ittapi_config_apply_per_lib :  ITTAPI function instrumented: __itt_task_begin_fn
3818074 : 0x40e354bf085b7b : 2 : ittapi_config_apply_per_lib :  ITTAPI function instrumented: __itt_task_end
3818074 : 0x40e354bf0868e6 : 2 : ittapi_config_apply_per_lib :  ITTAPI function not implemented: __itt_counter_inc_v3
3818074 : 0x40e354bf08740e : 2 : ittapi_config_apply_per_lib :  ITTAPI function not implemented: __itt_counter_inc_delta_v3
3818074 : 0x40e354bf087e8f : 2 : ittapi_config_apply_per_lib :  ITTAPI function not implemented: __itt_counter_dec_v3
3818074 : 0x40e354bf088894 : 2 : ittapi_config_apply_per_lib :  ITTAPI function not implemented: __itt_counter_dec_delta_v3
3818074 : 0x40e354bf089342 : 2 : ittapi_config_apply_per_lib :  ITTAPI function not implemented: __itt_marker
3818074 : 0x40e354bf089cff : 2 : ittapi_config_apply_per_lib :  ITTAPI function instrumented: __itt_metadata_add
3818074 : 0x40e354bf08a73d : 2 : ittapi_config_apply_per_lib :  ITTAPI function not implemented: __itt_metadata_str_add
3818074 : 0x40e354bf08b1a7 : 2 : ittapi_config_apply_per_lib :  ITTAPI function not implemented: __itt_relation_add_to_current
3818074 : 0x40e354bf08bc10 : 2 : ittapi_config_apply_per_lib :  ITTAPI function not implemented: __itt_relation_add
3818074 : 0x40e354bf08eba9 : 2 : ittapi_config_apply_per_lib :  ITTAPI function instrumented: __itt_event_create
3818074 : 0x40e354bf08f706 : 2 : ittapi_config_apply_per_lib :  ITTAPI function instrumented: __itt_event_start
3818074 : 0x40e354bf09005a : 2 : ittapi_config_apply_per_lib :  ITTAPI function instrumented: __itt_event_end
3818074 : 0x40e354bf09088d : 2 : ittapi_config_apply_per_lib :  ITTAPI function NOT instrumented (not matched by --itt-config option): __itt_sync_set_name

3818074 : 0x40e354bf09114e : 2 : ittapi_config_apply_per_lib :  ITTAPI function NOT instrumented (not matched by --itt-config option): __itt_notify_sync_name

3818074 : 0x40e354bf0919c4 : 2 : ittapi_config_apply_per_lib :  ITTAPI function NOT instrumented (not matched by --itt-config option): __itt_notify_sync_prepare

3818074 : 0x40e354bf0921f1 : 2 : ittapi_config_apply_per_lib :  ITTAPI function NOT instrumented (not matched by --itt-config option): __itt_notify_sync_cancel

3818074 : 0x40e354bf092a00 : 2 : ittapi_config_apply_per_lib :  ITTAPI function NOT instrumented (not matched by --itt-config option): __itt_notify_sync_acquired

3818074 : 0x40e354bf09323a : 2 : ittapi_config_apply_per_lib :  ITTAPI function NOT instrumented (not matched by --itt-config option): __itt_notify_sync_releasing

3818074 : 0x40e354bf093cf7 : 2 : ittapi_config_apply_per_lib :  ITTAPI function not implemented: __itt_memory_read
3818074 : 0x40e354bf09805f : 2 : ittapi_config_apply_per_lib :  ITTAPI function not implemented: __itt_memory_write
3818074 : 0x40e354bf098d24 : 2 : ittapi_config_apply_per_lib :  ITTAPI function not implemented: __itt_memory_update
3818074 : 0x40e354bf099840 : 2 : ittapi_config_apply_per_lib :  ITTAPI function not implemented: __itt_state_get
3818074 : 0x40e354bf09a25a : 2 : ittapi_config_apply_per_lib :  ITTAPI function not implemented: __itt_state_set
3818074 : 0x40e354bf09acd3 : 2 : ittapi_config_apply_per_lib :  ITTAPI function not implemented: __itt_obj_mode_set
3818074 : 0x40e354bf09b764 : 2 : ittapi_config_apply_per_lib :  ITTAPI function not implemented: __itt_thr_mode_set
3818074 : 0x40e354bf09c0db : 2 : ittapi_config_apply_per_lib :  ITTAPI function instrumented: __itt_frame_create
3818074 : 0x40e354bf09ca06 : 2 : ittapi_config_apply_per_lib :  ITTAPI function instrumented: __itt_pt_region_create
3818074 : 0x40e354bf09d3a6 : 2 : ittapi_config_apply_per_lib :  ITTAPI function instrumented: __itt_frame_begin
3818074 : 0x40e354bf09dd8a : 2 : ittapi_config_apply_per_lib :  ITTAPI function instrumented: __itt_frame_end
3818074 : 0x40e354bf0a1055 : 2 : ittapi_config_apply_per_lib :  ITTAPI function not implemented: __itt_counter_destroy
3818074 : 0x40e354bf0a1bdf : 2 : ittapi_config_apply_per_lib :  ITTAPI function instrumented: __itt_counter_inc
3818074 : 0x40e354bf0a262b : 2 : ittapi_config_apply_per_lib :  ITTAPI function instrumented: __itt_counter_inc_delta
3818074 : 0x40e354bf0a2fd5 : 2 : ittapi_config_apply_per_lib :  ITTAPI function instrumented: __itt_counter_dec
3818074 : 0x40e354bf0a3a69 : 2 : ittapi_config_apply_per_lib :  ITTAPI function instrumented: __itt_counter_dec_delta
3818074 : 0x40e354bf0a441a : 2 : ittapi_config_apply_per_lib :  ITTAPI function instrumented: __itt_counter_set_value
3818074 : 0x40e354bf0a4e83 : 2 : ittapi_config_apply_per_lib :  ITTAPI function not implemented: __itt_counter_set_value_ex
3818074 : 0x40e354bf0a5862 : 2 : ittapi_config_apply_per_lib :  ITTAPI function not implemented: __itt_mark_create
3818074 : 0x40e354bf0a6355 : 2 : ittapi_config_apply_per_lib :  ITTAPI function not implemented: __itt_mark
3818074 : 0x40e354bf0a6ec9 : 2 : ittapi_config_apply_per_lib :  ITTAPI function not implemented: __itt_mark_off
3818074 : 0x40e354bf0a9fa5 : 2 : ittapi_config_apply_per_lib :  ITTAPI function not implemented: __itt_mark_global
3818074 : 0x40e354bf0aac8e : 2 : ittapi_config_apply_per_lib :  ITTAPI function not implemented: __itt_mark_global_off
3818074 : 0x40e354bf0ab5ea : 2 : ittapi_config_apply_per_lib :  ITTAPI function NOT instrumented (not matched by --itt-config option): __itt_stack_caller_create

3818074 : 0x40e354bf0abeb9 : 2 : ittapi_config_apply_per_lib :  ITTAPI function NOT instrumented (not matched by --itt-config option): __itt_stack_caller_destroy

3818074 : 0x40e354bf0ac71b : 2 : ittapi_config_apply_per_lib :  ITTAPI function NOT instrumented (not matched by --itt-config option): __itt_stack_callee_enter

3818074 : 0x40e354bf0acf7c : 2 : ittapi_config_apply_per_lib :  ITTAPI function NOT instrumented (not matched by --itt-config option): __itt_stack_callee_leave

3818074 : 0x40e354bf0ad9b7 : 2 : ittapi_config_apply_per_lib :  ITTAPI function not implemented: __itt_clock_domain_create
3818074 : 0x40e354bf0ae465 : 2 : ittapi_config_apply_per_lib :  ITTAPI function not implemented: __itt_clock_domain_reset
3818074 : 0x40e354bf0aeea8 : 2 : ittapi_config_apply_per_lib :  ITTAPI function not implemented: __itt_id_create_ex
3818074 : 0x40e354bf0af937 : 2 : ittapi_config_apply_per_lib :  ITTAPI function not implemented: __itt_id_destroy_ex
3818074 : 0x40e354bf0b3ae7 : 2 : ittapi_config_apply_per_lib :  ITTAPI function not implemented: __itt_task_begin_ex
3818074 : 0x40e354bf0b478b : 2 : ittapi_config_apply_per_lib :  ITTAPI function not implemented: __itt_task_begin_fn_ex
3818074 : 0x40e354bf0b5260 : 2 : ittapi_config_apply_per_lib :  ITTAPI function not implemented: __itt_task_end_ex
3818074 : 0x40e354bf0b5c73 : 2 : ittapi_config_apply_per_lib :  ITTAPI function instrumented: __itt_task_begin_overlapped
3818074 : 0x40e354bf0b66b7 : 2 : ittapi_config_apply_per_lib :  ITTAPI function not implemented: __itt_task_begin_overlapped_ex
3818074 : 0x40e354bf0b7150 : 2 : ittapi_config_apply_per_lib :  ITTAPI function instrumented: __itt_task_end_overlapped
3818074 : 0x40e354bf0b7bb5 : 2 : ittapi_config_apply_per_lib :  ITTAPI function not implemented: __itt_task_end_overlapped_ex
3818074 : 0x40e354bf0b85d0 : 2 : ittapi_config_apply_per_lib :  ITTAPI function not implemented: __itt_marker_ex
3818074 : 0x40e354bf0b908a : 2 : ittapi_config_apply_per_lib :  ITTAPI function not implemented: __itt_metadata_add_with_scope
3818074 : 0x40e354bf0b9b56 : 2 : ittapi_config_apply_per_lib :  ITTAPI function not implemented: __itt_metadata_str_add_with_scope
3818074 : 0x40e354bf0bcd32 : 2 : ittapi_config_apply_per_lib :  ITTAPI function not implemented: __itt_relation_add_to_current_ex
3818074 : 0x40e354bf0bd905 : 2 : ittapi_config_apply_per_lib :  ITTAPI function not implemented: __itt_relation_add_ex
3818074 : 0x40e354bf0be382 : 2 : ittapi_config_apply_per_lib :  ITTAPI function not implemented: __itt_track_group_create
3818074 : 0x40e354bf0bed17 : 2 : ittapi_config_apply_per_lib :  ITTAPI function not implemented: __itt_track_create
3818074 : 0x40e354bf0bf717 : 2 : ittapi_config_apply_per_lib :  ITTAPI function not implemented: __itt_set_track
3818074 : 0x40e354bf0c0130 : 2 : ittapi_config_apply_per_lib :  ITTAPI function instrumented: __itt_api_version
3818074 : 0x40e354bf0c0ba0 : 2 : ittapi_config_apply_per_lib :  ITTAPI function not implemented: __itt_av_save
3818074 : 0x40e354bf0c15e8 : 2 : ittapi_config_apply_per_lib :  ITTAPI function instrumented: __itt_module_load
3818074 : 0x40e354bf0c1fd9 : 2 : ittapi_config_apply_per_lib :  ITTAPI function not implemented: __itt_module_unload