
3820973 : 0x40e37c8c396a94 : 1 : spill_jit_data :  Jit agent is not initialized
3820973 : 0x40e37c8c3a9184 : 2 : ittapi_config_mask_get :  --itt-config mask to be applied: 39
3820973 : 0x40e37c8c3ab430 : 2 : ittapi_config_apply_per_lib :  ITTAPI function instrumented: __itt_domain_create
3820973 : 0x40e37c8c3ac44d : 2 : ittapi_config_apply_per_lib :  ITTAPI function instrumented: __itt_module_load_with_sections
3820973 : 0x40e37c8c3ad97d : 2 : ittapi_config_apply_per_lib :  ITTAPI function not implemented: __itt_module_unload_with_sections
3820973 : 0x40e37c8c3aee6e : 2 : ittapi_config_apply_per_lib :  ITTAPI function instrumented: __itt_string_handle_create
3820973 : 0x40e37c8c3afaf4 : 2 : ittapi_config_apply_per_lib :  ITTAPI function instrumented: __itt_counter_create
3820973 : 0x40e37c8c3b0528 : 2 : ittapi_config_apply_per_lib :  ITTAPI function instrumented: __itt_counter_create_typed
3820973 : 0x40e37c8c3b1028 : 2 : ittapi_config_apply_per_lib :  ITTAPI function instrumented: __itt_pause
3820973 : 0x40e37c8c3b1adb : 2 : ittapi_config_apply_per_lib :  ITTAPI function instrumented: __itt_resume
3820973 : 0x40e37c8c3c6ef9 : 2 : ittapi_config_apply_per_lib :  ITTAPI function instrumented: __itt_thread_set_name
3820973 : 0x40e37c8c3c7f83 : 2 : ittapi_config_apply_per_lib :  ITTAPI function instrumented: __itt_thread_ignore
3820973 : 0x40e37c8c3c8abc : 2 : ittapi_config_apply_per_lib :  ITTAPI function instrumented: __itt_thr_name_set
3820973 : 0x40e37c8c3c95d9 : 2 : ittapi_config_apply_per_lib :  ITTAPI function instrumented: __itt_thr_ignore
3820973 : 0x40e37c8c3ca4e8 : 2 : ittapi_config_apply_per_lib :  ITTAPI function not implemented: __itt_enable_attach
3820973 : 0x40e37c8c3cb050 : 2 : ittapi_config_apply_per_lib :  ITTAPI function instrumented: __itt_detach
3820973 : 0x40e37c8c3cb9a8 : 2 : ittapi_config_apply_per_lib :  ITTAPI function NOT instrumented (not matched by --itt-config option): __itt_sync_create

3820973 : 0x40e37c8c3cc416 : 2 : ittapi_config_apply_per_lib :  ITTAPI function NOT instrumented (not matched by --itt-config option): __itt_sync_rename

3820973 : 0x40e37c8c3ccd13 : 2 : ittapi_config_apply_per_lib :  ITTAPI function NOT instrumented (not matched by --itt-config option): __itt_sync_destroy

3820973 : 0x40e37c8c3cd62b : 2 : ittapi_config_apply_per_lib :  ITTAPI function NOT instrumented (not matched by --itt-config option): __itt_sync_prepare

3820973 : 0x40e37c8c3d114f : 2 : ittapi_config_apply_per_lib :  ITTAPI function NOT instrumented (not matched by --itt-config option): __itt_sync_cancel

3820973 : 0x40e37c8c3d1b24 : 2 : ittapi_config_apply_per_lib :  ITTAPI function NOT instrumented (not matched by --itt-config option): __itt_sync_acquired

3820973 : 0x40e37c8c3d23e1 : 2 : ittapi_config_apply_per_lib :  ITTAPI function NOT instrumented (not matched by --itt-config option): __itt_sync_releasing

3820973 : 0x40e37c8c3d30d6 : 2 : ittapi_config_apply_per_lib :  ITTAPI function not implemented: __itt_suppress_push
3820973 : 0x40e37c8c3d3eb9 : 2 : ittapi_config_apply_per_lib :  ITTAPI function not implemented: __itt_suppress_pop
3820973 : 0x40e37c8c3d4b11 : 2 : ittapi_config_apply_per_lib :  ITTAPI function not implemented: __itt_suppress_mark_range
3820973 : 0x40e37c8c3d5897 : 2 : ittapi_config_apply_per_lib :  ITTAPI function not implemented: __itt_suppress_clear_range
3820973 : 0x40e37c8c3d6125 : 2 : ittapi_config_apply_per_lib :  ITTAPI function NOT instrumented (not matched by --itt-config option): __itt_sync_prepare

3820973 : 0x40e37c8c3d69e4 : 2 : ittapi_config_apply_per_lib :  ITTAPI function NOT instrumented (not matched by --itt-config option): __itt_sync_cancel

3820973 : 0x40e37c8c3d72be : 2 : ittapi_config_apply_per_lib :  ITTAPI function NOT instrumented (not matched by --itt-config option): __itt_sync_acquired

3820973 : 0x40e37c8c3d9f78 : 2 : ittapi_config_apply_per_lib :  ITTAPI function NOT instrumented (not matched by --itt-config option): __itt_sync_releasing

3820973 : 0x40e37c8c3da915 : 2 : ittapi_config_apply_per_lib :  ITTAPI function NOT instrumented (not matched by --itt-config option): __itt_model_site_begin

3820973 : 0x40e37c8c3db2a9 : 2 : ittapi_config_apply_per_lib :  ITTAPI function NOT instrumented (not matched by --itt-config option): __itt_model_site_end

3820973 : 0x40e37c8c3dbb66 : 2 : ittapi_config_apply_per_lib :  ITTAPI function NOT instrumented (not matched by --itt-config option): __itt_model_task_begin

3820973 : 0x40e37c8c3dc442 : 2 : ittapi_config_apply_per_lib :  ITTAPI function NOT instrumented (not matched by --itt-config option): __itt_model_task_end

3820973 : 0x40e37c8c3dcd80 : 2 : ittapi_config_apply_per_lib :  ITTAPI function NOT instrumented (not matched by --itt-config option): __itt_model_lock_acquire

3820973 : 0x40e37c8c3dd6c1 : 2 : ittapi_config_apply_per_lib :  ITTAPI function NOT instrumented (not matched by --itt-config option): __itt_model_lock_release

3820973 : 0x40e37c8c3ddfc3 : 2 : ittapi_config_apply_per_lib :  ITTAPI function NOT instrumented (not matched by --itt-config option): __itt_model_record_allocation

3820973 : 0x40e37c8c3de87b : 2 : ittapi_config_apply_per_lib :  ITTAPI function NOT instrumented (not matched by --itt-config option): __itt_model_record_deallocation

3820973 : 0x40e37c8c3df15a : 2 : ittapi_config_apply_per_lib :  ITTAPI function NOT instrumented (not matched by --itt-config option): __itt_model_induction_uses

3820973 : 0x40e37c8c3e3a6c : 2 : ittapi_config_apply_per_lib :  ITTAPI function NOT instrumented (not matched by --itt-config option): __itt_model_reduction_uses

3820973 : 0x40e37c8c3e4443 : 2 : ittapi_config_apply_per_lib :  ITTAPI function NOT instrumented (not matched by --itt-config option): __itt_model_observe_uses

3820973 : 0x40e37c8c3e4d57 : 2 : ittapi_config_apply_per_lib :  ITTAPI function NOT instrumented (not matched by --itt-config option): __itt_model_clear_uses

3820973 : 0x40e37c8c3e56c2 : 2 : ittapi_config_apply_per_lib :  ITTAPI function NOT instrumented (not matched by --itt-config option): __itt_model_site_beginA

3820973 : 0x40e37c8c3e5fc2 : 2 : ittapi_config_apply_per_lib :  ITTAPI function NOT instrumented (not matched by --itt-config option): __itt_model_site_beginAL

3820973 : 0x40e37c8c3e68d5 : 2 : ittapi_config_apply_per_lib :  ITTAPI function NOT instrumented (not matched by --itt-config option): __itt_model_task_beginA

3820973 : 0x40e37c8c3e7190 : 2 : ittapi_config_apply_per_lib :  ITTAPI function NOT instrumented (not matched by --itt-config option): __itt_model_task_beginAL

3820973 : 0x40e37c8c3e7a9d : 2 : ittapi_config_apply_per_lib :  ITTAPI function NOT instrumented (not matched by --itt-config option): __itt_model_iteration_taskA

3820973 : 0x40e37c8c3e8326 : 2 : ittapi_config_apply_per_lib :  ITTAPI function NOT instrumented (not matched by --itt-config option): __itt_model_iteration_taskAL

3820973 : 0x40e37c8c3e8c22 : 2 : ittapi_config_apply_per_lib :  ITTAPI function NOT instrumented (not matched by --itt-config option): __itt_model_site_end_2

3820973 : 0x40e37c8c3ebce6 : 2 : ittapi_config_apply_per_lib :  ITTAPI function NOT instrumented (not matched by --itt-config option): __itt_model_task_end_2

3820973 : 0x40e37c8c3ec5df : 2 : ittapi_config_apply_per_lib :  ITTAPI function NOT instrumented (not matched by --itt-config option): __itt_model_lock_acquire_2

3820973 : 0x40e37c8c3ece93 : 2 : ittapi_config_apply_per_lib :  ITTAPI function NOT instrumented (not matched by --itt-config option): __itt_model_lock_release_2

3820973 : 0x40e37c8c3ed7e0 : 2 : ittapi_config_apply_per_lib :  ITTAPI function NOT instrumented (not matched by --itt-config option): __itt_model_aggregate_task

3820973 : 0x40e37c8c3ee092 : 2 : ittapi_config_apply_per_lib :  ITTAPI function NOT instrumented (not matched by --itt-config option): __itt_model_disable_push

3820973 : 0x40e37c8c3ee969 : 2 : ittapi_config_apply_per_lib :  ITTAPI function NOT instrumented (not matched by --itt-config option): __itt_model_disable_pop

3820973 : 0x40e37c8c3ef3b3 : 2 : ittapi_config_apply_per_lib :  ITTAPI function instrumented: __itt_heap_function_create
3820973 : 0x40e37c8c3efe65 : 2 : ittapi_config_apply_per_lib :  ITTAPI function instrumented: __itt_heap_allocate_begin
3820973 : 0x40e37c8c3f08e9 : 2 : ittapi_config_apply_per_lib :  ITTAPI function instrumented: __itt_heap_allocate_end
3820973 : 0x40e37c8c3f13ee : 2 : ittapi_config_apply_per_lib :  ITTAPI function instrumented: __itt_heap_free_begin
3820973 : 0x40e37c8c3f5837 : 2 : ittapi_config_apply_per_lib :  ITTAPI function instrumented: __itt_heap_free_end
3820973 : 0x40e37c8c3f6349 : 2 : ittapi_config_apply_per_lib :  ITTAPI function instrumented: __itt_heap_reallocate_begin
3820973 : 0x40e37c8c3f6cd6 : 2 : ittapi_config_apply_per_lib :  ITTAPI function instrumented: __itt_heap_reallocate_end
3820973 : 0x40e37c8c3f7884 : 2 : ittapi_config_apply_per_lib :  ITTAPI function not implemented: __itt_heap_internal_access_begin
3820973 : 0x40e37c8c3f847e : 2 : ittapi_config_apply_per_lib :  ITTAPI function not implemented: __itt_heap_internal_access_end
3820973 : 0x40e37c8c3f90ec : 2 : ittapi_config_apply_per_lib :  ITTAPI function not implemented: __itt_heap_record_memory_growth_begin
3820973 : 0x40e37c8c3f9c19 : 2 : ittapi_config_apply_per_lib :  ITTAPI function not implemented: __itt_heap_record_memory_growth_end
3820973 : 0x40e37c8c3fa776 : 2 : ittapi_config_apply_per_lib :  ITTAPI function not implemented: __itt_heap_reset_detection
3820973 : 0x40e37c8c3fb436 : 2 : ittapi_config_apply_per_lib :  ITTAPI function not implemented: __itt_heap_record
3820973 : 0x40e37c8c3fbf88 : 2 : ittapi_config_apply_per_lib :  ITTAPI function not implemented: __itt_id_create
3820973 : 0x40e37c8c3ff34b : 2 : ittapi_config_apply_per_lib :  ITTAPI function not implemented: __itt_id_destroy
3820973 : 0x40e37c8c3ffded : 2 : ittapi_config_apply_per_lib :  ITTAPI function instrumented: __itt_get_timestamp
3820973 : 0x40e37c8c4009ac : 2 : ittapi_config_apply_per_lib :  ITTAPI function not implemented: __itt_region_begin
3820973 : 0x40e37c8c4014fa : 2 : ittapi_config_apply_per_lib :  ITTAPI function not implemented: __itt_region_end
3820973 : 0x40e37c8c40206f : 2 : ittapi_config_apply_per_lib :  ITTAPI function instrumented: __itt_frame_begin_v3
3820973 : 0x40e37c8c402ad0 : 2 : ittapi_config_apply_per_lib :  ITTAPI function instrumented: __itt_frame_end_v3
3820973 : 0x40e37c8c4034eb : 2 : ittapi_config_apply_per_lib :  ITTAPI function instrumented: __itt_frame_submit_v3
3820973 : 0x40e37c8c404073 : 2 : ittapi_config_apply_per_lib :  ITTAPI function not implemented: __itt_task_group
3820973 : 0x40e37c8c404b01 : 2 : ittapi_config_apply_per_lib :  ITTAPI function instrumented: __itt_task_begin
3820973 : 0x40e37c8c405630 : 2 : ittapi_config_apply_per_lib :  ITTAPI function instrumented: __itt_task_begin_fn
3820973 : 0x40e37c8c408591 : 2 : ittapi_config_apply_per_lib :  ITTAPI function instrumented: __itt_task_end
3820973 : 0x40e37c8c4091c6 : 2 : ittapi_config_apply_per_lib :  ITTAPI function not implemented: __itt_counter_inc_v3
3820973 : 0x40e37c8c409d94 : 2 : ittapi_config_apply_per_lib :  ITTAPI function not implemented: __itt_counter_inc_delta_v3
3820973 : 0x40e37c8c40a910 : 2 : ittapi_config_apply_per_lib :  ITTAPI function not implemented: __itt_counter_dec_v3
3820973 : 0x40e37c8c40b3ce : 2 : ittapi_config_apply_per_lib :  ITTAPI function not implemented: __itt_counter_dec_delta_v3
3820973 : 0x40e37c8c40bf9a : 2 : ittapi_config_apply_per_lib :  ITTAPI function not implemented: __itt_marker
3820973 : 0x40e37c8c40ca44 : 2 : ittapi_config_apply_per_lib :  ITTAPI function instrumented: __itt_metadata_add
3820973 : 0x40e37c8c40d4f8 : 2 : ittapi_config_apply_per_lib :  ITTAPI function not implemented: __itt_metadata_str_add
3820973 : 0x40e37c8c40e00a : 2 : ittapi_config_apply_per_lib :  ITTAPI function not implemented: __itt_relation_add_to_current
3820973 : 0x40e37c8c4114e6 : 2 : ittapi_config_apply_per_lib :  ITTAPI function not implemented: __itt_relation_add
3820973 : 0x40e37c8c414233 : 2 : ittapi_config_apply_per_lib :  ITTAPI function instrumented: __itt_event_create
3820973 : 0x40e37c8c414d12 : 2 : ittapi_config_apply_per_lib :  ITTAPI function instrumented: __itt_event_start
3820973 : 0x40e37c8c41572f : 2 : ittapi_config_apply_per_lib :  ITTAPI function instrumented: __itt_event_end
3820973 : 0x40e37c8c415fa9 : 2 : ittapi_config_apply_per_lib :  ITTAPI function NOT instrumented (not matched by --itt-config option): __itt_sync_set_name

3820973 : 0x40e37c8c4168ad : 2 : ittapi_config_apply_per_lib :  ITTAPI function NOT instrumented (not matched by --itt-config option): __itt_notify_sync_name

3820973 : 0x40e37c8c4171e8 : 2 : ittapi_config_apply_per_lib :  ITTAPI function NOT instrumented (not matched by --itt-config option): __itt_notify_sync_prepare

3820973 : 0x40e37c8c417a6c : 2 : ittapi_config_apply_per_lib :  ITTAPI function NOT instrumented (not matched by --itt-config option): __itt_notify_sync_cancel

3820973 : 0x40e37c8c4183a7 : 2 : ittapi_config_apply_per_lib :  ITTAPI function NOT instrumented (not matched by --itt-config option): __itt_notify_sync_acquired

3820973 : 0x40e37c8c418c1f : 2 : ittapi_config_apply_per_lib :  ITTAPI function NOT instrumented (not matched by --itt-config option): __itt_notify_sync_releasing

3820973 : 0x40e37c8c4196a3 : 2 : ittapi_config_apply_per_lib :  ITTAPI function not implemented: __itt_memory_read
3820973 : 0x40e37c8c41d4dd : 2 : ittapi_config_apply_per_lib :  ITTAPI function not implemented: __itt_memory_write
3820973 : 0x40e37c8c41e0f1 : 2 : ittapi_config_apply_per_lib :  ITTAPI function not implemented: __itt_memory_update
3820973 : 0x40e37c8c41ebaa : 2 : ittapi_config_apply_per_lib :  ITTAPI function not implemented: __itt_state_get
3820973 : 0x40e37c8c41f615 : 2 : ittapi_config_apply_per_lib :  ITTAPI function not implemented: __itt_state_set
3820973 : 0x40e37c8c420097 : 2 : ittapi_config_apply_per_lib :  ITTAPI function not implemented: __itt_obj_mode_set
3820973 : 0x40e37c8c420bff : 2 : ittapi_config_apply_per_lib :  ITTAPI function not implemented: __itt_thr_mode_set
3820973 : 0x40e37c8c4215e1 : 2 : ittapi_config_apply_per_lib :  ITTAPI function instrumented: __itt_frame_create
3820973 : 0x40e37c8c421f6e : 2 : ittapi_config_apply_per_lib :  ITTAPI function instrumented: __itt_pt_region_create
3820973 : 0x40e37c8c4229ad : 2 : ittapi_config_apply_per_lib :  ITTAPI function instrumented: __itt_frame_begin
3820973 : 0x40e37c8c4233c4 : 2 : ittapi_config_apply_per_lib :  ITTAPI function instrumented: __itt_frame_end
3820973 : 0x40e37c8c42630b : 2 : ittapi_config_apply_per_lib :  ITTAPI function not implemented: __itt_counter_destroy
3820973 : 0x40e37c8c426e45 : 2 : ittapi_config_apply_per_lib :  ITTAPI function instrumented: __itt_counter_inc
3820973 : 0x40e37c8c4278bd : 2 : ittapi_config_apply_per_lib :  ITTAPI function instrumented: __itt_counter_inc_delta
3820973 : 0x40e37c8c4282f6 : 2 : ittapi_config_apply_per_lib :  ITTAPI function instrumented: __itt_counter_dec
3820973 : 0x40e37c8c428daa : 2 : ittapi_config_apply_per_lib :  ITTAPI function instrumented: __itt_counter_dec_delta
3820973 : 0x40e37c8c429829 : 2 : ittapi_config_apply_per_lib :  ITTAPI function instrumented: __itt_counter_set_value
3820973 : 0x40e37c8c42a2cc : 2 : ittapi_config_apply_per_lib :  ITTAPI function not implemented: __itt_counter_set_value_ex
3820973 : 0x40e37c8c42acf5 : 2 : ittapi_config_apply_per_lib :  ITTAPI function not implemented: __itt_mark_create
3820973 : 0x40e37c8c42b921 : 2 : ittapi_config_apply_per_lib :  ITTAPI function not implemented: __itt_mark
3820973 : 0x40e37c8c42c567 : 2 : ittapi_config_apply_per_lib :  ITTAPI function not implemented: __itt_mark_off
3820973 : 0x40e37c8c42f3a8 : 2 : ittapi_config_apply_per_lib :  ITTAPI function not implemented: __itt_mark_global
3820973 : 0x40e37c8c430050 : 2 : ittapi_config_apply_per_lib :  ITTAPI function not implemented: __itt_mark_global_off
3820973 : 0x40e37c8c430a1d : 2 : ittapi_config_apply_per_lib :  ITTAPI function NOT instrumented (not matched by --itt-config option): __itt_stack_caller_create

3820973 : 0x40e37c8c4312fe : 2 : ittapi_config_apply_per_lib :  ITTAPI function NOT instrumented (not matched by --itt-config option): __itt_stack_caller_destroy

3820973 : 0x40e37c8c431bf4 : 2 : ittapi_config_apply_per_lib :  ITTAPI function NOT instrumented (not matched by --itt-config option): __itt_stack_callee_enter

3820973 : 0x40e37c8c4324c3 : 2 : ittapi_config_apply_per_lib :  ITTAPI function NOT instrumented (not matched by --itt-config option): __itt_stack_callee_leave

3820973 : 0x40e37c8c432f84 : 2 : ittapi_config_apply_per_lib :  ITTAPI function not implemented: __itt_clock_domain_create
3820973 : 0x40e37c8c433b1e : 2 : ittapi_config_apply_per_lib :  ITTAPI function not implemented: __itt_clock_domain_reset
3820973 : 0x40e37c8c434596 : 2 : ittapi_config_apply_per_lib :  ITTAPI function not implemented: __itt_id_create_ex
3820973 : 0x40e37c8c4350ff : 2 : ittapi_config_apply_per_lib :  ITTAPI function not implemented: __itt_id_destroy_ex
3820973 : 0x40e37c8c438eca : 2 : ittapi_config_apply_per_lib :  ITTAPI function not implemented: __itt_task_begin_ex
3820973 : 0x40e37c8c439a6c : 2 : ittapi_config_apply_per_lib :  ITTAPI function not implemented: __itt_task_begin_fn_ex
3820973 : 0x40e37c8c43a512 : 2 : ittapi_config_apply_per_lib :  ITTAPI function not implemented: __itt_task_end_ex
3820973 : 0x40e37c8c43af48 : 2 : ittapi_config_apply_per_lib :  ITTAPI function instrumented: __itt_task_begin_overlapped
3820973 : 0x40e37c8c43ba53 : 2 : ittapi_config_apply_per_lib :  ITTAPI function not implemented: __itt_task_begin_overlapped_ex
3820973 : 0x40e37c8c43c536 : 2 : ittapi_config_apply_per_lib :  ITTAPI function instrumented: __itt_task_end_overlapped
3820973 : 0x40e37c8c43cfb1 : 2 : ittapi_config_apply_per_lib :  ITTAPI function not implemented: __itt_task_end_overlapped_ex
3820973 : 0x40e37c8c43dab3 : 2 : ittapi_config_apply_per_lib :  ITTAPI function not implemented: __itt_marker_ex
3820973 : 0x40e37c8c43e619 : 2 : ittapi_config_apply_per_lib :  ITTAPI function not implemented: __itt_metadata_add_with_scope
3820973 : 0x40e37c8c43f18c : 2 : ittapi_config_apply_per_lib :  ITTAPI function not implemented: __itt_metadata_str_add_with_scope
3820973 : 0x40e37c8c441f7d : 2 : ittapi_config_apply_per_lib :  ITTAPI function not implemented: __itt_relation_add_to_current_ex
3820973 : 0x40e37c8c442ac0 : 2 : ittapi_config_apply_per_lib :  ITTAPI function not implemented: __itt_relation_add_ex
3820973 : 0x40e37c8c4435a1 : 2 : ittapi_config_apply_per_lib :  ITTAPI function not implemented: __itt_track_group_create
3820973 : 0x40e37c8c443f7e : 2 : ittapi_config_apply_per_lib :  ITTAPI function not implemented: __itt_track_create
3820973 : 0x40e37c8c444a5b : 2 : ittapi_config_apply_per_lib :  ITTAPI function not implemented: __itt_set_track
3820973 : 0x40e37c8c445465 : 2 : ittapi_config_apply_per_lib :  ITTAPI function instrumented: __itt_api_version
3820973 : 0x40e37c8c445e9a : 2 : ittapi_config_apply_per_lib :  ITTAPI function not implemented: __itt_av_save
3820973 : 0x40e37c8c44692e : 2 : ittapi_config_apply_per_lib :  ITTAPI function instrumented: __itt_module_load
3820973 : 0x40e37c8c447434 : 2 : ittapi_config_apply_per_lib :  ITTAPI function not implemented: __itt_module_unload