
3818645 : 0x40e35c921a1e7f : 1 : spill_jit_data :  Jit agent is not initialized
3818645 : 0x40e35c921b3551 : 2 : ittapi_config_mask_get :  --itt-config mask to be applied: 39
3818645 : 0x40e35c921b4ee6 : 2 : ittapi_config_apply_per_lib :  ITTAPI function instrumented: __itt_domain_create
3818645 : 0x40e35c921b5c63 : 2 : ittapi_config_apply_per_lib :  ITTAPI function instrumented: __itt_module_load_with_sections
3818645 : 0x40e35c921b6e78 : 2 : ittapi_config_apply_per_lib :  ITTAPI function not implemented: __itt_module_unload_with_sections
3818645 : 0x40e35c921b7cf6 : 2 : ittapi_config_apply_per_lib :  ITTAPI function instrumented: __itt_string_handle_create
3818645 : 0x40e35c921b86a0 : 2 : ittapi_config_apply_per_lib :  ITTAPI function instrumented: __itt_counter_create
3818645 : 0x40e35c921b8fee : 2 : ittapi_config_apply_per_lib :  ITTAPI function instrumented: __itt_counter_create_typed
3818645 : 0x40e35c921b9b08 : 2 : ittapi_config_apply_per_lib :  ITTAPI function instrumented: __itt_pause
3818645 : 0x40e35c921ba4ae : 2 : ittapi_config_apply_per_lib :  ITTAPI function instrumented: __itt_resume
3818645 : 0x40e35c921c81b6 : 2 : ittapi_config_apply_per_lib :  ITTAPI function instrumented: __itt_thread_set_name
3818645 : 0x40e35c921c9025 : 2 : ittapi_config_apply_per_lib :  ITTAPI function instrumented: __itt_thread_ignore
3818645 : 0x40e35c921c99d1 : 2 : ittapi_config_apply_per_lib :  ITTAPI function instrumented: __itt_thr_name_set
3818645 : 0x40e35c921ca445 : 2 : ittapi_config_apply_per_lib :  ITTAPI function instrumented: __itt_thr_ignore
3818645 : 0x40e35c921cb29c : 2 : ittapi_config_apply_per_lib :  ITTAPI function not implemented: __itt_enable_attach
3818645 : 0x40e35c921cbd17 : 2 : ittapi_config_apply_per_lib :  ITTAPI function instrumented: __itt_detach
3818645 : 0x40e35c921cc5c6 : 2 : ittapi_config_apply_per_lib :  ITTAPI function NOT instrumented (not matched by --itt-config option): __itt_sync_create

3818645 : 0x40e35c921cd065 : 2 : ittapi_config_apply_per_lib :  ITTAPI function NOT instrumented (not matched by --itt-config option): __itt_sync_rename

3818645 : 0x40e35c921cd8a5 : 2 : ittapi_config_apply_per_lib :  ITTAPI function NOT instrumented (not matched by --itt-config option): __itt_sync_destroy

3818645 : 0x40e35c921ce1ae : 2 : ittapi_config_apply_per_lib :  ITTAPI function NOT instrumented (not matched by --itt-config option): __itt_sync_prepare

3818645 : 0x40e35c921d16cc : 2 : ittapi_config_apply_per_lib :  ITTAPI function NOT instrumented (not matched by --itt-config option): __itt_sync_cancel

3818645 : 0x40e35c921d203c : 2 : ittapi_config_apply_per_lib :  ITTAPI function NOT instrumented (not matched by --itt-config option): __itt_sync_acquired

3818645 : 0x40e35c921d286c : 2 : ittapi_config_apply_per_lib :  ITTAPI function NOT instrumented (not matched by --itt-config option): __itt_sync_releasing

3818645 : 0x40e35c921d3437 : 2 : ittapi_config_apply_per_lib :  ITTAPI function not implemented: __itt_suppress_push
3818645 : 0x40e35c921d41b5 : 2 : ittapi_config_apply_per_lib :  ITTAPI function not implemented: __itt_suppress_pop
3818645 : 0x40e35c921d4cf9 : 2 : ittapi_config_apply_per_lib :  ITTAPI function not implemented: __itt_suppress_mark_range
3818645 : 0x40e35c921d58c1 : 2 : ittapi_config_apply_per_lib :  ITTAPI function not implemented: __itt_suppress_clear_range
3818645 : 0x40e35c921d6132 : 2 : ittapi_config_apply_per_lib :  ITTAPI function NOT instrumented (not matched by --itt-config option): __itt_sync_prepare

3818645 : 0x40e35c921d697c : 2 : ittapi_config_apply_per_lib :  ITTAPI function NOT instrumented (not matched by --itt-config option): __itt_sync_cancel

3818645 : 0x40e35c921d717c : 2 : ittapi_config_apply_per_lib :  ITTAPI function NOT instrumented (not matched by --itt-config option): __itt_sync_acquired

3818645 : 0x40e35c921d9c3f : 2 : ittapi_config_apply_per_lib :  ITTAPI function NOT instrumented (not matched by --itt-config option): __itt_sync_releasing

3818645 : 0x40e35c921da57c : 2 : ittapi_config_apply_per_lib :  ITTAPI function NOT instrumented (not matched by --itt-config option): __itt_model_site_begin

3818645 : 0x40e35c921dae1e : 2 : ittapi_config_apply_per_lib :  ITTAPI function NOT instrumented (not matched by --itt-config option): __itt_model_site_end

3818645 : 0x40e35c921db680 : 2 : ittapi_config_apply_per_lib :  ITTAPI function NOT instrumented (not matched by --itt-config option): __itt_model_task_begin

3818645 : 0x40e35c921dbec7 : 2 : ittapi_config_apply_per_lib :  ITTAPI function NOT instrumented (not matched by --itt-config option): __itt_model_task_end

3818645 : 0x40e35c921dc7b9 : 2 : ittapi_config_apply_per_lib :  ITTAPI function NOT instrumented (not matched by --itt-config option): __itt_model_lock_acquire

3818645 : 0x40e35c921dd036 : 2 : ittapi_config_apply_per_lib :  ITTAPI function NOT instrumented (not matched by --itt-config option): __itt_model_lock_release

3818645 : 0x40e35c921dd95f : 2 : ittapi_config_apply_per_lib :  ITTAPI function NOT instrumented (not matched by --itt-config option): __itt_model_record_allocation

3818645 : 0x40e35c921de195 : 2 : ittapi_config_apply_per_lib :  ITTAPI function NOT instrumented (not matched by --itt-config option): __itt_model_record_deallocation

3818645 : 0x40e35c921de9dc : 2 : ittapi_config_apply_per_lib :  ITTAPI function NOT instrumented (not matched by --itt-config option): __itt_model_induction_uses

3818645 : 0x40e35c921e3da8 : 2 : ittapi_config_apply_per_lib :  ITTAPI function NOT instrumented (not matched by --itt-config option): __itt_model_reduction_uses

3818645 : 0x40e35c921e4799 : 2 : ittapi_config_apply_per_lib :  ITTAPI function NOT instrumented (not matched by --itt-config option): __itt_model_observe_uses

3818645 : 0x40e35c921e5031 : 2 : ittapi_config_apply_per_lib :  ITTAPI function NOT instrumented (not matched by --itt-config option): __itt_model_clear_uses

3818645 : 0x40e35c921e58cc : 2 : ittapi_config_apply_per_lib :  ITTAPI function NOT instrumented (not matched by --itt-config option): __itt_model_site_beginA

3818645 : 0x40e35c921e6173 : 2 : ittapi_config_apply_per_lib :  ITTAPI function NOT instrumented (not matched by --itt-config option): __itt_model_site_beginAL

3818645 : 0x40e35c921e6a24 : 2 : ittapi_config_apply_per_lib :  ITTAPI function NOT instrumented (not matched by --itt-config option): __itt_model_task_beginA

3818645 : 0x40e35c921e7267 : 2 : ittapi_config_apply_per_lib :  ITTAPI function NOT instrumented (not matched by --itt-config option): __itt_model_task_beginAL

3818645 : 0x40e35c921e7aba : 2 : ittapi_config_apply_per_lib :  ITTAPI function NOT instrumented (not matched by --itt-config option): __itt_model_iteration_taskA

3818645 : 0x40e35c921e82fe : 2 : ittapi_config_apply_per_lib :  ITTAPI function NOT instrumented (not matched by --itt-config option): __itt_model_iteration_taskAL

3818645 : 0x40e35c921e8c2c : 2 : ittapi_config_apply_per_lib :  ITTAPI function NOT instrumented (not matched by --itt-config option): __itt_model_site_end_2

3818645 : 0x40e35c921ebd20 : 2 : ittapi_config_apply_per_lib :  ITTAPI function NOT instrumented (not matched by --itt-config option): __itt_model_task_end_2

3818645 : 0x40e35c921ec65f : 2 : ittapi_config_apply_per_lib :  ITTAPI function NOT instrumented (not matched by --itt-config option): __itt_model_lock_acquire_2

3818645 : 0x40e35c921eced5 : 2 : ittapi_config_apply_per_lib :  ITTAPI function NOT instrumented (not matched by --itt-config option): __itt_model_lock_release_2

3818645 : 0x40e35c921ed766 : 2 : ittapi_config_apply_per_lib :  ITTAPI function NOT instrumented (not matched by --itt-config option): __itt_model_aggregate_task

3818645 : 0x40e35c921ee029 : 2 : ittapi_config_apply_per_lib :  ITTAPI function NOT instrumented (not matched by --itt-config option): __itt_model_disable_push

3818645 : 0x40e35c921ee8ac : 2 : ittapi_config_apply_per_lib :  ITTAPI function NOT instrumented (not matched by --itt-config option): __itt_model_disable_pop

3818645 : 0x40e35c921ef391 : 2 : ittapi_config_apply_per_lib :  ITTAPI function instrumented: __itt_heap_function_create
3818645 : 0x40e35c921efdd0 : 2 : ittapi_config_apply_per_lib :  ITTAPI function instrumented: __itt_heap_allocate_begin
3818645 : 0x40e35c921f0793 : 2 : ittapi_config_apply_per_lib :  ITTAPI function instrumented: __itt_heap_allocate_end
3818645 : 0x40e35c921f11c0 : 2 : ittapi_config_apply_per_lib :  ITTAPI function instrumented: __itt_heap_free_begin
3818645 : 0x40e35c921f5446 : 2 : ittapi_config_apply_per_lib :  ITTAPI function instrumented: __itt_heap_free_end
3818645 : 0x40e35c921f5ea6 : 2 : ittapi_config_apply_per_lib :  ITTAPI function instrumented: __itt_heap_reallocate_begin
3818645 : 0x40e35c921f67bb : 2 : ittapi_config_apply_per_lib :  ITTAPI function instrumented: __itt_heap_reallocate_end
3818645 : 0x40e35c921f737c : 2 : ittapi_config_apply_per_lib :  ITTAPI function not implemented: __itt_heap_internal_access_begin
3818645 : 0x40e35c921f7e24 : 2 : ittapi_config_apply_per_lib :  ITTAPI function not implemented: __itt_heap_internal_access_end
3818645 : 0x40e35c921f895d : 2 : ittapi_config_apply_per_lib :  ITTAPI function not implemented: __itt_heap_record_memory_growth_begin
3818645 : 0x40e35c921f93b7 : 2 : ittapi_config_apply_per_lib :  ITTAPI function not implemented: __itt_heap_record_memory_growth_end
3818645 : 0x40e35c921f9e5e : 2 : ittapi_config_apply_per_lib :  ITTAPI function not implemented: __itt_heap_reset_detection
3818645 : 0x40e35c921faa2a : 2 : ittapi_config_apply_per_lib :  ITTAPI function not implemented: __itt_heap_record
3818645 : 0x40e35c921fb467 : 2 : ittapi_config_apply_per_lib :  ITTAPI function not implemented: __itt_id_create
3818645 : 0x40e35c921fea3b : 2 : ittapi_config_apply_per_lib :  ITTAPI function not implemented: __itt_id_destroy
3818645 : 0x40e35c921ff4fd : 2 : ittapi_config_apply_per_lib :  ITTAPI function instrumented: __itt_get_timestamp
3818645 : 0x40e35c92200000 : 2 : ittapi_config_apply_per_lib :  ITTAPI function not implemented: __itt_region_begin
3818645 : 0x40e35c92200abd : 2 : ittapi_config_apply_per_lib :  ITTAPI function not implemented: __itt_region_end
3818645 : 0x40e35c92201486 : 2 : ittapi_config_apply_per_lib :  ITTAPI function instrumented: __itt_frame_begin_v3
3818645 : 0x40e35c92201e31 : 2 : ittapi_config_apply_per_lib :  ITTAPI function instrumented: __itt_frame_end_v3
3818645 : 0x40e35c922027a4 : 2 : ittapi_config_apply_per_lib :  ITTAPI function instrumented: __itt_frame_submit_v3
3818645 : 0x40e35c9220325a : 2 : ittapi_config_apply_per_lib :  ITTAPI function not implemented: __itt_task_group
3818645 : 0x40e35c92203c59 : 2 : ittapi_config_apply_per_lib :  ITTAPI function instrumented: __itt_task_begin
3818645 : 0x40e35c9220464a : 2 : ittapi_config_apply_per_lib :  ITTAPI function instrumented: __itt_task_begin_fn
3818645 : 0x40e35c92207789 : 2 : ittapi_config_apply_per_lib :  ITTAPI function instrumented: __itt_task_end
3818645 : 0x40e35c92208341 : 2 : ittapi_config_apply_per_lib :  ITTAPI function not implemented: __itt_counter_inc_v3
3818645 : 0x40e35c92208e5e : 2 : ittapi_config_apply_per_lib :  ITTAPI function not implemented: __itt_counter_inc_delta_v3
3818645 : 0x40e35c922098c7 : 2 : ittapi_config_apply_per_lib :  ITTAPI function not implemented: __itt_counter_dec_v3
3818645 : 0x40e35c9220a2f2 : 2 : ittapi_config_apply_per_lib :  ITTAPI function not implemented: __itt_counter_dec_delta_v3
3818645 : 0x40e35c9220ad3e : 2 : ittapi_config_apply_per_lib :  ITTAPI function not implemented: __itt_marker
3818645 : 0x40e35c9220b731 : 2 : ittapi_config_apply_per_lib :  ITTAPI function instrumented: __itt_metadata_add
3818645 : 0x40e35c9220c17e : 2 : ittapi_config_apply_per_lib :  ITTAPI function not implemented: __itt_metadata_str_add
3818645 : 0x40e35c9220cbce : 2 : ittapi_config_apply_per_lib :  ITTAPI function not implemented: __itt_relation_add_to_current
3818645 : 0x40e35c9220d5e3 : 2 : ittapi_config_apply_per_lib :  ITTAPI function not implemented: __itt_relation_add
3818645 : 0x40e35c92210050 : 2 : ittapi_config_apply_per_lib :  ITTAPI function instrumented: __itt_event_create
3818645 : 0x40e35c92210a60 : 2 : ittapi_config_apply_per_lib :  ITTAPI function instrumented: __itt_event_start
3818645 : 0x40e35c922113c3 : 2 : ittapi_config_apply_per_lib :  ITTAPI function instrumented: __itt_event_end
3818645 : 0x40e35c92211be9 : 2 : ittapi_config_apply_per_lib :  ITTAPI function NOT instrumented (not matched by --itt-config option): __itt_sync_set_name

3818645 : 0x40e35c92212490 : 2 : ittapi_config_apply_per_lib :  ITTAPI function NOT instrumented (not matched by --itt-config option): __itt_notify_sync_name

3818645 : 0x40e35c92212d61 : 2 : ittapi_config_apply_per_lib :  ITTAPI function NOT instrumented (not matched by --itt-config option): __itt_notify_sync_prepare

3818645 : 0x40e35c92213607 : 2 : ittapi_config_apply_per_lib :  ITTAPI function NOT instrumented (not matched by --itt-config option): __itt_notify_sync_cancel

3818645 : 0x40e35c92213e88 : 2 : ittapi_config_apply_per_lib :  ITTAPI function NOT instrumented (not matched by --itt-config option): __itt_notify_sync_acquired

3818645 : 0x40e35c922146bb : 2 : ittapi_config_apply_per_lib :  ITTAPI function NOT instrumented (not matched by --itt-config option): __itt_notify_sync_releasing

3818645 : 0x40e35c92215119 : 2 : ittapi_config_apply_per_lib :  ITTAPI function not implemented: __itt_memory_read
3818645 : 0x40e35c92218d2b : 2 : ittapi_config_apply_per_lib :  ITTAPI function not implemented: __itt_memory_write
3818645 : 0x40e35c922198ae : 2 : ittapi_config_apply_per_lib :  ITTAPI function not implemented: __itt_memory_update
3818645 : 0x40e35c9221a348 : 2 : ittapi_config_apply_per_lib :  ITTAPI function not implemented: __itt_state_get
3818645 : 0x40e35c922206fc : 2 : ittapi_config_apply_per_lib :  ITTAPI function not implemented: __itt_state_set
3818645 : 0x40e35c92221663 : 2 : ittapi_config_apply_per_lib :  ITTAPI function not implemented: __itt_obj_mode_set
3818645 : 0x40e35c9222229e : 2 : ittapi_config_apply_per_lib :  ITTAPI function not implemented: __itt_thr_mode_set
3818645 : 0x40e35c92222c54 : 2 : ittapi_config_apply_per_lib :  ITTAPI function instrumented: __itt_frame_create
3818645 : 0x40e35c9222356a : 2 : ittapi_config_apply_per_lib :  ITTAPI function instrumented: __itt_pt_region_create
3818645 : 0x40e35c92223f11 : 2 : ittapi_config_apply_per_lib :  ITTAPI function instrumented: __itt_frame_begin
3818645 : 0x40e35c922248b9 : 2 : ittapi_config_apply_per_lib :  ITTAPI function instrumented: __itt_frame_end
3818645 : 0x40e35c922282be : 2 : ittapi_config_apply_per_lib :  ITTAPI function not implemented: __itt_counter_destroy
3818645 : 0x40e35c92228dbe : 2 : ittapi_config_apply_per_lib :  ITTAPI function instrumented: __itt_counter_inc
3818645 : 0x40e35c9222970b : 2 : ittapi_config_apply_per_lib :  ITTAPI function instrumented: __itt_counter_inc_delta
3818645 : 0x40e35c9222a063 : 2 : ittapi_config_apply_per_lib :  ITTAPI function instrumented: __itt_counter_dec
3818645 : 0x40e35c9222aa87 : 2 : ittapi_config_apply_per_lib :  ITTAPI function instrumented: __itt_counter_dec_delta
3818645 : 0x40e35c9222b4d4 : 2 : ittapi_config_apply_per_lib :  ITTAPI function instrumented: __itt_counter_set_value
3818645 : 0x40e35c9222bff9 : 2 : ittapi_config_apply_per_lib :  ITTAPI function not implemented: __itt_counter_set_value_ex
3818645 : 0x40e35c9222ca03 : 2 : ittapi_config_apply_per_lib :  ITTAPI function not implemented: __itt_mark_create
3818645 : 0x40e35c9222d4b1 : 2 : ittapi_config_apply_per_lib :  ITTAPI function not implemented: __itt_mark
3818645 : 0x40e35c9222e001 : 2 : ittapi_config_apply_per_lib :  ITTAPI function not implemented: __itt_mark_off
3818645 : 0x40e35c92231140 : 2 : ittapi_config_apply_per_lib :  ITTAPI function not implemented: __itt_mark_global
3818645 : 0x40e35c92231c80 : 2 : ittapi_config_apply_per_lib :  ITTAPI function not implemented: __itt_mark_global_off
3818645 : 0x40e35c922325a5 : 2 : ittapi_config_apply_per_lib :  ITTAPI function NOT instrumented (not matched by --itt-config option): __itt_stack_caller_create

3818645 : 0x40e35c92232e83 : 2 : ittapi_config_apply_per_lib :  ITTAPI function NOT instrumented (not matched by --itt-config option): __itt_stack_caller_destroy

3818645 : 0x40e35c92233733 : 2 : ittapi_config_apply_per_lib :  ITTAPI function NOT instrumented (not matched by --itt-config option): __itt_stack_callee_enter

3818645 : 0x40e35c92233fe2 : 2 : ittapi_config_apply_per_lib :  ITTAPI function NOT instrumented (not matched by --itt-config option): __itt_stack_callee_leave

3818645 : 0x40e35c92234a0d : 2 : ittapi_config_apply_per_lib :  ITTAPI function not implemented: __itt_clock_domain_create
3818645 : 0x40e35c92235493 : 2 : ittapi_config_apply_per_lib :  ITTAPI function not implemented: __itt_clock_domain_reset
3818645 : 0x40e35c92235eb5 : 2 : ittapi_config_apply_per_lib :  ITTAPI function not implemented: __itt_id_create_ex
3818645 : 0x40e35c922368a9 : 2 : ittapi_config_apply_per_lib :  ITTAPI function not implemented: __itt_id_destroy_ex
3818645 : 0x40e35c9223a7f9 : 2 : ittapi_config_apply_per_lib :  ITTAPI function not implemented: __itt_task_begin_ex
3818645 : 0x40e35c9223b384 : 2 : ittapi_config_apply_per_lib :  ITTAPI function not implemented: __itt_task_begin_fn_ex
3818645 : 0x40e35c9223bdf7 : 2 : ittapi_config_apply_per_lib :  ITTAPI function not implemented: __itt_task_end_ex
3818645 : 0x40e35c9223c79f : 2 : ittapi_config_apply_per_lib :  ITTAPI function instrumented: __itt_task_begin_overlapped
3818645 : 0x40e35c9223d1c1 : 2 : ittapi_config_apply_per_lib :  ITTAPI function not implemented: __itt_task_begin_overlapped_ex
3818645 : 0x40e35c9223dc96 : 2 : ittapi_config_apply_per_lib :  ITTAPI function instrumented: __itt_task_end_overlapped
3818645 : 0x40e35c9223e6c1 : 2 : ittapi_config_apply_per_lib :  ITTAPI function not implemented: __itt_task_end_overlapped_ex
3818645 : 0x40e35c9223f0f1 : 2 : ittapi_config_apply_per_lib :  ITTAPI function not implemented: __itt_marker_ex
3818645 : 0x40e35c9223fbd6 : 2 : ittapi_config_apply_per_lib :  ITTAPI function not implemented: __itt_metadata_add_with_scope
3818645 : 0x40e35c922406c5 : 2 : ittapi_config_apply_per_lib :  ITTAPI function not implemented: __itt_metadata_str_add_with_scope
3818645 : 0x40e35c922435f3 : 2 : ittapi_config_apply_per_lib :  ITTAPI function not implemented: __itt_relation_add_to_current_ex
3818645 : 0x40e35c922440d2 : 2 : ittapi_config_apply_per_lib :  ITTAPI function not implemented: __itt_relation_add_ex
3818645 : 0x40e35c92244b2e : 2 : ittapi_config_apply_per_lib :  ITTAPI function not implemented: __itt_track_group_create
3818645 : 0x40e35c922454ab : 2 : ittapi_config_apply_per_lib :  ITTAPI function not implemented: __itt_track_create
3818645 : 0x40e35c92245eb5 : 2 : ittapi_config_apply_per_lib :  ITTAPI function not implemented: __itt_set_track
3818645 : 0x40e35c92246864 : 2 : ittapi_config_apply_per_lib :  ITTAPI function instrumented: __itt_api_version
3818645 : 0x40e35c9224724a : 2 : ittapi_config_apply_per_lib :  ITTAPI function not implemented: __itt_av_save
3818645 : 0x40e35c92247c4d : 2 : ittapi_config_apply_per_lib :  ITTAPI function instrumented: __itt_module_load
3818645 : 0x40e35c92248633 : 2 : ittapi_config_apply_per_lib :  ITTAPI function not implemented: __itt_module_unload