
3823061 : 0x40e38e9f85fda6 : 1 : spill_jit_data :  Jit agent is not initialized
3823061 : 0x40e38e9f877066 : 2 : ittapi_config_mask_get :  --itt-config mask to be applied: 39
3823061 : 0x40e38e9f878e2c : 2 : ittapi_config_apply_per_lib :  ITTAPI function instrumented: __itt_domain_create
3823061 : 0x40e38e9f87a93b : 2 : ittapi_config_apply_per_lib :  ITTAPI function instrumented: __itt_module_load_with_sections
3823061 : 0x40e38e9f87c814 : 2 : ittapi_config_apply_per_lib :  ITTAPI function not implemented: __itt_module_unload_with_sections
3823061 : 0x40e38e9f87eb2c : 2 : ittapi_config_apply_per_lib :  ITTAPI function instrumented: __itt_string_handle_create
3823061 : 0x40e38e9f87fd7a : 2 : ittapi_config_apply_per_lib :  ITTAPI function instrumented: __itt_counter_create
3823061 : 0x40e38e9f880b07 : 2 : ittapi_config_apply_per_lib :  ITTAPI function instrumented: __itt_counter_create_typed
3823061 : 0x40e38e9f882eca : 2 : ittapi_config_apply_per_lib :  ITTAPI function instrumented: __itt_pause
3823061 : 0x40e38e9f883fdc : 2 : ittapi_config_apply_per_lib :  ITTAPI function instrumented: __itt_resume
3823061 : 0x40e38e9f898d17 : 2 : ittapi_config_apply_per_lib :  ITTAPI function instrumented: __itt_thread_set_name
3823061 : 0x40e38e9f89a691 : 2 : ittapi_config_apply_per_lib :  ITTAPI function instrumented: __itt_thread_ignore
3823061 : 0x40e38e9f89b6aa : 2 : ittapi_config_apply_per_lib :  ITTAPI function instrumented: __itt_thr_name_set
3823061 : 0x40e38e9f89c9df : 2 : ittapi_config_apply_per_lib :  ITTAPI function instrumented: __itt_thr_ignore
3823061 : 0x40e38e9f89e843 : 2 : ittapi_config_apply_per_lib :  ITTAPI function not implemented: __itt_enable_attach
3823061 : 0x40e38e9f89fb78 : 2 : ittapi_config_apply_per_lib :  ITTAPI function instrumented: __itt_detach
3823061 : 0x40e38e9f8a06da : 2 : ittapi_config_apply_per_lib :  ITTAPI function NOT instrumented (not matched by --itt-config option): __itt_sync_create

3823061 : 0x40e38e9f8a18d6 : 2 : ittapi_config_apply_per_lib :  ITTAPI function NOT instrumented (not matched by --itt-config option): __itt_sync_rename

3823061 : 0x40e38e9f8a2981 : 2 : ittapi_config_apply_per_lib :  ITTAPI function NOT instrumented (not matched by --itt-config option): __itt_sync_destroy

3823061 : 0x40e38e9f8a4a28 : 2 : ittapi_config_apply_per_lib :  ITTAPI function NOT instrumented (not matched by --itt-config option): __itt_sync_prepare

3823061 : 0x40e38e9f8ab75b : 2 : ittapi_config_apply_per_lib :  ITTAPI function NOT instrumented (not matched by --itt-config option): __itt_sync_cancel

3823061 : 0x40e38e9f8ad49c : 2 : ittapi_config_apply_per_lib :  ITTAPI function NOT instrumented (not matched by --itt-config option): __itt_sync_acquired

3823061 : 0x40e38e9f8aee2a : 2 : ittapi_config_apply_per_lib :  ITTAPI function NOT instrumented (not matched by --itt-config option): __itt_sync_releasing

3823061 : 0x40e38e9f8b07c9 : 2 : ittapi_config_apply_per_lib :  ITTAPI function not implemented: __itt_suppress_push
3823061 : 0x40e38e9f8b2cbb : 2 : ittapi_config_apply_per_lib :  ITTAPI function not implemented: __itt_suppress_pop
3823061 : 0x40e38e9f8b42e9 : 2 : ittapi_config_apply_per_lib :  ITTAPI function not implemented: __itt_suppress_mark_range
3823061 : 0x40e38e9f8b6561 : 2 : ittapi_config_apply_per_lib :  ITTAPI function not implemented: __itt_suppress_clear_range
3823061 : 0x40e38e9f8b83cb : 2 : ittapi_config_apply_per_lib :  ITTAPI function NOT instrumented (not matched by --itt-config option): __itt_sync_prepare

3823061 : 0x40e38e9f8b9852 : 2 : ittapi_config_apply_per_lib :  ITTAPI function NOT instrumented (not matched by --itt-config option): __itt_sync_cancel

3823061 : 0x40e38e9f8bb41f : 2 : ittapi_config_apply_per_lib :  ITTAPI function NOT instrumented (not matched by --itt-config option): __itt_sync_acquired

3823061 : 0x40e38e9f8c109d : 2 : ittapi_config_apply_per_lib :  ITTAPI function NOT instrumented (not matched by --itt-config option): __itt_sync_releasing

3823061 : 0x40e38e9f8c2033 : 2 : ittapi_config_apply_per_lib :  ITTAPI function NOT instrumented (not matched by --itt-config option): __itt_model_site_begin

3823061 : 0x40e38e9f8c2aa0 : 2 : ittapi_config_apply_per_lib :  ITTAPI function NOT instrumented (not matched by --itt-config option): __itt_model_site_end

3823061 : 0x40e38e9f8c37ee : 2 : ittapi_config_apply_per_lib :  ITTAPI function NOT instrumented (not matched by --itt-config option): __itt_model_task_begin

3823061 : 0x40e38e9f8c5159 : 2 : ittapi_config_apply_per_lib :  ITTAPI function NOT instrumented (not matched by --itt-config option): __itt_model_task_end

3823061 : 0x40e38e9f8c6088 : 2 : ittapi_config_apply_per_lib :  ITTAPI function NOT instrumented (not matched by --itt-config option): __itt_model_lock_acquire

3823061 : 0x40e38e9f8c6a53 : 2 : ittapi_config_apply_per_lib :  ITTAPI function NOT instrumented (not matched by --itt-config option): __itt_model_lock_release

3823061 : 0x40e38e9f8c8914 : 2 : ittapi_config_apply_per_lib :  ITTAPI function NOT instrumented (not matched by --itt-config option): __itt_model_record_allocation

3823061 : 0x40e38e9f8c9284 : 2 : ittapi_config_apply_per_lib :  ITTAPI function NOT instrumented (not matched by --itt-config option): __itt_model_record_deallocation

3823061 : 0x40e38e9f8cae25 : 2 : ittapi_config_apply_per_lib :  ITTAPI function NOT instrumented (not matched by --itt-config option): __itt_model_induction_uses

3823061 : 0x40e38e9f8d3e93 : 2 : ittapi_config_apply_per_lib :  ITTAPI function NOT instrumented (not matched by --itt-config option): __itt_model_reduction_uses

3823061 : 0x40e38e9f8d497c : 2 : ittapi_config_apply_per_lib :  ITTAPI function NOT instrumented (not matched by --itt-config option): __itt_model_observe_uses

3823061 : 0x40e38e9f8d7824 : 2 : ittapi_config_apply_per_lib :  ITTAPI function NOT instrumented (not matched by --itt-config option): __itt_model_clear_uses

3823061 : 0x40e38e9f8d8a2d : 2 : ittapi_config_apply_per_lib :  ITTAPI function NOT instrumented (not matched by --itt-config option): __itt_model_site_beginA

3823061 : 0x40e38e9f8d9888 : 2 : ittapi_config_apply_per_lib :  ITTAPI function NOT instrumented (not matched by --itt-config option): __itt_model_site_beginAL

3823061 : 0x40e38e9f8da8a7 : 2 : ittapi_config_apply_per_lib :  ITTAPI function NOT instrumented (not matched by --itt-config option): __itt_model_task_beginA

3823061 : 0x40e38e9f8db78a : 2 : ittapi_config_apply_per_lib :  ITTAPI function NOT instrumented (not matched by --itt-config option): __itt_model_task_beginAL

3823061 : 0x40e38e9f8dc6d5 : 2 : ittapi_config_apply_per_lib :  ITTAPI function NOT instrumented (not matched by --itt-config option): __itt_model_iteration_taskA

3823061 : 0x40e38e9f8ddc9d : 2 : ittapi_config_apply_per_lib :  ITTAPI function NOT instrumented (not matched by --itt-config option): __itt_model_iteration_taskAL

3823061 : 0x40e38e9f8dff46 : 2 : ittapi_config_apply_per_lib :  ITTAPI function NOT instrumented (not matched by --itt-config option): __itt_model_site_end_2

3823061 : 0x40e38e9f8e548f : 2 : ittapi_config_apply_per_lib :  ITTAPI function NOT instrumented (not matched by --itt-config option): __itt_model_task_end_2

3823061 : 0x40e38e9f8e6182 : 2 : ittapi_config_apply_per_lib :  ITTAPI function NOT instrumented (not matched by --itt-config option): __itt_model_lock_acquire_2

3823061 : 0x40e38e9f8e71c4 : 2 : ittapi_config_apply_per_lib :  ITTAPI function NOT instrumented (not matched by --itt-config option): __itt_model_lock_release_2

3823061 : 0x40e38e9f8e7c85 : 2 : ittapi_config_apply_per_lib :  ITTAPI function NOT instrumented (not matched by --itt-config option): __itt_model_aggregate_task

3823061 : 0x40e38e9f8e8e55 : 2 : ittapi_config_apply_per_lib :  ITTAPI function NOT instrumented (not matched by --itt-config option): __itt_model_disable_push

3823061 : 0x40e38e9f8ea319 : 2 : ittapi_config_apply_per_lib :  ITTAPI function NOT instrumented (not matched by --itt-config option): __itt_model_disable_pop

3823061 : 0x40e38e9f8ebe57 : 2 : ittapi_config_apply_per_lib :  ITTAPI function instrumented: __itt_heap_function_create
3823061 : 0x40e38e9f8ecaa3 : 2 : ittapi_config_apply_per_lib :  ITTAPI function instrumented: __itt_heap_allocate_begin
3823061 : 0x40e38e9f8ed9dc : 2 : ittapi_config_apply_per_lib :  ITTAPI function instrumented: __itt_heap_allocate_end
3823061 : 0x40e38e9f8ee7b5 : 2 : ittapi_config_apply_per_lib :  ITTAPI function instrumented: __itt_heap_free_begin
3823061 : 0x40e38e9f8f7249 : 2 : ittapi_config_apply_per_lib :  ITTAPI function instrumented: __itt_heap_free_end
3823061 : 0x40e38e9f8f8af8 : 2 : ittapi_config_apply_per_lib :  ITTAPI function instrumented: __itt_heap_reallocate_begin
3823061 : 0x40e38e9f8fa96e : 2 : ittapi_config_apply_per_lib :  ITTAPI function instrumented: __itt_heap_reallocate_end
3823061 : 0x40e38e9f8fc367 : 2 : ittapi_config_apply_per_lib :  ITTAPI function not implemented: __itt_heap_internal_access_begin
3823061 : 0x40e38e9f8fd057 : 2 : ittapi_config_apply_per_lib :  ITTAPI function not implemented: __itt_heap_internal_access_end
3823061 : 0x40e38e9f8fef4e : 2 : ittapi_config_apply_per_lib :  ITTAPI function not implemented: __itt_heap_record_memory_growth_begin
3823061 : 0x40e38e9f8ffdef : 2 : ittapi_config_apply_per_lib :  ITTAPI function not implemented: __itt_heap_record_memory_growth_end
3823061 : 0x40e38e9f902623 : 2 : ittapi_config_apply_per_lib :  ITTAPI function not implemented: __itt_heap_reset_detection
3823061 : 0x40e38e9f9037a0 : 2 : ittapi_config_apply_per_lib :  ITTAPI function not implemented: __itt_heap_record
3823061 : 0x40e38e9f905940 : 2 : ittapi_config_apply_per_lib :  ITTAPI function not implemented: __itt_id_create
3823061 : 0x40e38e9f90bd6e : 2 : ittapi_config_apply_per_lib :  ITTAPI function not implemented: __itt_id_destroy
3823061 : 0x40e38e9f90cb53 : 2 : ittapi_config_apply_per_lib :  ITTAPI function instrumented: __itt_get_timestamp
3823061 : 0x40e38e9f90e024 : 2 : ittapi_config_apply_per_lib :  ITTAPI function not implemented: __itt_region_begin
3823061 : 0x40e38e9f90f868 : 2 : ittapi_config_apply_per_lib :  ITTAPI function not implemented: __itt_region_end
3823061 : 0x40e38e9f91176e : 2 : ittapi_config_apply_per_lib :  ITTAPI function instrumented: __itt_frame_begin_v3
3823061 : 0x40e38e9f912c85 : 2 : ittapi_config_apply_per_lib :  ITTAPI function instrumented: __itt_frame_end_v3
3823061 : 0x40e38e9f913c57 : 2 : ittapi_config_apply_per_lib :  ITTAPI function instrumented: __itt_frame_submit_v3
3823061 : 0x40e38e9f9148db : 2 : ittapi_config_apply_per_lib :  ITTAPI function not implemented: __itt_task_group
3823061 : 0x40e38e9f91578f : 2 : ittapi_config_apply_per_lib :  ITTAPI function instrumented: __itt_task_begin
3823061 : 0x40e38e9f9169b7 : 2 : ittapi_config_apply_per_lib :  ITTAPI function instrumented: __itt_task_begin_fn
3823061 : 0x40e38e9f91d184 : 2 : ittapi_config_apply_per_lib :  ITTAPI function instrumented: __itt_task_end
3823061 : 0x40e38e9f91e2a2 : 2 : ittapi_config_apply_per_lib :  ITTAPI function not implemented: __itt_counter_inc_v3
3823061 : 0x40e38e9f91f6f5 : 2 : ittapi_config_apply_per_lib :  ITTAPI function not implemented: __itt_counter_inc_delta_v3
3823061 : 0x40e38e9f9212ab : 2 : ittapi_config_apply_per_lib :  ITTAPI function not implemented: __itt_counter_dec_v3
3823061 : 0x40e38e9f9227ef : 2 : ittapi_config_apply_per_lib :  ITTAPI function not implemented: __itt_counter_dec_delta_v3
3823061 : 0x40e38e9f92505f : 2 : ittapi_config_apply_per_lib :  ITTAPI function not implemented: __itt_marker
3823061 : 0x40e38e9f926f0a : 2 : ittapi_config_apply_per_lib :  ITTAPI function instrumented: __itt_metadata_add
3823061 : 0x40e38e9f9290a4 : 2 : ittapi_config_apply_per_lib :  ITTAPI function not implemented: __itt_metadata_str_add
3823061 : 0x40e38e9f92a8d9 : 2 : ittapi_config_apply_per_lib :  ITTAPI function not implemented: __itt_relation_add_to_current
3823061 : 0x40e38e9f92c072 : 2 : ittapi_config_apply_per_lib :  ITTAPI function not implemented: __itt_relation_add
3823061 : 0x40e38e9f93172a : 2 : ittapi_config_apply_per_lib :  ITTAPI function instrumented: __itt_event_create
3823061 : 0x40e38e9f933335 : 2 : ittapi_config_apply_per_lib :  ITTAPI function instrumented: __itt_event_start
3823061 : 0x40e38e9f934b3f : 2 : ittapi_config_apply_per_lib :  ITTAPI function instrumented: __itt_event_end
3823061 : 0x40e38e9f935c6c : 2 : ittapi_config_apply_per_lib :  ITTAPI function NOT instrumented (not matched by --itt-config option): __itt_sync_set_name

3823061 : 0x40e38e9f937833 : 2 : ittapi_config_apply_per_lib :  ITTAPI function NOT instrumented (not matched by --itt-config option): __itt_notify_sync_name

3823061 : 0x40e38e9f9386d6 : 2 : ittapi_config_apply_per_lib :  ITTAPI function NOT instrumented (not matched by --itt-config option): __itt_notify_sync_prepare

3823061 : 0x40e38e9f939af4 : 2 : ittapi_config_apply_per_lib :  ITTAPI function NOT instrumented (not matched by --itt-config option): __itt_notify_sync_cancel

3823061 : 0x40e38e9f93a4d9 : 2 : ittapi_config_apply_per_lib :  ITTAPI function NOT instrumented (not matched by --itt-config option): __itt_notify_sync_acquired

3823061 : 0x40e38e9f93b27f : 2 : ittapi_config_apply_per_lib :  ITTAPI function NOT instrumented (not matched by --itt-config option): __itt_notify_sync_releasing

3823061 : 0x40e38e9f93ce8c : 2 : ittapi_config_apply_per_lib :  ITTAPI function not implemented: __itt_memory_read
3823061 : 0x40e38e9f945a26 : 2 : ittapi_config_apply_per_lib :  ITTAPI function not implemented: __itt_memory_write
3823061 : 0x40e38e9f947263 : 2 : ittapi_config_apply_per_lib :  ITTAPI function not implemented: __itt_memory_update
3823061 : 0x40e38e9f949960 : 2 : ittapi_config_apply_per_lib :  ITTAPI function not implemented: __itt_state_get
3823061 : 0x40e38e9f94acb1 : 2 : ittapi_config_apply_per_lib :  ITTAPI function not implemented: __itt_state_set
3823061 : 0x40e38e9f94c7e2 : 2 : ittapi_config_apply_per_lib :  ITTAPI function not implemented: __itt_obj_mode_set
3823061 : 0x40e38e9f94e0ce : 2 : ittapi_config_apply_per_lib :  ITTAPI function not implemented: __itt_thr_mode_set
3823061 : 0x40e38e9f94f8ff : 2 : ittapi_config_apply_per_lib :  ITTAPI function instrumented: __itt_frame_create
3823061 : 0x40e38e9f9510be : 2 : ittapi_config_apply_per_lib :  ITTAPI function instrumented: __itt_pt_region_create
3823061 : 0x40e38e9f95216f : 2 : ittapi_config_apply_per_lib :  ITTAPI function instrumented: __itt_frame_begin
3823061 : 0x40e38e9f953852 : 2 : ittapi_config_apply_per_lib :  ITTAPI function instrumented: __itt_frame_end
3823061 : 0x40e38e9f959ab7 : 2 : ittapi_config_apply_per_lib :  ITTAPI function not implemented: __itt_counter_destroy
3823061 : 0x40e38e9f95b8cb : 2 : ittapi_config_apply_per_lib :  ITTAPI function instrumented: __itt_counter_inc
3823061 : 0x40e38e9f95e2a6 : 2 : ittapi_config_apply_per_lib :  ITTAPI function instrumented: __itt_counter_inc_delta
3823061 : 0x40e38e9f95f179 : 2 : ittapi_config_apply_per_lib :  ITTAPI function instrumented: __itt_counter_dec
3823061 : 0x40e38e9f961210 : 2 : ittapi_config_apply_per_lib :  ITTAPI function instrumented: __itt_counter_dec_delta
3823061 : 0x40e38e9f961f2c : 2 : ittapi_config_apply_per_lib :  ITTAPI function instrumented: __itt_counter_set_value
3823061 : 0x40e38e9f964146 : 2 : ittapi_config_apply_per_lib :  ITTAPI function not implemented: __itt_counter_set_value_ex
3823061 : 0x40e38e9f966bdc : 2 : ittapi_config_apply_per_lib :  ITTAPI function not implemented: __itt_mark_create
3823061 : 0x40e38e9f968a2c : 2 : ittapi_config_apply_per_lib :  ITTAPI function not implemented: __itt_mark
3823061 : 0x40e38e9f96a7d1 : 2 : ittapi_config_apply_per_lib :  ITTAPI function not implemented: __itt_mark_off
3823061 : 0x40e38e9f971f33 : 2 : ittapi_config_apply_per_lib :  ITTAPI function not implemented: __itt_mark_global
3823061 : 0x40e38e9f972e4c : 2 : ittapi_config_apply_per_lib :  ITTAPI function not implemented: __itt_mark_global_off
3823061 : 0x40e38e9f974836 : 2 : ittapi_config_apply_per_lib :  ITTAPI function NOT instrumented (not matched by --itt-config option): __itt_stack_caller_create

3823061 : 0x40e38e9f9766d6 : 2 : ittapi_config_apply_per_lib :  ITTAPI function NOT instrumented (not matched by --itt-config option): __itt_stack_caller_destroy

3823061 : 0x40e38e9f977e05 : 2 : ittapi_config_apply_per_lib :  ITTAPI function NOT instrumented (not matched by --itt-config option): __itt_stack_callee_enter

3823061 : 0x40e38e9f979143 : 2 : ittapi_config_apply_per_lib :  ITTAPI function NOT instrumented (not matched by --itt-config option): __itt_stack_callee_leave

3823061 : 0x40e38e9f97b311 : 2 : ittapi_config_apply_per_lib :  ITTAPI function not implemented: __itt_clock_domain_create
3823061 : 0x40e38e9f97d6eb : 2 : ittapi_config_apply_per_lib :  ITTAPI function not implemented: __itt_clock_domain_reset
3823061 : 0x40e38e9f97fe48 : 2 : ittapi_config_apply_per_lib :  ITTAPI function not implemented: __itt_id_create_ex
3823061 : 0x40e38e9f98176d : 2 : ittapi_config_apply_per_lib :  ITTAPI function not implemented: __itt_id_destroy_ex
3823061 : 0x40e38e9f988b1b : 2 : ittapi_config_apply_per_lib :  ITTAPI function not implemented: __itt_task_begin_ex
3823061 : 0x40e38e9f98a4fa : 2 : ittapi_config_apply_per_lib :  ITTAPI function not implemented: __itt_task_begin_fn_ex
3823061 : 0x40e38e9f98c31c : 2 : ittapi_config_apply_per_lib :  ITTAPI function not implemented: __itt_task_end_ex
3823061 : 0x40e38e9f98df2a : 2 : ittapi_config_apply_per_lib :  ITTAPI function instrumented: __itt_task_begin_overlapped
3823061 : 0x40e38e9f98ec76 : 2 : ittapi_config_apply_per_lib :  ITTAPI function not implemented: __itt_task_begin_overlapped_ex
3823061 : 0x40e38e9f991718 : 2 : ittapi_config_apply_per_lib :  ITTAPI function instrumented: __itt_task_end_overlapped
3823061 : 0x40e38e9f997704 : 2 : ittapi_config_apply_per_lib :  ITTAPI function not implemented: __itt_task_end_overlapped_ex
3823061 : 0x40e38e9f9983cf : 2 : ittapi_config_apply_per_lib :  ITTAPI function not implemented: __itt_marker_ex
3823061 : 0x40e38e9f999515 : 2 : ittapi_config_apply_per_lib :  ITTAPI function not implemented: __itt_metadata_add_with_scope
3823061 : 0x40e38e9f99b2da : 2 : ittapi_config_apply_per_lib :  ITTAPI function not implemented: __itt_metadata_str_add_with_scope
3823061 : 0x40e38e9f9a3cee : 2 : ittapi_config_apply_per_lib :  ITTAPI function not implemented: __itt_relation_add_to_current_ex
3823061 : 0x40e38e9f9a5177 : 2 : ittapi_config_apply_per_lib :  ITTAPI function not implemented: __itt_relation_add_ex
3823061 : 0x40e38e9f9a630f : 2 : ittapi_config_apply_per_lib :  ITTAPI function not implemented: __itt_track_group_create
3823061 : 0x40e38e9f9a783a : 2 : ittapi_config_apply_per_lib :  ITTAPI function not implemented: __itt_track_create
3823061 : 0x40e38e9f9a8f82 : 2 : ittapi_config_apply_per_lib :  ITTAPI function not implemented: __itt_set_track
3823061 : 0x40e38e9f9aa0aa : 2 : ittapi_config_apply_per_lib :  ITTAPI function instrumented: __itt_api_version
3823061 : 0x40e38e9f9ab855 : 2 : ittapi_config_apply_per_lib :  ITTAPI function not implemented: __itt_av_save
3823061 : 0x40e38e9f9acc24 : 2 : ittapi_config_apply_per_lib :  ITTAPI function instrumented: __itt_module_load
3823061 : 0x40e38e9f9adebc : 2 : ittapi_config_apply_per_lib :  ITTAPI function not implemented: __itt_module_unload