Using CPUID GenuineIntel-6-4F-1
Compression enabled, disabling build id collection at the end of the session.
nr_cblocks: 0
affinity: SYS
mmap flush: 1
comp level: 1
mmap size 528384B
thread 0 monitor: 0-39 allowed: any
couldn't open /proc/1/task/1/maps
couldn't open /proc/1012840/task/1012840/maps
couldn't open /proc/1012844/task/1012844/maps
couldn't open /proc/1012937/task/1012937/maps
couldn't open /proc/1012938/task/1012938/maps
couldn't open /proc/1013722/task/1013722/maps
couldn't open /proc/1013731/task/1013731/maps
couldn't open /proc/1014777/task/1014777/maps
couldn't open /proc/1029963/task/1029963/maps
couldn't open /proc/1040488/task/1040488/maps
couldn't open /proc/1043811/task/1043811/maps
couldn't open /proc/1049216/task/1049216/maps
couldn't open /proc/1052213/task/1052213/maps
couldn't open /proc/1052290/task/1052290/maps
couldn't open /proc/1053532/task/1053532/maps
couldn't open /proc/1059602/task/1059602/maps
couldn't open /proc/1077283/task/1077283/maps
couldn't open /proc/1095744/task/1095744/maps
couldn't open /proc/1095747/task/1095747/maps
couldn't open /proc/1102857/task/1102857/maps
couldn't open /proc/1110/task/1110/maps
couldn't open /proc/1138/task/1138/maps
couldn't open /proc/1146794/task/1146794/maps
couldn't open /proc/1147222/task/1147222/maps
couldn't open /proc/1147224/task/1147224/maps
couldn't open /proc/1148369/task/1148369/maps
couldn't open /proc/1159810/task/1159810/maps
couldn't open /proc/1162/task/1162/maps
couldn't open /proc/1179298/task/1179298/maps
couldn't open /proc/1198178/task/1198178/maps
couldn't open /proc/1202081/task/1202081/maps
couldn't open /proc/1202083/task/1202083/maps
couldn't open /proc/1202365/task/1202365/maps
couldn't open /proc/1203/task/1203/maps
couldn't open /proc/1205585/task/1205585/maps
couldn't open /proc/1206180/task/1206180/maps
couldn't open /proc/121366/task/121366/maps
couldn't open /proc/1214/task/1214/maps
couldn't open /proc/1219/task/1219/maps
couldn't open /proc/1229/task/1229/maps
couldn't open /proc/1236/task/1236/maps
couldn't open /proc/1257/task/1257/maps
couldn't open /proc/127048/task/127048/maps
couldn't open /proc/127050/task/127050/maps
couldn't open /proc/1272/task/1272/maps
couldn't open /proc/127372/task/127372/maps
couldn't open /proc/131585/task/131585/maps
couldn't open /proc/136268/task/136268/maps
couldn't open /proc/1368/task/1368/maps
couldn't open /proc/14023/task/14023/maps
couldn't open /proc/1463/task/1463/maps
couldn't open /proc/1490/task/1490/maps
couldn't open /proc/1508920/task/1508920/maps
couldn't open /proc/1509393/task/1509393/maps
couldn't open /proc/1515923/task/1515923/maps
couldn't open /proc/1530272/task/1530272/maps
couldn't open /proc/153317/task/153317/maps
couldn't open /proc/1536209/task/1536209/maps
couldn't open /proc/154693/task/154693/maps
couldn't open /proc/1547209/task/1547209/maps
couldn't open /proc/1547212/task/1547212/maps
couldn't open /proc/1547359/task/1547359/maps
couldn't open /proc/1547369/task/1547369/maps
couldn't open /proc/1547427/task/1547427/maps
couldn't open /proc/157361/task/157361/maps
couldn't open /proc/1604625/task/1604625/maps
couldn't open /proc/1604628/task/1604628/maps
couldn't open /proc/1604750/task/1604750/maps
couldn't open /proc/1604760/task/1604760/maps
couldn't open /proc/1604923/task/1604923/maps
couldn't open /proc/1613914/task/1613914/maps
couldn't open /proc/1615273/task/1615273/maps
couldn't open /proc/1617932/task/1617932/maps
couldn't open /proc/1633493/task/1633493/maps
couldn't open /proc/1653480/task/1653480/maps
couldn't open /proc/166237/task/166237/maps
couldn't open /proc/166240/task/166240/maps
couldn't open /proc/166697/task/166697/maps
couldn't open /proc/1668424/task/1668424/maps
couldn't open /proc/1675/task/1675/maps
couldn't open /proc/1687726/task/1687726/maps
couldn't open /proc/1687729/task/1687729/maps
couldn't open /proc/1696260/task/1696260/maps
couldn't open /proc/1696272/task/1696272/maps
couldn't open /proc/1696547/task/1696547/maps
couldn't open /proc/1697712/task/1697712/maps
couldn't open /proc/1702483/task/1702483/maps
couldn't open /proc/1703060/task/1703060/maps
couldn't open /proc/1714013/task/1714013/maps
couldn't open /proc/1714015/task/1714015/maps
couldn't open /proc/1742246/task/1742246/maps
couldn't open /proc/1756/task/1756/maps
couldn't open /proc/1758839/task/1758839/maps
couldn't open /proc/1761264/task/1761264/maps
couldn't open /proc/1761266/task/1761266/maps
couldn't open /proc/1761735/task/1761735/maps
couldn't open /proc/1764257/task/1764257/maps
couldn't open /proc/1764849/task/1764849/maps
couldn't open /proc/1772169/task/1772169/maps
couldn't open /proc/1775338/task/1775338/maps
couldn't open /proc/1778173/task/1778173/maps
couldn't open /proc/1786932/task/1786932/maps
couldn't open /proc/1790933/task/1790933/maps
couldn't open /proc/1791818/task/1791818/maps
couldn't open /proc/1792979/task/1792979/maps
couldn't open /proc/1797593/task/1797593/maps
couldn't open /proc/1800934/task/1800934/maps
couldn't open /proc/1806166/task/1806166/maps
couldn't open /proc/1812597/task/1812597/maps
couldn't open /proc/1812599/task/1812599/maps
couldn't open /proc/1816445/task/1816445/maps
couldn't open /proc/1822312/task/1822312/maps
couldn't open /proc/1824283/task/1824283/maps
couldn't open /proc/1825386/task/1825386/maps
couldn't open /proc/1874058/task/1874058/maps
couldn't open /proc/1874062/task/1874062/maps
couldn't open /proc/1874662/task/1874662/maps
couldn't open /proc/1875097/task/1875097/maps
couldn't open /proc/1875232/task/1875232/maps
couldn't open /proc/1875235/task/1875235/maps
couldn't open /proc/1879280/task/1879280/maps
couldn't open /proc/187961/task/187961/maps
couldn't open /proc/1879905/task/1879905/maps
couldn't open /proc/1889084/task/1889084/maps
couldn't open /proc/1890631/task/1890631/maps
couldn't open /proc/1891753/task/1891753/maps
couldn't open /proc/1892749/task/1892749/maps
couldn't open /proc/1893924/task/1893924/maps
couldn't open /proc/1896642/task/1896642/maps
couldn't open /proc/1918339/task/1918339/maps
couldn't open /proc/1928561/task/1928561/maps
couldn't open /proc/1928564/task/1928564/maps
couldn't open /proc/1931006/task/1931006/maps
couldn't open /proc/1932069/task/1932069/maps
couldn't open /proc/1935924/task/1935924/maps
couldn't open /proc/1935977/task/1935977/maps
couldn't open /proc/1936002/task/1936002/maps
couldn't open /proc/1936717/task/1936717/maps
couldn't open /proc/1942062/task/1942062/maps
couldn't open /proc/1955415/task/1955415/maps
couldn't open /proc/1956813/task/1956813/maps
couldn't open /proc/1958037/task/1958037/maps
couldn't open /proc/1965523/task/1965523/maps
couldn't open /proc/1965812/task/1965812/maps
couldn't open /proc/1965814/task/1965814/maps
couldn't open /proc/1967006/task/1967006/maps
couldn't open /proc/1970682/task/1970682/maps
couldn't open /proc/1987347/task/1987347/maps
couldn't open /proc/1987351/task/1987351/maps
couldn't open /proc/1987503/task/1987503/maps
couldn't open /proc/1987513/task/1987513/maps
couldn't open /proc/1987549/task/1987549/maps
couldn't open /proc/1987760/task/1987760/maps
couldn't open /proc/1987763/task/1987763/maps
couldn't open /proc/1998646/task/1998646/maps
couldn't open /proc/1998648/task/1998648/maps
couldn't open /proc/1998760/task/1998760/maps
couldn't open /proc/2004639/task/2004639/maps
couldn't open /proc/2011338/task/2011338/maps
couldn't open /proc/2011648/task/2011648/maps
couldn't open /proc/2013726/task/2013726/maps
couldn't open /proc/2016460/task/2016460/maps
couldn't open /proc/2073356/task/2073356/maps
couldn't open /proc/2073358/task/2073358/maps
couldn't open /proc/2094447/task/2094447/maps
couldn't open /proc/2094450/task/2094450/maps
couldn't open /proc/2122451/task/2122451/maps
couldn't open /proc/2122453/task/2122453/maps
couldn't open /proc/2122716/task/2122716/maps
couldn't open /proc/2139783/task/2139783/maps
couldn't open /proc/2157036/task/2157036/maps
couldn't open /proc/2157039/task/2157039/maps
couldn't open /proc/2158463/task/2158463/maps
couldn't open /proc/2171483/task/2171483/maps
couldn't open /proc/2172888/task/2172888/maps
couldn't open /proc/2175174/task/2175174/maps
couldn't open /proc/2178875/task/2178875/maps
couldn't open /proc/2181058/task/2181058/maps
couldn't open /proc/2183449/task/2183449/maps
couldn't open /proc/2183453/task/2183453/maps
couldn't open /proc/2183827/task/2183827/maps
couldn't open /proc/2200617/task/2200617/maps
couldn't open /proc/22074/task/22074/maps
couldn't open /proc/2244710/task/2244710/maps
couldn't open /proc/2245534/task/2245534/maps
couldn't open /proc/2245539/task/2245539/maps
couldn't open /proc/2245938/task/2245938/maps
couldn't open /proc/2291379/task/2291379/maps
couldn't open /proc/2291431/task/2291431/maps
couldn't open /proc/2293412/task/2293412/maps
couldn't open /proc/2293800/task/2293800/maps
couldn't open /proc/2299327/task/2299327/maps
couldn't open /proc/2320376/task/2320376/maps
couldn't open /proc/2336485/task/2336485/maps
couldn't open /proc/2336487/task/2336487/maps
couldn't open /proc/2336937/task/2336937/maps
couldn't open /proc/23392/task/23392/maps
couldn't open /proc/2340054/task/2340054/maps
couldn't open /proc/234541/task/234541/maps
couldn't open /proc/2345683/task/2345683/maps
couldn't open /proc/2347044/task/2347044/maps
couldn't open /proc/2362155/task/2362155/maps
couldn't open /proc/2364900/task/2364900/maps
couldn't open /proc/2366869/task/2366869/maps
couldn't open /proc/2368/task/2368/maps
couldn't open /proc/2378849/task/2378849/maps
couldn't open /proc/2389976/task/2389976/maps
couldn't open /proc/2394150/task/2394150/maps
couldn't open /proc/2404452/task/2404452/maps
couldn't open /proc/2405545/task/2405545/maps
couldn't open /proc/2410076/task/2410076/maps
couldn't open /proc/2410623/task/2410623/maps
couldn't open /proc/2465743/task/2465743/maps
couldn't open /proc/2479051/task/2479051/maps
couldn't open /proc/2479052/task/2479052/maps
couldn't open /proc/2479477/task/2479477/maps
couldn't open /proc/2535219/task/2535219/maps
couldn't open /proc/2536282/task/2536282/maps
couldn't open /proc/2542719/task/2542719/maps
couldn't open /proc/2542742/task/2542742/maps
couldn't open /proc/2542745/task/2542745/maps
couldn't open /proc/2542823/task/2542823/maps
couldn't open /proc/2542824/task/2542824/maps
couldn't open /proc/2543090/task/2543090/maps
couldn't open /proc/2543177/task/2543177/maps
couldn't open /proc/2543178/task/2543178/maps
couldn't open /proc/2557902/task/2557902/maps
couldn't open /proc/2567748/task/2567748/maps
couldn't open /proc/2568173/task/2568173/maps
couldn't open /proc/2571955/task/2571955/maps
couldn't open /proc/2574065/task/2574065/maps
couldn't open /proc/2578833/task/2578833/maps
couldn't open /proc/2578834/task/2578834/maps
couldn't open /proc/2579182/task/2579182/maps
couldn't open /proc/2584046/task/2584046/maps
couldn't open /proc/2584255/task/2584255/maps
couldn't open /proc/2584654/task/2584654/maps
couldn't open /proc/2585815/task/2585815/maps
couldn't open /proc/2591174/task/2591174/maps
couldn't open /proc/2606868/task/2606868/maps
couldn't open /proc/2607164/task/2607164/maps
couldn't open /proc/2613894/task/2613894/maps
couldn't open /proc/2613927/task/2613927/maps
couldn't open /proc/2613935/task/2613935/maps
couldn't open /proc/2614039/task/2614039/maps
couldn't open /proc/2615148/task/2615148/maps
couldn't open /proc/2631005/task/2631005/maps
couldn't open /proc/2635337/task/2635337/maps
couldn't open /proc/2642080/task/2642080/maps
couldn't open /proc/2655633/task/2655633/maps
couldn't open /proc/2659843/task/2659843/maps
couldn't open /proc/2663596/task/2663596/maps
couldn't open /proc/2670226/task/2670226/maps
couldn't open /proc/2670229/task/2670229/maps
couldn't open /proc/2671161/task/2671161/maps
couldn't open /proc/2671162/task/2671162/maps
couldn't open /proc/2677221/task/2677221/maps
couldn't open /proc/2678732/task/2678732/maps
couldn't open /proc/2699399/task/2699399/maps
couldn't open /proc/2699846/task/2699846/maps
couldn't open /proc/2700088/task/2700088/maps
couldn't open /proc/2706782/task/2706782/maps
couldn't open /proc/2707425/task/2707425/maps
couldn't open /proc/2729511/task/2729511/maps
couldn't open /proc/2750843/task/2750843/maps
couldn't open /proc/2762600/task/2762600/maps
couldn't open /proc/2844352/task/2844352/maps
couldn't open /proc/2844355/task/2844355/maps
couldn't open /proc/2878945/task/2878945/maps
couldn't open /proc/2878959/task/2878959/maps
couldn't open /proc/2888486/task/2888486/maps
couldn't open /proc/2948888/task/2948888/maps
couldn't open /proc/2949770/task/2949770/maps
couldn't open /proc/2999506/task/2999506/maps
couldn't open /proc/3044010/task/3044010/maps
couldn't open /proc/3044433/task/3044433/maps
couldn't open /proc/3044452/task/3044452/maps
couldn't open /proc/3110919/task/3110919/maps
couldn't open /proc/3116498/task/3116498/maps
couldn't open /proc/3161095/task/3161095/maps
couldn't open /proc/3161098/task/3161098/maps
couldn't open /proc/3161580/task/3161580/maps
couldn't open /proc/3170523/task/3170523/maps
couldn't open /proc/3170525/task/3170525/maps
couldn't open /proc/318019/task/318019/maps
couldn't open /proc/3187428/task/3187428/maps
couldn't open /proc/3200469/task/3200469/maps
couldn't open /proc/3200964/task/3200964/maps
couldn't open /proc/3205608/task/3205608/maps
couldn't open /proc/3205619/task/3205619/maps
couldn't open /proc/3205623/task/3205623/maps
couldn't open /proc/3205722/task/3205722/maps
couldn't open /proc/3205723/task/3205723/maps
couldn't open /proc/3207911/task/3207911/maps
couldn't open /proc/3219180/task/3219180/maps
couldn't open /proc/3226407/task/3226407/maps
couldn't open /proc/3226410/task/3226410/maps
couldn't open /proc/3226974/task/3226974/maps
couldn't open /proc/3230212/task/3230212/maps
couldn't open /proc/3255933/task/3255933/maps
couldn't open /proc/3257835/task/3257835/maps
couldn't open /proc/3257836/task/3257836/maps
couldn't open /proc/3260528/task/3260528/maps
couldn't open /proc/3263110/task/3263110/maps
couldn't open /proc/3265965/task/3265965/maps
couldn't open /proc/3266663/task/3266663/maps
couldn't open /proc/3267508/task/3267508/maps
couldn't open /proc/3268259/task/3268259/maps
couldn't open /proc/3268835/task/3268835/maps
couldn't open /proc/3269422/task/3269422/maps
couldn't open /proc/3283281/task/3283281/maps
couldn't open /proc/3318017/task/3318017/maps
couldn't open /proc/3319479/task/3319479/maps
couldn't open /proc/3319480/task/3319480/maps
couldn't open /proc/3319820/task/3319820/maps
couldn't open /proc/3322402/task/3322402/maps
couldn't open /proc/3322403/task/3322403/maps
couldn't open /proc/3322448/task/3322448/maps
couldn't open /proc/3324709/task/3324709/maps
couldn't open /proc/3328224/task/3328224/maps
couldn't open /proc/3328227/task/3328227/maps
couldn't open /proc/3328630/task/3328630/maps
couldn't open /proc/3332802/task/3332802/maps
couldn't open /proc/3335970/task/3335970/maps
couldn't open /proc/3335973/task/3335973/maps
couldn't open /proc/3336802/task/3336802/maps
couldn't open /proc/3358277/task/3358277/maps
couldn't open /proc/3358287/task/3358287/maps
couldn't open /proc/3358342/task/3358342/maps
couldn't open /proc/3358517/task/3358517/maps
couldn't open /proc/3358561/task/3358561/maps
couldn't open /proc/3368420/task/3368420/maps
couldn't open /proc/3368423/task/3368423/maps
couldn't open /proc/3368703/task/3368703/maps
couldn't open /proc/3374195/task/3374195/maps
couldn't open /proc/3374461/task/3374461/maps
couldn't open /proc/3387987/task/3387987/maps
couldn't open /proc/3393842/task/3393842/maps
couldn't open /proc/3393853/task/3393853/maps
couldn't open /proc/339943/task/339943/maps
couldn't open /proc/339946/task/339946/maps
couldn't open /proc/3404665/task/3404665/maps
couldn't open /proc/3407792/task/3407792/maps
couldn't open /proc/3408458/task/3408458/maps
couldn't open /proc/3408538/task/3408538/maps
couldn't open /proc/3408539/task/3408539/maps
couldn't open /proc/3413569/task/3413569/maps
couldn't open /proc/3413579/task/3413579/maps
couldn't open /proc/3413624/task/3413624/maps
couldn't open /proc/3415241/task/3415241/maps
couldn't open /proc/3415251/task/3415251/maps
couldn't open /proc/3415348/task/3415348/maps
couldn't open /proc/3415375/task/3415375/maps
couldn't open /proc/3415386/task/3415386/maps
couldn't open /proc/3415464/task/3415464/maps
couldn't open /proc/3415520/task/3415520/maps
couldn't open /proc/3417112/task/3417112/maps
couldn't open /proc/3418235/task/3418235/maps
couldn't open /proc/3418535/task/3418535/maps
couldn't open /proc/3422724/task/3422724/maps
couldn't open /proc/3423411/task/3423411/maps
couldn't open /proc/3428194/task/3428194/maps
couldn't open /proc/3428204/task/3428204/maps
couldn't open /proc/3428272/task/3428272/maps
couldn't open /proc/3428761/task/3428761/maps
couldn't open /proc/3428855/task/3428855/maps
couldn't open /proc/343055/task/343055/maps
couldn't open /proc/3433026/task/3433026/maps
couldn't open /proc/3438492/task/3438492/maps
couldn't open /proc/3443352/task/3443352/maps
couldn't open /proc/3443505/task/3443505/maps
couldn't open /proc/3443562/task/3443562/maps
couldn't open /proc/3443563/task/3443563/maps
couldn't open /proc/3443603/task/3443603/maps
couldn't open /proc/3443843/task/3443843/maps
couldn't open /proc/3444183/task/3444183/maps
couldn't open /proc/3444550/task/3444550/maps
couldn't open /proc/3445224/task/3445224/maps
couldn't open /proc/3445633/task/3445633/maps
couldn't open /proc/3445643/task/3445643/maps
couldn't open /proc/3445697/task/3445697/maps
couldn't open /proc/3445744/task/3445744/maps
couldn't open /proc/3445929/task/3445929/maps
couldn't open /proc/3486222/task/3486222/maps
couldn't open /proc/3489537/task/3489537/maps
couldn't open /proc/3491842/task/3491842/maps
couldn't open /proc/350260/task/350260/maps
couldn't open /proc/350265/task/350265/maps
couldn't open /proc/3504515/task/3504515/maps
couldn't open /proc/3504521/task/3504521/maps
couldn't open /proc/350949/task/350949/maps
couldn't open /proc/3516020/task/3516020/maps
couldn't open /proc/3516836/task/3516836/maps
couldn't open /proc/3516846/task/3516846/maps
couldn't open /proc/3516883/task/3516883/maps
couldn't open /proc/3521537/task/3521537/maps
couldn't open /proc/3522500/task/3522500/maps
couldn't open /proc/3524184/task/3524184/maps
couldn't open /proc/3526668/task/3526668/maps
couldn't open /proc/3529986/task/3529986/maps
couldn't open /proc/3532924/task/3532924/maps
couldn't open /proc/3533016/task/3533016/maps
couldn't open /proc/3533017/task/3533017/maps
couldn't open /proc/3533061/task/3533061/maps
couldn't open /proc/3533071/task/3533071/maps
couldn't open /proc/3533223/task/3533223/maps
couldn't open /proc/3533250/task/3533250/maps
couldn't open /proc/3533263/task/3533263/maps
couldn't open /proc/3533349/task/3533349/maps
couldn't open /proc/3536508/task/3536508/maps
couldn't open /proc/3536814/task/3536814/maps
couldn't open /proc/3536831/task/3536831/maps
couldn't open /proc/3537031/task/3537031/maps
couldn't open /proc/3537058/task/3537058/maps
couldn't open /proc/3537069/task/3537069/maps
couldn't open /proc/3537115/task/3537115/maps
couldn't open /proc/353755/task/353755/maps
couldn't open /proc/3544132/task/3544132/maps
couldn't open /proc/3544135/task/3544135/maps
couldn't open /proc/354569/task/354569/maps
couldn't open /proc/354921/task/354921/maps
couldn't open /proc/3549910/task/3549910/maps
couldn't open /proc/355177/task/355177/maps
couldn't open /proc/355510/task/355510/maps
couldn't open /proc/356099/task/356099/maps
couldn't open /proc/356409/task/356409/maps
couldn't open /proc/3565737/task/3565737/maps
couldn't open /proc/3572026/task/3572026/maps
couldn't open /proc/3572042/task/3572042/maps
couldn't open /proc/3572176/task/3572176/maps
couldn't open /proc/3572219/task/3572219/maps
couldn't open /proc/3572250/task/3572250/maps
couldn't open /proc/3575011/task/3575011/maps
couldn't open /proc/3575014/task/3575014/maps
couldn't open /proc/3584245/task/3584245/maps
couldn't open /proc/3584255/task/3584255/maps
couldn't open /proc/3584292/task/3584292/maps
couldn't open /proc/3584702/task/3584702/maps
couldn't open /proc/3587769/task/3587769/maps
couldn't open /proc/3587848/task/3587848/maps
couldn't open /proc/3587849/task/3587849/maps
couldn't open /proc/3588925/task/3588925/maps
couldn't open /proc/3591965/task/3591965/maps
couldn't open /proc/3593807/task/3593807/maps
couldn't open /proc/3593810/task/3593810/maps
couldn't open /proc/3595272/task/3595272/maps
couldn't open /proc/3602469/task/3602469/maps
couldn't open /proc/3603101/task/3603101/maps
couldn't open /proc/3606058/task/3606058/maps
couldn't open /proc/3606808/task/3606808/maps
couldn't open /proc/3610233/task/3610233/maps
couldn't open /proc/3610468/task/3610468/maps
couldn't open /proc/3610934/task/3610934/maps
couldn't open /proc/3612208/task/3612208/maps
couldn't open /proc/3612209/task/3612209/maps
couldn't open /proc/3616961/task/3616961/maps
couldn't open /proc/3617011/task/3617011/maps
couldn't open /proc/3618742/task/3618742/maps
couldn't open /proc/3618756/task/3618756/maps
couldn't open /proc/3623524/task/3623524/maps
couldn't open /proc/3623527/task/3623527/maps
couldn't open /proc/3623660/task/3623660/maps
couldn't open /proc/3623665/task/3623665/maps
couldn't open /proc/3624043/task/3624043/maps
couldn't open /proc/3624312/task/3624312/maps
couldn't open /proc/3624323/task/3624323/maps
couldn't open /proc/3624354/task/3624354/maps
couldn't open /proc/3637071/task/3637071/maps
couldn't open /proc/3637072/task/3637072/maps
couldn't open /proc/3637415/task/3637415/maps
couldn't open /proc/364218/task/364218/maps
couldn't open /proc/3662860/task/3662860/maps
couldn't open /proc/3663017/task/3663017/maps
couldn't open /proc/3663018/task/3663018/maps
couldn't open /proc/3663034/task/3663034/maps
couldn't open /proc/3663085/task/3663085/maps
couldn't open /proc/3663102/task/3663102/maps
couldn't open /proc/3665357/task/3665357/maps
couldn't open /proc/3665360/task/3665360/maps
couldn't open /proc/3665522/task/3665522/maps
couldn't open /proc/3665532/task/3665532/maps
couldn't open /proc/3665575/task/3665575/maps
couldn't open /proc/3666681/task/3666681/maps
couldn't open /proc/3666692/task/3666692/maps
couldn't open /proc/3667004/task/3667004/maps
couldn't open /proc/3668506/task/3668506/maps
couldn't open /proc/3669539/task/3669539/maps
couldn't open /proc/3669774/task/3669774/maps
couldn't open /proc/3669924/task/3669924/maps
couldn't open /proc/3672306/task/3672306/maps
couldn't open /proc/3672317/task/3672317/maps
couldn't open /proc/3674013/task/3674013/maps
couldn't open /proc/3674080/task/3674080/maps
couldn't open /proc/3674083/task/3674083/maps
couldn't open /proc/3674199/task/3674199/maps
couldn't open /proc/3674200/task/3674200/maps
couldn't open /proc/3674216/task/3674216/maps
couldn't open /proc/3674260/task/3674260/maps
couldn't open /proc/3674270/task/3674270/maps
couldn't open /proc/3674478/task/3674478/maps
couldn't open /proc/3674505/task/3674505/maps
couldn't open /proc/3674527/task/3674527/maps
couldn't open /proc/3674803/task/3674803/maps
couldn't open /proc/3675025/task/3675025/maps
couldn't open /proc/3675978/task/3675978/maps
couldn't open /proc/3675993/task/3675993/maps
couldn't open /proc/3676056/task/3676056/maps
couldn't open /proc/3676109/task/3676109/maps
couldn't open /proc/3676484/task/3676484/maps
couldn't open /proc/3676495/task/3676495/maps
couldn't open /proc/3676498/task/3676498/maps
couldn't open /proc/3676658/task/3676658/maps
couldn't open /proc/3676659/task/3676659/maps
couldn't open /proc/3676721/task/3676721/maps
couldn't open /proc/3676731/task/3676731/maps
couldn't open /proc/3676811/task/3676811/maps
couldn't open /proc/3676957/task/3676957/maps
couldn't open /proc/3676958/task/3676958/maps
couldn't open /proc/3676969/task/3676969/maps
couldn't open /proc/3678927/task/3678927/maps
couldn't open /proc/3678930/task/3678930/maps
couldn't open /proc/3679058/task/3679058/maps
couldn't open /proc/3679068/task/3679068/maps
couldn't open /proc/3679212/task/3679212/maps
couldn't open /proc/3679339/task/3679339/maps
couldn't open /proc/3679419/task/3679419/maps
couldn't open /proc/3679420/task/3679420/maps
couldn't open /proc/3679425/task/3679425/maps
couldn't open /proc/3679476/task/3679476/maps
couldn't open /proc/3679487/task/3679487/maps
couldn't open /proc/3679550/task/3679550/maps
couldn't open /proc/3679673/task/3679673/maps
couldn't open /proc/3679752/task/3679752/maps
couldn't open /proc/3679753/task/3679753/maps
couldn't open /proc/3688754/task/3688754/maps
couldn't open /proc/3688764/task/3688764/maps
couldn't open /proc/3688807/task/3688807/maps
couldn't open /proc/3689755/task/3689755/maps
couldn't open /proc/3689897/task/3689897/maps
couldn't open /proc/3689898/task/3689898/maps
couldn't open /proc/3689961/task/3689961/maps
couldn't open /proc/3689972/task/3689972/maps
couldn't open /proc/3691512/task/3691512/maps
couldn't open /proc/3699486/task/3699486/maps
couldn't open /proc/3699559/task/3699559/maps
couldn't open /proc/3701675/task/3701675/maps
couldn't open /proc/3711393/task/3711393/maps
couldn't open /proc/3711476/task/3711476/maps
couldn't open /proc/3711477/task/3711477/maps
couldn't open /proc/3711566/task/3711566/maps
couldn't open /proc/3711580/task/3711580/maps
couldn't open /proc/3711581/task/3711581/maps
couldn't open /proc/3711663/task/3711663/maps
couldn't open /proc/3711664/task/3711664/maps
couldn't open /proc/3711676/task/3711676/maps
couldn't open /proc/3711757/task/3711757/maps
couldn't open /proc/3711758/task/3711758/maps
couldn't open /proc/3711818/task/3711818/maps
couldn't open /proc/3711829/task/3711829/maps
couldn't open /proc/3711903/task/3711903/maps
couldn't open /proc/3736439/task/3736439/maps
couldn't open /proc/3737146/task/3737146/maps
couldn't open /proc/3745644/task/3745644/maps
couldn't open /proc/3745653/task/3745653/maps
couldn't open /proc/3745714/task/3745714/maps
couldn't open /proc/3745718/task/3745718/maps
couldn't open /proc/3764345/task/3764345/maps
couldn't open /proc/3766910/task/3766910/maps
couldn't open /proc/3766925/task/3766925/maps
couldn't open /proc/3767070/task/3767070/maps
couldn't open /proc/3767252/task/3767252/maps
couldn't open /proc/3768049/task/3768049/maps
couldn't open /proc/3768104/task/3768104/maps
couldn't open /proc/3768185/task/3768185/maps
couldn't open /proc/3768186/task/3768186/maps
couldn't open /proc/3768284/task/3768284/maps
couldn't open /proc/3768285/task/3768285/maps
couldn't open /proc/3768973/task/3768973/maps
couldn't open /proc/3768984/task/3768984/maps
couldn't open /proc/3769977/task/3769977/maps
couldn't open /proc/3769987/task/3769987/maps
couldn't open /proc/3770135/task/3770135/maps
couldn't open /proc/3770196/task/3770196/maps
couldn't open /proc/3770221/task/3770221/maps
couldn't open /proc/3770328/task/3770328/maps
couldn't open /proc/3770446/task/3770446/maps
couldn't open /proc/3770664/task/3770664/maps
couldn't open /proc/377607/task/377607/maps
couldn't open /proc/377609/task/377609/maps
couldn't open /proc/3778694/task/3778694/maps
couldn't open /proc/3778778/task/3778778/maps
couldn't open /proc/3778779/task/3778779/maps
couldn't open /proc/3778801/task/3778801/maps
couldn't open /proc/3778927/task/3778927/maps
couldn't open /proc/3778928/task/3778928/maps
couldn't open /proc/3779579/task/3779579/maps
couldn't open /proc/3779590/task/3779590/maps
couldn't open /proc/3779911/task/3779911/maps
couldn't open /proc/3779942/task/3779942/maps
couldn't open /proc/3779944/task/3779944/maps
couldn't open /proc/3780026/task/3780026/maps
couldn't open /proc/3780027/task/3780027/maps
couldn't open /proc/3780032/task/3780032/maps
couldn't open /proc/3780076/task/3780076/maps
couldn't open /proc/3780086/task/3780086/maps
couldn't open /proc/3780255/task/3780255/maps
couldn't open /proc/3780282/task/3780282/maps
couldn't open /proc/3780441/task/3780441/maps
couldn't open /proc/3781150/task/3781150/maps
couldn't open /proc/3781167/task/3781167/maps
couldn't open /proc/3781168/task/3781168/maps
couldn't open /proc/3781249/task/3781249/maps
couldn't open /proc/3781250/task/3781250/maps
couldn't open /proc/3781280/task/3781280/maps
couldn't open /proc/3781415/task/3781415/maps
couldn't open /proc/3783155/task/3783155/maps
couldn't open /proc/3783275/task/3783275/maps
couldn't open /proc/3783276/task/3783276/maps
couldn't open /proc/3783328/task/3783328/maps
couldn't open /proc/3783339/task/3783339/maps
couldn't open /proc/3783469/task/3783469/maps
couldn't open /proc/3784514/task/3784514/maps
couldn't open /proc/3784686/task/3784686/maps
couldn't open /proc/3784687/task/3784687/maps
couldn't open /proc/3784739/task/3784739/maps
couldn't open /proc/3784749/task/3784749/maps
couldn't open /proc/378476/task/378476/maps
couldn't open /proc/3784858/task/3784858/maps
couldn't open /proc/3784891/task/3784891/maps
couldn't open /proc/3784971/task/3784971/maps
couldn't open /proc/3784972/task/3784972/maps
couldn't open /proc/3785033/task/3785033/maps
couldn't open /proc/3785044/task/3785044/maps
couldn't open /proc/3785074/task/3785074/maps
couldn't open /proc/3785120/task/3785120/maps
couldn't open /proc/3785178/task/3785178/maps
couldn't open /proc/3785289/task/3785289/maps
couldn't open /proc/3785421/task/3785421/maps
couldn't open /proc/3785423/task/3785423/maps
couldn't open /proc/3785533/task/3785533/maps
couldn't open /proc/3785536/task/3785536/maps
couldn't open /proc/3785580/task/3785580/maps
couldn't open /proc/3785590/task/3785590/maps
couldn't open /proc/3785754/task/3785754/maps
couldn't open /proc/3785785/task/3785785/maps
couldn't open /proc/3785852/task/3785852/maps
couldn't open /proc/3786070/task/3786070/maps
couldn't open /proc/3786471/task/3786471/maps
couldn't open /proc/3786482/task/3786482/maps
couldn't open /proc/3786486/task/3786486/maps
couldn't open /proc/3786585/task/3786585/maps
couldn't open /proc/3786586/task/3786586/maps
couldn't open /proc/3786592/task/3786592/maps
couldn't open /proc/3786636/task/3786636/maps
couldn't open /proc/3786646/task/3786646/maps
couldn't open /proc/3786706/task/3786706/maps
couldn't open /proc/3786733/task/3786733/maps
couldn't open /proc/3786744/task/3786744/maps
couldn't open /proc/3786949/task/3786949/maps
couldn't open /proc/3786969/task/3786969/maps
couldn't open /proc/3787045/task/3787045/maps
couldn't open /proc/3787421/task/3787421/maps
couldn't open /proc/3787673/task/3787673/maps
couldn't open /proc/3787723/task/3787723/maps
couldn't open /proc/3787998/task/3787998/maps
couldn't open /proc/3788085/task/3788085/maps
couldn't open /proc/3788086/task/3788086/maps
couldn't open /proc/3788133/task/3788133/maps
couldn't open /proc/3788143/task/3788143/maps
couldn't open /proc/3788342/task/3788342/maps
couldn't open /proc/3788379/task/3788379/maps
couldn't open /proc/3788390/task/3788390/maps
couldn't open /proc/3788471/task/3788471/maps
couldn't open /proc/3788523/task/3788523/maps
couldn't open /proc/3788610/task/3788610/maps
couldn't open /proc/3792035/task/3792035/maps
couldn't open /proc/3792122/task/3792122/maps
couldn't open /proc/3792123/task/3792123/maps
couldn't open /proc/3793679/task/3793679/maps
couldn't open /proc/3793690/task/3793690/maps
couldn't open /proc/3806311/task/3806311/maps
couldn't open /proc/3808459/task/3808459/maps
couldn't open /proc/3808538/task/3808538/maps
couldn't open /proc/3808543/task/3808543/maps
couldn't open /proc/3809553/task/3809553/maps
couldn't open /proc/3811494/task/3811494/maps
couldn't open /proc/3811680/task/3811680/maps
couldn't open /proc/3811685/task/3811685/maps
couldn't open /proc/3811776/task/3811776/maps
couldn't open /proc/3811788/task/3811788/maps
couldn't open /proc/3812045/task/3812045/maps
couldn't open /proc/3812075/task/3812075/maps
couldn't open /proc/3812089/task/3812089/maps
couldn't open /proc/3812139/task/3812139/maps
couldn't open /proc/3812247/task/3812247/maps
couldn't open /proc/3812581/task/3812581/maps
couldn't open /proc/3814132/task/3814132/maps
couldn't open /proc/3816518/task/3816518/maps
couldn't open /proc/3816527/task/3816527/maps
couldn't open /proc/3817403/task/3817403/maps
couldn't open /proc/3817473/task/3817473/maps
couldn't open /proc/3817592/task/3817592/maps
couldn't open /proc/3817633/task/3817633/maps
couldn't open /proc/3817730/task/3817730/maps
couldn't open /proc/3818285/task/3818285/maps
couldn't open /proc/3818293/task/3818293/maps
couldn't open /proc/3818533/task/3818533/maps
couldn't open /proc/3819124/task/3819124/maps
couldn't open /proc/3819185/task/3819185/maps
couldn't open /proc/3819339/task/3819339/maps
couldn't open /proc/3819487/task/3819487/maps
couldn't open /proc/3819696/task/3819696/maps
couldn't open /proc/3819722/task/3819722/maps
couldn't open /proc/3819724/task/3819724/maps
couldn't open /proc/386847/task/386847/maps
couldn't open /proc/3895208/task/3895208/maps
couldn't open /proc/3895627/task/3895627/maps
couldn't open /proc/3895630/task/3895630/maps
couldn't open /proc/3918386/task/3918386/maps
couldn't open /proc/3918388/task/3918388/maps
couldn't open /proc/3918834/task/3918834/maps
couldn't open /proc/3921427/task/3921427/maps
couldn't open /proc/3921430/task/3921430/maps
couldn't open /proc/3922031/task/3922031/maps
couldn't open /proc/393158/task/393158/maps
couldn't open /proc/3947262/task/3947262/maps
couldn't open /proc/3947265/task/3947265/maps
couldn't open /proc/3947618/task/3947618/maps
couldn't open /proc/3947995/task/3947995/maps
couldn't open /proc/3948815/task/3948815/maps
couldn't open /proc/3949344/task/3949344/maps
couldn't open /proc/3950351/task/3950351/maps
couldn't open /proc/3953540/task/3953540/maps
couldn't open /proc/3953542/task/3953542/maps
couldn't open /proc/3954073/task/3954073/maps
couldn't open /proc/3968737/task/3968737/maps
couldn't open /proc/3968739/task/3968739/maps
couldn't open /proc/3972282/task/3972282/maps
couldn't open /proc/3972356/task/3972356/maps
couldn't open /proc/405094/task/405094/maps
couldn't open /proc/4068325/task/4068325/maps
couldn't open /proc/4069739/task/4069739/maps
couldn't open /proc/4069742/task/4069742/maps
couldn't open /proc/4070238/task/4070238/maps
couldn't open /proc/4072987/task/4072987/maps
couldn't open /proc/4077756/task/4077756/maps
couldn't open /proc/4080261/task/4080261/maps
couldn't open /proc/4088259/task/4088259/maps
couldn't open /proc/4100748/task/4100748/maps
couldn't open /proc/4100749/task/4100749/maps
couldn't open /proc/4101298/task/4101298/maps
couldn't open /proc/41017/task/41017/maps
couldn't open /proc/4119164/task/4119164/maps
couldn't open /proc/4119167/task/4119167/maps
couldn't open /proc/4124318/task/4124318/maps
couldn't open /proc/4125278/task/4125278/maps
couldn't open /proc/4126391/task/4126391/maps
couldn't open /proc/4139686/task/4139686/maps
couldn't open /proc/4139687/task/4139687/maps
couldn't open /proc/4140080/task/4140080/maps
couldn't open /proc/4144798/task/4144798/maps
couldn't open /proc/4144985/task/4144985/maps
couldn't open /proc/4145194/task/4145194/maps
couldn't open /proc/4145390/task/4145390/maps
couldn't open /proc/4145713/task/4145713/maps
couldn't open /proc/4145954/task/4145954/maps
couldn't open /proc/4146369/task/4146369/maps
couldn't open /proc/4146580/task/4146580/maps
couldn't open /proc/4146748/task/4146748/maps
couldn't open /proc/4146982/task/4146982/maps
couldn't open /proc/4150675/task/4150675/maps
couldn't open /proc/4151067/task/4151067/maps
couldn't open /proc/4151069/task/4151069/maps
couldn't open /proc/4155280/task/4155280/maps
couldn't open /proc/4160994/task/4160994/maps
couldn't open /proc/4166099/task/4166099/maps
couldn't open /proc/4176407/task/4176407/maps
couldn't open /proc/418289/task/418289/maps
couldn't open /proc/4188106/task/4188106/maps
couldn't open /proc/4188994/task/4188994/maps
couldn't open /proc/42042/task/42042/maps
couldn't open /proc/42128/task/42128/maps
couldn't open /proc/42130/task/42130/maps
couldn't open /proc/42569/task/42569/maps
couldn't open /proc/434130/task/434130/maps
couldn't open /proc/434133/task/434133/maps
couldn't open /proc/442159/task/442159/maps
couldn't open /proc/442195/task/442195/maps
couldn't open /proc/45432/task/45432/maps
couldn't open /proc/45435/task/45435/maps
couldn't open /proc/456079/task/456079/maps
couldn't open /proc/45841/task/45841/maps
couldn't open /proc/460513/task/460513/maps
couldn't open /proc/462135/task/462135/maps
couldn't open /proc/463416/task/463416/maps
couldn't open /proc/466567/task/466567/maps
couldn't open /proc/467185/task/467185/maps
couldn't open /proc/485714/task/485714/maps
couldn't open /proc/485901/task/485901/maps
couldn't open /proc/497785/task/497785/maps
couldn't open /proc/497929/task/497929/maps
couldn't open /proc/508059/task/508059/maps
couldn't open /proc/558605/task/558605/maps
couldn't open /proc/567568/task/567568/maps
couldn't open /proc/573686/task/573686/maps
couldn't open /proc/580083/task/580083/maps
couldn't open /proc/587654/task/587654/maps
couldn't open /proc/587656/task/587656/maps
couldn't open /proc/593315/task/593315/maps
couldn't open /proc/624374/task/624374/maps
couldn't open /proc/656677/task/656677/maps
couldn't open /proc/656680/task/656680/maps
couldn't open /proc/657617/task/657617/maps
couldn't open /proc/658898/task/658898/maps
couldn't open /proc/659149/task/659149/maps
couldn't open /proc/66615/task/66615/maps
couldn't open /proc/66617/task/66617/maps
couldn't open /proc/668574/task/668574/maps
couldn't open /proc/66942/task/66942/maps
couldn't open /proc/675264/task/675264/maps
couldn't open /proc/678039/task/678039/maps
couldn't open /proc/683197/task/683197/maps
couldn't open /proc/684284/task/684284/maps
couldn't open /proc/684285/task/684285/maps
couldn't open /proc/690565/task/690565/maps
couldn't open /proc/69116/task/69116/maps
couldn't open /proc/696892/task/696892/maps
couldn't open /proc/699352/task/699352/maps
couldn't open /proc/699919/task/699919/maps
couldn't open /proc/700167/task/700167/maps
couldn't open /proc/700760/task/700760/maps
couldn't open /proc/705690/task/705690/maps
couldn't open /proc/706558/task/706558/maps
couldn't open /proc/706559/task/706559/maps
couldn't open /proc/708233/task/708233/maps
couldn't open /proc/720934/task/720934/maps
couldn't open /proc/722945/task/722945/maps
couldn't open /proc/723675/task/723675/maps
couldn't open /proc/729463/task/729463/maps
couldn't open /proc/734099/task/734099/maps
couldn't open /proc/734333/task/734333/maps
couldn't open /proc/735752/task/735752/maps
couldn't open /proc/736555/task/736555/maps
couldn't open /proc/737179/task/737179/maps
couldn't open /proc/737520/task/737520/maps
couldn't open /proc/738623/task/738623/maps
couldn't open /proc/739397/task/739397/maps
couldn't open /proc/739996/task/739996/maps
couldn't open /proc/740946/task/740946/maps
couldn't open /proc/743756/task/743756/maps
couldn't open /proc/746872/task/746872/maps
couldn't open /proc/747984/task/747984/maps
couldn't open /proc/763700/task/763700/maps
couldn't open /proc/777/task/777/maps
couldn't open /proc/81972/task/81972/maps
couldn't open /proc/820540/task/820540/maps
couldn't open /proc/820542/task/820542/maps
couldn't open /proc/837672/task/837672/maps
couldn't open /proc/878388/task/878388/maps
couldn't open /proc/883903/task/883903/maps
couldn't open /proc/883904/task/883904/maps
couldn't open /proc/885444/task/885444/maps
couldn't open /proc/885445/task/885445/maps
couldn't open /proc/911569/task/911569/maps
couldn't open /proc/916203/task/916203/maps
couldn't open /proc/921590/task/921590/maps
couldn't open /proc/922706/task/922706/maps
couldn't open /proc/923328/task/923328/maps
couldn't open /proc/92883/task/92883/maps
couldn't open /proc/92885/task/92885/maps
couldn't open /proc/93423/task/93423/maps
couldn't open /proc/997219/task/997219/maps
cmd_pipe: /tmp/amplxe-tmp-kd5eyn/perf-pipe-3820128-44122126905381392

3820143:perf-sync:ready:SYS=18264470496413476
[ perf record: Woken up 1 times to write data ]
[ perf record: Captured and wrote 0.387 MB /home/kd5eyn/git/p2-concurrency/exp2/r027ue/data.0/temp.dryrun.perf, compressed (original 0.009 MB, ratio is 4.382) ]
