
3820374 : 0x40e3732d4cf303 : 1 : spill_jit_data :  Jit agent is not initialized
3820374 : 0x40e3732d4e50ea : 2 : ittapi_config_mask_get :  --itt-config mask to be applied: 39
3820374 : 0x40e3732d4e695e : 2 : ittapi_config_apply_per_lib :  ITTAPI function instrumented: __itt_domain_create
3820374 : 0x40e3732d4e791f : 2 : ittapi_config_apply_per_lib :  ITTAPI function instrumented: __itt_module_load_with_sections
3820374 : 0x40e3732d4e8c2c : 2 : ittapi_config_apply_per_lib :  ITTAPI function not implemented: __itt_module_unload_with_sections
3820374 : 0x40e3732d4e9c7f : 2 : ittapi_config_apply_per_lib :  ITTAPI function instrumented: __itt_string_handle_create
3820374 : 0x40e3732d4ea6c9 : 2 : ittapi_config_apply_per_lib :  ITTAPI function instrumented: __itt_counter_create
3820374 : 0x40e3732d4eb10a : 2 : ittapi_config_apply_per_lib :  ITTAPI function instrumented: __itt_counter_create_typed
3820374 : 0x40e3732d4ebc15 : 2 : ittapi_config_apply_per_lib :  ITTAPI function instrumented: __itt_pause
3820374 : 0x40e3732d4ec6aa : 2 : ittapi_config_apply_per_lib :  ITTAPI function instrumented: __itt_resume
3820374 : 0x40e3732d4f9fe7 : 2 : ittapi_config_apply_per_lib :  ITTAPI function instrumented: __itt_thread_set_name
3820374 : 0x40e3732d4faf2f : 2 : ittapi_config_apply_per_lib :  ITTAPI function instrumented: __itt_thread_ignore
3820374 : 0x40e3732d4fb984 : 2 : ittapi_config_apply_per_lib :  ITTAPI function instrumented: __itt_thr_name_set
3820374 : 0x40e3732d4fc451 : 2 : ittapi_config_apply_per_lib :  ITTAPI function instrumented: __itt_thr_ignore
3820374 : 0x40e3732d4fd373 : 2 : ittapi_config_apply_per_lib :  ITTAPI function not implemented: __itt_enable_attach
3820374 : 0x40e3732d4fdf13 : 2 : ittapi_config_apply_per_lib :  ITTAPI function instrumented: __itt_detach
3820374 : 0x40e3732d4fe834 : 2 : ittapi_config_apply_per_lib :  ITTAPI function NOT instrumented (not matched by --itt-config option): __itt_sync_create

3820374 : 0x40e3732d4ff320 : 2 : ittapi_config_apply_per_lib :  ITTAPI function NOT instrumented (not matched by --itt-config option): __itt_sync_rename

3820374 : 0x40e3732d4ffb72 : 2 : ittapi_config_apply_per_lib :  ITTAPI function NOT instrumented (not matched by --itt-config option): __itt_sync_destroy

3820374 : 0x40e3732d5004c4 : 2 : ittapi_config_apply_per_lib :  ITTAPI function NOT instrumented (not matched by --itt-config option): __itt_sync_prepare

3820374 : 0x40e3732d503e45 : 2 : ittapi_config_apply_per_lib :  ITTAPI function NOT instrumented (not matched by --itt-config option): __itt_sync_cancel

3820374 : 0x40e3732d504803 : 2 : ittapi_config_apply_per_lib :  ITTAPI function NOT instrumented (not matched by --itt-config option): __itt_sync_acquired

3820374 : 0x40e3732d5050c0 : 2 : ittapi_config_apply_per_lib :  ITTAPI function NOT instrumented (not matched by --itt-config option): __itt_sync_releasing

3820374 : 0x40e3732d505dc3 : 2 : ittapi_config_apply_per_lib :  ITTAPI function not implemented: __itt_suppress_push
3820374 : 0x40e3732d506bf4 : 2 : ittapi_config_apply_per_lib :  ITTAPI function not implemented: __itt_suppress_pop
3820374 : 0x40e3732d507795 : 2 : ittapi_config_apply_per_lib :  ITTAPI function not implemented: __itt_suppress_mark_range
3820374 : 0x40e3732d50838a : 2 : ittapi_config_apply_per_lib :  ITTAPI function not implemented: __itt_suppress_clear_range
3820374 : 0x40e3732d508c29 : 2 : ittapi_config_apply_per_lib :  ITTAPI function NOT instrumented (not matched by --itt-config option): __itt_sync_prepare

3820374 : 0x40e3732d509508 : 2 : ittapi_config_apply_per_lib :  ITTAPI function NOT instrumented (not matched by --itt-config option): __itt_sync_cancel

3820374 : 0x40e3732d509da5 : 2 : ittapi_config_apply_per_lib :  ITTAPI function NOT instrumented (not matched by --itt-config option): __itt_sync_acquired

3820374 : 0x40e3732d50cdcc : 2 : ittapi_config_apply_per_lib :  ITTAPI function NOT instrumented (not matched by --itt-config option): __itt_sync_releasing

3820374 : 0x40e3732d50d793 : 2 : ittapi_config_apply_per_lib :  ITTAPI function NOT instrumented (not matched by --itt-config option): __itt_model_site_begin

3820374 : 0x40e3732d50e0d5 : 2 : ittapi_config_apply_per_lib :  ITTAPI function NOT instrumented (not matched by --itt-config option): __itt_model_site_end

3820374 : 0x40e3732d50e9e0 : 2 : ittapi_config_apply_per_lib :  ITTAPI function NOT instrumented (not matched by --itt-config option): __itt_model_task_begin

3820374 : 0x40e3732d50f2ac : 2 : ittapi_config_apply_per_lib :  ITTAPI function NOT instrumented (not matched by --itt-config option): __itt_model_task_end

3820374 : 0x40e3732d50fc19 : 2 : ittapi_config_apply_per_lib :  ITTAPI function NOT instrumented (not matched by --itt-config option): __itt_model_lock_acquire

3820374 : 0x40e3732d51050d : 2 : ittapi_config_apply_per_lib :  ITTAPI function NOT instrumented (not matched by --itt-config option): __itt_model_lock_release

3820374 : 0x40e3732d510df4 : 2 : ittapi_config_apply_per_lib :  ITTAPI function NOT instrumented (not matched by --itt-config option): __itt_model_record_allocation

3820374 : 0x40e3732d5116ea : 2 : ittapi_config_apply_per_lib :  ITTAPI function NOT instrumented (not matched by --itt-config option): __itt_model_record_deallocation

3820374 : 0x40e3732d511fa1 : 2 : ittapi_config_apply_per_lib :  ITTAPI function NOT instrumented (not matched by --itt-config option): __itt_model_induction_uses

3820374 : 0x40e3732d517fbd : 2 : ittapi_config_apply_per_lib :  ITTAPI function NOT instrumented (not matched by --itt-config option): __itt_model_reduction_uses

3820374 : 0x40e3732d518a0e : 2 : ittapi_config_apply_per_lib :  ITTAPI function NOT instrumented (not matched by --itt-config option): __itt_model_observe_uses

3820374 : 0x40e3732d519303 : 2 : ittapi_config_apply_per_lib :  ITTAPI function NOT instrumented (not matched by --itt-config option): __itt_model_clear_uses

3820374 : 0x40e3732d519bea : 2 : ittapi_config_apply_per_lib :  ITTAPI function NOT instrumented (not matched by --itt-config option): __itt_model_site_beginA

3820374 : 0x40e3732d51a525 : 2 : ittapi_config_apply_per_lib :  ITTAPI function NOT instrumented (not matched by --itt-config option): __itt_model_site_beginAL

3820374 : 0x40e3732d51ae36 : 2 : ittapi_config_apply_per_lib :  ITTAPI function NOT instrumented (not matched by --itt-config option): __itt_model_task_beginA

3820374 : 0x40e3732d51b6da : 2 : ittapi_config_apply_per_lib :  ITTAPI function NOT instrumented (not matched by --itt-config option): __itt_model_task_beginAL

3820374 : 0x40e3732d51bfc6 : 2 : ittapi_config_apply_per_lib :  ITTAPI function NOT instrumented (not matched by --itt-config option): __itt_model_iteration_taskA

3820374 : 0x40e3732d51c86f : 2 : ittapi_config_apply_per_lib :  ITTAPI function NOT instrumented (not matched by --itt-config option): __itt_model_iteration_taskAL

3820374 : 0x40e3732d51d1aa : 2 : ittapi_config_apply_per_lib :  ITTAPI function NOT instrumented (not matched by --itt-config option): __itt_model_site_end_2

3820374 : 0x40e3732d520634 : 2 : ittapi_config_apply_per_lib :  ITTAPI function NOT instrumented (not matched by --itt-config option): __itt_model_task_end_2

3820374 : 0x40e3732d520f28 : 2 : ittapi_config_apply_per_lib :  ITTAPI function NOT instrumented (not matched by --itt-config option): __itt_model_lock_acquire_2

3820374 : 0x40e3732d521808 : 2 : ittapi_config_apply_per_lib :  ITTAPI function NOT instrumented (not matched by --itt-config option): __itt_model_lock_release_2

3820374 : 0x40e3732d522101 : 2 : ittapi_config_apply_per_lib :  ITTAPI function NOT instrumented (not matched by --itt-config option): __itt_model_aggregate_task

3820374 : 0x40e3732d522a0a : 2 : ittapi_config_apply_per_lib :  ITTAPI function NOT instrumented (not matched by --itt-config option): __itt_model_disable_push

3820374 : 0x40e3732d5232d8 : 2 : ittapi_config_apply_per_lib :  ITTAPI function NOT instrumented (not matched by --itt-config option): __itt_model_disable_pop

3820374 : 0x40e3732d523dcd : 2 : ittapi_config_apply_per_lib :  ITTAPI function instrumented: __itt_heap_function_create
3820374 : 0x40e3732d524851 : 2 : ittapi_config_apply_per_lib :  ITTAPI function instrumented: __itt_heap_allocate_begin
3820374 : 0x40e3732d525299 : 2 : ittapi_config_apply_per_lib :  ITTAPI function instrumented: __itt_heap_allocate_end
3820374 : 0x40e3732d525ceb : 2 : ittapi_config_apply_per_lib :  ITTAPI function instrumented: __itt_heap_free_begin
3820374 : 0x40e3732d52a61e : 2 : ittapi_config_apply_per_lib :  ITTAPI function instrumented: __itt_heap_free_end
3820374 : 0x40e3732d52b159 : 2 : ittapi_config_apply_per_lib :  ITTAPI function instrumented: __itt_heap_reallocate_begin
3820374 : 0x40e3732d52bb51 : 2 : ittapi_config_apply_per_lib :  ITTAPI function instrumented: __itt_heap_reallocate_end
3820374 : 0x40e3732d52c87e : 2 : ittapi_config_apply_per_lib :  ITTAPI function not implemented: __itt_heap_internal_access_begin
3820374 : 0x40e3732d52d40c : 2 : ittapi_config_apply_per_lib :  ITTAPI function not implemented: __itt_heap_internal_access_end
3820374 : 0x40e3732d52e03a : 2 : ittapi_config_apply_per_lib :  ITTAPI function not implemented: __itt_heap_record_memory_growth_begin
3820374 : 0x40e3732d52eb38 : 2 : ittapi_config_apply_per_lib :  ITTAPI function not implemented: __itt_heap_record_memory_growth_end
3820374 : 0x40e3732d52f671 : 2 : ittapi_config_apply_per_lib :  ITTAPI function not implemented: __itt_heap_reset_detection
3820374 : 0x40e3732d530246 : 2 : ittapi_config_apply_per_lib :  ITTAPI function not implemented: __itt_heap_record
3820374 : 0x40e3732d530d14 : 2 : ittapi_config_apply_per_lib :  ITTAPI function not implemented: __itt_id_create
3820374 : 0x40e3732d5341bc : 2 : ittapi_config_apply_per_lib :  ITTAPI function not implemented: __itt_id_destroy
3820374 : 0x40e3732d534d88 : 2 : ittapi_config_apply_per_lib :  ITTAPI function instrumented: __itt_get_timestamp
3820374 : 0x40e3732d5359ad : 2 : ittapi_config_apply_per_lib :  ITTAPI function not implemented: __itt_region_begin
3820374 : 0x40e3732d53649a : 2 : ittapi_config_apply_per_lib :  ITTAPI function not implemented: __itt_region_end
3820374 : 0x40e3732d536f09 : 2 : ittapi_config_apply_per_lib :  ITTAPI function instrumented: __itt_frame_begin_v3
3820374 : 0x40e3732d537951 : 2 : ittapi_config_apply_per_lib :  ITTAPI function instrumented: __itt_frame_end_v3
3820374 : 0x40e3732d538323 : 2 : ittapi_config_apply_per_lib :  ITTAPI function instrumented: __itt_frame_submit_v3
3820374 : 0x40e3732d538e7e : 2 : ittapi_config_apply_per_lib :  ITTAPI function not implemented: __itt_task_group
3820374 : 0x40e3732d53995b : 2 : ittapi_config_apply_per_lib :  ITTAPI function instrumented: __itt_task_begin
3820374 : 0x40e3732d53a35c : 2 : ittapi_config_apply_per_lib :  ITTAPI function instrumented: __itt_task_begin_fn
3820374 : 0x40e3732d543212 : 2 : ittapi_config_apply_per_lib :  ITTAPI function instrumented: __itt_task_end
3820374 : 0x40e3732d544935 : 2 : ittapi_config_apply_per_lib :  ITTAPI function not implemented: __itt_counter_inc_v3
3820374 : 0x40e3732d5455c9 : 2 : ittapi_config_apply_per_lib :  ITTAPI function not implemented: __itt_counter_inc_delta_v3
3820374 : 0x40e3732d5460f3 : 2 : ittapi_config_apply_per_lib :  ITTAPI function not implemented: __itt_counter_dec_v3
3820374 : 0x40e3732d546b90 : 2 : ittapi_config_apply_per_lib :  ITTAPI function not implemented: __itt_counter_dec_delta_v3
3820374 : 0x40e3732d5476e8 : 2 : ittapi_config_apply_per_lib :  ITTAPI function not implemented: __itt_marker
3820374 : 0x40e3732d548139 : 2 : ittapi_config_apply_per_lib :  ITTAPI function instrumented: __itt_metadata_add
3820374 : 0x40e3732d548c5f : 2 : ittapi_config_apply_per_lib :  ITTAPI function not implemented: __itt_metadata_str_add
3820374 : 0x40e3732d54973d : 2 : ittapi_config_apply_per_lib :  ITTAPI function not implemented: __itt_relation_add_to_current
3820374 : 0x40e3732d54a1f2 : 2 : ittapi_config_apply_per_lib :  ITTAPI function not implemented: __itt_relation_add
3820374 : 0x40e3732d54e0a2 : 2 : ittapi_config_apply_per_lib :  ITTAPI function instrumented: __itt_event_create
3820374 : 0x40e3732d54ebff : 2 : ittapi_config_apply_per_lib :  ITTAPI function instrumented: __itt_event_start
3820374 : 0x40e3732d54f607 : 2 : ittapi_config_apply_per_lib :  ITTAPI function instrumented: __itt_event_end
3820374 : 0x40e3732d54fe93 : 2 : ittapi_config_apply_per_lib :  ITTAPI function NOT instrumented (not matched by --itt-config option): __itt_sync_set_name

3820374 : 0x40e3732d55081c : 2 : ittapi_config_apply_per_lib :  ITTAPI function NOT instrumented (not matched by --itt-config option): __itt_notify_sync_name

3820374 : 0x40e3732d551129 : 2 : ittapi_config_apply_per_lib :  ITTAPI function NOT instrumented (not matched by --itt-config option): __itt_notify_sync_prepare

3820374 : 0x40e3732d551a00 : 2 : ittapi_config_apply_per_lib :  ITTAPI function NOT instrumented (not matched by --itt-config option): __itt_notify_sync_cancel

3820374 : 0x40e3732d5522da : 2 : ittapi_config_apply_per_lib :  ITTAPI function NOT instrumented (not matched by --itt-config option): __itt_notify_sync_acquired

3820374 : 0x40e3732d552b7e : 2 : ittapi_config_apply_per_lib :  ITTAPI function NOT instrumented (not matched by --itt-config option): __itt_notify_sync_releasing

3820374 : 0x40e3732d55372e : 2 : ittapi_config_apply_per_lib :  ITTAPI function not implemented: __itt_memory_read
3820374 : 0x40e3732d5581df : 2 : ittapi_config_apply_per_lib :  ITTAPI function not implemented: __itt_memory_write
3820374 : 0x40e3732d558eb6 : 2 : ittapi_config_apply_per_lib :  ITTAPI function not implemented: __itt_memory_update
3820374 : 0x40e3732d5599ef : 2 : ittapi_config_apply_per_lib :  ITTAPI function not implemented: __itt_state_get
3820374 : 0x40e3732d55a4f2 : 2 : ittapi_config_apply_per_lib :  ITTAPI function not implemented: __itt_state_set
3820374 : 0x40e3732d55af50 : 2 : ittapi_config_apply_per_lib :  ITTAPI function not implemented: __itt_obj_mode_set
3820374 : 0x40e3732d55ba8c : 2 : ittapi_config_apply_per_lib :  ITTAPI function not implemented: __itt_thr_mode_set
3820374 : 0x40e3732d55c4cb : 2 : ittapi_config_apply_per_lib :  ITTAPI function instrumented: __itt_frame_create
3820374 : 0x40e3732d55ceb5 : 2 : ittapi_config_apply_per_lib :  ITTAPI function instrumented: __itt_pt_region_create
3820374 : 0x40e3732d55d906 : 2 : ittapi_config_apply_per_lib :  ITTAPI function instrumented: __itt_frame_begin
3820374 : 0x40e3732d55e392 : 2 : ittapi_config_apply_per_lib :  ITTAPI function instrumented: __itt_frame_end
3820374 : 0x40e3732d56182e : 2 : ittapi_config_apply_per_lib :  ITTAPI function not implemented: __itt_counter_destroy
3820374 : 0x40e3732d5623e8 : 2 : ittapi_config_apply_per_lib :  ITTAPI function instrumented: __itt_counter_inc
3820374 : 0x40e3732d562de0 : 2 : ittapi_config_apply_per_lib :  ITTAPI function instrumented: __itt_counter_inc_delta
3820374 : 0x40e3732d5637ee : 2 : ittapi_config_apply_per_lib :  ITTAPI function instrumented: __itt_counter_dec
3820374 : 0x40e3732d5642f3 : 2 : ittapi_config_apply_per_lib :  ITTAPI function instrumented: __itt_counter_dec_delta
3820374 : 0x40e3732d564d48 : 2 : ittapi_config_apply_per_lib :  ITTAPI function instrumented: __itt_counter_set_value
3820374 : 0x40e3732d5657fd : 2 : ittapi_config_apply_per_lib :  ITTAPI function not implemented: __itt_counter_set_value_ex
3820374 : 0x40e3732d566244 : 2 : ittapi_config_apply_per_lib :  ITTAPI function not implemented: __itt_mark_create
3820374 : 0x40e3732d566dc9 : 2 : ittapi_config_apply_per_lib :  ITTAPI function not implemented: __itt_mark
3820374 : 0x40e3732d5679b7 : 2 : ittapi_config_apply_per_lib :  ITTAPI function not implemented: __itt_mark_off
3820374 : 0x40e3732d56abae : 2 : ittapi_config_apply_per_lib :  ITTAPI function not implemented: __itt_mark_global
3820374 : 0x40e3732d56b81e : 2 : ittapi_config_apply_per_lib :  ITTAPI function not implemented: __itt_mark_global_off
3820374 : 0x40e3732d56c1ae : 2 : ittapi_config_apply_per_lib :  ITTAPI function NOT instrumented (not matched by --itt-config option): __itt_stack_caller_create

3820374 : 0x40e3732d56caf6 : 2 : ittapi_config_apply_per_lib :  ITTAPI function NOT instrumented (not matched by --itt-config option): __itt_stack_caller_destroy

3820374 : 0x40e3732d56d417 : 2 : ittapi_config_apply_per_lib :  ITTAPI function NOT instrumented (not matched by --itt-config option): __itt_stack_callee_enter

3820374 : 0x40e3732d56dd07 : 2 : ittapi_config_apply_per_lib :  ITTAPI function NOT instrumented (not matched by --itt-config option): __itt_stack_callee_leave

3820374 : 0x40e3732d56e7e3 : 2 : ittapi_config_apply_per_lib :  ITTAPI function not implemented: __itt_clock_domain_create
3820374 : 0x40e3732d56f316 : 2 : ittapi_config_apply_per_lib :  ITTAPI function not implemented: __itt_clock_domain_reset
3820374 : 0x40e3732d56fd8b : 2 : ittapi_config_apply_per_lib :  ITTAPI function not implemented: __itt_id_create_ex
3820374 : 0x40e3732d5708a7 : 2 : ittapi_config_apply_per_lib :  ITTAPI function not implemented: __itt_id_destroy_ex
3820374 : 0x40e3732d574edc : 2 : ittapi_config_apply_per_lib :  ITTAPI function not implemented: __itt_task_begin_ex
3820374 : 0x40e3732d575b48 : 2 : ittapi_config_apply_per_lib :  ITTAPI function not implemented: __itt_task_begin_fn_ex
3820374 : 0x40e3732d576702 : 2 : ittapi_config_apply_per_lib :  ITTAPI function not implemented: __itt_task_end_ex
3820374 : 0x40e3732d57718d : 2 : ittapi_config_apply_per_lib :  ITTAPI function instrumented: __itt_task_begin_overlapped
3820374 : 0x40e3732d577c55 : 2 : ittapi_config_apply_per_lib :  ITTAPI function not implemented: __itt_task_begin_overlapped_ex
3820374 : 0x40e3732d5787cd : 2 : ittapi_config_apply_per_lib :  ITTAPI function instrumented: __itt_task_end_overlapped
3820374 : 0x40e3732d5792bd : 2 : ittapi_config_apply_per_lib :  ITTAPI function not implemented: __itt_task_end_overlapped_ex
3820374 : 0x40e3732d579db7 : 2 : ittapi_config_apply_per_lib :  ITTAPI function not implemented: __itt_marker_ex
3820374 : 0x40e3732d57a910 : 2 : ittapi_config_apply_per_lib :  ITTAPI function not implemented: __itt_metadata_add_with_scope
3820374 : 0x40e3732d57b476 : 2 : ittapi_config_apply_per_lib :  ITTAPI function not implemented: __itt_metadata_str_add_with_scope
3820374 : 0x40e3732d57e8ec : 2 : ittapi_config_apply_per_lib :  ITTAPI function not implemented: __itt_relation_add_to_current_ex
3820374 : 0x40e3732d57f49d : 2 : ittapi_config_apply_per_lib :  ITTAPI function not implemented: __itt_relation_add_ex
3820374 : 0x40e3732d57ff21 : 2 : ittapi_config_apply_per_lib :  ITTAPI function not implemented: __itt_track_group_create
3820374 : 0x40e3732d5808ec : 2 : ittapi_config_apply_per_lib :  ITTAPI function not implemented: __itt_track_create
3820374 : 0x40e3732d581370 : 2 : ittapi_config_apply_per_lib :  ITTAPI function not implemented: __itt_set_track
3820374 : 0x40e3732d581db4 : 2 : ittapi_config_apply_per_lib :  ITTAPI function instrumented: __itt_api_version
3820374 : 0x40e3732d582830 : 2 : ittapi_config_apply_per_lib :  ITTAPI function not implemented: __itt_av_save
3820374 : 0x40e3732d58323f : 2 : ittapi_config_apply_per_lib :  ITTAPI function instrumented: __itt_module_load
3820374 : 0x40e3732d583ccb : 2 : ittapi_config_apply_per_lib :  ITTAPI function not implemented: __itt_module_unload