
3823166 : 0x40e3911638879c : 1 : spill_jit_data :  Jit agent is not initialized
3823166 : 0x40e391163a2c2b : 2 : ittapi_config_mask_get :  --itt-config mask to be applied: 39
3823166 : 0x40e391163a4e60 : 2 : ittapi_config_apply_per_lib :  ITTAPI function instrumented: __itt_domain_create
3823166 : 0x40e391163a614a : 2 : ittapi_config_apply_per_lib :  ITTAPI function instrumented: __itt_module_load_with_sections
3823166 : 0x40e391163a7b3d : 2 : ittapi_config_apply_per_lib :  ITTAPI function not implemented: __itt_module_unload_with_sections
3823166 : 0x40e391163a9076 : 2 : ittapi_config_apply_per_lib :  ITTAPI function instrumented: __itt_string_handle_create
3823166 : 0x40e391163a9ec8 : 2 : ittapi_config_apply_per_lib :  ITTAPI function instrumented: __itt_counter_create
3823166 : 0x40e391163aac57 : 2 : ittapi_config_apply_per_lib :  ITTAPI function instrumented: __itt_counter_create_typed
3823166 : 0x40e391163abbaa : 2 : ittapi_config_apply_per_lib :  ITTAPI function instrumented: __itt_pause
3823166 : 0x40e391163aca33 : 2 : ittapi_config_apply_per_lib :  ITTAPI function instrumented: __itt_resume
3823166 : 0x40e391163c8b1f : 2 : ittapi_config_apply_per_lib :  ITTAPI function instrumented: __itt_thread_set_name
3823166 : 0x40e391163ca206 : 2 : ittapi_config_apply_per_lib :  ITTAPI function instrumented: __itt_thread_ignore
3823166 : 0x40e391163cb069 : 2 : ittapi_config_apply_per_lib :  ITTAPI function instrumented: __itt_thr_name_set
3823166 : 0x40e391163cbec8 : 2 : ittapi_config_apply_per_lib :  ITTAPI function instrumented: __itt_thr_ignore
3823166 : 0x40e391163cd3a4 : 2 : ittapi_config_apply_per_lib :  ITTAPI function not implemented: __itt_enable_attach
3823166 : 0x40e391163ce3a6 : 2 : ittapi_config_apply_per_lib :  ITTAPI function instrumented: __itt_detach
3823166 : 0x40e391163cf024 : 2 : ittapi_config_apply_per_lib :  ITTAPI function NOT instrumented (not matched by --itt-config option): __itt_sync_create

3823166 : 0x40e391163cfe66 : 2 : ittapi_config_apply_per_lib :  ITTAPI function NOT instrumented (not matched by --itt-config option): __itt_sync_rename

3823166 : 0x40e391163d08f1 : 2 : ittapi_config_apply_per_lib :  ITTAPI function NOT instrumented (not matched by --itt-config option): __itt_sync_destroy

3823166 : 0x40e391163d1665 : 2 : ittapi_config_apply_per_lib :  ITTAPI function NOT instrumented (not matched by --itt-config option): __itt_sync_prepare

3823166 : 0x40e391163d7375 : 2 : ittapi_config_apply_per_lib :  ITTAPI function NOT instrumented (not matched by --itt-config option): __itt_sync_cancel

3823166 : 0x40e391163d827f : 2 : ittapi_config_apply_per_lib :  ITTAPI function NOT instrumented (not matched by --itt-config option): __itt_sync_acquired

3823166 : 0x40e391163d8d03 : 2 : ittapi_config_apply_per_lib :  ITTAPI function NOT instrumented (not matched by --itt-config option): __itt_sync_releasing

3823166 : 0x40e391163da047 : 2 : ittapi_config_apply_per_lib :  ITTAPI function not implemented: __itt_suppress_push
3823166 : 0x40e391163db4bc : 2 : ittapi_config_apply_per_lib :  ITTAPI function not implemented: __itt_suppress_pop
3823166 : 0x40e391163dc60e : 2 : ittapi_config_apply_per_lib :  ITTAPI function not implemented: __itt_suppress_mark_range
3823166 : 0x40e391163dd74e : 2 : ittapi_config_apply_per_lib :  ITTAPI function not implemented: __itt_suppress_clear_range
3823166 : 0x40e391163de4cd : 2 : ittapi_config_apply_per_lib :  ITTAPI function NOT instrumented (not matched by --itt-config option): __itt_sync_prepare

3823166 : 0x40e391163df047 : 2 : ittapi_config_apply_per_lib :  ITTAPI function NOT instrumented (not matched by --itt-config option): __itt_sync_cancel

3823166 : 0x40e391163dfb0b : 2 : ittapi_config_apply_per_lib :  ITTAPI function NOT instrumented (not matched by --itt-config option): __itt_sync_acquired

3823166 : 0x40e391163e46d0 : 2 : ittapi_config_apply_per_lib :  ITTAPI function NOT instrumented (not matched by --itt-config option): __itt_sync_releasing

3823166 : 0x40e391163e578b : 2 : ittapi_config_apply_per_lib :  ITTAPI function NOT instrumented (not matched by --itt-config option): __itt_model_site_begin

3823166 : 0x40e391163e639e : 2 : ittapi_config_apply_per_lib :  ITTAPI function NOT instrumented (not matched by --itt-config option): __itt_model_site_end

3823166 : 0x40e391163e701c : 2 : ittapi_config_apply_per_lib :  ITTAPI function NOT instrumented (not matched by --itt-config option): __itt_model_task_begin

3823166 : 0x40e391163e7c65 : 2 : ittapi_config_apply_per_lib :  ITTAPI function NOT instrumented (not matched by --itt-config option): __itt_model_task_end

3823166 : 0x40e391163e89be : 2 : ittapi_config_apply_per_lib :  ITTAPI function NOT instrumented (not matched by --itt-config option): __itt_model_lock_acquire

3823166 : 0x40e391163eb785 : 2 : ittapi_config_apply_per_lib :  ITTAPI function NOT instrumented (not matched by --itt-config option): __itt_model_lock_release

3823166 : 0x40e391163ec34c : 2 : ittapi_config_apply_per_lib :  ITTAPI function NOT instrumented (not matched by --itt-config option): __itt_model_record_allocation

3823166 : 0x40e391163ecfeb : 2 : ittapi_config_apply_per_lib :  ITTAPI function NOT instrumented (not matched by --itt-config option): __itt_model_record_deallocation

3823166 : 0x40e391163ee066 : 2 : ittapi_config_apply_per_lib :  ITTAPI function NOT instrumented (not matched by --itt-config option): __itt_model_induction_uses

3823166 : 0x40e391163f6364 : 2 : ittapi_config_apply_per_lib :  ITTAPI function NOT instrumented (not matched by --itt-config option): __itt_model_reduction_uses

3823166 : 0x40e391163f745e : 2 : ittapi_config_apply_per_lib :  ITTAPI function NOT instrumented (not matched by --itt-config option): __itt_model_observe_uses

3823166 : 0x40e391163f8136 : 2 : ittapi_config_apply_per_lib :  ITTAPI function NOT instrumented (not matched by --itt-config option): __itt_model_clear_uses

3823166 : 0x40e391163f8edb : 2 : ittapi_config_apply_per_lib :  ITTAPI function NOT instrumented (not matched by --itt-config option): __itt_model_site_beginA

3823166 : 0x40e391163f9be5 : 2 : ittapi_config_apply_per_lib :  ITTAPI function NOT instrumented (not matched by --itt-config option): __itt_model_site_beginAL

3823166 : 0x40e391163fa7cb : 2 : ittapi_config_apply_per_lib :  ITTAPI function NOT instrumented (not matched by --itt-config option): __itt_model_task_beginA

3823166 : 0x40e391163fce38 : 2 : ittapi_config_apply_per_lib :  ITTAPI function NOT instrumented (not matched by --itt-config option): __itt_model_task_beginAL

3823166 : 0x40e391163fdb2a : 2 : ittapi_config_apply_per_lib :  ITTAPI function NOT instrumented (not matched by --itt-config option): __itt_model_iteration_taskA

3823166 : 0x40e391163fe759 : 2 : ittapi_config_apply_per_lib :  ITTAPI function NOT instrumented (not matched by --itt-config option): __itt_model_iteration_taskAL

3823166 : 0x40e391163ff3ed : 2 : ittapi_config_apply_per_lib :  ITTAPI function NOT instrumented (not matched by --itt-config option): __itt_model_site_end_2

3823166 : 0x40e391164042dc : 2 : ittapi_config_apply_per_lib :  ITTAPI function NOT instrumented (not matched by --itt-config option): __itt_model_task_end_2

3823166 : 0x40e391164053b4 : 2 : ittapi_config_apply_per_lib :  ITTAPI function NOT instrumented (not matched by --itt-config option): __itt_model_lock_acquire_2

3823166 : 0x40e3911640607d : 2 : ittapi_config_apply_per_lib :  ITTAPI function NOT instrumented (not matched by --itt-config option): __itt_model_lock_release_2

3823166 : 0x40e39116406cb4 : 2 : ittapi_config_apply_per_lib :  ITTAPI function NOT instrumented (not matched by --itt-config option): __itt_model_aggregate_task

3823166 : 0x40e391164078f8 : 2 : ittapi_config_apply_per_lib :  ITTAPI function NOT instrumented (not matched by --itt-config option): __itt_model_disable_push

3823166 : 0x40e39116408451 : 2 : ittapi_config_apply_per_lib :  ITTAPI function NOT instrumented (not matched by --itt-config option): __itt_model_disable_pop

3823166 : 0x40e3911640963c : 2 : ittapi_config_apply_per_lib :  ITTAPI function instrumented: __itt_heap_function_create
3823166 : 0x40e3911640a58d : 2 : ittapi_config_apply_per_lib :  ITTAPI function instrumented: __itt_heap_allocate_begin
3823166 : 0x40e3911640b523 : 2 : ittapi_config_apply_per_lib :  ITTAPI function instrumented: __itt_heap_allocate_end
3823166 : 0x40e3911640c5d9 : 2 : ittapi_config_apply_per_lib :  ITTAPI function instrumented: __itt_heap_free_begin
3823166 : 0x40e39116413127 : 2 : ittapi_config_apply_per_lib :  ITTAPI function instrumented: __itt_heap_free_end
3823166 : 0x40e391164142b4 : 2 : ittapi_config_apply_per_lib :  ITTAPI function instrumented: __itt_heap_reallocate_begin
3823166 : 0x40e391164150bd : 2 : ittapi_config_apply_per_lib :  ITTAPI function instrumented: __itt_heap_reallocate_end
3823166 : 0x40e39116416251 : 2 : ittapi_config_apply_per_lib :  ITTAPI function not implemented: __itt_heap_internal_access_begin
3823166 : 0x40e3911641722e : 2 : ittapi_config_apply_per_lib :  ITTAPI function not implemented: __itt_heap_internal_access_end
3823166 : 0x40e391164183f1 : 2 : ittapi_config_apply_per_lib :  ITTAPI function not implemented: __itt_heap_record_memory_growth_begin
3823166 : 0x40e39116419385 : 2 : ittapi_config_apply_per_lib :  ITTAPI function not implemented: __itt_heap_record_memory_growth_end
3823166 : 0x40e3911641a3fb : 2 : ittapi_config_apply_per_lib :  ITTAPI function not implemented: __itt_heap_reset_detection
3823166 : 0x40e3911641b480 : 2 : ittapi_config_apply_per_lib :  ITTAPI function not implemented: __itt_heap_record
3823166 : 0x40e3911641c31b : 2 : ittapi_config_apply_per_lib :  ITTAPI function not implemented: __itt_id_create
3823166 : 0x40e39116421a9d : 2 : ittapi_config_apply_per_lib :  ITTAPI function not implemented: __itt_id_destroy
3823166 : 0x40e39116422df2 : 2 : ittapi_config_apply_per_lib :  ITTAPI function instrumented: __itt_get_timestamp
3823166 : 0x40e39116423d2c : 2 : ittapi_config_apply_per_lib :  ITTAPI function not implemented: __itt_region_begin
3823166 : 0x40e39116424d0c : 2 : ittapi_config_apply_per_lib :  ITTAPI function not implemented: __itt_region_end
3823166 : 0x40e39116425b0c : 2 : ittapi_config_apply_per_lib :  ITTAPI function instrumented: __itt_frame_begin_v3
3823166 : 0x40e391164269f6 : 2 : ittapi_config_apply_per_lib :  ITTAPI function instrumented: __itt_frame_end_v3
3823166 : 0x40e39116427702 : 2 : ittapi_config_apply_per_lib :  ITTAPI function instrumented: __itt_frame_submit_v3
3823166 : 0x40e39116428b63 : 2 : ittapi_config_apply_per_lib :  ITTAPI function not implemented: __itt_task_group
3823166 : 0x40e39116429b3c : 2 : ittapi_config_apply_per_lib :  ITTAPI function instrumented: __itt_task_begin
3823166 : 0x40e3911642a963 : 2 : ittapi_config_apply_per_lib :  ITTAPI function instrumented: __itt_task_begin_fn
3823166 : 0x40e3911642f65a : 2 : ittapi_config_apply_per_lib :  ITTAPI function instrumented: __itt_task_end
3823166 : 0x40e39116430926 : 2 : ittapi_config_apply_per_lib :  ITTAPI function not implemented: __itt_counter_inc_v3
3823166 : 0x40e391164319b9 : 2 : ittapi_config_apply_per_lib :  ITTAPI function not implemented: __itt_counter_inc_delta_v3
3823166 : 0x40e39116432890 : 2 : ittapi_config_apply_per_lib :  ITTAPI function not implemented: __itt_counter_dec_v3
3823166 : 0x40e39116433920 : 2 : ittapi_config_apply_per_lib :  ITTAPI function not implemented: __itt_counter_dec_delta_v3
3823166 : 0x40e391164348b6 : 2 : ittapi_config_apply_per_lib :  ITTAPI function not implemented: __itt_marker
3823166 : 0x40e391164356e0 : 2 : ittapi_config_apply_per_lib :  ITTAPI function instrumented: __itt_metadata_add
3823166 : 0x40e391164365b0 : 2 : ittapi_config_apply_per_lib :  ITTAPI function not implemented: __itt_metadata_str_add
3823166 : 0x40e3911643757b : 2 : ittapi_config_apply_per_lib :  ITTAPI function not implemented: __itt_relation_add_to_current
3823166 : 0x40e39116438401 : 2 : ittapi_config_apply_per_lib :  ITTAPI function not implemented: __itt_relation_add
3823166 : 0x40e3911643d0b3 : 2 : ittapi_config_apply_per_lib :  ITTAPI function instrumented: __itt_event_create
3823166 : 0x40e3911643e47f : 2 : ittapi_config_apply_per_lib :  ITTAPI function instrumented: __itt_event_start
3823166 : 0x40e3911643f1a8 : 2 : ittapi_config_apply_per_lib :  ITTAPI function instrumented: __itt_event_end
3823166 : 0x40e3911643fe0b : 2 : ittapi_config_apply_per_lib :  ITTAPI function NOT instrumented (not matched by --itt-config option): __itt_sync_set_name

3823166 : 0x40e39116440a84 : 2 : ittapi_config_apply_per_lib :  ITTAPI function NOT instrumented (not matched by --itt-config option): __itt_notify_sync_name

3823166 : 0x40e39116441638 : 2 : ittapi_config_apply_per_lib :  ITTAPI function NOT instrumented (not matched by --itt-config option): __itt_notify_sync_prepare

3823166 : 0x40e3911644217f : 2 : ittapi_config_apply_per_lib :  ITTAPI function NOT instrumented (not matched by --itt-config option): __itt_notify_sync_cancel

3823166 : 0x40e39116442e3d : 2 : ittapi_config_apply_per_lib :  ITTAPI function NOT instrumented (not matched by --itt-config option): __itt_notify_sync_acquired

3823166 : 0x40e39116443a81 : 2 : ittapi_config_apply_per_lib :  ITTAPI function NOT instrumented (not matched by --itt-config option): __itt_notify_sync_releasing

3823166 : 0x40e39116444b71 : 2 : ittapi_config_apply_per_lib :  ITTAPI function not implemented: __itt_memory_read
3823166 : 0x40e3911644b995 : 2 : ittapi_config_apply_per_lib :  ITTAPI function not implemented: __itt_memory_write
3823166 : 0x40e3911644cf23 : 2 : ittapi_config_apply_per_lib :  ITTAPI function not implemented: __itt_memory_update
3823166 : 0x40e3911644dfe7 : 2 : ittapi_config_apply_per_lib :  ITTAPI function not implemented: __itt_state_get
3823166 : 0x40e3911644ef91 : 2 : ittapi_config_apply_per_lib :  ITTAPI function not implemented: __itt_state_set
3823166 : 0x40e3911644ff94 : 2 : ittapi_config_apply_per_lib :  ITTAPI function not implemented: __itt_obj_mode_set
3823166 : 0x40e39116450dee : 2 : ittapi_config_apply_per_lib :  ITTAPI function not implemented: __itt_thr_mode_set
3823166 : 0x40e39116451e9e : 2 : ittapi_config_apply_per_lib :  ITTAPI function instrumented: __itt_frame_create
3823166 : 0x40e39116452b88 : 2 : ittapi_config_apply_per_lib :  ITTAPI function instrumented: __itt_pt_region_create
3823166 : 0x40e3911645399f : 2 : ittapi_config_apply_per_lib :  ITTAPI function instrumented: __itt_frame_begin
3823166 : 0x40e39116454843 : 2 : ittapi_config_apply_per_lib :  ITTAPI function instrumented: __itt_frame_end
3823166 : 0x40e39116459922 : 2 : ittapi_config_apply_per_lib :  ITTAPI function not implemented: __itt_counter_destroy
3823166 : 0x40e3911645a994 : 2 : ittapi_config_apply_per_lib :  ITTAPI function instrumented: __itt_counter_inc
3823166 : 0x40e3911645b7a8 : 2 : ittapi_config_apply_per_lib :  ITTAPI function instrumented: __itt_counter_inc_delta
3823166 : 0x40e3911645c4bf : 2 : ittapi_config_apply_per_lib :  ITTAPI function instrumented: __itt_counter_dec
3823166 : 0x40e3911645d380 : 2 : ittapi_config_apply_per_lib :  ITTAPI function instrumented: __itt_counter_dec_delta
3823166 : 0x40e3911645e226 : 2 : ittapi_config_apply_per_lib :  ITTAPI function instrumented: __itt_counter_set_value
3823166 : 0x40e3911645f12b : 2 : ittapi_config_apply_per_lib :  ITTAPI function not implemented: __itt_counter_set_value_ex
3823166 : 0x40e3911645ff13 : 2 : ittapi_config_apply_per_lib :  ITTAPI function not implemented: __itt_mark_create
3823166 : 0x40e391164610b5 : 2 : ittapi_config_apply_per_lib :  ITTAPI function not implemented: __itt_mark
3823166 : 0x40e3911646219b : 2 : ittapi_config_apply_per_lib :  ITTAPI function not implemented: __itt_mark_off
3823166 : 0x40e39116467aa6 : 2 : ittapi_config_apply_per_lib :  ITTAPI function not implemented: __itt_mark_global
3823166 : 0x40e39116468fe3 : 2 : ittapi_config_apply_per_lib :  ITTAPI function not implemented: __itt_mark_global_off
3823166 : 0x40e39116469cf9 : 2 : ittapi_config_apply_per_lib :  ITTAPI function NOT instrumented (not matched by --itt-config option): __itt_stack_caller_create

3823166 : 0x40e3911646a9ed : 2 : ittapi_config_apply_per_lib :  ITTAPI function NOT instrumented (not matched by --itt-config option): __itt_stack_caller_destroy

3823166 : 0x40e3911646b560 : 2 : ittapi_config_apply_per_lib :  ITTAPI function NOT instrumented (not matched by --itt-config option): __itt_stack_callee_enter

3823166 : 0x40e3911646c0c6 : 2 : ittapi_config_apply_per_lib :  ITTAPI function NOT instrumented (not matched by --itt-config option): __itt_stack_callee_leave

3823166 : 0x40e3911646d1d5 : 2 : ittapi_config_apply_per_lib :  ITTAPI function not implemented: __itt_clock_domain_create
3823166 : 0x40e3911646e2cc : 2 : ittapi_config_apply_per_lib :  ITTAPI function not implemented: __itt_clock_domain_reset
3823166 : 0x40e3911646f1b3 : 2 : ittapi_config_apply_per_lib :  ITTAPI function not implemented: __itt_id_create_ex
3823166 : 0x40e3911647032c : 2 : ittapi_config_apply_per_lib :  ITTAPI function not implemented: __itt_id_destroy_ex
3823166 : 0x40e39116477553 : 2 : ittapi_config_apply_per_lib :  ITTAPI function not implemented: __itt_task_begin_ex
3823166 : 0x40e3911647893a : 2 : ittapi_config_apply_per_lib :  ITTAPI function not implemented: __itt_task_begin_fn_ex
3823166 : 0x40e39116479a8e : 2 : ittapi_config_apply_per_lib :  ITTAPI function not implemented: __itt_task_end_ex
3823166 : 0x40e3911647a977 : 2 : ittapi_config_apply_per_lib :  ITTAPI function instrumented: __itt_task_begin_overlapped
3823166 : 0x40e3911647b906 : 2 : ittapi_config_apply_per_lib :  ITTAPI function not implemented: __itt_task_begin_overlapped_ex
3823166 : 0x40e3911647c97f : 2 : ittapi_config_apply_per_lib :  ITTAPI function instrumented: __itt_task_end_overlapped
3823166 : 0x40e3911647d914 : 2 : ittapi_config_apply_per_lib :  ITTAPI function not implemented: __itt_task_end_overlapped_ex
3823166 : 0x40e3911647e8b6 : 2 : ittapi_config_apply_per_lib :  ITTAPI function not implemented: __itt_marker_ex
3823166 : 0x40e3911647f8da : 2 : ittapi_config_apply_per_lib :  ITTAPI function not implemented: __itt_metadata_add_with_scope
3823166 : 0x40e39116480a20 : 2 : ittapi_config_apply_per_lib :  ITTAPI function not implemented: __itt_metadata_str_add_with_scope
3823166 : 0x40e39116486843 : 2 : ittapi_config_apply_per_lib :  ITTAPI function not implemented: __itt_relation_add_to_current_ex
3823166 : 0x40e391164879f4 : 2 : ittapi_config_apply_per_lib :  ITTAPI function not implemented: __itt_relation_add_ex
3823166 : 0x40e391164888b5 : 2 : ittapi_config_apply_per_lib :  ITTAPI function not implemented: __itt_track_group_create
3823166 : 0x40e3911648967b : 2 : ittapi_config_apply_per_lib :  ITTAPI function not implemented: __itt_track_create
3823166 : 0x40e3911648a4fc : 2 : ittapi_config_apply_per_lib :  ITTAPI function not implemented: __itt_set_track
3823166 : 0x40e3911648b44b : 2 : ittapi_config_apply_per_lib :  ITTAPI function instrumented: __itt_api_version
3823166 : 0x40e3911648c2c0 : 2 : ittapi_config_apply_per_lib :  ITTAPI function not implemented: __itt_av_save
3823166 : 0x40e3911648d218 : 2 : ittapi_config_apply_per_lib :  ITTAPI function instrumented: __itt_module_load
3823166 : 0x40e3911648e1c4 : 2 : ittapi_config_apply_per_lib :  ITTAPI function not implemented: __itt_module_unload