
3820680 : 0x40e377cc5cab7a : 1 : spill_jit_data :  Jit agent is not initialized
3820680 : 0x40e377cc5ded4b : 2 : ittapi_config_mask_get :  --itt-config mask to be applied: 39
3820680 : 0x40e377cc5e0543 : 2 : ittapi_config_apply_per_lib :  ITTAPI function instrumented: __itt_domain_create
3820680 : 0x40e377cc5e133a : 2 : ittapi_config_apply_per_lib :  ITTAPI function instrumented: __itt_module_load_with_sections
3820680 : 0x40e377cc5e2524 : 2 : ittapi_config_apply_per_lib :  ITTAPI function not implemented: __itt_module_unload_with_sections
3820680 : 0x40e377cc5e34f4 : 2 : ittapi_config_apply_per_lib :  ITTAPI function instrumented: __itt_string_handle_create
3820680 : 0x40e377cc5e3ef7 : 2 : ittapi_config_apply_per_lib :  ITTAPI function instrumented: __itt_counter_create
3820680 : 0x40e377cc5e489d : 2 : ittapi_config_apply_per_lib :  ITTAPI function instrumented: __itt_counter_create_typed
3820680 : 0x40e377cc5e52c1 : 2 : ittapi_config_apply_per_lib :  ITTAPI function instrumented: __itt_pause
3820680 : 0x40e377cc5e5ca8 : 2 : ittapi_config_apply_per_lib :  ITTAPI function instrumented: __itt_resume
3820680 : 0x40e377cc5f3ef9 : 2 : ittapi_config_apply_per_lib :  ITTAPI function instrumented: __itt_thread_set_name
3820680 : 0x40e377cc5f4e19 : 2 : ittapi_config_apply_per_lib :  ITTAPI function instrumented: __itt_thread_ignore
3820680 : 0x40e377cc5f58bf : 2 : ittapi_config_apply_per_lib :  ITTAPI function instrumented: __itt_thr_name_set
3820680 : 0x40e377cc5f6392 : 2 : ittapi_config_apply_per_lib :  ITTAPI function instrumented: __itt_thr_ignore
3820680 : 0x40e377cc5f7263 : 2 : ittapi_config_apply_per_lib :  ITTAPI function not implemented: __itt_enable_attach
3820680 : 0x40e377cc5f7c8e : 2 : ittapi_config_apply_per_lib :  ITTAPI function instrumented: __itt_detach
3820680 : 0x40e377cc5fe452 : 2 : ittapi_config_apply_per_lib :  ITTAPI function NOT instrumented (not matched by --itt-config option): __itt_sync_create

3820680 : 0x40e377cc5ff3f3 : 2 : ittapi_config_apply_per_lib :  ITTAPI function NOT instrumented (not matched by --itt-config option): __itt_sync_rename

3820680 : 0x40e377cc5ffc05 : 2 : ittapi_config_apply_per_lib :  ITTAPI function NOT instrumented (not matched by --itt-config option): __itt_sync_destroy

3820680 : 0x40e377cc6004d1 : 2 : ittapi_config_apply_per_lib :  ITTAPI function NOT instrumented (not matched by --itt-config option): __itt_sync_prepare

3820680 : 0x40e377cc604adc : 2 : ittapi_config_apply_per_lib :  ITTAPI function NOT instrumented (not matched by --itt-config option): __itt_sync_cancel

3820680 : 0x40e377cc6054bf : 2 : ittapi_config_apply_per_lib :  ITTAPI function NOT instrumented (not matched by --itt-config option): __itt_sync_acquired

3820680 : 0x40e377cc605cf9 : 2 : ittapi_config_apply_per_lib :  ITTAPI function NOT instrumented (not matched by --itt-config option): __itt_sync_releasing

3820680 : 0x40e377cc606a45 : 2 : ittapi_config_apply_per_lib :  ITTAPI function not implemented: __itt_suppress_push
3820680 : 0x40e377cc607814 : 2 : ittapi_config_apply_per_lib :  ITTAPI function not implemented: __itt_suppress_pop
3820680 : 0x40e377cc6083b9 : 2 : ittapi_config_apply_per_lib :  ITTAPI function not implemented: __itt_suppress_mark_range
3820680 : 0x40e377cc608ef9 : 2 : ittapi_config_apply_per_lib :  ITTAPI function not implemented: __itt_suppress_clear_range
3820680 : 0x40e377cc60973c : 2 : ittapi_config_apply_per_lib :  ITTAPI function NOT instrumented (not matched by --itt-config option): __itt_sync_prepare

3820680 : 0x40e377cc609f59 : 2 : ittapi_config_apply_per_lib :  ITTAPI function NOT instrumented (not matched by --itt-config option): __itt_sync_cancel

3820680 : 0x40e377cc60a736 : 2 : ittapi_config_apply_per_lib :  ITTAPI function NOT instrumented (not matched by --itt-config option): __itt_sync_acquired

3820680 : 0x40e377cc60d2f8 : 2 : ittapi_config_apply_per_lib :  ITTAPI function NOT instrumented (not matched by --itt-config option): __itt_sync_releasing

3820680 : 0x40e377cc60dbf2 : 2 : ittapi_config_apply_per_lib :  ITTAPI function NOT instrumented (not matched by --itt-config option): __itt_model_site_begin

3820680 : 0x40e377cc60e4af : 2 : ittapi_config_apply_per_lib :  ITTAPI function NOT instrumented (not matched by --itt-config option): __itt_model_site_end

3820680 : 0x40e377cc60ed0b : 2 : ittapi_config_apply_per_lib :  ITTAPI function NOT instrumented (not matched by --itt-config option): __itt_model_task_begin

3820680 : 0x40e377cc60f546 : 2 : ittapi_config_apply_per_lib :  ITTAPI function NOT instrumented (not matched by --itt-config option): __itt_model_task_end

3820680 : 0x40e377cc60fe19 : 2 : ittapi_config_apply_per_lib :  ITTAPI function NOT instrumented (not matched by --itt-config option): __itt_model_lock_acquire

3820680 : 0x40e377cc610680 : 2 : ittapi_config_apply_per_lib :  ITTAPI function NOT instrumented (not matched by --itt-config option): __itt_model_lock_release

3820680 : 0x40e377cc610efc : 2 : ittapi_config_apply_per_lib :  ITTAPI function NOT instrumented (not matched by --itt-config option): __itt_model_record_allocation

3820680 : 0x40e377cc61171c : 2 : ittapi_config_apply_per_lib :  ITTAPI function NOT instrumented (not matched by --itt-config option): __itt_model_record_deallocation

3820680 : 0x40e377cc611f65 : 2 : ittapi_config_apply_per_lib :  ITTAPI function NOT instrumented (not matched by --itt-config option): __itt_model_induction_uses

3820680 : 0x40e377cc6168e0 : 2 : ittapi_config_apply_per_lib :  ITTAPI function NOT instrumented (not matched by --itt-config option): __itt_model_reduction_uses

3820680 : 0x40e377cc61727b : 2 : ittapi_config_apply_per_lib :  ITTAPI function NOT instrumented (not matched by --itt-config option): __itt_model_observe_uses

3820680 : 0x40e377cc617b33 : 2 : ittapi_config_apply_per_lib :  ITTAPI function NOT instrumented (not matched by --itt-config option): __itt_model_clear_uses

3820680 : 0x40e377cc61838f : 2 : ittapi_config_apply_per_lib :  ITTAPI function NOT instrumented (not matched by --itt-config option): __itt_model_site_beginA

3820680 : 0x40e377cc618cb3 : 2 : ittapi_config_apply_per_lib :  ITTAPI function NOT instrumented (not matched by --itt-config option): __itt_model_site_beginAL

3820680 : 0x40e377cc61954d : 2 : ittapi_config_apply_per_lib :  ITTAPI function NOT instrumented (not matched by --itt-config option): __itt_model_task_beginA

3820680 : 0x40e377cc619d63 : 2 : ittapi_config_apply_per_lib :  ITTAPI function NOT instrumented (not matched by --itt-config option): __itt_model_task_beginAL

3820680 : 0x40e377cc61a5cc : 2 : ittapi_config_apply_per_lib :  ITTAPI function NOT instrumented (not matched by --itt-config option): __itt_model_iteration_taskA

3820680 : 0x40e377cc61adf4 : 2 : ittapi_config_apply_per_lib :  ITTAPI function NOT instrumented (not matched by --itt-config option): __itt_model_iteration_taskAL

3820680 : 0x40e377cc61b66a : 2 : ittapi_config_apply_per_lib :  ITTAPI function NOT instrumented (not matched by --itt-config option): __itt_model_site_end_2

3820680 : 0x40e377cc61e780 : 2 : ittapi_config_apply_per_lib :  ITTAPI function NOT instrumented (not matched by --itt-config option): __itt_model_task_end_2

3820680 : 0x40e377cc61f032 : 2 : ittapi_config_apply_per_lib :  ITTAPI function NOT instrumented (not matched by --itt-config option): __itt_model_lock_acquire_2

3820680 : 0x40e377cc61f877 : 2 : ittapi_config_apply_per_lib :  ITTAPI function NOT instrumented (not matched by --itt-config option): __itt_model_lock_release_2

3820680 : 0x40e377cc6200de : 2 : ittapi_config_apply_per_lib :  ITTAPI function NOT instrumented (not matched by --itt-config option): __itt_model_aggregate_task

3820680 : 0x40e377cc62093f : 2 : ittapi_config_apply_per_lib :  ITTAPI function NOT instrumented (not matched by --itt-config option): __itt_model_disable_push

3820680 : 0x40e377cc62118f : 2 : ittapi_config_apply_per_lib :  ITTAPI function NOT instrumented (not matched by --itt-config option): __itt_model_disable_pop

3820680 : 0x40e377cc621c2c : 2 : ittapi_config_apply_per_lib :  ITTAPI function instrumented: __itt_heap_function_create
3820680 : 0x40e377cc6225ea : 2 : ittapi_config_apply_per_lib :  ITTAPI function instrumented: __itt_heap_allocate_begin
3820680 : 0x40e377cc622f9d : 2 : ittapi_config_apply_per_lib :  ITTAPI function instrumented: __itt_heap_allocate_end
3820680 : 0x40e377cc62396b : 2 : ittapi_config_apply_per_lib :  ITTAPI function instrumented: __itt_heap_free_begin
3820680 : 0x40e377cc628032 : 2 : ittapi_config_apply_per_lib :  ITTAPI function instrumented: __itt_heap_free_end
3820680 : 0x40e377cc628a80 : 2 : ittapi_config_apply_per_lib :  ITTAPI function instrumented: __itt_heap_reallocate_begin
3820680 : 0x40e377cc6293fe : 2 : ittapi_config_apply_per_lib :  ITTAPI function instrumented: __itt_heap_reallocate_end
3820680 : 0x40e377cc629f3a : 2 : ittapi_config_apply_per_lib :  ITTAPI function not implemented: __itt_heap_internal_access_begin
3820680 : 0x40e377cc62a9da : 2 : ittapi_config_apply_per_lib :  ITTAPI function not implemented: __itt_heap_internal_access_end
3820680 : 0x40e377cc62b542 : 2 : ittapi_config_apply_per_lib :  ITTAPI function not implemented: __itt_heap_record_memory_growth_begin
3820680 : 0x40e377cc62c06f : 2 : ittapi_config_apply_per_lib :  ITTAPI function not implemented: __itt_heap_record_memory_growth_end
3820680 : 0x40e377cc62cb3e : 2 : ittapi_config_apply_per_lib :  ITTAPI function not implemented: __itt_heap_reset_detection
3820680 : 0x40e377cc62d69e : 2 : ittapi_config_apply_per_lib :  ITTAPI function not implemented: __itt_heap_record
3820680 : 0x40e377cc62e0dd : 2 : ittapi_config_apply_per_lib :  ITTAPI function not implemented: __itt_id_create
3820680 : 0x40e377cc6314a1 : 2 : ittapi_config_apply_per_lib :  ITTAPI function not implemented: __itt_id_destroy
3820680 : 0x40e377cc631f19 : 2 : ittapi_config_apply_per_lib :  ITTAPI function instrumented: __itt_get_timestamp
3820680 : 0x40e377cc63295d : 2 : ittapi_config_apply_per_lib :  ITTAPI function not implemented: __itt_region_begin
3820680 : 0x40e377cc6333e7 : 2 : ittapi_config_apply_per_lib :  ITTAPI function not implemented: __itt_region_end
3820680 : 0x40e377cc633e69 : 2 : ittapi_config_apply_per_lib :  ITTAPI function instrumented: __itt_frame_begin_v3
3820680 : 0x40e377cc634830 : 2 : ittapi_config_apply_per_lib :  ITTAPI function instrumented: __itt_frame_end_v3
3820680 : 0x40e377cc6351ae : 2 : ittapi_config_apply_per_lib :  ITTAPI function instrumented: __itt_frame_submit_v3
3820680 : 0x40e377cc635c45 : 2 : ittapi_config_apply_per_lib :  ITTAPI function not implemented: __itt_task_group
3820680 : 0x40e377cc63663d : 2 : ittapi_config_apply_per_lib :  ITTAPI function instrumented: __itt_task_begin
3820680 : 0x40e377cc636fec : 2 : ittapi_config_apply_per_lib :  ITTAPI function instrumented: __itt_task_begin_fn
3820680 : 0x40e377cc639ca0 : 2 : ittapi_config_apply_per_lib :  ITTAPI function instrumented: __itt_task_end
3820680 : 0x40e377cc63a816 : 2 : ittapi_config_apply_per_lib :  ITTAPI function not implemented: __itt_counter_inc_v3
3820680 : 0x40e377cc63b380 : 2 : ittapi_config_apply_per_lib :  ITTAPI function not implemented: __itt_counter_inc_delta_v3
3820680 : 0x40e377cc63bdaf : 2 : ittapi_config_apply_per_lib :  ITTAPI function not implemented: __itt_counter_dec_v3
3820680 : 0x40e377cc63c78f : 2 : ittapi_config_apply_per_lib :  ITTAPI function not implemented: __itt_counter_dec_delta_v3
3820680 : 0x40e377cc63d19f : 2 : ittapi_config_apply_per_lib :  ITTAPI function not implemented: __itt_marker
3820680 : 0x40e377cc63dbfb : 2 : ittapi_config_apply_per_lib :  ITTAPI function instrumented: __itt_metadata_add
3820680 : 0x40e377cc63e628 : 2 : ittapi_config_apply_per_lib :  ITTAPI function not implemented: __itt_metadata_str_add
3820680 : 0x40e377cc63f070 : 2 : ittapi_config_apply_per_lib :  ITTAPI function not implemented: __itt_relation_add_to_current
3820680 : 0x40e377cc63fad3 : 2 : ittapi_config_apply_per_lib :  ITTAPI function not implemented: __itt_relation_add
3820680 : 0x40e377cc642570 : 2 : ittapi_config_apply_per_lib :  ITTAPI function instrumented: __itt_event_create
3820680 : 0x40e377cc642fba : 2 : ittapi_config_apply_per_lib :  ITTAPI function instrumented: __itt_event_start
3820680 : 0x40e377cc6438c4 : 2 : ittapi_config_apply_per_lib :  ITTAPI function instrumented: __itt_event_end
3820680 : 0x40e377cc6440f7 : 2 : ittapi_config_apply_per_lib :  ITTAPI function NOT instrumented (not matched by --itt-config option): __itt_sync_set_name

3820680 : 0x40e377cc644988 : 2 : ittapi_config_apply_per_lib :  ITTAPI function NOT instrumented (not matched by --itt-config option): __itt_notify_sync_name

3820680 : 0x40e377cc6451f3 : 2 : ittapi_config_apply_per_lib :  ITTAPI function NOT instrumented (not matched by --itt-config option): __itt_notify_sync_prepare

3820680 : 0x40e377cc645a23 : 2 : ittapi_config_apply_per_lib :  ITTAPI function NOT instrumented (not matched by --itt-config option): __itt_notify_sync_cancel

3820680 : 0x40e377cc646278 : 2 : ittapi_config_apply_per_lib :  ITTAPI function NOT instrumented (not matched by --itt-config option): __itt_notify_sync_acquired

3820680 : 0x40e377cc646acf : 2 : ittapi_config_apply_per_lib :  ITTAPI function NOT instrumented (not matched by --itt-config option): __itt_notify_sync_releasing

3820680 : 0x40e377cc647501 : 2 : ittapi_config_apply_per_lib :  ITTAPI function not implemented: __itt_memory_read
3820680 : 0x40e377cc64b224 : 2 : ittapi_config_apply_per_lib :  ITTAPI function not implemented: __itt_memory_write
3820680 : 0x40e377cc64bd9b : 2 : ittapi_config_apply_per_lib :  ITTAPI function not implemented: __itt_memory_update
3820680 : 0x40e377cc64c828 : 2 : ittapi_config_apply_per_lib :  ITTAPI function not implemented: __itt_state_get
3820680 : 0x40e377cc64d1e0 : 2 : ittapi_config_apply_per_lib :  ITTAPI function not implemented: __itt_state_set
3820680 : 0x40e377cc64dbe5 : 2 : ittapi_config_apply_per_lib :  ITTAPI function not implemented: __itt_obj_mode_set
3820680 : 0x40e377cc64e676 : 2 : ittapi_config_apply_per_lib :  ITTAPI function not implemented: __itt_thr_mode_set
3820680 : 0x40e377cc64efc3 : 2 : ittapi_config_apply_per_lib :  ITTAPI function instrumented: __itt_frame_create
3820680 : 0x40e377cc64f8c2 : 2 : ittapi_config_apply_per_lib :  ITTAPI function instrumented: __itt_pt_region_create
3820680 : 0x40e377cc650245 : 2 : ittapi_config_apply_per_lib :  ITTAPI function instrumented: __itt_frame_begin
3820680 : 0x40e377cc650bd9 : 2 : ittapi_config_apply_per_lib :  ITTAPI function instrumented: __itt_frame_end
3820680 : 0x40e377cc6539d3 : 2 : ittapi_config_apply_per_lib :  ITTAPI function not implemented: __itt_counter_destroy
3820680 : 0x40e377cc6544bf : 2 : ittapi_config_apply_per_lib :  ITTAPI function instrumented: __itt_counter_inc
3820680 : 0x40e377cc654e2d : 2 : ittapi_config_apply_per_lib :  ITTAPI function instrumented: __itt_counter_inc_delta
3820680 : 0x40e377cc6557b8 : 2 : ittapi_config_apply_per_lib :  ITTAPI function instrumented: __itt_counter_dec
3820680 : 0x40e377cc65620d : 2 : ittapi_config_apply_per_lib :  ITTAPI function instrumented: __itt_counter_dec_delta
3820680 : 0x40e377cc656c06 : 2 : ittapi_config_apply_per_lib :  ITTAPI function instrumented: __itt_counter_set_value
3820680 : 0x40e377cc65761a : 2 : ittapi_config_apply_per_lib :  ITTAPI function not implemented: __itt_counter_set_value_ex
3820680 : 0x40e377cc657faa : 2 : ittapi_config_apply_per_lib :  ITTAPI function not implemented: __itt_mark_create
3820680 : 0x40e377cc658b0b : 2 : ittapi_config_apply_per_lib :  ITTAPI function not implemented: __itt_mark
3820680 : 0x40e377cc659652 : 2 : ittapi_config_apply_per_lib :  ITTAPI function not implemented: __itt_mark_off
3820680 : 0x40e377cc65c257 : 2 : ittapi_config_apply_per_lib :  ITTAPI function not implemented: __itt_mark_global
3820680 : 0x40e377cc65ce33 : 2 : ittapi_config_apply_per_lib :  ITTAPI function not implemented: __itt_mark_global_off
3820680 : 0x40e377cc65d756 : 2 : ittapi_config_apply_per_lib :  ITTAPI function NOT instrumented (not matched by --itt-config option): __itt_stack_caller_create

3820680 : 0x40e377cc65e003 : 2 : ittapi_config_apply_per_lib :  ITTAPI function NOT instrumented (not matched by --itt-config option): __itt_stack_caller_destroy

3820680 : 0x40e377cc65e879 : 2 : ittapi_config_apply_per_lib :  ITTAPI function NOT instrumented (not matched by --itt-config option): __itt_stack_callee_enter

3820680 : 0x40e377cc65f0e4 : 2 : ittapi_config_apply_per_lib :  ITTAPI function NOT instrumented (not matched by --itt-config option): __itt_stack_callee_leave

3820680 : 0x40e377cc65fb0f : 2 : ittapi_config_apply_per_lib :  ITTAPI function not implemented: __itt_clock_domain_create
3820680 : 0x40e377cc6605b6 : 2 : ittapi_config_apply_per_lib :  ITTAPI function not implemented: __itt_clock_domain_reset
3820680 : 0x40e377cc660f76 : 2 : ittapi_config_apply_per_lib :  ITTAPI function not implemented: __itt_id_create_ex
3820680 : 0x40e377cc6619af : 2 : ittapi_config_apply_per_lib :  ITTAPI function not implemented: __itt_id_destroy_ex
3820680 : 0x40e377cc665af8 : 2 : ittapi_config_apply_per_lib :  ITTAPI function not implemented: __itt_task_begin_ex
3820680 : 0x40e377cc66663b : 2 : ittapi_config_apply_per_lib :  ITTAPI function not implemented: __itt_task_begin_fn_ex
3820680 : 0x40e377cc667087 : 2 : ittapi_config_apply_per_lib :  ITTAPI function not implemented: __itt_task_end_ex
3820680 : 0x40e377cc667a57 : 2 : ittapi_config_apply_per_lib :  ITTAPI function instrumented: __itt_task_begin_overlapped
3820680 : 0x40e377cc668489 : 2 : ittapi_config_apply_per_lib :  ITTAPI function not implemented: __itt_task_begin_overlapped_ex
3820680 : 0x40e377cc668f30 : 2 : ittapi_config_apply_per_lib :  ITTAPI function instrumented: __itt_task_end_overlapped
3820680 : 0x40e377cc66994a : 2 : ittapi_config_apply_per_lib :  ITTAPI function not implemented: __itt_task_end_overlapped_ex
3820680 : 0x40e377cc66a344 : 2 : ittapi_config_apply_per_lib :  ITTAPI function not implemented: __itt_marker_ex
3820680 : 0x40e377cc66af05 : 2 : ittapi_config_apply_per_lib :  ITTAPI function not implemented: __itt_metadata_add_with_scope
3820680 : 0x40e377cc66b9d4 : 2 : ittapi_config_apply_per_lib :  ITTAPI function not implemented: __itt_metadata_str_add_with_scope
3820680 : 0x40e377cc66e777 : 2 : ittapi_config_apply_per_lib :  ITTAPI function not implemented: __itt_relation_add_to_current_ex
3820680 : 0x40e377cc66f239 : 2 : ittapi_config_apply_per_lib :  ITTAPI function not implemented: __itt_relation_add_ex
3820680 : 0x40e377cc66fc40 : 2 : ittapi_config_apply_per_lib :  ITTAPI function not implemented: __itt_track_group_create
3820680 : 0x40e377cc670583 : 2 : ittapi_config_apply_per_lib :  ITTAPI function not implemented: __itt_track_create
3820680 : 0x40e377cc670f85 : 2 : ittapi_config_apply_per_lib :  ITTAPI function not implemented: __itt_set_track
3820680 : 0x40e377cc671929 : 2 : ittapi_config_apply_per_lib :  ITTAPI function instrumented: __itt_api_version
3820680 : 0x40e377cc6722de : 2 : ittapi_config_apply_per_lib :  ITTAPI function not implemented: __itt_av_save
3820680 : 0x40e377cc672c7c : 2 : ittapi_config_apply_per_lib :  ITTAPI function instrumented: __itt_module_load
3820680 : 0x40e377cc6736a4 : 2 : ittapi_config_apply_per_lib :  ITTAPI function not implemented: __itt_module_unload