
3812284 : 0x40e30ef7d1be19 : 1 : spill_jit_data :  Jit agent is not initialized
3812284 : 0x40e30ef7d34d96 : 2 : ittapi_config_mask_get :  --itt-config mask to be applied: 39
3812284 : 0x40e30ef7d3724b : 2 : ittapi_config_apply_per_lib :  ITTAPI function instrumented: __itt_domain_create
3812284 : 0x40e30ef7d389b5 : 2 : ittapi_config_apply_per_lib :  ITTAPI function instrumented: __itt_module_load_with_sections
3812284 : 0x40e30ef7d3a8ab : 2 : ittapi_config_apply_per_lib :  ITTAPI function not implemented: __itt_module_unload_with_sections
3812284 : 0x40e30ef7d3c378 : 2 : ittapi_config_apply_per_lib :  ITTAPI function instrumented: __itt_string_handle_create
3812284 : 0x40e30ef7d3d63e : 2 : ittapi_config_apply_per_lib :  ITTAPI function instrumented: __itt_counter_create
3812284 : 0x40e30ef7d3e838 : 2 : ittapi_config_apply_per_lib :  ITTAPI function instrumented: __itt_counter_create_typed
3812284 : 0x40e30ef7d3fb0e : 2 : ittapi_config_apply_per_lib :  ITTAPI function instrumented: __itt_pause
3812284 : 0x40e30ef7d40cbb : 2 : ittapi_config_apply_per_lib :  ITTAPI function instrumented: __itt_resume
3812284 : 0x40e30ef7d5673a : 2 : ittapi_config_apply_per_lib :  ITTAPI function instrumented: __itt_thread_set_name
3812284 : 0x40e30ef7d57f8a : 2 : ittapi_config_apply_per_lib :  ITTAPI function instrumented: __itt_thread_ignore
3812284 : 0x40e30ef7d59315 : 2 : ittapi_config_apply_per_lib :  ITTAPI function instrumented: __itt_thr_name_set
3812284 : 0x40e30ef7d5a57d : 2 : ittapi_config_apply_per_lib :  ITTAPI function instrumented: __itt_thr_ignore
3812284 : 0x40e30ef7d5bd5b : 2 : ittapi_config_apply_per_lib :  ITTAPI function not implemented: __itt_enable_attach
3812284 : 0x40e30ef7d5d0dc : 2 : ittapi_config_apply_per_lib :  ITTAPI function instrumented: __itt_detach
3812284 : 0x40e30ef7d5e0f5 : 2 : ittapi_config_apply_per_lib :  ITTAPI function NOT instrumented (not matched by --itt-config option): __itt_sync_create

3812284 : 0x40e30ef7d5f367 : 2 : ittapi_config_apply_per_lib :  ITTAPI function NOT instrumented (not matched by --itt-config option): __itt_sync_rename

3812284 : 0x40e30ef7d601a0 : 2 : ittapi_config_apply_per_lib :  ITTAPI function NOT instrumented (not matched by --itt-config option): __itt_sync_destroy

3812284 : 0x40e30ef7d61184 : 2 : ittapi_config_apply_per_lib :  ITTAPI function NOT instrumented (not matched by --itt-config option): __itt_sync_prepare

3812284 : 0x40e30ef7d6710f : 2 : ittapi_config_apply_per_lib :  ITTAPI function NOT instrumented (not matched by --itt-config option): __itt_sync_cancel

3812284 : 0x40e30ef7d681b8 : 2 : ittapi_config_apply_per_lib :  ITTAPI function NOT instrumented (not matched by --itt-config option): __itt_sync_acquired

3812284 : 0x40e30ef7d690ff : 2 : ittapi_config_apply_per_lib :  ITTAPI function NOT instrumented (not matched by --itt-config option): __itt_sync_releasing

3812284 : 0x40e30ef7d6a674 : 2 : ittapi_config_apply_per_lib :  ITTAPI function not implemented: __itt_suppress_push
3812284 : 0x40e30ef7d6be3b : 2 : ittapi_config_apply_per_lib :  ITTAPI function not implemented: __itt_suppress_pop
3812284 : 0x40e30ef7d6d223 : 2 : ittapi_config_apply_per_lib :  ITTAPI function not implemented: __itt_suppress_mark_range
3812284 : 0x40e30ef7d6e6dd : 2 : ittapi_config_apply_per_lib :  ITTAPI function not implemented: __itt_suppress_clear_range
3812284 : 0x40e30ef7d6f5c7 : 2 : ittapi_config_apply_per_lib :  ITTAPI function NOT instrumented (not matched by --itt-config option): __itt_sync_prepare

3812284 : 0x40e30ef7d70493 : 2 : ittapi_config_apply_per_lib :  ITTAPI function NOT instrumented (not matched by --itt-config option): __itt_sync_cancel

3812284 : 0x40e30ef7d7133d : 2 : ittapi_config_apply_per_lib :  ITTAPI function NOT instrumented (not matched by --itt-config option): __itt_sync_acquired

3812284 : 0x40e30ef7d7668d : 2 : ittapi_config_apply_per_lib :  ITTAPI function NOT instrumented (not matched by --itt-config option): __itt_sync_releasing

3812284 : 0x40e30ef7d7774a : 2 : ittapi_config_apply_per_lib :  ITTAPI function NOT instrumented (not matched by --itt-config option): __itt_model_site_begin

3812284 : 0x40e30ef7d78709 : 2 : ittapi_config_apply_per_lib :  ITTAPI function NOT instrumented (not matched by --itt-config option): __itt_model_site_end

3812284 : 0x40e30ef7d83e20 : 2 : ittapi_config_apply_per_lib :  ITTAPI function NOT instrumented (not matched by --itt-config option): __itt_model_task_begin

3812284 : 0x40e30ef7d8571e : 2 : ittapi_config_apply_per_lib :  ITTAPI function NOT instrumented (not matched by --itt-config option): __itt_model_task_end

3812284 : 0x40e30ef7d86726 : 2 : ittapi_config_apply_per_lib :  ITTAPI function NOT instrumented (not matched by --itt-config option): __itt_model_lock_acquire

3812284 : 0x40e30ef7d875ef : 2 : ittapi_config_apply_per_lib :  ITTAPI function NOT instrumented (not matched by --itt-config option): __itt_model_lock_release

3812284 : 0x40e30ef7d8852c : 2 : ittapi_config_apply_per_lib :  ITTAPI function NOT instrumented (not matched by --itt-config option): __itt_model_record_allocation

3812284 : 0x40e30ef7d89441 : 2 : ittapi_config_apply_per_lib :  ITTAPI function NOT instrumented (not matched by --itt-config option): __itt_model_record_deallocation

3812284 : 0x40e30ef7d8a332 : 2 : ittapi_config_apply_per_lib :  ITTAPI function NOT instrumented (not matched by --itt-config option): __itt_model_induction_uses

3812284 : 0x40e30ef7d927c5 : 2 : ittapi_config_apply_per_lib :  ITTAPI function NOT instrumented (not matched by --itt-config option): __itt_model_reduction_uses

3812284 : 0x40e30ef7d938c1 : 2 : ittapi_config_apply_per_lib :  ITTAPI function NOT instrumented (not matched by --itt-config option): __itt_model_observe_uses

3812284 : 0x40e30ef7d94809 : 2 : ittapi_config_apply_per_lib :  ITTAPI function NOT instrumented (not matched by --itt-config option): __itt_model_clear_uses

3812284 : 0x40e30ef7d9572b : 2 : ittapi_config_apply_per_lib :  ITTAPI function NOT instrumented (not matched by --itt-config option): __itt_model_site_beginA

3812284 : 0x40e30ef7d965ed : 2 : ittapi_config_apply_per_lib :  ITTAPI function NOT instrumented (not matched by --itt-config option): __itt_model_site_beginAL

3812284 : 0x40e30ef7d97520 : 2 : ittapi_config_apply_per_lib :  ITTAPI function NOT instrumented (not matched by --itt-config option): __itt_model_task_beginA

3812284 : 0x40e30ef7d983bd : 2 : ittapi_config_apply_per_lib :  ITTAPI function NOT instrumented (not matched by --itt-config option): __itt_model_task_beginAL

3812284 : 0x40e30ef7d99293 : 2 : ittapi_config_apply_per_lib :  ITTAPI function NOT instrumented (not matched by --itt-config option): __itt_model_iteration_taskA

3812284 : 0x40e30ef7d9a168 : 2 : ittapi_config_apply_per_lib :  ITTAPI function NOT instrumented (not matched by --itt-config option): __itt_model_iteration_taskAL

3812284 : 0x40e30ef7d9b117 : 2 : ittapi_config_apply_per_lib :  ITTAPI function NOT instrumented (not matched by --itt-config option): __itt_model_site_end_2

3812284 : 0x40e30ef7d9fc69 : 2 : ittapi_config_apply_per_lib :  ITTAPI function NOT instrumented (not matched by --itt-config option): __itt_model_task_end_2

3812284 : 0x40e30ef7da0be3 : 2 : ittapi_config_apply_per_lib :  ITTAPI function NOT instrumented (not matched by --itt-config option): __itt_model_lock_acquire_2

3812284 : 0x40e30ef7da1a86 : 2 : ittapi_config_apply_per_lib :  ITTAPI function NOT instrumented (not matched by --itt-config option): __itt_model_lock_release_2

3812284 : 0x40e30ef7da2a0d : 2 : ittapi_config_apply_per_lib :  ITTAPI function NOT instrumented (not matched by --itt-config option): __itt_model_aggregate_task

3812284 : 0x40e30ef7da3904 : 2 : ittapi_config_apply_per_lib :  ITTAPI function NOT instrumented (not matched by --itt-config option): __itt_model_disable_push

3812284 : 0x40e30ef7da480c : 2 : ittapi_config_apply_per_lib :  ITTAPI function NOT instrumented (not matched by --itt-config option): __itt_model_disable_pop

3812284 : 0x40e30ef7da5b46 : 2 : ittapi_config_apply_per_lib :  ITTAPI function instrumented: __itt_heap_function_create
3812284 : 0x40e30ef7da6d2c : 2 : ittapi_config_apply_per_lib :  ITTAPI function instrumented: __itt_heap_allocate_begin
3812284 : 0x40e30ef7da7e9a : 2 : ittapi_config_apply_per_lib :  ITTAPI function instrumented: __itt_heap_allocate_end
3812284 : 0x40e30ef7da8ff7 : 2 : ittapi_config_apply_per_lib :  ITTAPI function instrumented: __itt_heap_free_begin
3812284 : 0x40e30ef7daf54b : 2 : ittapi_config_apply_per_lib :  ITTAPI function instrumented: __itt_heap_free_end
3812284 : 0x40e30ef7db0825 : 2 : ittapi_config_apply_per_lib :  ITTAPI function instrumented: __itt_heap_reallocate_begin
3812284 : 0x40e30ef7db1950 : 2 : ittapi_config_apply_per_lib :  ITTAPI function instrumented: __itt_heap_reallocate_end
3812284 : 0x40e30ef7db2eb8 : 2 : ittapi_config_apply_per_lib :  ITTAPI function not implemented: __itt_heap_internal_access_begin
3812284 : 0x40e30ef7db427e : 2 : ittapi_config_apply_per_lib :  ITTAPI function not implemented: __itt_heap_internal_access_end
3812284 : 0x40e30ef7db570d : 2 : ittapi_config_apply_per_lib :  ITTAPI function not implemented: __itt_heap_record_memory_growth_begin
3812284 : 0x40e30ef7db6aa5 : 2 : ittapi_config_apply_per_lib :  ITTAPI function not implemented: __itt_heap_record_memory_growth_end
3812284 : 0x40e30ef7db7d96 : 2 : ittapi_config_apply_per_lib :  ITTAPI function not implemented: __itt_heap_reset_detection
3812284 : 0x40e30ef7db9203 : 2 : ittapi_config_apply_per_lib :  ITTAPI function not implemented: __itt_heap_record
3812284 : 0x40e30ef7dba4fb : 2 : ittapi_config_apply_per_lib :  ITTAPI function not implemented: __itt_id_create
3812284 : 0x40e30ef7dbf729 : 2 : ittapi_config_apply_per_lib :  ITTAPI function not implemented: __itt_id_destroy
3812284 : 0x40e30ef7dc09f5 : 2 : ittapi_config_apply_per_lib :  ITTAPI function instrumented: __itt_get_timestamp
3812284 : 0x40e30ef7dc1d11 : 2 : ittapi_config_apply_per_lib :  ITTAPI function not implemented: __itt_region_begin
3812284 : 0x40e30ef7dc2f6c : 2 : ittapi_config_apply_per_lib :  ITTAPI function not implemented: __itt_region_end
3812284 : 0x40e30ef7dc4256 : 2 : ittapi_config_apply_per_lib :  ITTAPI function instrumented: __itt_frame_begin_v3
3812284 : 0x40e30ef7dc537b : 2 : ittapi_config_apply_per_lib :  ITTAPI function instrumented: __itt_frame_end_v3
3812284 : 0x40e30ef7dc64d1 : 2 : ittapi_config_apply_per_lib :  ITTAPI function instrumented: __itt_frame_submit_v3
3812284 : 0x40e30ef7dc77e0 : 2 : ittapi_config_apply_per_lib :  ITTAPI function not implemented: __itt_task_group
3812284 : 0x40e30ef7dc898e : 2 : ittapi_config_apply_per_lib :  ITTAPI function instrumented: __itt_task_begin
3812284 : 0x40e30ef7dc9c85 : 2 : ittapi_config_apply_per_lib :  ITTAPI function instrumented: __itt_task_begin_fn
3812284 : 0x40e30ef7dcea1f : 2 : ittapi_config_apply_per_lib :  ITTAPI function instrumented: __itt_task_end
3812284 : 0x40e30ef7dcff52 : 2 : ittapi_config_apply_per_lib :  ITTAPI function not implemented: __itt_counter_inc_v3
3812284 : 0x40e30ef7dd12be : 2 : ittapi_config_apply_per_lib :  ITTAPI function not implemented: __itt_counter_inc_delta_v3
3812284 : 0x40e30ef7dd2527 : 2 : ittapi_config_apply_per_lib :  ITTAPI function not implemented: __itt_counter_dec_v3
3812284 : 0x40e30ef7dd3752 : 2 : ittapi_config_apply_per_lib :  ITTAPI function not implemented: __itt_counter_dec_delta_v3
3812284 : 0x40e30ef7dd4999 : 2 : ittapi_config_apply_per_lib :  ITTAPI function not implemented: __itt_marker
3812284 : 0x40e30ef7dd5b0e : 2 : ittapi_config_apply_per_lib :  ITTAPI function instrumented: __itt_metadata_add
3812284 : 0x40e30ef7dd6dc9 : 2 : ittapi_config_apply_per_lib :  ITTAPI function not implemented: __itt_metadata_str_add
3812284 : 0x40e30ef7dd8056 : 2 : ittapi_config_apply_per_lib :  ITTAPI function not implemented: __itt_relation_add_to_current
3812284 : 0x40e30ef7dd9261 : 2 : ittapi_config_apply_per_lib :  ITTAPI function not implemented: __itt_relation_add
3812284 : 0x40e30ef7dddd99 : 2 : ittapi_config_apply_per_lib :  ITTAPI function instrumented: __itt_event_create
3812284 : 0x40e30ef7ddefdf : 2 : ittapi_config_apply_per_lib :  ITTAPI function instrumented: __itt_event_start
3812284 : 0x40e30ef7de00c8 : 2 : ittapi_config_apply_per_lib :  ITTAPI function instrumented: __itt_event_end
3812284 : 0x40e30ef7de0f64 : 2 : ittapi_config_apply_per_lib :  ITTAPI function NOT instrumented (not matched by --itt-config option): __itt_sync_set_name

3812284 : 0x40e30ef7de1ec0 : 2 : ittapi_config_apply_per_lib :  ITTAPI function NOT instrumented (not matched by --itt-config option): __itt_notify_sync_name

3812284 : 0x40e30ef7de2de6 : 2 : ittapi_config_apply_per_lib :  ITTAPI function NOT instrumented (not matched by --itt-config option): __itt_notify_sync_prepare

3812284 : 0x40e30ef7de3c97 : 2 : ittapi_config_apply_per_lib :  ITTAPI function NOT instrumented (not matched by --itt-config option): __itt_notify_sync_cancel

3812284 : 0x40e30ef7de4b44 : 2 : ittapi_config_apply_per_lib :  ITTAPI function NOT instrumented (not matched by --itt-config option): __itt_notify_sync_acquired

3812284 : 0x40e30ef7de5a2e : 2 : ittapi_config_apply_per_lib :  ITTAPI function NOT instrumented (not matched by --itt-config option): __itt_notify_sync_releasing

3812284 : 0x40e30ef7de6d5e : 2 : ittapi_config_apply_per_lib :  ITTAPI function not implemented: __itt_memory_read
3812284 : 0x40e30ef7ded69c : 2 : ittapi_config_apply_per_lib :  ITTAPI function not implemented: __itt_memory_write
3812284 : 0x40e30ef7deebbe : 2 : ittapi_config_apply_per_lib :  ITTAPI function not implemented: __itt_memory_update
3812284 : 0x40e30ef7deff0f : 2 : ittapi_config_apply_per_lib :  ITTAPI function not implemented: __itt_state_get
3812284 : 0x40e30ef7df1156 : 2 : ittapi_config_apply_per_lib :  ITTAPI function not implemented: __itt_state_set
3812284 : 0x40e30ef7df2364 : 2 : ittapi_config_apply_per_lib :  ITTAPI function not implemented: __itt_obj_mode_set
3812284 : 0x40e30ef7df35da : 2 : ittapi_config_apply_per_lib :  ITTAPI function not implemented: __itt_thr_mode_set
3812284 : 0x40e30ef7df465b : 2 : ittapi_config_apply_per_lib :  ITTAPI function instrumented: __itt_frame_create
3812284 : 0x40e30ef7df5681 : 2 : ittapi_config_apply_per_lib :  ITTAPI function instrumented: __itt_pt_region_create
3812284 : 0x40e30ef7df67ec : 2 : ittapi_config_apply_per_lib :  ITTAPI function instrumented: __itt_frame_begin
3812284 : 0x40e30ef7df78f6 : 2 : ittapi_config_apply_per_lib :  ITTAPI function instrumented: __itt_frame_end
3812284 : 0x40e30ef7dfc8e5 : 2 : ittapi_config_apply_per_lib :  ITTAPI function not implemented: __itt_counter_destroy
3812284 : 0x40e30ef7dfdbfb : 2 : ittapi_config_apply_per_lib :  ITTAPI function instrumented: __itt_counter_inc
3812284 : 0x40e30ef7dfecea : 2 : ittapi_config_apply_per_lib :  ITTAPI function instrumented: __itt_counter_inc_delta
3812284 : 0x40e30ef7dffdad : 2 : ittapi_config_apply_per_lib :  ITTAPI function instrumented: __itt_counter_dec
3812284 : 0x40e30ef7e0104b : 2 : ittapi_config_apply_per_lib :  ITTAPI function instrumented: __itt_counter_dec_delta
3812284 : 0x40e30ef7e02220 : 2 : ittapi_config_apply_per_lib :  ITTAPI function instrumented: __itt_counter_set_value
3812284 : 0x40e30ef7e03424 : 2 : ittapi_config_apply_per_lib :  ITTAPI function not implemented: __itt_counter_set_value_ex
3812284 : 0x40e30ef7e0459c : 2 : ittapi_config_apply_per_lib :  ITTAPI function not implemented: __itt_mark_create
3812284 : 0x40e30ef7e0591c : 2 : ittapi_config_apply_per_lib :  ITTAPI function not implemented: __itt_mark
3812284 : 0x40e30ef7e06da8 : 2 : ittapi_config_apply_per_lib :  ITTAPI function not implemented: __itt_mark_off
3812284 : 0x40e30ef7e0bc12 : 2 : ittapi_config_apply_per_lib :  ITTAPI function not implemented: __itt_mark_global
3812284 : 0x40e30ef7e0d190 : 2 : ittapi_config_apply_per_lib :  ITTAPI function not implemented: __itt_mark_global_off
3812284 : 0x40e30ef7e0e1e3 : 2 : ittapi_config_apply_per_lib :  ITTAPI function NOT instrumented (not matched by --itt-config option): __itt_stack_caller_create

3812284 : 0x40e30ef7e0f15f : 2 : ittapi_config_apply_per_lib :  ITTAPI function NOT instrumented (not matched by --itt-config option): __itt_stack_caller_destroy

3812284 : 0x40e30ef7e1019d : 2 : ittapi_config_apply_per_lib :  ITTAPI function NOT instrumented (not matched by --itt-config option): __itt_stack_callee_enter

3812284 : 0x40e30ef7e110a2 : 2 : ittapi_config_apply_per_lib :  ITTAPI function NOT instrumented (not matched by --itt-config option): __itt_stack_callee_leave

3812284 : 0x40e30ef7e122ef : 2 : ittapi_config_apply_per_lib :  ITTAPI function not implemented: __itt_clock_domain_create
3812284 : 0x40e30ef7e13637 : 2 : ittapi_config_apply_per_lib :  ITTAPI function not implemented: __itt_clock_domain_reset
3812284 : 0x40e30ef7e147f8 : 2 : ittapi_config_apply_per_lib :  ITTAPI function not implemented: __itt_id_create_ex
3812284 : 0x40e30ef7e15a9d : 2 : ittapi_config_apply_per_lib :  ITTAPI function not implemented: __itt_id_destroy_ex
3812284 : 0x40e30ef7e1c1d8 : 2 : ittapi_config_apply_per_lib :  ITTAPI function not implemented: __itt_task_begin_ex
3812284 : 0x40e30ef7e1d62e : 2 : ittapi_config_apply_per_lib :  ITTAPI function not implemented: __itt_task_begin_fn_ex
3812284 : 0x40e30ef7e1e911 : 2 : ittapi_config_apply_per_lib :  ITTAPI function not implemented: __itt_task_end_ex
3812284 : 0x40e30ef7e1fac9 : 2 : ittapi_config_apply_per_lib :  ITTAPI function instrumented: __itt_task_begin_overlapped
3812284 : 0x40e30ef7e20cee : 2 : ittapi_config_apply_per_lib :  ITTAPI function not implemented: __itt_task_begin_overlapped_ex
3812284 : 0x40e30ef7e21ff3 : 2 : ittapi_config_apply_per_lib :  ITTAPI function instrumented: __itt_task_end_overlapped
3812284 : 0x40e30ef7e232e1 : 2 : ittapi_config_apply_per_lib :  ITTAPI function not implemented: __itt_task_end_overlapped_ex
3812284 : 0x40e30ef7e244af : 2 : ittapi_config_apply_per_lib :  ITTAPI function not implemented: __itt_marker_ex
3812284 : 0x40e30ef7e257c5 : 2 : ittapi_config_apply_per_lib :  ITTAPI function not implemented: __itt_metadata_add_with_scope
3812284 : 0x40e30ef7e26b0d : 2 : ittapi_config_apply_per_lib :  ITTAPI function not implemented: __itt_metadata_str_add_with_scope
3812284 : 0x40e30ef7e2ba63 : 2 : ittapi_config_apply_per_lib :  ITTAPI function not implemented: __itt_relation_add_to_current_ex
3812284 : 0x40e30ef7e2cd9d : 2 : ittapi_config_apply_per_lib :  ITTAPI function not implemented: __itt_relation_add_ex
3812284 : 0x40e30ef7e2dfe7 : 2 : ittapi_config_apply_per_lib :  ITTAPI function not implemented: __itt_track_group_create
3812284 : 0x40e30ef7e2f0ee : 2 : ittapi_config_apply_per_lib :  ITTAPI function not implemented: __itt_track_create
3812284 : 0x40e30ef7e30309 : 2 : ittapi_config_apply_per_lib :  ITTAPI function not implemented: __itt_set_track
3812284 : 0x40e30ef7e314b6 : 2 : ittapi_config_apply_per_lib :  ITTAPI function instrumented: __itt_api_version
3812284 : 0x40e30ef7e32696 : 2 : ittapi_config_apply_per_lib :  ITTAPI function not implemented: __itt_av_save
3812284 : 0x40e30ef7e33825 : 2 : ittapi_config_apply_per_lib :  ITTAPI function instrumented: __itt_module_load
3812284 : 0x40e30ef7e349f4 : 2 : ittapi_config_apply_per_lib :  ITTAPI function not implemented: __itt_module_unload