
3816106 : 0x40e32d5ebeaf52 : 1 : spill_jit_data :  Jit agent is not initialized
3816106 : 0x40e32d5ec00558 : 2 : ittapi_config_mask_get :  --itt-config mask to be applied: 39
3816106 : 0x40e32d5ec01d8c : 2 : ittapi_config_apply_per_lib :  ITTAPI function instrumented: __itt_domain_create
3816106 : 0x40e32d5ec051f6 : 2 : ittapi_config_apply_per_lib :  ITTAPI function instrumented: __itt_module_load_with_sections
3816106 : 0x40e32d5ec063e1 : 2 : ittapi_config_apply_per_lib :  ITTAPI function not implemented: __itt_module_unload_with_sections
3816106 : 0x40e32d5ec072c6 : 2 : ittapi_config_apply_per_lib :  ITTAPI function instrumented: __itt_string_handle_create
3816106 : 0x40e32d5ec07c86 : 2 : ittapi_config_apply_per_lib :  ITTAPI function instrumented: __itt_counter_create
3816106 : 0x40e32d5ec08576 : 2 : ittapi_config_apply_per_lib :  ITTAPI function instrumented: __itt_counter_create_typed
3816106 : 0x40e32d5ec0aa7a : 2 : ittapi_config_apply_per_lib :  ITTAPI function instrumented: __itt_pause
3816106 : 0x40e32d5ec0b3d2 : 2 : ittapi_config_apply_per_lib :  ITTAPI function instrumented: __itt_resume
3816106 : 0x40e32d5ec189d7 : 2 : ittapi_config_apply_per_lib :  ITTAPI function instrumented: __itt_thread_set_name
3816106 : 0x40e32d5ec198e5 : 2 : ittapi_config_apply_per_lib :  ITTAPI function instrumented: __itt_thread_ignore
3816106 : 0x40e32d5ec1a2c3 : 2 : ittapi_config_apply_per_lib :  ITTAPI function instrumented: __itt_thr_name_set
3816106 : 0x40e32d5ec1aceb : 2 : ittapi_config_apply_per_lib :  ITTAPI function instrumented: __itt_thr_ignore
3816106 : 0x40e32d5ec1baa2 : 2 : ittapi_config_apply_per_lib :  ITTAPI function not implemented: __itt_enable_attach
3816106 : 0x40e32d5ec1c4a2 : 2 : ittapi_config_apply_per_lib :  ITTAPI function instrumented: __itt_detach
3816106 : 0x40e32d5ec1cd4c : 2 : ittapi_config_apply_per_lib :  ITTAPI function NOT instrumented (not matched by --itt-config option): __itt_sync_create

3816106 : 0x40e32d5ec1d72d : 2 : ittapi_config_apply_per_lib :  ITTAPI function NOT instrumented (not matched by --itt-config option): __itt_sync_rename

3816106 : 0x40e32d5ec1defa : 2 : ittapi_config_apply_per_lib :  ITTAPI function NOT instrumented (not matched by --itt-config option): __itt_sync_destroy

3816106 : 0x40e32d5ec1e779 : 2 : ittapi_config_apply_per_lib :  ITTAPI function NOT instrumented (not matched by --itt-config option): __itt_sync_prepare

3816106 : 0x40e32d5ec22222 : 2 : ittapi_config_apply_per_lib :  ITTAPI function NOT instrumented (not matched by --itt-config option): __itt_sync_cancel

3816106 : 0x40e32d5ec22b8b : 2 : ittapi_config_apply_per_lib :  ITTAPI function NOT instrumented (not matched by --itt-config option): __itt_sync_acquired

3816106 : 0x40e32d5ec233a9 : 2 : ittapi_config_apply_per_lib :  ITTAPI function NOT instrumented (not matched by --itt-config option): __itt_sync_releasing

3816106 : 0x40e32d5ec23fba : 2 : ittapi_config_apply_per_lib :  ITTAPI function not implemented: __itt_suppress_push
3816106 : 0x40e32d5ec24d61 : 2 : ittapi_config_apply_per_lib :  ITTAPI function not implemented: __itt_suppress_pop
3816106 : 0x40e32d5ec2581e : 2 : ittapi_config_apply_per_lib :  ITTAPI function not implemented: __itt_suppress_mark_range
3816106 : 0x40e32d5ec264cf : 2 : ittapi_config_apply_per_lib :  ITTAPI function not implemented: __itt_suppress_clear_range
3816106 : 0x40e32d5ec26d25 : 2 : ittapi_config_apply_per_lib :  ITTAPI function NOT instrumented (not matched by --itt-config option): __itt_sync_prepare

3816106 : 0x40e32d5ec27564 : 2 : ittapi_config_apply_per_lib :  ITTAPI function NOT instrumented (not matched by --itt-config option): __itt_sync_cancel

3816106 : 0x40e32d5ec27d3c : 2 : ittapi_config_apply_per_lib :  ITTAPI function NOT instrumented (not matched by --itt-config option): __itt_sync_acquired

3816106 : 0x40e32d5ec2a968 : 2 : ittapi_config_apply_per_lib :  ITTAPI function NOT instrumented (not matched by --itt-config option): __itt_sync_releasing

3816106 : 0x40e32d5ec2b2ef : 2 : ittapi_config_apply_per_lib :  ITTAPI function NOT instrumented (not matched by --itt-config option): __itt_model_site_begin

3816106 : 0x40e32d5ec2bb8d : 2 : ittapi_config_apply_per_lib :  ITTAPI function NOT instrumented (not matched by --itt-config option): __itt_model_site_end

3816106 : 0x40e32d5ec2c44e : 2 : ittapi_config_apply_per_lib :  ITTAPI function NOT instrumented (not matched by --itt-config option): __itt_model_task_begin

3816106 : 0x40e32d5ec2ccab : 2 : ittapi_config_apply_per_lib :  ITTAPI function NOT instrumented (not matched by --itt-config option): __itt_model_task_end

3816106 : 0x40e32d5ec2d587 : 2 : ittapi_config_apply_per_lib :  ITTAPI function NOT instrumented (not matched by --itt-config option): __itt_model_lock_acquire

3816106 : 0x40e32d5ec2ddae : 2 : ittapi_config_apply_per_lib :  ITTAPI function NOT instrumented (not matched by --itt-config option): __itt_model_lock_release

3816106 : 0x40e32d5ec2e616 : 2 : ittapi_config_apply_per_lib :  ITTAPI function NOT instrumented (not matched by --itt-config option): __itt_model_record_allocation

3816106 : 0x40e32d5ec2f0d1 : 2 : ittapi_config_apply_per_lib :  ITTAPI function NOT instrumented (not matched by --itt-config option): __itt_model_record_deallocation

3816106 : 0x40e32d5ec2fb4c : 2 : ittapi_config_apply_per_lib :  ITTAPI function NOT instrumented (not matched by --itt-config option): __itt_model_induction_uses

3816106 : 0x40e32d5ec37320 : 2 : ittapi_config_apply_per_lib :  ITTAPI function NOT instrumented (not matched by --itt-config option): __itt_model_reduction_uses

3816106 : 0x40e32d5ec38215 : 2 : ittapi_config_apply_per_lib :  ITTAPI function NOT instrumented (not matched by --itt-config option): __itt_model_observe_uses

3816106 : 0x40e32d5ec38dcd : 2 : ittapi_config_apply_per_lib :  ITTAPI function NOT instrumented (not matched by --itt-config option): __itt_model_clear_uses

3816106 : 0x40e32d5ec3990b : 2 : ittapi_config_apply_per_lib :  ITTAPI function NOT instrumented (not matched by --itt-config option): __itt_model_site_beginA

3816106 : 0x40e32d5ec3a4f6 : 2 : ittapi_config_apply_per_lib :  ITTAPI function NOT instrumented (not matched by --itt-config option): __itt_model_site_beginAL

3816106 : 0x40e32d5ec3b290 : 2 : ittapi_config_apply_per_lib :  ITTAPI function NOT instrumented (not matched by --itt-config option): __itt_model_task_beginA

3816106 : 0x40e32d5ec3bd39 : 2 : ittapi_config_apply_per_lib :  ITTAPI function NOT instrumented (not matched by --itt-config option): __itt_model_task_beginAL

3816106 : 0x40e32d5ec3c5ad : 2 : ittapi_config_apply_per_lib :  ITTAPI function NOT instrumented (not matched by --itt-config option): __itt_model_iteration_taskA

3816106 : 0x40e32d5ec3cdc5 : 2 : ittapi_config_apply_per_lib :  ITTAPI function NOT instrumented (not matched by --itt-config option): __itt_model_iteration_taskAL

3816106 : 0x40e32d5ec3d656 : 2 : ittapi_config_apply_per_lib :  ITTAPI function NOT instrumented (not matched by --itt-config option): __itt_model_site_end_2

3816106 : 0x40e32d5ec412fa : 2 : ittapi_config_apply_per_lib :  ITTAPI function NOT instrumented (not matched by --itt-config option): __itt_model_task_end_2

3816106 : 0x40e32d5ec41ca0 : 2 : ittapi_config_apply_per_lib :  ITTAPI function NOT instrumented (not matched by --itt-config option): __itt_model_lock_acquire_2

3816106 : 0x40e32d5ec424d3 : 2 : ittapi_config_apply_per_lib :  ITTAPI function NOT instrumented (not matched by --itt-config option): __itt_model_lock_release_2

3816106 : 0x40e32d5ec42d62 : 2 : ittapi_config_apply_per_lib :  ITTAPI function NOT instrumented (not matched by --itt-config option): __itt_model_aggregate_task

3816106 : 0x40e32d5ec435de : 2 : ittapi_config_apply_per_lib :  ITTAPI function NOT instrumented (not matched by --itt-config option): __itt_model_disable_push

3816106 : 0x40e32d5ec43e18 : 2 : ittapi_config_apply_per_lib :  ITTAPI function NOT instrumented (not matched by --itt-config option): __itt_model_disable_pop

3816106 : 0x40e32d5ec44bec : 2 : ittapi_config_apply_per_lib :  ITTAPI function instrumented: __itt_heap_function_create
3816106 : 0x40e32d5ec45602 : 2 : ittapi_config_apply_per_lib :  ITTAPI function instrumented: __itt_heap_allocate_begin
3816106 : 0x40e32d5ec45fd7 : 2 : ittapi_config_apply_per_lib :  ITTAPI function instrumented: __itt_heap_allocate_end
3816106 : 0x40e32d5ec4696d : 2 : ittapi_config_apply_per_lib :  ITTAPI function instrumented: __itt_heap_free_begin
3816106 : 0x40e32d5ec4b1ca : 2 : ittapi_config_apply_per_lib :  ITTAPI function instrumented: __itt_heap_free_end
3816106 : 0x40e32d5ec4bce5 : 2 : ittapi_config_apply_per_lib :  ITTAPI function instrumented: __itt_heap_reallocate_begin
3816106 : 0x40e32d5ec4c5f8 : 2 : ittapi_config_apply_per_lib :  ITTAPI function instrumented: __itt_heap_reallocate_end
3816106 : 0x40e32d5ec4d36c : 2 : ittapi_config_apply_per_lib :  ITTAPI function not implemented: __itt_heap_internal_access_begin
3816106 : 0x40e32d5ec4de16 : 2 : ittapi_config_apply_per_lib :  ITTAPI function not implemented: __itt_heap_internal_access_end
3816106 : 0x40e32d5ec4ea0a : 2 : ittapi_config_apply_per_lib :  ITTAPI function not implemented: __itt_heap_record_memory_growth_begin
3816106 : 0x40e32d5ec4f4f6 : 2 : ittapi_config_apply_per_lib :  ITTAPI function not implemented: __itt_heap_record_memory_growth_end
3816106 : 0x40e32d5ec4ff71 : 2 : ittapi_config_apply_per_lib :  ITTAPI function not implemented: __itt_heap_reset_detection
3816106 : 0x40e32d5ec50afa : 2 : ittapi_config_apply_per_lib :  ITTAPI function not implemented: __itt_heap_record
3816106 : 0x40e32d5ec51508 : 2 : ittapi_config_apply_per_lib :  ITTAPI function not implemented: __itt_id_create
3816106 : 0x40e32d5ec54b9a : 2 : ittapi_config_apply_per_lib :  ITTAPI function not implemented: __itt_id_destroy
3816106 : 0x40e32d5ec5566f : 2 : ittapi_config_apply_per_lib :  ITTAPI function instrumented: __itt_get_timestamp
3816106 : 0x40e32d5ec560c4 : 2 : ittapi_config_apply_per_lib :  ITTAPI function not implemented: __itt_region_begin
3816106 : 0x40e32d5ec56b2e : 2 : ittapi_config_apply_per_lib :  ITTAPI function not implemented: __itt_region_end
3816106 : 0x40e32d5ec5750b : 2 : ittapi_config_apply_per_lib :  ITTAPI function instrumented: __itt_frame_begin_v3
3816106 : 0x40e32d5ec57eaf : 2 : ittapi_config_apply_per_lib :  ITTAPI function instrumented: __itt_frame_end_v3
3816106 : 0x40e32d5ec58839 : 2 : ittapi_config_apply_per_lib :  ITTAPI function instrumented: __itt_frame_submit_v3
3816106 : 0x40e32d5ec592cf : 2 : ittapi_config_apply_per_lib :  ITTAPI function not implemented: __itt_task_group
3816106 : 0x40e32d5ec59c84 : 2 : ittapi_config_apply_per_lib :  ITTAPI function instrumented: __itt_task_begin
3816106 : 0x40e32d5ec5a5f3 : 2 : ittapi_config_apply_per_lib :  ITTAPI function instrumented: __itt_task_begin_fn
3816106 : 0x40e32d5ec5d330 : 2 : ittapi_config_apply_per_lib :  ITTAPI function instrumented: __itt_task_end
3816106 : 0x40e32d5ec5df20 : 2 : ittapi_config_apply_per_lib :  ITTAPI function not implemented: __itt_counter_inc_v3
3816106 : 0x40e32d5ec5ea6d : 2 : ittapi_config_apply_per_lib :  ITTAPI function not implemented: __itt_counter_inc_delta_v3
3816106 : 0x40e32d5ec5f4cb : 2 : ittapi_config_apply_per_lib :  ITTAPI function not implemented: __itt_counter_dec_v3
3816106 : 0x40e32d5ec5fe9b : 2 : ittapi_config_apply_per_lib :  ITTAPI function not implemented: __itt_counter_dec_delta_v3
3816106 : 0x40e32d5ec608e8 : 2 : ittapi_config_apply_per_lib :  ITTAPI function not implemented: __itt_marker
3816106 : 0x40e32d5ec612a4 : 2 : ittapi_config_apply_per_lib :  ITTAPI function instrumented: __itt_metadata_add
3816106 : 0x40e32d5ec61cc2 : 2 : ittapi_config_apply_per_lib :  ITTAPI function not implemented: __itt_metadata_str_add
3816106 : 0x40e32d5ec62700 : 2 : ittapi_config_apply_per_lib :  ITTAPI function not implemented: __itt_relation_add_to_current
3816106 : 0x40e32d5ec63106 : 2 : ittapi_config_apply_per_lib :  ITTAPI function not implemented: __itt_relation_add
3816106 : 0x40e32d5ec65d5a : 2 : ittapi_config_apply_per_lib :  ITTAPI function instrumented: __itt_event_create
3816106 : 0x40e32d5ec66780 : 2 : ittapi_config_apply_per_lib :  ITTAPI function instrumented: __itt_event_start
3816106 : 0x40e32d5ec670c0 : 2 : ittapi_config_apply_per_lib :  ITTAPI function instrumented: __itt_event_end
3816106 : 0x40e32d5ec678cb : 2 : ittapi_config_apply_per_lib :  ITTAPI function NOT instrumented (not matched by --itt-config option): __itt_sync_set_name

3816106 : 0x40e32d5ec6814d : 2 : ittapi_config_apply_per_lib :  ITTAPI function NOT instrumented (not matched by --itt-config option): __itt_notify_sync_name

3816106 : 0x40e32d5ec689ba : 2 : ittapi_config_apply_per_lib :  ITTAPI function NOT instrumented (not matched by --itt-config option): __itt_notify_sync_prepare

3816106 : 0x40e32d5ec691fc : 2 : ittapi_config_apply_per_lib :  ITTAPI function NOT instrumented (not matched by --itt-config option): __itt_notify_sync_cancel

3816106 : 0x40e32d5ec69a22 : 2 : ittapi_config_apply_per_lib :  ITTAPI function NOT instrumented (not matched by --itt-config option): __itt_notify_sync_acquired

3816106 : 0x40e32d5ec6a261 : 2 : ittapi_config_apply_per_lib :  ITTAPI function NOT instrumented (not matched by --itt-config option): __itt_notify_sync_releasing

3816106 : 0x40e32d5ec6ac7a : 2 : ittapi_config_apply_per_lib :  ITTAPI function not implemented: __itt_memory_read
3816106 : 0x40e32d5ec6ea98 : 2 : ittapi_config_apply_per_lib :  ITTAPI function not implemented: __itt_memory_write
3816106 : 0x40e32d5ec6f67a : 2 : ittapi_config_apply_per_lib :  ITTAPI function not implemented: __itt_memory_update
3816106 : 0x40e32d5ec700b4 : 2 : ittapi_config_apply_per_lib :  ITTAPI function not implemented: __itt_state_get
3816106 : 0x40e32d5ec70a75 : 2 : ittapi_config_apply_per_lib :  ITTAPI function not implemented: __itt_state_set
3816106 : 0x40e32d5ec71445 : 2 : ittapi_config_apply_per_lib :  ITTAPI function not implemented: __itt_obj_mode_set
3816106 : 0x40e32d5ec71ec2 : 2 : ittapi_config_apply_per_lib :  ITTAPI function not implemented: __itt_thr_mode_set
3816106 : 0x40e32d5ec72852 : 2 : ittapi_config_apply_per_lib :  ITTAPI function instrumented: __itt_frame_create
3816106 : 0x40e32d5ec73174 : 2 : ittapi_config_apply_per_lib :  ITTAPI function instrumented: __itt_pt_region_create
3816106 : 0x40e32d5ec73ae1 : 2 : ittapi_config_apply_per_lib :  ITTAPI function instrumented: __itt_frame_begin
3816106 : 0x40e32d5ec7443d : 2 : ittapi_config_apply_per_lib :  ITTAPI function instrumented: __itt_frame_end
3816106 : 0x40e32d5ec773d0 : 2 : ittapi_config_apply_per_lib :  ITTAPI function not implemented: __itt_counter_destroy
3816106 : 0x40e32d5ec77e15 : 2 : ittapi_config_apply_per_lib :  ITTAPI function instrumented: __itt_counter_inc
3816106 : 0x40e32d5ec7875c : 2 : ittapi_config_apply_per_lib :  ITTAPI function instrumented: __itt_counter_inc_delta
3816106 : 0x40e32d5ec790b8 : 2 : ittapi_config_apply_per_lib :  ITTAPI function instrumented: __itt_counter_dec
3816106 : 0x40e32d5ec79ada : 2 : ittapi_config_apply_per_lib :  ITTAPI function instrumented: __itt_counter_dec_delta
3816106 : 0x40e32d5ec7a449 : 2 : ittapi_config_apply_per_lib :  ITTAPI function instrumented: __itt_counter_set_value
3816106 : 0x40e32d5ec7ae21 : 2 : ittapi_config_apply_per_lib :  ITTAPI function not implemented: __itt_counter_set_value_ex
3816106 : 0x40e32d5ec7b7a8 : 2 : ittapi_config_apply_per_lib :  ITTAPI function not implemented: __itt_mark_create
3816106 : 0x40e32d5ec7c31a : 2 : ittapi_config_apply_per_lib :  ITTAPI function not implemented: __itt_mark
3816106 : 0x40e32d5ec7ce0a : 2 : ittapi_config_apply_per_lib :  ITTAPI function not implemented: __itt_mark_off
3816106 : 0x40e32d5ec7fce0 : 2 : ittapi_config_apply_per_lib :  ITTAPI function not implemented: __itt_mark_global
3816106 : 0x40e32d5ec80884 : 2 : ittapi_config_apply_per_lib :  ITTAPI function not implemented: __itt_mark_global_off
3816106 : 0x40e32d5ec81181 : 2 : ittapi_config_apply_per_lib :  ITTAPI function NOT instrumented (not matched by --itt-config option): __itt_stack_caller_create

3816106 : 0x40e32d5ec819f9 : 2 : ittapi_config_apply_per_lib :  ITTAPI function NOT instrumented (not matched by --itt-config option): __itt_stack_caller_destroy

3816106 : 0x40e32d5ec82242 : 2 : ittapi_config_apply_per_lib :  ITTAPI function NOT instrumented (not matched by --itt-config option): __itt_stack_callee_enter

3816106 : 0x40e32d5ec82aad : 2 : ittapi_config_apply_per_lib :  ITTAPI function NOT instrumented (not matched by --itt-config option): __itt_stack_callee_leave

3816106 : 0x40e32d5ec834e1 : 2 : ittapi_config_apply_per_lib :  ITTAPI function not implemented: __itt_clock_domain_create
3816106 : 0x40e32d5ec83f8d : 2 : ittapi_config_apply_per_lib :  ITTAPI function not implemented: __itt_clock_domain_reset
3816106 : 0x40e32d5ec84975 : 2 : ittapi_config_apply_per_lib :  ITTAPI function not implemented: __itt_id_create_ex
3816106 : 0x40e32d5ec853b8 : 2 : ittapi_config_apply_per_lib :  ITTAPI function not implemented: __itt_id_destroy_ex
3816106 : 0x40e32d5ec8916c : 2 : ittapi_config_apply_per_lib :  ITTAPI function not implemented: __itt_task_begin_ex
3816106 : 0x40e32d5ec89cd0 : 2 : ittapi_config_apply_per_lib :  ITTAPI function not implemented: __itt_task_begin_fn_ex
3816106 : 0x40e32d5ec8a6f8 : 2 : ittapi_config_apply_per_lib :  ITTAPI function not implemented: __itt_task_end_ex
3816106 : 0x40e32d5ec8b0ec : 2 : ittapi_config_apply_per_lib :  ITTAPI function instrumented: __itt_task_begin_overlapped
3816106 : 0x40e32d5ec8baf1 : 2 : ittapi_config_apply_per_lib :  ITTAPI function not implemented: __itt_task_begin_overlapped_ex
3816106 : 0x40e32d5ec8c570 : 2 : ittapi_config_apply_per_lib :  ITTAPI function instrumented: __itt_task_end_overlapped
3816106 : 0x40e32d5ec8cfb6 : 2 : ittapi_config_apply_per_lib :  ITTAPI function not implemented: __itt_task_end_overlapped_ex
3816106 : 0x40e32d5ec8d9b2 : 2 : ittapi_config_apply_per_lib :  ITTAPI function not implemented: __itt_marker_ex
3816106 : 0x40e32d5ec8e4c2 : 2 : ittapi_config_apply_per_lib :  ITTAPI function not implemented: __itt_metadata_add_with_scope
3816106 : 0x40e32d5ec8efc4 : 2 : ittapi_config_apply_per_lib :  ITTAPI function not implemented: __itt_metadata_str_add_with_scope
3816106 : 0x40e32d5ec92346 : 2 : ittapi_config_apply_per_lib :  ITTAPI function not implemented: __itt_relation_add_to_current_ex
3816106 : 0x40e32d5ec92e39 : 2 : ittapi_config_apply_per_lib :  ITTAPI function not implemented: __itt_relation_add_ex
3816106 : 0x40e32d5ec93837 : 2 : ittapi_config_apply_per_lib :  ITTAPI function not implemented: __itt_track_group_create
3816106 : 0x40e32d5ec941c2 : 2 : ittapi_config_apply_per_lib :  ITTAPI function not implemented: __itt_track_create
3816106 : 0x40e32d5ec94ba6 : 2 : ittapi_config_apply_per_lib :  ITTAPI function not implemented: __itt_set_track
3816106 : 0x40e32d5ec95596 : 2 : ittapi_config_apply_per_lib :  ITTAPI function instrumented: __itt_api_version
3816106 : 0x40e32d5ec95f68 : 2 : ittapi_config_apply_per_lib :  ITTAPI function not implemented: __itt_av_save
3816106 : 0x40e32d5ec96954 : 2 : ittapi_config_apply_per_lib :  ITTAPI function instrumented: __itt_module_load
3816106 : 0x40e32d5ec97320 : 2 : ittapi_config_apply_per_lib :  ITTAPI function not implemented: __itt_module_unload