
3813851 : 0x40e32346ae54a6 : 1 : spill_jit_data :  Jit agent is not initialized
3813851 : 0x40e32346af7bf0 : 2 : ittapi_config_mask_get :  --itt-config mask to be applied: 39
3813851 : 0x40e32346af9b77 : 2 : ittapi_config_apply_per_lib :  ITTAPI function instrumented: __itt_domain_create
3813851 : 0x40e32346afae56 : 2 : ittapi_config_apply_per_lib :  ITTAPI function instrumented: __itt_module_load_with_sections
3813851 : 0x40e32346afc622 : 2 : ittapi_config_apply_per_lib :  ITTAPI function not implemented: __itt_module_unload_with_sections
3813851 : 0x40e32346afdb0d : 2 : ittapi_config_apply_per_lib :  ITTAPI function instrumented: __itt_string_handle_create
3813851 : 0x40e32346afe9a7 : 2 : ittapi_config_apply_per_lib :  ITTAPI function instrumented: __itt_counter_create
3813851 : 0x40e32346aff716 : 2 : ittapi_config_apply_per_lib :  ITTAPI function instrumented: __itt_counter_create_typed
3813851 : 0x40e32346b006ab : 2 : ittapi_config_apply_per_lib :  ITTAPI function instrumented: __itt_pause
3813851 : 0x40e32346b0147f : 2 : ittapi_config_apply_per_lib :  ITTAPI function instrumented: __itt_resume
3813851 : 0x40e32346b1284d : 2 : ittapi_config_apply_per_lib :  ITTAPI function instrumented: __itt_thread_set_name
3813851 : 0x40e32346b13c03 : 2 : ittapi_config_apply_per_lib :  ITTAPI function instrumented: __itt_thread_ignore
3813851 : 0x40e32346b14a89 : 2 : ittapi_config_apply_per_lib :  ITTAPI function instrumented: __itt_thr_name_set
3813851 : 0x40e32346b1598b : 2 : ittapi_config_apply_per_lib :  ITTAPI function instrumented: __itt_thr_ignore
3813851 : 0x40e32346b16d91 : 2 : ittapi_config_apply_per_lib :  ITTAPI function not implemented: __itt_enable_attach
3813851 : 0x40e32346b17cb6 : 2 : ittapi_config_apply_per_lib :  ITTAPI function instrumented: __itt_detach
3813851 : 0x40e32346b18a02 : 2 : ittapi_config_apply_per_lib :  ITTAPI function NOT instrumented (not matched by --itt-config option): __itt_sync_create

3813851 : 0x40e32346b19870 : 2 : ittapi_config_apply_per_lib :  ITTAPI function NOT instrumented (not matched by --itt-config option): __itt_sync_rename

3813851 : 0x40e32346b1a4bb : 2 : ittapi_config_apply_per_lib :  ITTAPI function NOT instrumented (not matched by --itt-config option): __itt_sync_destroy

3813851 : 0x40e32346b1b1ce : 2 : ittapi_config_apply_per_lib :  ITTAPI function NOT instrumented (not matched by --itt-config option): __itt_sync_prepare

3813851 : 0x40e32346b1fc5c : 2 : ittapi_config_apply_per_lib :  ITTAPI function NOT instrumented (not matched by --itt-config option): __itt_sync_cancel

3813851 : 0x40e32346b20a8d : 2 : ittapi_config_apply_per_lib :  ITTAPI function NOT instrumented (not matched by --itt-config option): __itt_sync_acquired

3813851 : 0x40e32346b216f0 : 2 : ittapi_config_apply_per_lib :  ITTAPI function NOT instrumented (not matched by --itt-config option): __itt_sync_releasing

3813851 : 0x40e32346b22820 : 2 : ittapi_config_apply_per_lib :  ITTAPI function not implemented: __itt_suppress_push
3813851 : 0x40e32346b23bbc : 2 : ittapi_config_apply_per_lib :  ITTAPI function not implemented: __itt_suppress_pop
3813851 : 0x40e32346b24bb5 : 2 : ittapi_config_apply_per_lib :  ITTAPI function not implemented: __itt_suppress_mark_range
3813851 : 0x40e32346b25c8a : 2 : ittapi_config_apply_per_lib :  ITTAPI function not implemented: __itt_suppress_clear_range
3813851 : 0x40e32346b268cb : 2 : ittapi_config_apply_per_lib :  ITTAPI function NOT instrumented (not matched by --itt-config option): __itt_sync_prepare

3813851 : 0x40e32346b27512 : 2 : ittapi_config_apply_per_lib :  ITTAPI function NOT instrumented (not matched by --itt-config option): __itt_sync_cancel

3813851 : 0x40e32346b280aa : 2 : ittapi_config_apply_per_lib :  ITTAPI function NOT instrumented (not matched by --itt-config option): __itt_sync_acquired

3813851 : 0x40e32346b2bfef : 2 : ittapi_config_apply_per_lib :  ITTAPI function NOT instrumented (not matched by --itt-config option): __itt_sync_releasing

3813851 : 0x40e32346b2cdb6 : 2 : ittapi_config_apply_per_lib :  ITTAPI function NOT instrumented (not matched by --itt-config option): __itt_model_site_begin

3813851 : 0x40e32346b2daeb : 2 : ittapi_config_apply_per_lib :  ITTAPI function NOT instrumented (not matched by --itt-config option): __itt_model_site_end

3813851 : 0x40e32346b2e760 : 2 : ittapi_config_apply_per_lib :  ITTAPI function NOT instrumented (not matched by --itt-config option): __itt_model_task_begin

3813851 : 0x40e32346b2f3ca : 2 : ittapi_config_apply_per_lib :  ITTAPI function NOT instrumented (not matched by --itt-config option): __itt_model_task_end

3813851 : 0x40e32346b300ac : 2 : ittapi_config_apply_per_lib :  ITTAPI function NOT instrumented (not matched by --itt-config option): __itt_model_lock_acquire

3813851 : 0x40e32346b30cfa : 2 : ittapi_config_apply_per_lib :  ITTAPI function NOT instrumented (not matched by --itt-config option): __itt_model_lock_release

3813851 : 0x40e32346b319ba : 2 : ittapi_config_apply_per_lib :  ITTAPI function NOT instrumented (not matched by --itt-config option): __itt_model_record_allocation

3813851 : 0x40e32346b32614 : 2 : ittapi_config_apply_per_lib :  ITTAPI function NOT instrumented (not matched by --itt-config option): __itt_model_record_deallocation

3813851 : 0x40e32346b3326f : 2 : ittapi_config_apply_per_lib :  ITTAPI function NOT instrumented (not matched by --itt-config option): __itt_model_induction_uses

3813851 : 0x40e32346b39527 : 2 : ittapi_config_apply_per_lib :  ITTAPI function NOT instrumented (not matched by --itt-config option): __itt_model_reduction_uses

3813851 : 0x40e32346b3a384 : 2 : ittapi_config_apply_per_lib :  ITTAPI function NOT instrumented (not matched by --itt-config option): __itt_model_observe_uses

3813851 : 0x40e32346b3b013 : 2 : ittapi_config_apply_per_lib :  ITTAPI function NOT instrumented (not matched by --itt-config option): __itt_model_clear_uses

3813851 : 0x40e32346b3bcbd : 2 : ittapi_config_apply_per_lib :  ITTAPI function NOT instrumented (not matched by --itt-config option): __itt_model_site_beginA

3813851 : 0x40e32346b43634 : 2 : ittapi_config_apply_per_lib :  ITTAPI function NOT instrumented (not matched by --itt-config option): __itt_model_site_beginAL

3813851 : 0x40e32346b448f3 : 2 : ittapi_config_apply_per_lib :  ITTAPI function NOT instrumented (not matched by --itt-config option): __itt_model_task_beginA

3813851 : 0x40e32346b45a5e : 2 : ittapi_config_apply_per_lib :  ITTAPI function NOT instrumented (not matched by --itt-config option): __itt_model_task_beginAL

3813851 : 0x40e32346b46ccd : 2 : ittapi_config_apply_per_lib :  ITTAPI function NOT instrumented (not matched by --itt-config option): __itt_model_iteration_taskA

3813851 : 0x40e32346b47931 : 2 : ittapi_config_apply_per_lib :  ITTAPI function NOT instrumented (not matched by --itt-config option): __itt_model_iteration_taskAL

3813851 : 0x40e32346b48603 : 2 : ittapi_config_apply_per_lib :  ITTAPI function NOT instrumented (not matched by --itt-config option): __itt_model_site_end_2

3813851 : 0x40e32346b4d795 : 2 : ittapi_config_apply_per_lib :  ITTAPI function NOT instrumented (not matched by --itt-config option): __itt_model_task_end_2

3813851 : 0x40e32346b4e5b9 : 2 : ittapi_config_apply_per_lib :  ITTAPI function NOT instrumented (not matched by --itt-config option): __itt_model_lock_acquire_2

3813851 : 0x40e32346b4f251 : 2 : ittapi_config_apply_per_lib :  ITTAPI function NOT instrumented (not matched by --itt-config option): __itt_model_lock_release_2

3813851 : 0x40e32346b4ff31 : 2 : ittapi_config_apply_per_lib :  ITTAPI function NOT instrumented (not matched by --itt-config option): __itt_model_aggregate_task

3813851 : 0x40e32346b50bdf : 2 : ittapi_config_apply_per_lib :  ITTAPI function NOT instrumented (not matched by --itt-config option): __itt_model_disable_push

3813851 : 0x40e32346b51846 : 2 : ittapi_config_apply_per_lib :  ITTAPI function NOT instrumented (not matched by --itt-config option): __itt_model_disable_pop

3813851 : 0x40e32346b52823 : 2 : ittapi_config_apply_per_lib :  ITTAPI function instrumented: __itt_heap_function_create
3813851 : 0x40e32346b53694 : 2 : ittapi_config_apply_per_lib :  ITTAPI function instrumented: __itt_heap_allocate_begin
3813851 : 0x40e32346b54556 : 2 : ittapi_config_apply_per_lib :  ITTAPI function instrumented: __itt_heap_allocate_end
3813851 : 0x40e32346b553e0 : 2 : ittapi_config_apply_per_lib :  ITTAPI function instrumented: __itt_heap_free_begin
3813851 : 0x40e32346b5b40c : 2 : ittapi_config_apply_per_lib :  ITTAPI function instrumented: __itt_heap_free_end
3813851 : 0x40e32346b5c40c : 2 : ittapi_config_apply_per_lib :  ITTAPI function instrumented: __itt_heap_reallocate_begin
3813851 : 0x40e32346b5d1c7 : 2 : ittapi_config_apply_per_lib :  ITTAPI function instrumented: __itt_heap_reallocate_end
3813851 : 0x40e32346b5e3dd : 2 : ittapi_config_apply_per_lib :  ITTAPI function not implemented: __itt_heap_internal_access_begin
3813851 : 0x40e32346b5f353 : 2 : ittapi_config_apply_per_lib :  ITTAPI function not implemented: __itt_heap_internal_access_end
3813851 : 0x40e32346b60409 : 2 : ittapi_config_apply_per_lib :  ITTAPI function not implemented: __itt_heap_record_memory_growth_begin
3813851 : 0x40e32346b61452 : 2 : ittapi_config_apply_per_lib :  ITTAPI function not implemented: __itt_heap_record_memory_growth_end
3813851 : 0x40e32346b62400 : 2 : ittapi_config_apply_per_lib :  ITTAPI function not implemented: __itt_heap_reset_detection
3813851 : 0x40e32346b63550 : 2 : ittapi_config_apply_per_lib :  ITTAPI function not implemented: __itt_heap_record
3813851 : 0x40e32346b6446f : 2 : ittapi_config_apply_per_lib :  ITTAPI function not implemented: __itt_id_create
3813851 : 0x40e32346b687cc : 2 : ittapi_config_apply_per_lib :  ITTAPI function not implemented: __itt_id_destroy
3813851 : 0x40e32346b6971e : 2 : ittapi_config_apply_per_lib :  ITTAPI function instrumented: __itt_get_timestamp
3813851 : 0x40e32346b6a6c0 : 2 : ittapi_config_apply_per_lib :  ITTAPI function not implemented: __itt_region_begin
3813851 : 0x40e32346b6c57b : 2 : ittapi_config_apply_per_lib :  ITTAPI function not implemented: __itt_region_end
3813851 : 0x40e32346b6d419 : 2 : ittapi_config_apply_per_lib :  ITTAPI function instrumented: __itt_frame_begin_v3
3813851 : 0x40e32346b6e2ff : 2 : ittapi_config_apply_per_lib :  ITTAPI function instrumented: __itt_frame_end_v3
3813851 : 0x40e32346b6f134 : 2 : ittapi_config_apply_per_lib :  ITTAPI function instrumented: __itt_frame_submit_v3
3813851 : 0x40e32346b7018f : 2 : ittapi_config_apply_per_lib :  ITTAPI function not implemented: __itt_task_group
3813851 : 0x40e32346b71043 : 2 : ittapi_config_apply_per_lib :  ITTAPI function instrumented: __itt_task_begin
3813851 : 0x40e32346b71e73 : 2 : ittapi_config_apply_per_lib :  ITTAPI function instrumented: __itt_task_begin_fn
3813851 : 0x40e32346b75cd4 : 2 : ittapi_config_apply_per_lib :  ITTAPI function instrumented: __itt_task_end
3813851 : 0x40e32346b76e3a : 2 : ittapi_config_apply_per_lib :  ITTAPI function not implemented: __itt_counter_inc_v3
3813851 : 0x40e32346b77ecd : 2 : ittapi_config_apply_per_lib :  ITTAPI function not implemented: __itt_counter_inc_delta_v3
3813851 : 0x40e32346b78e4a : 2 : ittapi_config_apply_per_lib :  ITTAPI function not implemented: __itt_counter_dec_v3
3813851 : 0x40e32346b79d45 : 2 : ittapi_config_apply_per_lib :  ITTAPI function not implemented: __itt_counter_dec_delta_v3
3813851 : 0x40e32346b7ac68 : 2 : ittapi_config_apply_per_lib :  ITTAPI function not implemented: __itt_marker
3813851 : 0x40e32346b7bb02 : 2 : ittapi_config_apply_per_lib :  ITTAPI function instrumented: __itt_metadata_add
3813851 : 0x40e32346b7ca07 : 2 : ittapi_config_apply_per_lib :  ITTAPI function not implemented: __itt_metadata_str_add
3813851 : 0x40e32346b7d94e : 2 : ittapi_config_apply_per_lib :  ITTAPI function not implemented: __itt_relation_add_to_current
3813851 : 0x40e32346b7e89e : 2 : ittapi_config_apply_per_lib :  ITTAPI function not implemented: __itt_relation_add
3813851 : 0x40e32346b8248c : 2 : ittapi_config_apply_per_lib :  ITTAPI function instrumented: __itt_event_create
3813851 : 0x40e32346b83395 : 2 : ittapi_config_apply_per_lib :  ITTAPI function instrumented: __itt_event_start
3813851 : 0x40e32346b841c4 : 2 : ittapi_config_apply_per_lib :  ITTAPI function instrumented: __itt_event_end
3813851 : 0x40e32346b84dd4 : 2 : ittapi_config_apply_per_lib :  ITTAPI function NOT instrumented (not matched by --itt-config option): __itt_sync_set_name

3813851 : 0x40e32346b85adf : 2 : ittapi_config_apply_per_lib :  ITTAPI function NOT instrumented (not matched by --itt-config option): __itt_notify_sync_name

3813851 : 0x40e32346b8678e : 2 : ittapi_config_apply_per_lib :  ITTAPI function NOT instrumented (not matched by --itt-config option): __itt_notify_sync_prepare

3813851 : 0x40e32346b873f8 : 2 : ittapi_config_apply_per_lib :  ITTAPI function NOT instrumented (not matched by --itt-config option): __itt_notify_sync_cancel

3813851 : 0x40e32346b88066 : 2 : ittapi_config_apply_per_lib :  ITTAPI function NOT instrumented (not matched by --itt-config option): __itt_notify_sync_acquired

3813851 : 0x40e32346b88c8e : 2 : ittapi_config_apply_per_lib :  ITTAPI function NOT instrumented (not matched by --itt-config option): __itt_notify_sync_releasing

3813851 : 0x40e32346b89bc8 : 2 : ittapi_config_apply_per_lib :  ITTAPI function not implemented: __itt_memory_read
3813851 : 0x40e32346b8f09b : 2 : ittapi_config_apply_per_lib :  ITTAPI function not implemented: __itt_memory_write
3813851 : 0x40e32346b90196 : 2 : ittapi_config_apply_per_lib :  ITTAPI function not implemented: __itt_memory_update
3813851 : 0x40e32346b95692 : 2 : ittapi_config_apply_per_lib :  ITTAPI function not implemented: __itt_state_get
3813851 : 0x40e32346b96521 : 2 : ittapi_config_apply_per_lib :  ITTAPI function not implemented: __itt_state_set
3813851 : 0x40e32346b9739f : 2 : ittapi_config_apply_per_lib :  ITTAPI function not implemented: __itt_obj_mode_set
3813851 : 0x40e32346b98325 : 2 : ittapi_config_apply_per_lib :  ITTAPI function not implemented: __itt_thr_mode_set
3813851 : 0x40e32346b99130 : 2 : ittapi_config_apply_per_lib :  ITTAPI function instrumented: __itt_frame_create
3813851 : 0x40e32346b99ed5 : 2 : ittapi_config_apply_per_lib :  ITTAPI function instrumented: __itt_pt_region_create
3813851 : 0x40e32346b9ad8c : 2 : ittapi_config_apply_per_lib :  ITTAPI function instrumented: __itt_frame_begin
3813851 : 0x40e32346b9bba3 : 2 : ittapi_config_apply_per_lib :  ITTAPI function instrumented: __itt_frame_end
3813851 : 0x40e32346ba02aa : 2 : ittapi_config_apply_per_lib :  ITTAPI function not implemented: __itt_counter_destroy
3813851 : 0x40e32346ba11ea : 2 : ittapi_config_apply_per_lib :  ITTAPI function instrumented: __itt_counter_inc
3813851 : 0x40e32346ba2028 : 2 : ittapi_config_apply_per_lib :  ITTAPI function instrumented: __itt_counter_inc_delta
3813851 : 0x40e32346ba2df6 : 2 : ittapi_config_apply_per_lib :  ITTAPI function instrumented: __itt_counter_dec
3813851 : 0x40e32346ba3cd0 : 2 : ittapi_config_apply_per_lib :  ITTAPI function instrumented: __itt_counter_dec_delta
3813851 : 0x40e32346ba4b0e : 2 : ittapi_config_apply_per_lib :  ITTAPI function instrumented: __itt_counter_set_value
3813851 : 0x40e32346ba59f8 : 2 : ittapi_config_apply_per_lib :  ITTAPI function not implemented: __itt_counter_set_value_ex
3813851 : 0x40e32346ba687e : 2 : ittapi_config_apply_per_lib :  ITTAPI function not implemented: __itt_mark_create
3813851 : 0x40e32346ba792b : 2 : ittapi_config_apply_per_lib :  ITTAPI function not implemented: __itt_mark
3813851 : 0x40e32346ba895e : 2 : ittapi_config_apply_per_lib :  ITTAPI function not implemented: __itt_mark_off
3813851 : 0x40e32346bacc5b : 2 : ittapi_config_apply_per_lib :  ITTAPI function not implemented: __itt_mark_global
3813851 : 0x40e32346bade44 : 2 : ittapi_config_apply_per_lib :  ITTAPI function not implemented: __itt_mark_global_off
3813851 : 0x40e32346baebff : 2 : ittapi_config_apply_per_lib :  ITTAPI function NOT instrumented (not matched by --itt-config option): __itt_stack_caller_create

3813851 : 0x40e32346baf95b : 2 : ittapi_config_apply_per_lib :  ITTAPI function NOT instrumented (not matched by --itt-config option): __itt_stack_caller_destroy

3813851 : 0x40e32346bb0614 : 2 : ittapi_config_apply_per_lib :  ITTAPI function NOT instrumented (not matched by --itt-config option): __itt_stack_callee_enter

3813851 : 0x40e32346bb12aa : 2 : ittapi_config_apply_per_lib :  ITTAPI function NOT instrumented (not matched by --itt-config option): __itt_stack_callee_leave

3813851 : 0x40e32346bb21d8 : 2 : ittapi_config_apply_per_lib :  ITTAPI function not implemented: __itt_clock_domain_create
3813851 : 0x40e32346bb31e1 : 2 : ittapi_config_apply_per_lib :  ITTAPI function not implemented: __itt_clock_domain_reset
3813851 : 0x40e32346bb408d : 2 : ittapi_config_apply_per_lib :  ITTAPI function not implemented: __itt_id_create_ex
3813851 : 0x40e32346bb5005 : 2 : ittapi_config_apply_per_lib :  ITTAPI function not implemented: __itt_id_destroy_ex
3813851 : 0x40e32346bbafe9 : 2 : ittapi_config_apply_per_lib :  ITTAPI function not implemented: __itt_task_begin_ex
3813851 : 0x40e32346bbc08d : 2 : ittapi_config_apply_per_lib :  ITTAPI function not implemented: __itt_task_begin_fn_ex
3813851 : 0x40e32346bbd073 : 2 : ittapi_config_apply_per_lib :  ITTAPI function not implemented: __itt_task_end_ex
3813851 : 0x40e32346bbdf9d : 2 : ittapi_config_apply_per_lib :  ITTAPI function instrumented: __itt_task_begin_overlapped
3813851 : 0x40e32346bbeea2 : 2 : ittapi_config_apply_per_lib :  ITTAPI function not implemented: __itt_task_begin_overlapped_ex
3813851 : 0x40e32346bbfe1a : 2 : ittapi_config_apply_per_lib :  ITTAPI function instrumented: __itt_task_end_overlapped
3813851 : 0x40e32346bc0d65 : 2 : ittapi_config_apply_per_lib :  ITTAPI function not implemented: __itt_task_end_overlapped_ex
3813851 : 0x40e32346bc1c9d : 2 : ittapi_config_apply_per_lib :  ITTAPI function not implemented: __itt_marker_ex
3813851 : 0x40e32346bc2c68 : 2 : ittapi_config_apply_per_lib :  ITTAPI function not implemented: __itt_metadata_add_with_scope
3813851 : 0x40e32346bc3c4f : 2 : ittapi_config_apply_per_lib :  ITTAPI function not implemented: __itt_metadata_str_add_with_scope
3813851 : 0x40e32346bc7dda : 2 : ittapi_config_apply_per_lib :  ITTAPI function not implemented: __itt_relation_add_to_current_ex
3813851 : 0x40e32346bc8e84 : 2 : ittapi_config_apply_per_lib :  ITTAPI function not implemented: __itt_relation_add_ex
3813851 : 0x40e32346bc9dae : 2 : ittapi_config_apply_per_lib :  ITTAPI function not implemented: __itt_track_group_create
3813851 : 0x40e32346bcab93 : 2 : ittapi_config_apply_per_lib :  ITTAPI function not implemented: __itt_track_create
3813851 : 0x40e32346bcbaea : 2 : ittapi_config_apply_per_lib :  ITTAPI function not implemented: __itt_set_track
3813851 : 0x40e32346bcc92d : 2 : ittapi_config_apply_per_lib :  ITTAPI function instrumented: __itt_api_version
3813851 : 0x40e32346bcd7d1 : 2 : ittapi_config_apply_per_lib :  ITTAPI function not implemented: __itt_av_save
3813851 : 0x40e32346bce631 : 2 : ittapi_config_apply_per_lib :  ITTAPI function instrumented: __itt_module_load
3813851 : 0x40e32346bcf509 : 2 : ittapi_config_apply_per_lib :  ITTAPI function not implemented: __itt_module_unload