
3820531 : 0x40e375498536e5 : 1 : spill_jit_data :  Jit agent is not initialized
3820531 : 0x40e3754986417f : 2 : ittapi_config_mask_get :  --itt-config mask to be applied: 39
3820531 : 0x40e3754986597b : 2 : ittapi_config_apply_per_lib :  ITTAPI function instrumented: __itt_domain_create
3820531 : 0x40e375498667db : 2 : ittapi_config_apply_per_lib :  ITTAPI function instrumented: __itt_module_load_with_sections
3820531 : 0x40e37549867966 : 2 : ittapi_config_apply_per_lib :  ITTAPI function not implemented: __itt_module_unload_with_sections
3820531 : 0x40e37549868832 : 2 : ittapi_config_apply_per_lib :  ITTAPI function instrumented: __itt_string_handle_create
3820531 : 0x40e37549869202 : 2 : ittapi_config_apply_per_lib :  ITTAPI function instrumented: __itt_counter_create
3820531 : 0x40e37549869b15 : 2 : ittapi_config_apply_per_lib :  ITTAPI function instrumented: __itt_counter_create_typed
3820531 : 0x40e3754986a538 : 2 : ittapi_config_apply_per_lib :  ITTAPI function instrumented: __itt_pause
3820531 : 0x40e3754986aeb8 : 2 : ittapi_config_apply_per_lib :  ITTAPI function instrumented: __itt_resume
3820531 : 0x40e375498783c0 : 2 : ittapi_config_apply_per_lib :  ITTAPI function instrumented: __itt_thread_set_name
3820531 : 0x40e3754987929f : 2 : ittapi_config_apply_per_lib :  ITTAPI function instrumented: __itt_thread_ignore
3820531 : 0x40e37549879c7b : 2 : ittapi_config_apply_per_lib :  ITTAPI function instrumented: __itt_thr_name_set
3820531 : 0x40e3754987a667 : 2 : ittapi_config_apply_per_lib :  ITTAPI function instrumented: __itt_thr_ignore
3820531 : 0x40e3754987b44d : 2 : ittapi_config_apply_per_lib :  ITTAPI function not implemented: __itt_enable_attach
3820531 : 0x40e3754987be7a : 2 : ittapi_config_apply_per_lib :  ITTAPI function instrumented: __itt_detach
3820531 : 0x40e3754987c7ae : 2 : ittapi_config_apply_per_lib :  ITTAPI function NOT instrumented (not matched by --itt-config option): __itt_sync_create

3820531 : 0x40e3754987d1f9 : 2 : ittapi_config_apply_per_lib :  ITTAPI function NOT instrumented (not matched by --itt-config option): __itt_sync_rename

3820531 : 0x40e3754987d9d7 : 2 : ittapi_config_apply_per_lib :  ITTAPI function NOT instrumented (not matched by --itt-config option): __itt_sync_destroy

3820531 : 0x40e3754987e297 : 2 : ittapi_config_apply_per_lib :  ITTAPI function NOT instrumented (not matched by --itt-config option): __itt_sync_prepare

3820531 : 0x40e375498817aa : 2 : ittapi_config_apply_per_lib :  ITTAPI function NOT instrumented (not matched by --itt-config option): __itt_sync_cancel

3820531 : 0x40e3754988218e : 2 : ittapi_config_apply_per_lib :  ITTAPI function NOT instrumented (not matched by --itt-config option): __itt_sync_acquired

3820531 : 0x40e375498829bd : 2 : ittapi_config_apply_per_lib :  ITTAPI function NOT instrumented (not matched by --itt-config option): __itt_sync_releasing

3820531 : 0x40e37549883580 : 2 : ittapi_config_apply_per_lib :  ITTAPI function not implemented: __itt_suppress_push
3820531 : 0x40e375498842c5 : 2 : ittapi_config_apply_per_lib :  ITTAPI function not implemented: __itt_suppress_pop
3820531 : 0x40e37549884e13 : 2 : ittapi_config_apply_per_lib :  ITTAPI function not implemented: __itt_suppress_mark_range
3820531 : 0x40e37549885972 : 2 : ittapi_config_apply_per_lib :  ITTAPI function not implemented: __itt_suppress_clear_range
3820531 : 0x40e37549886210 : 2 : ittapi_config_apply_per_lib :  ITTAPI function NOT instrumented (not matched by --itt-config option): __itt_sync_prepare

3820531 : 0x40e37549886a39 : 2 : ittapi_config_apply_per_lib :  ITTAPI function NOT instrumented (not matched by --itt-config option): __itt_sync_cancel

3820531 : 0x40e3754988723b : 2 : ittapi_config_apply_per_lib :  ITTAPI function NOT instrumented (not matched by --itt-config option): __itt_sync_acquired

3820531 : 0x40e3754988a19a : 2 : ittapi_config_apply_per_lib :  ITTAPI function NOT instrumented (not matched by --itt-config option): __itt_sync_releasing

3820531 : 0x40e3754988aad6 : 2 : ittapi_config_apply_per_lib :  ITTAPI function NOT instrumented (not matched by --itt-config option): __itt_model_site_begin

3820531 : 0x40e3754988b3a6 : 2 : ittapi_config_apply_per_lib :  ITTAPI function NOT instrumented (not matched by --itt-config option): __itt_model_site_end

3820531 : 0x40e3754988bc25 : 2 : ittapi_config_apply_per_lib :  ITTAPI function NOT instrumented (not matched by --itt-config option): __itt_model_task_begin

3820531 : 0x40e3754988c470 : 2 : ittapi_config_apply_per_lib :  ITTAPI function NOT instrumented (not matched by --itt-config option): __itt_model_task_end

3820531 : 0x40e3754988cd48 : 2 : ittapi_config_apply_per_lib :  ITTAPI function NOT instrumented (not matched by --itt-config option): __itt_model_lock_acquire

3820531 : 0x40e3754988d588 : 2 : ittapi_config_apply_per_lib :  ITTAPI function NOT instrumented (not matched by --itt-config option): __itt_model_lock_release

3820531 : 0x40e3754988dde8 : 2 : ittapi_config_apply_per_lib :  ITTAPI function NOT instrumented (not matched by --itt-config option): __itt_model_record_allocation

3820531 : 0x40e3754988e61e : 2 : ittapi_config_apply_per_lib :  ITTAPI function NOT instrumented (not matched by --itt-config option): __itt_model_record_deallocation

3820531 : 0x40e3754988ee77 : 2 : ittapi_config_apply_per_lib :  ITTAPI function NOT instrumented (not matched by --itt-config option): __itt_model_induction_uses

3820531 : 0x40e37549896fb0 : 2 : ittapi_config_apply_per_lib :  ITTAPI function NOT instrumented (not matched by --itt-config option): __itt_model_reduction_uses

3820531 : 0x40e37549897a51 : 2 : ittapi_config_apply_per_lib :  ITTAPI function NOT instrumented (not matched by --itt-config option): __itt_model_observe_uses

3820531 : 0x40e37549898315 : 2 : ittapi_config_apply_per_lib :  ITTAPI function NOT instrumented (not matched by --itt-config option): __itt_model_clear_uses

3820531 : 0x40e37549898ba3 : 2 : ittapi_config_apply_per_lib :  ITTAPI function NOT instrumented (not matched by --itt-config option): __itt_model_site_beginA

3820531 : 0x40e37549899417 : 2 : ittapi_config_apply_per_lib :  ITTAPI function NOT instrumented (not matched by --itt-config option): __itt_model_site_beginAL

3820531 : 0x40e37549899c8e : 2 : ittapi_config_apply_per_lib :  ITTAPI function NOT instrumented (not matched by --itt-config option): __itt_model_task_beginA

3820531 : 0x40e3754989a4e7 : 2 : ittapi_config_apply_per_lib :  ITTAPI function NOT instrumented (not matched by --itt-config option): __itt_model_task_beginAL

3820531 : 0x40e3754989ad50 : 2 : ittapi_config_apply_per_lib :  ITTAPI function NOT instrumented (not matched by --itt-config option): __itt_model_iteration_taskA

3820531 : 0x40e3754989b572 : 2 : ittapi_config_apply_per_lib :  ITTAPI function NOT instrumented (not matched by --itt-config option): __itt_model_iteration_taskAL

3820531 : 0x40e3754989be0d : 2 : ittapi_config_apply_per_lib :  ITTAPI function NOT instrumented (not matched by --itt-config option): __itt_model_site_end_2

3820531 : 0x40e3754989ef2d : 2 : ittapi_config_apply_per_lib :  ITTAPI function NOT instrumented (not matched by --itt-config option): __itt_model_task_end_2

3820531 : 0x40e3754989f7eb : 2 : ittapi_config_apply_per_lib :  ITTAPI function NOT instrumented (not matched by --itt-config option): __itt_model_lock_acquire_2

3820531 : 0x40e375498a00af : 2 : ittapi_config_apply_per_lib :  ITTAPI function NOT instrumented (not matched by --itt-config option): __itt_model_lock_release_2

3820531 : 0x40e375498a093f : 2 : ittapi_config_apply_per_lib :  ITTAPI function NOT instrumented (not matched by --itt-config option): __itt_model_aggregate_task

3820531 : 0x40e375498a117c : 2 : ittapi_config_apply_per_lib :  ITTAPI function NOT instrumented (not matched by --itt-config option): __itt_model_disable_push

3820531 : 0x40e375498a19b5 : 2 : ittapi_config_apply_per_lib :  ITTAPI function NOT instrumented (not matched by --itt-config option): __itt_model_disable_pop

3820531 : 0x40e375498a2605 : 2 : ittapi_config_apply_per_lib :  ITTAPI function instrumented: __itt_heap_function_create
3820531 : 0x40e375498a2fbe : 2 : ittapi_config_apply_per_lib :  ITTAPI function instrumented: __itt_heap_allocate_begin
3820531 : 0x40e375498a3a28 : 2 : ittapi_config_apply_per_lib :  ITTAPI function instrumented: __itt_heap_allocate_end
3820531 : 0x40e375498a43fe : 2 : ittapi_config_apply_per_lib :  ITTAPI function instrumented: __itt_heap_free_begin
3820531 : 0x40e375498a8a77 : 2 : ittapi_config_apply_per_lib :  ITTAPI function instrumented: __itt_heap_free_end
3820531 : 0x40e375498a9525 : 2 : ittapi_config_apply_per_lib :  ITTAPI function instrumented: __itt_heap_reallocate_begin
3820531 : 0x40e375498a9e69 : 2 : ittapi_config_apply_per_lib :  ITTAPI function instrumented: __itt_heap_reallocate_end
3820531 : 0x40e375498aa9a5 : 2 : ittapi_config_apply_per_lib :  ITTAPI function not implemented: __itt_heap_internal_access_begin
3820531 : 0x40e375498ab446 : 2 : ittapi_config_apply_per_lib :  ITTAPI function not implemented: __itt_heap_internal_access_end
3820531 : 0x40e375498abf6e : 2 : ittapi_config_apply_per_lib :  ITTAPI function not implemented: __itt_heap_record_memory_growth_begin
3820531 : 0x40e375498ac9f4 : 2 : ittapi_config_apply_per_lib :  ITTAPI function not implemented: __itt_heap_record_memory_growth_end
3820531 : 0x40e375498ad499 : 2 : ittapi_config_apply_per_lib :  ITTAPI function not implemented: __itt_heap_reset_detection
3820531 : 0x40e375498adfd9 : 2 : ittapi_config_apply_per_lib :  ITTAPI function not implemented: __itt_heap_record
3820531 : 0x40e375498aea28 : 2 : ittapi_config_apply_per_lib :  ITTAPI function not implemented: __itt_id_create
3820531 : 0x40e375498b20ab : 2 : ittapi_config_apply_per_lib :  ITTAPI function not implemented: __itt_id_destroy
3820531 : 0x40e375498b2bf2 : 2 : ittapi_config_apply_per_lib :  ITTAPI function instrumented: __itt_get_timestamp
3820531 : 0x40e375498b365b : 2 : ittapi_config_apply_per_lib :  ITTAPI function not implemented: __itt_region_begin
3820531 : 0x40e375498b40af : 2 : ittapi_config_apply_per_lib :  ITTAPI function not implemented: __itt_region_end
3820531 : 0x40e375498b4b5c : 2 : ittapi_config_apply_per_lib :  ITTAPI function instrumented: __itt_frame_begin_v3
3820531 : 0x40e375498b552a : 2 : ittapi_config_apply_per_lib :  ITTAPI function instrumented: __itt_frame_end_v3
3820531 : 0x40e375498b5fdd : 2 : ittapi_config_apply_per_lib :  ITTAPI function instrumented: __itt_frame_submit_v3
3820531 : 0x40e375498b6a7d : 2 : ittapi_config_apply_per_lib :  ITTAPI function not implemented: __itt_task_group
3820531 : 0x40e375498b74f6 : 2 : ittapi_config_apply_per_lib :  ITTAPI function instrumented: __itt_task_begin
3820531 : 0x40e375498b7e49 : 2 : ittapi_config_apply_per_lib :  ITTAPI function instrumented: __itt_task_begin_fn
3820531 : 0x40e375498bad7f : 2 : ittapi_config_apply_per_lib :  ITTAPI function instrumented: __itt_task_end
3820531 : 0x40e375498bb94d : 2 : ittapi_config_apply_per_lib :  ITTAPI function not implemented: __itt_counter_inc_v3
3820531 : 0x40e375498bc4b7 : 2 : ittapi_config_apply_per_lib :  ITTAPI function not implemented: __itt_counter_inc_delta_v3
3820531 : 0x40e375498bcf04 : 2 : ittapi_config_apply_per_lib :  ITTAPI function not implemented: __itt_counter_dec_v3
3820531 : 0x40e375498bd8d8 : 2 : ittapi_config_apply_per_lib :  ITTAPI function not implemented: __itt_counter_dec_delta_v3
3820531 : 0x40e375498be31b : 2 : ittapi_config_apply_per_lib :  ITTAPI function not implemented: __itt_marker
3820531 : 0x40e375498beca9 : 2 : ittapi_config_apply_per_lib :  ITTAPI function instrumented: __itt_metadata_add
3820531 : 0x40e375498bf700 : 2 : ittapi_config_apply_per_lib :  ITTAPI function not implemented: __itt_metadata_str_add
3820531 : 0x40e375498c0151 : 2 : ittapi_config_apply_per_lib :  ITTAPI function not implemented: __itt_relation_add_to_current
3820531 : 0x40e375498c0ba0 : 2 : ittapi_config_apply_per_lib :  ITTAPI function not implemented: __itt_relation_add
3820531 : 0x40e375498c3b0e : 2 : ittapi_config_apply_per_lib :  ITTAPI function instrumented: __itt_event_create
3820531 : 0x40e375498c452a : 2 : ittapi_config_apply_per_lib :  ITTAPI function instrumented: __itt_event_start
3820531 : 0x40e375498c4e58 : 2 : ittapi_config_apply_per_lib :  ITTAPI function instrumented: __itt_event_end
3820531 : 0x40e375498c5682 : 2 : ittapi_config_apply_per_lib :  ITTAPI function NOT instrumented (not matched by --itt-config option): __itt_sync_set_name

3820531 : 0x40e375498c5f13 : 2 : ittapi_config_apply_per_lib :  ITTAPI function NOT instrumented (not matched by --itt-config option): __itt_notify_sync_name

3820531 : 0x40e375498c6769 : 2 : ittapi_config_apply_per_lib :  ITTAPI function NOT instrumented (not matched by --itt-config option): __itt_notify_sync_prepare

3820531 : 0x40e375498c6f88 : 2 : ittapi_config_apply_per_lib :  ITTAPI function NOT instrumented (not matched by --itt-config option): __itt_notify_sync_cancel

3820531 : 0x40e375498c77c2 : 2 : ittapi_config_apply_per_lib :  ITTAPI function NOT instrumented (not matched by --itt-config option): __itt_notify_sync_acquired

3820531 : 0x40e375498c7fce : 2 : ittapi_config_apply_per_lib :  ITTAPI function NOT instrumented (not matched by --itt-config option): __itt_notify_sync_releasing

3820531 : 0x40e375498c8a35 : 2 : ittapi_config_apply_per_lib :  ITTAPI function not implemented: __itt_memory_read
3820531 : 0x40e375498cc8b2 : 2 : ittapi_config_apply_per_lib :  ITTAPI function not implemented: __itt_memory_write
3820531 : 0x40e375498cd468 : 2 : ittapi_config_apply_per_lib :  ITTAPI function not implemented: __itt_memory_update
3820531 : 0x40e375498cdec2 : 2 : ittapi_config_apply_per_lib :  ITTAPI function not implemented: __itt_state_get
3820531 : 0x40e375498ce875 : 2 : ittapi_config_apply_per_lib :  ITTAPI function not implemented: __itt_state_set
3820531 : 0x40e375498cf252 : 2 : ittapi_config_apply_per_lib :  ITTAPI function not implemented: __itt_obj_mode_set
3820531 : 0x40e375498cfcf3 : 2 : ittapi_config_apply_per_lib :  ITTAPI function not implemented: __itt_thr_mode_set
3820531 : 0x40e375498d0680 : 2 : ittapi_config_apply_per_lib :  ITTAPI function instrumented: __itt_frame_create
3820531 : 0x40e375498d0f86 : 2 : ittapi_config_apply_per_lib :  ITTAPI function instrumented: __itt_pt_region_create
3820531 : 0x40e375498d190d : 2 : ittapi_config_apply_per_lib :  ITTAPI function instrumented: __itt_frame_begin
3820531 : 0x40e375498d228b : 2 : ittapi_config_apply_per_lib :  ITTAPI function instrumented: __itt_frame_end
3820531 : 0x40e375498d50d9 : 2 : ittapi_config_apply_per_lib :  ITTAPI function not implemented: __itt_counter_destroy
3820531 : 0x40e375498d5b5f : 2 : ittapi_config_apply_per_lib :  ITTAPI function instrumented: __itt_counter_inc
3820531 : 0x40e375498d64a3 : 2 : ittapi_config_apply_per_lib :  ITTAPI function instrumented: __itt_counter_inc_delta
3820531 : 0x40e375498d6de5 : 2 : ittapi_config_apply_per_lib :  ITTAPI function instrumented: __itt_counter_dec
3820531 : 0x40e375498d7801 : 2 : ittapi_config_apply_per_lib :  ITTAPI function instrumented: __itt_counter_dec_delta
3820531 : 0x40e375498d821a : 2 : ittapi_config_apply_per_lib :  ITTAPI function instrumented: __itt_counter_set_value
3820531 : 0x40e375498d8c23 : 2 : ittapi_config_apply_per_lib :  ITTAPI function not implemented: __itt_counter_set_value_ex
3820531 : 0x40e375498d95e6 : 2 : ittapi_config_apply_per_lib :  ITTAPI function not implemented: __itt_mark_create
3820531 : 0x40e375498da115 : 2 : ittapi_config_apply_per_lib :  ITTAPI function not implemented: __itt_mark
3820531 : 0x40e375498dacf9 : 2 : ittapi_config_apply_per_lib :  ITTAPI function not implemented: __itt_mark_off
3820531 : 0x40e375498ddab7 : 2 : ittapi_config_apply_per_lib :  ITTAPI function not implemented: __itt_mark_global
3820531 : 0x40e375498de6a3 : 2 : ittapi_config_apply_per_lib :  ITTAPI function not implemented: __itt_mark_global_off
3820531 : 0x40e375498defc6 : 2 : ittapi_config_apply_per_lib :  ITTAPI function NOT instrumented (not matched by --itt-config option): __itt_stack_caller_create

3820531 : 0x40e375498df873 : 2 : ittapi_config_apply_per_lib :  ITTAPI function NOT instrumented (not matched by --itt-config option): __itt_stack_caller_destroy

3820531 : 0x40e375498e00b1 : 2 : ittapi_config_apply_per_lib :  ITTAPI function NOT instrumented (not matched by --itt-config option): __itt_stack_callee_enter

3820531 : 0x40e375498e08f4 : 2 : ittapi_config_apply_per_lib :  ITTAPI function NOT instrumented (not matched by --itt-config option): __itt_stack_callee_leave

3820531 : 0x40e375498e133a : 2 : ittapi_config_apply_per_lib :  ITTAPI function not implemented: __itt_clock_domain_create
3820531 : 0x40e375498e1dda : 2 : ittapi_config_apply_per_lib :  ITTAPI function not implemented: __itt_clock_domain_reset
3820531 : 0x40e375498e27db : 2 : ittapi_config_apply_per_lib :  ITTAPI function not implemented: __itt_id_create_ex
3820531 : 0x40e375498e3223 : 2 : ittapi_config_apply_per_lib :  ITTAPI function not implemented: __itt_id_destroy_ex
3820531 : 0x40e375498e6e35 : 2 : ittapi_config_apply_per_lib :  ITTAPI function not implemented: __itt_task_begin_ex
3820531 : 0x40e375498e79c9 : 2 : ittapi_config_apply_per_lib :  ITTAPI function not implemented: __itt_task_begin_fn_ex
3820531 : 0x40e375498e8461 : 2 : ittapi_config_apply_per_lib :  ITTAPI function not implemented: __itt_task_end_ex
3820531 : 0x40e375498e8e7b : 2 : ittapi_config_apply_per_lib :  ITTAPI function instrumented: __itt_task_begin_overlapped
3820531 : 0x40e375498e98a6 : 2 : ittapi_config_apply_per_lib :  ITTAPI function not implemented: __itt_task_begin_overlapped_ex
3820531 : 0x40e375498ea358 : 2 : ittapi_config_apply_per_lib :  ITTAPI function instrumented: __itt_task_end_overlapped
3820531 : 0x40e375498ead94 : 2 : ittapi_config_apply_per_lib :  ITTAPI function not implemented: __itt_task_end_overlapped_ex
3820531 : 0x40e375498eb78f : 2 : ittapi_config_apply_per_lib :  ITTAPI function not implemented: __itt_marker_ex
3820531 : 0x40e375498ec27b : 2 : ittapi_config_apply_per_lib :  ITTAPI function not implemented: __itt_metadata_add_with_scope
3820531 : 0x40e375498ecd76 : 2 : ittapi_config_apply_per_lib :  ITTAPI function not implemented: __itt_metadata_str_add_with_scope
3820531 : 0x40e375498efb87 : 2 : ittapi_config_apply_per_lib :  ITTAPI function not implemented: __itt_relation_add_to_current_ex
3820531 : 0x40e375498f0675 : 2 : ittapi_config_apply_per_lib :  ITTAPI function not implemented: __itt_relation_add_ex
3820531 : 0x40e375498f1071 : 2 : ittapi_config_apply_per_lib :  ITTAPI function not implemented: __itt_track_group_create
3820531 : 0x40e375498f19a1 : 2 : ittapi_config_apply_per_lib :  ITTAPI function not implemented: __itt_track_create
3820531 : 0x40e375498f2393 : 2 : ittapi_config_apply_per_lib :  ITTAPI function not implemented: __itt_set_track
3820531 : 0x40e375498f2d5e : 2 : ittapi_config_apply_per_lib :  ITTAPI function instrumented: __itt_api_version
3820531 : 0x40e375498f373b : 2 : ittapi_config_apply_per_lib :  ITTAPI function not implemented: __itt_av_save
3820531 : 0x40e375498f4150 : 2 : ittapi_config_apply_per_lib :  ITTAPI function instrumented: __itt_module_load
3820531 : 0x40e375498f4b30 : 2 : ittapi_config_apply_per_lib :  ITTAPI function not implemented: __itt_module_unload