13 [139936306186112] INFO perfrun.launcher <> - Launcher main begin
14 [139936306186112] INFO perfrun.launcher <> - MessageCatalogInit finished
14 [139936306186112] INFO perfrun.launcher <> - Launcher instance created
14 [139936306186112] INFO perfrun.launcher <> - argc = 6; cmdline = /opt/intel/vtune_profiler_2020.2.0.610396/bin64/amplxe-runss -dump-vdso -r /home/kd5eyn/git/p2-concurrency/exp2/r005ue --tmp-dir /tmp/amplxe-tmp-kd5eyn 
30 [139936306186112] INFO perfrun.launcher <> - plugin remoteplug has been added successfully
31 [139936306186112] INFO perfrun.launcher <> - plugin system has been added successfully
32 [139936306186112] INFO perfrun.launcher <> - plugin vdso has been added successfully
32 [139936306186112] INFO perfrun.launcher <> - plugin itt has been added successfully
32 [139936306186112] INFO perfrun.launcher <> - plugin ptracecollector has been added successfully
32 [139936306186112] INFO perfrun.launcher <> - plugin gpu has been added successfully
32 [139936306186112] INFO perfrun.launcher <> - plugin  has been added successfully
32 [139936306186112] INFO perfrun.launcher <> - plugin  has been added successfully
32 [139936306186112] INFO perfrun.launcher <> - plugin  has been added successfully
32 [139936306186112] INFO perfrun.launcher <> - plugin mrte has been added successfully
32 [139936306186112] INFO perfrun.launcher <> - plugin emon has been added successfully
32 [139936306186112] INFO perfrun.launcher <> - plugin cuscol has been added successfully
32 [139936306186112] INFO perfrun.launcher <> - plugin stdsrc has been added successfully
33 [139936306186112] INFO perfrun.launcher <> - plugin sep has been added successfully
33 [139936306186112] INFO perfrun.launcher <> - plugin vtsspp has been added successfully
33 [139936306186112] INFO perfrun.sdk <> - Reading value (0) from file: /proc/sys/kernel/perf_event_paranoid
33 [139936306186112] INFO perfrun.perfcollector <> - checking access to: /opt/intel/vtune_profiler_2020.2.0.610396/bin64/amplxe-perf-priv
42 [139936306186112] INFO perfrun.perfcollector <> - cpu: family = 6 model = 79
43 [139936306186112] INFO perfrun.perfcollector <> - dir found : /sys/bus/event_source/devices/software
43 [139936306186112] WARN perfrun.perfcollector <> - format subdir doesn't exist, at file: vcs/perfrun1/plugins/perfcollector/src/controller.cpp:685
43 [139936306186112] WARN perfrun.perfcollector <> - pmu hwInfo is not set, at file: vcs/perfrun1/plugins/perfcollector/src/controller.cpp:779
43 [139936306186112] INFO perfrun.perfcollector <> - pmu added : family : software , id : 0
43 [139936306186112] INFO perfrun.perfcollector <> - dir found : /sys/bus/event_source/devices/uncore_cbox_8
43 [139936306186112] INFO perfrun.perfcollector <> - format: event config:0-7 mask:0-7
43 [139936306186112] INFO perfrun.perfcollector <> - format: filter_link config1:6-8 mask:6-8
43 [139936306186112] INFO perfrun.perfcollector <> - format: filter_c6 config1:61 mask:61
43 [139936306186112] INFO perfrun.perfcollector <> - format: edge config:18 mask:18
43 [139936306186112] INFO perfrun.perfcollector <> - format: filter_isoc config1:63 mask:63
43 [139936306186112] INFO perfrun.perfcollector <> - format: filter_tid config1:0-5 mask:0-5
43 [139936306186112] INFO perfrun.perfcollector <> - format: filter_nid config1:32-47 mask:32-47
43 [139936306186112] INFO perfrun.perfcollector <> - format: filter_nc config1:62 mask:62
43 [139936306186112] INFO perfrun.perfcollector <> - format: umask config:8-15 mask:8-15
43 [139936306186112] INFO perfrun.perfcollector <> - format: tid_en config:19 mask:19
43 [139936306186112] INFO perfrun.perfcollector <> - format: thresh config:24-31 mask:24-31
44 [139936306186112] INFO perfrun.perfcollector <> - format: filter_state config1:17-23 mask:17-23
44 [139936306186112] INFO perfrun.perfcollector <> - format: filter_opc config1:52-60 mask:52-60
44 [139936306186112] WARN perfrun.perfcollector <> - pmu hwInfo is not set, at file: vcs/perfrun1/plugins/perfcollector/src/controller.cpp:779
44 [139936306186112] INFO perfrun.perfcollector <> - pmu added : family : uncore_cbox , id : 8
44 [139936306186112] INFO perfrun.perfcollector <> - dir found : /sys/bus/event_source/devices/uncore_imc_3
44 [139936306186112] INFO perfrun.perfcollector <> - format: event config:0-7 mask:0-7
44 [139936306186112] INFO perfrun.perfcollector <> - format: edge config:18 mask:18
44 [139936306186112] INFO perfrun.perfcollector <> - format: inv config:23 mask:23
44 [139936306186112] INFO perfrun.perfcollector <> - format: umask config:8-15 mask:8-15
44 [139936306186112] INFO perfrun.perfcollector <> - format: thresh config:24-31 mask:24-31
44 [139936306186112] INFO perfrun.perfcollector <> - hwInfo : PERF_IMC_PMU_DETAILS
44 [139936306186112] INFO perfrun.perfcollector <> - pmu added : family : uncore_imc , id : 3
44 [139936306186112] INFO perfrun.perfcollector <> - dir found : /sys/bus/event_source/devices/uncore_r2pcie
44 [139936306186112] INFO perfrun.perfcollector <> - format: event config:0-7 mask:0-7
44 [139936306186112] INFO perfrun.perfcollector <> - format: edge config:18 mask:18
44 [139936306186112] INFO perfrun.perfcollector <> - format: inv config:23 mask:23
44 [139936306186112] INFO perfrun.perfcollector <> - format: umask config:8-15 mask:8-15
44 [139936306186112] INFO perfrun.perfcollector <> - format: thresh config:24-31 mask:24-31
45 [139936306186112] WARN perfrun.perfcollector <> - pmu hwInfo is not set, at file: vcs/perfrun1/plugins/perfcollector/src/controller.cpp:779
45 [139936306186112] INFO perfrun.perfcollector <> - pmu added : family : uncore_r2pcie , id : 0
45 [139936306186112] INFO perfrun.perfcollector <> - dir found : /sys/bus/event_source/devices/uncore_qpi_1
45 [139936306186112] INFO perfrun.perfcollector <> - format: mask_rnid4 config2:31 mask:31
45 [139936306186112] INFO perfrun.perfcollector <> - format: mask_rnid30 config2:32-35 mask:32-35
45 [139936306186112] INFO perfrun.perfcollector <> - format: match_rnid30 config1:32-35 mask:32-35
45 [139936306186112] INFO perfrun.perfcollector <> - format: event config:0-7,21 mask:0-7,21
45 [139936306186112] INFO perfrun.perfcollector <> - format: match0 config1:0-31 mask:0-31
45 [139936306186112] INFO perfrun.perfcollector <> - format: match_rds config1:48-51 mask:48-51
45 [139936306186112] INFO perfrun.perfcollector <> - format: mask_rds config2:48-51 mask:48-51
45 [139936306186112] INFO perfrun.perfcollector <> - format: edge config:18 mask:18
45 [139936306186112] INFO perfrun.perfcollector <> - format: mask1 config2:32-63 mask:32-63
45 [139936306186112] INFO perfrun.perfcollector <> - format: match_dnid config1:13-17 mask:13-17
45 [139936306186112] INFO perfrun.perfcollector <> - format: mask_dnid config2:13-17 mask:13-17
46 [139936306186112] INFO perfrun.perfcollector <> - format: match_vnw config1:3-4 mask:3-4
46 [139936306186112] INFO perfrun.perfcollector <> - format: mask_vnw config2:3-4 mask:3-4
46 [139936306186112] INFO perfrun.perfcollector <> - format: mask_mc config2:9-12 mask:9-12
46 [139936306186112] INFO perfrun.perfcollector <> - format: match1 config1:32-63 mask:32-63
46 [139936306186112] INFO perfrun.perfcollector <> - format: inv config:23 mask:23
46 [139936306186112] INFO perfrun.perfcollector <> - format: umask config:8-15 mask:8-15
46 [139936306186112] INFO perfrun.perfcollector <> - format: match_opc config1:5-8 mask:5-8
46 [139936306186112] INFO perfrun.perfcollector <> - format: mask_opc config2:5-8 mask:5-8
46 [139936306186112] INFO perfrun.perfcollector <> - format: thresh config:24-31 mask:24-31
46 [139936306186112] INFO perfrun.perfcollector <> - format: match_rnid4 config1:31 mask:31
46 [139936306186112] INFO perfrun.perfcollector <> - format: mask0 config2:0-31 mask:0-31
46 [139936306186112] INFO perfrun.perfcollector <> - format: match_mc config1:9-12 mask:9-12
46 [139936306186112] INFO perfrun.perfcollector <> - hwInfo : PERF_QPI_PMU_DETAILS
46 [139936306186112] INFO perfrun.perfcollector <> - pmu added : family : uncore_qpi , id : 1
46 [139936306186112] INFO perfrun.perfcollector <> - dir found : /sys/bus/event_source/devices/uncore_cbox_6
46 [139936306186112] INFO perfrun.perfcollector <> - format: event config:0-7 mask:0-7
46 [139936306186112] INFO perfrun.perfcollector <> - format: filter_link config1:6-8 mask:6-8
46 [139936306186112] INFO perfrun.perfcollector <> - format: filter_c6 config1:61 mask:61
47 [139936306186112] INFO perfrun.perfcollector <> - format: edge config:18 mask:18
47 [139936306186112] INFO perfrun.perfcollector <> - format: filter_isoc config1:63 mask:63
47 [139936306186112] INFO perfrun.perfcollector <> - format: filter_tid config1:0-5 mask:0-5
47 [139936306186112] INFO perfrun.perfcollector <> - format: filter_nid config1:32-47 mask:32-47
47 [139936306186112] INFO perfrun.perfcollector <> - format: filter_nc config1:62 mask:62
47 [139936306186112] INFO perfrun.perfcollector <> - format: umask config:8-15 mask:8-15
47 [139936306186112] INFO perfrun.perfcollector <> - format: tid_en config:19 mask:19
47 [139936306186112] INFO perfrun.perfcollector <> - format: thresh config:24-31 mask:24-31
47 [139936306186112] INFO perfrun.perfcollector <> - format: filter_state config1:17-23 mask:17-23
47 [139936306186112] INFO perfrun.perfcollector <> - format: filter_opc config1:52-60 mask:52-60
47 [139936306186112] WARN perfrun.perfcollector <> - pmu hwInfo is not set, at file: vcs/perfrun1/plugins/perfcollector/src/controller.cpp:779
47 [139936306186112] INFO perfrun.perfcollector <> - pmu added : family : uncore_cbox , id : 6
47 [139936306186112] INFO perfrun.perfcollector <> - dir found : /sys/bus/event_source/devices/uncore_imc_1
47 [139936306186112] INFO perfrun.perfcollector <> - format: event config:0-7 mask:0-7
47 [139936306186112] INFO perfrun.perfcollector <> - format: edge config:18 mask:18
47 [139936306186112] INFO perfrun.perfcollector <> - format: inv config:23 mask:23
48 [139936306186112] INFO perfrun.perfcollector <> - format: umask config:8-15 mask:8-15
48 [139936306186112] INFO perfrun.perfcollector <> - format: thresh config:24-31 mask:24-31
48 [139936306186112] INFO perfrun.perfcollector <> - hwInfo : PERF_IMC_PMU_DETAILS
48 [139936306186112] INFO perfrun.perfcollector <> - pmu added : family : uncore_imc , id : 1
48 [139936306186112] INFO perfrun.perfcollector <> - dir found : /sys/bus/event_source/devices/power
48 [139936306186112] INFO perfrun.perfcollector <> - format: event config:0-7 mask:0-7
48 [139936306186112] WARN perfrun.perfcollector <> - pmu hwInfo is not set, at file: vcs/perfrun1/plugins/perfcollector/src/controller.cpp:779
48 [139936306186112] INFO perfrun.perfcollector <> - pmu added : family : power , id : 0
48 [139936306186112] INFO perfrun.perfcollector <> - dir found : /sys/bus/event_source/devices/uncore_cbox_4
48 [139936306186112] INFO perfrun.perfcollector <> - format: event config:0-7 mask:0-7
48 [139936306186112] INFO perfrun.perfcollector <> - format: filter_link config1:6-8 mask:6-8
48 [139936306186112] INFO perfrun.perfcollector <> - format: filter_c6 config1:61 mask:61
48 [139936306186112] INFO perfrun.perfcollector <> - format: edge config:18 mask:18
48 [139936306186112] INFO perfrun.perfcollector <> - format: filter_isoc config1:63 mask:63
48 [139936306186112] INFO perfrun.perfcollector <> - format: filter_tid config1:0-5 mask:0-5
48 [139936306186112] INFO perfrun.perfcollector <> - format: filter_nid config1:32-47 mask:32-47
48 [139936306186112] INFO perfrun.perfcollector <> - format: filter_nc config1:62 mask:62
48 [139936306186112] INFO perfrun.perfcollector <> - format: umask config:8-15 mask:8-15
48 [139936306186112] INFO perfrun.perfcollector <> - format: tid_en config:19 mask:19
49 [139936306186112] INFO perfrun.perfcollector <> - format: thresh config:24-31 mask:24-31
49 [139936306186112] INFO perfrun.perfcollector <> - format: filter_state config1:17-23 mask:17-23
49 [139936306186112] INFO perfrun.perfcollector <> - format: filter_opc config1:52-60 mask:52-60
49 [139936306186112] WARN perfrun.perfcollector <> - pmu hwInfo is not set, at file: vcs/perfrun1/plugins/perfcollector/src/controller.cpp:779
49 [139936306186112] INFO perfrun.perfcollector <> - pmu added : family : uncore_cbox , id : 4
49 [139936306186112] INFO perfrun.perfcollector <> - dir found : /sys/bus/event_source/devices/uprobe
49 [139936306186112] INFO perfrun.perfcollector <> - format: ref_ctr_offset config:32-63 mask:32-63
49 [139936306186112] INFO perfrun.perfcollector <> - format: retprobe config:0 mask:0
49 [139936306186112] WARN perfrun.perfcollector <> - pmu hwInfo is not set, at file: vcs/perfrun1/plugins/perfcollector/src/controller.cpp:779
49 [139936306186112] INFO perfrun.perfcollector <> - pmu added : family : uprobe , id : 0
49 [139936306186112] INFO perfrun.perfcollector <> - dir found : /sys/bus/event_source/devices/cpu
49 [139936306186112] INFO perfrun.perfcollector <> - format: event config:0-7 mask:0-7
49 [139936306186112] INFO perfrun.perfcollector <> - format: pc config:19 mask:19
49 [139936306186112] INFO perfrun.perfcollector <> - format: in_tx config:32 mask:32
49 [139936306186112] INFO perfrun.perfcollector <> - format: edge config:18 mask:18
49 [139936306186112] INFO perfrun.perfcollector <> - format: any config:21 mask:21
49 [139936306186112] INFO perfrun.perfcollector <> - format: offcore_rsp config1:0-63 mask:0-63
49 [139936306186112] INFO perfrun.perfcollector <> - format: in_tx_cp config:33 mask:33
50 [139936306186112] INFO perfrun.perfcollector <> - format: ldlat config1:0-15 mask:0-15
50 [139936306186112] INFO perfrun.perfcollector <> - format: inv config:23 mask:23
50 [139936306186112] INFO perfrun.perfcollector <> - format: umask config:8-15 mask:8-15
50 [139936306186112] INFO perfrun.perfcollector <> - format: cmask config:24-31 mask:24-31
50 [139936306186112] INFO perfrun.perfcollector <> - hwInfo : PERF_CPU_PMU_DETAILS
50 [139936306186112] INFO perfrun.perfcollector <> - pmu added : family : cpu , id : 0
50 [139936306186112] INFO perfrun.perfcollector <> - dir found : /sys/bus/event_source/devices/uncore_r3qpi_0
50 [139936306186112] INFO perfrun.perfcollector <> - format: event config:0-7 mask:0-7
50 [139936306186112] INFO perfrun.perfcollector <> - format: edge config:18 mask:18
50 [139936306186112] INFO perfrun.perfcollector <> - format: inv config:23 mask:23
50 [139936306186112] INFO perfrun.perfcollector <> - format: umask config:8-15 mask:8-15
50 [139936306186112] INFO perfrun.perfcollector <> - format: thresh config:24-31 mask:24-31
50 [139936306186112] WARN perfrun.perfcollector <> - pmu hwInfo is not set, at file: vcs/perfrun1/plugins/perfcollector/src/controller.cpp:779
50 [139936306186112] INFO perfrun.perfcollector <> - pmu added : family : uncore_r3qpi , id : 0
50 [139936306186112] INFO perfrun.perfcollector <> - dir found : /sys/bus/event_source/devices/cstate_core
50 [139936306186112] INFO perfrun.perfcollector <> - format: event config:0-63 mask:0-63
50 [139936306186112] WARN perfrun.perfcollector <> - pmu hwInfo is not set, at file: vcs/perfrun1/plugins/perfcollector/src/controller.cpp:779
50 [139936306186112] INFO perfrun.perfcollector <> - pmu added : family : cstate_core , id : 0
50 [139936306186112] INFO perfrun.perfcollector <> - dir found : /sys/bus/event_source/devices/uncore_cbox_2
51 [139936306186112] INFO perfrun.perfcollector <> - format: event config:0-7 mask:0-7
51 [139936306186112] INFO perfrun.perfcollector <> - format: filter_link config1:6-8 mask:6-8
51 [139936306186112] INFO perfrun.perfcollector <> - format: filter_c6 config1:61 mask:61
51 [139936306186112] INFO perfrun.perfcollector <> - format: edge config:18 mask:18
51 [139936306186112] INFO perfrun.perfcollector <> - format: filter_isoc config1:63 mask:63
51 [139936306186112] INFO perfrun.perfcollector <> - format: filter_tid config1:0-5 mask:0-5
51 [139936306186112] INFO perfrun.perfcollector <> - format: filter_nid config1:32-47 mask:32-47
51 [139936306186112] INFO perfrun.perfcollector <> - format: filter_nc config1:62 mask:62
51 [139936306186112] INFO perfrun.perfcollector <> - format: umask config:8-15 mask:8-15
51 [139936306186112] INFO perfrun.perfcollector <> - format: tid_en config:19 mask:19
51 [139936306186112] INFO perfrun.perfcollector <> - format: thresh config:24-31 mask:24-31
51 [139936306186112] INFO perfrun.perfcollector <> - format: filter_state config1:17-23 mask:17-23
51 [139936306186112] INFO perfrun.perfcollector <> - format: filter_opc config1:52-60 mask:52-60
51 [139936306186112] WARN perfrun.perfcollector <> - pmu hwInfo is not set, at file: vcs/perfrun1/plugins/perfcollector/src/controller.cpp:779
51 [139936306186112] INFO perfrun.perfcollector <> - pmu added : family : uncore_cbox , id : 2
51 [139936306186112] INFO perfrun.perfcollector <> - dir found : /sys/bus/event_source/devices/breakpoint
51 [139936306186112] WARN perfrun.perfcollector <> - format subdir doesn't exist, at file: vcs/perfrun1/plugins/perfcollector/src/controller.cpp:685
51 [139936306186112] WARN perfrun.perfcollector <> - pmu hwInfo is not set, at file: vcs/perfrun1/plugins/perfcollector/src/controller.cpp:779
52 [139936306186112] INFO perfrun.perfcollector <> - pmu added : family : breakpoint , id : 0
52 [139936306186112] INFO perfrun.perfcollector <> - dir found : /sys/bus/event_source/devices/uncore_ha_0
52 [139936306186112] INFO perfrun.perfcollector <> - format: event config:0-7 mask:0-7
52 [139936306186112] INFO perfrun.perfcollector <> - format: edge config:18 mask:18
52 [139936306186112] INFO perfrun.perfcollector <> - format: inv config:23 mask:23
52 [139936306186112] INFO perfrun.perfcollector <> - format: umask config:8-15 mask:8-15
52 [139936306186112] INFO perfrun.perfcollector <> - format: thresh config:24-31 mask:24-31
52 [139936306186112] WARN perfrun.perfcollector <> - pmu hwInfo is not set, at file: vcs/perfrun1/plugins/perfcollector/src/controller.cpp:779
52 [139936306186112] INFO perfrun.perfcollector <> - pmu added : family : uncore_ha , id : 0
52 [139936306186112] INFO perfrun.perfcollector <> - dir found : /sys/bus/event_source/devices/uncore_cbox_0
52 [139936306186112] INFO perfrun.perfcollector <> - format: event config:0-7 mask:0-7
52 [139936306186112] INFO perfrun.perfcollector <> - format: filter_link config1:6-8 mask:6-8
52 [139936306186112] INFO perfrun.perfcollector <> - format: filter_c6 config1:61 mask:61
52 [139936306186112] INFO perfrun.perfcollector <> - format: edge config:18 mask:18
52 [139936306186112] INFO perfrun.perfcollector <> - format: filter_isoc config1:63 mask:63
52 [139936306186112] INFO perfrun.perfcollector <> - format: filter_tid config1:0-5 mask:0-5
52 [139936306186112] INFO perfrun.perfcollector <> - format: filter_nid config1:32-47 mask:32-47
52 [139936306186112] INFO perfrun.perfcollector <> - format: filter_nc config1:62 mask:62
53 [139936306186112] INFO perfrun.perfcollector <> - format: umask config:8-15 mask:8-15
53 [139936306186112] INFO perfrun.perfcollector <> - format: tid_en config:19 mask:19
53 [139936306186112] INFO perfrun.perfcollector <> - format: thresh config:24-31 mask:24-31
53 [139936306186112] INFO perfrun.perfcollector <> - format: filter_state config1:17-23 mask:17-23
53 [139936306186112] INFO perfrun.perfcollector <> - format: filter_opc config1:52-60 mask:52-60
53 [139936306186112] WARN perfrun.perfcollector <> - pmu hwInfo is not set, at file: vcs/perfrun1/plugins/perfcollector/src/controller.cpp:779
53 [139936306186112] INFO perfrun.perfcollector <> - pmu added : family : uncore_cbox , id : 0
53 [139936306186112] INFO perfrun.perfcollector <> - dir found : /sys/bus/event_source/devices/tracepoint
53 [139936306186112] WARN perfrun.perfcollector <> - format subdir doesn't exist, at file: vcs/perfrun1/plugins/perfcollector/src/controller.cpp:685
53 [139936306186112] WARN perfrun.perfcollector <> - pmu hwInfo is not set, at file: vcs/perfrun1/plugins/perfcollector/src/controller.cpp:779
53 [139936306186112] INFO perfrun.perfcollector <> - pmu added : family : tracepoint , id : 0
53 [139936306186112] INFO perfrun.perfcollector <> - dir found : /sys/bus/event_source/devices/uncore_cbox_9
53 [139936306186112] INFO perfrun.perfcollector <> - format: event config:0-7 mask:0-7
53 [139936306186112] INFO perfrun.perfcollector <> - format: filter_link config1:6-8 mask:6-8
53 [139936306186112] INFO perfrun.perfcollector <> - format: filter_c6 config1:61 mask:61
53 [139936306186112] INFO perfrun.perfcollector <> - format: edge config:18 mask:18
53 [139936306186112] INFO perfrun.perfcollector <> - format: filter_isoc config1:63 mask:63
53 [139936306186112] INFO perfrun.perfcollector <> - format: filter_tid config1:0-5 mask:0-5
53 [139936306186112] INFO perfrun.perfcollector <> - format: filter_nid config1:32-47 mask:32-47
54 [139936306186112] INFO perfrun.perfcollector <> - format: filter_nc config1:62 mask:62
54 [139936306186112] INFO perfrun.perfcollector <> - format: umask config:8-15 mask:8-15
54 [139936306186112] INFO perfrun.perfcollector <> - format: tid_en config:19 mask:19
54 [139936306186112] INFO perfrun.perfcollector <> - format: thresh config:24-31 mask:24-31
54 [139936306186112] INFO perfrun.perfcollector <> - format: filter_state config1:17-23 mask:17-23
54 [139936306186112] INFO perfrun.perfcollector <> - format: filter_opc config1:52-60 mask:52-60
54 [139936306186112] WARN perfrun.perfcollector <> - pmu hwInfo is not set, at file: vcs/perfrun1/plugins/perfcollector/src/controller.cpp:779
54 [139936306186112] INFO perfrun.perfcollector <> - pmu added : family : uncore_cbox , id : 9
54 [139936306186112] INFO perfrun.perfcollector <> - dir found : /sys/bus/event_source/devices/cstate_pkg
54 [139936306186112] INFO perfrun.perfcollector <> - format: event config:0-63 mask:0-63
54 [139936306186112] WARN perfrun.perfcollector <> - pmu hwInfo is not set, at file: vcs/perfrun1/plugins/perfcollector/src/controller.cpp:779
54 [139936306186112] INFO perfrun.perfcollector <> - pmu added : family : cstate_pkg , id : 0
54 [139936306186112] INFO perfrun.perfcollector <> - dir found : /sys/bus/event_source/devices/uncore_imc_4
54 [139936306186112] INFO perfrun.perfcollector <> - format: event config:0-7 mask:0-7
54 [139936306186112] INFO perfrun.perfcollector <> - format: edge config:18 mask:18
54 [139936306186112] INFO perfrun.perfcollector <> - format: inv config:23 mask:23
54 [139936306186112] INFO perfrun.perfcollector <> - format: umask config:8-15 mask:8-15
55 [139936306186112] INFO perfrun.perfcollector <> - format: thresh config:24-31 mask:24-31
55 [139936306186112] INFO perfrun.perfcollector <> - hwInfo : PERF_IMC_PMU_DETAILS
55 [139936306186112] INFO perfrun.perfcollector <> - pmu added : family : uncore_imc , id : 4
55 [139936306186112] INFO perfrun.perfcollector <> - dir found : /sys/bus/event_source/devices/uncore_ubox
55 [139936306186112] INFO perfrun.perfcollector <> - format: event config:0-7 mask:0-7
55 [139936306186112] INFO perfrun.perfcollector <> - format: edge config:18 mask:18
55 [139936306186112] INFO perfrun.perfcollector <> - format: inv config:23 mask:23
55 [139936306186112] INFO perfrun.perfcollector <> - format: umask config:8-15 mask:8-15
55 [139936306186112] INFO perfrun.perfcollector <> - format: thresh config:24-28 mask:24-28
55 [139936306186112] WARN perfrun.perfcollector <> - pmu hwInfo is not set, at file: vcs/perfrun1/plugins/perfcollector/src/controller.cpp:779
55 [139936306186112] INFO perfrun.perfcollector <> - pmu added : family : uncore_ubox , id : 0
55 [139936306186112] INFO perfrun.perfcollector <> - dir found : /sys/bus/event_source/devices/uncore_cbox_7
55 [139936306186112] INFO perfrun.perfcollector <> - format: event config:0-7 mask:0-7
55 [139936306186112] INFO perfrun.perfcollector <> - format: filter_link config1:6-8 mask:6-8
55 [139936306186112] INFO perfrun.perfcollector <> - format: filter_c6 config1:61 mask:61
55 [139936306186112] INFO perfrun.perfcollector <> - format: edge config:18 mask:18
55 [139936306186112] INFO perfrun.perfcollector <> - format: filter_isoc config1:63 mask:63
55 [139936306186112] INFO perfrun.perfcollector <> - format: filter_tid config1:0-5 mask:0-5
56 [139936306186112] INFO perfrun.perfcollector <> - format: filter_nid config1:32-47 mask:32-47
56 [139936306186112] INFO perfrun.perfcollector <> - format: filter_nc config1:62 mask:62
56 [139936306186112] INFO perfrun.perfcollector <> - format: umask config:8-15 mask:8-15
56 [139936306186112] INFO perfrun.perfcollector <> - format: tid_en config:19 mask:19
56 [139936306186112] INFO perfrun.perfcollector <> - format: thresh config:24-31 mask:24-31
56 [139936306186112] INFO perfrun.perfcollector <> - format: filter_state config1:17-23 mask:17-23
56 [139936306186112] INFO perfrun.perfcollector <> - format: filter_opc config1:52-60 mask:52-60
56 [139936306186112] WARN perfrun.perfcollector <> - pmu hwInfo is not set, at file: vcs/perfrun1/plugins/perfcollector/src/controller.cpp:779
56 [139936306186112] INFO perfrun.perfcollector <> - pmu added : family : uncore_cbox , id : 7
56 [139936306186112] INFO perfrun.perfcollector <> - dir found : /sys/bus/event_source/devices/uncore_imc_2
56 [139936306186112] INFO perfrun.perfcollector <> - format: event config:0-7 mask:0-7
56 [139936306186112] INFO perfrun.perfcollector <> - format: edge config:18 mask:18
56 [139936306186112] INFO perfrun.perfcollector <> - format: inv config:23 mask:23
56 [139936306186112] INFO perfrun.perfcollector <> - format: umask config:8-15 mask:8-15
56 [139936306186112] INFO perfrun.perfcollector <> - format: thresh config:24-31 mask:24-31
56 [139936306186112] INFO perfrun.perfcollector <> - hwInfo : PERF_IMC_PMU_DETAILS
56 [139936306186112] INFO perfrun.perfcollector <> - pmu added : family : uncore_imc , id : 2
56 [139936306186112] INFO perfrun.perfcollector <> - dir found : /sys/bus/event_source/devices/kprobe
57 [139936306186112] INFO perfrun.perfcollector <> - format: retprobe config:0 mask:0
57 [139936306186112] WARN perfrun.perfcollector <> - pmu hwInfo is not set, at file: vcs/perfrun1/plugins/perfcollector/src/controller.cpp:779
57 [139936306186112] INFO perfrun.perfcollector <> - pmu added : family : kprobe , id : 0
57 [139936306186112] INFO perfrun.perfcollector <> - dir found : /sys/bus/event_source/devices/uncore_qpi_0
57 [139936306186112] INFO perfrun.perfcollector <> - format: mask_rnid4 config2:31 mask:31
57 [139936306186112] INFO perfrun.perfcollector <> - format: mask_rnid30 config2:32-35 mask:32-35
57 [139936306186112] INFO perfrun.perfcollector <> - format: match_rnid30 config1:32-35 mask:32-35
57 [139936306186112] INFO perfrun.perfcollector <> - format: event config:0-7,21 mask:0-7,21
57 [139936306186112] INFO perfrun.perfcollector <> - format: match0 config1:0-31 mask:0-31
57 [139936306186112] INFO perfrun.perfcollector <> - format: match_rds config1:48-51 mask:48-51
57 [139936306186112] INFO perfrun.perfcollector <> - format: mask_rds config2:48-51 mask:48-51
57 [139936306186112] INFO perfrun.perfcollector <> - format: edge config:18 mask:18
57 [139936306186112] INFO perfrun.perfcollector <> - format: mask1 config2:32-63 mask:32-63
57 [139936306186112] INFO perfrun.perfcollector <> - format: match_dnid config1:13-17 mask:13-17
57 [139936306186112] INFO perfrun.perfcollector <> - format: mask_dnid config2:13-17 mask:13-17
57 [139936306186112] INFO perfrun.perfcollector <> - format: match_vnw config1:3-4 mask:3-4
57 [139936306186112] INFO perfrun.perfcollector <> - format: mask_vnw config2:3-4 mask:3-4
58 [139936306186112] INFO perfrun.perfcollector <> - format: mask_mc config2:9-12 mask:9-12
58 [139936306186112] INFO perfrun.perfcollector <> - format: match1 config1:32-63 mask:32-63
58 [139936306186112] INFO perfrun.perfcollector <> - format: inv config:23 mask:23
58 [139936306186112] INFO perfrun.perfcollector <> - format: umask config:8-15 mask:8-15
58 [139936306186112] INFO perfrun.perfcollector <> - format: match_opc config1:5-8 mask:5-8
58 [139936306186112] INFO perfrun.perfcollector <> - format: mask_opc config2:5-8 mask:5-8
58 [139936306186112] INFO perfrun.perfcollector <> - format: thresh config:24-31 mask:24-31
58 [139936306186112] INFO perfrun.perfcollector <> - format: match_rnid4 config1:31 mask:31
58 [139936306186112] INFO perfrun.perfcollector <> - format: mask0 config2:0-31 mask:0-31
58 [139936306186112] INFO perfrun.perfcollector <> - format: match_mc config1:9-12 mask:9-12
58 [139936306186112] INFO perfrun.perfcollector <> - hwInfo : PERF_QPI_PMU_DETAILS
58 [139936306186112] INFO perfrun.perfcollector <> - pmu added : family : uncore_qpi , id : 0
58 [139936306186112] INFO perfrun.perfcollector <> - dir found : /sys/bus/event_source/devices/uncore_cbox_5
58 [139936306186112] INFO perfrun.perfcollector <> - format: event config:0-7 mask:0-7
58 [139936306186112] INFO perfrun.perfcollector <> - format: filter_link config1:6-8 mask:6-8
58 [139936306186112] INFO perfrun.perfcollector <> - format: filter_c6 config1:61 mask:61
59 [139936306186112] INFO perfrun.perfcollector <> - format: edge config:18 mask:18
59 [139936306186112] INFO perfrun.perfcollector <> - format: filter_isoc config1:63 mask:63
59 [139936306186112] INFO perfrun.perfcollector <> - format: filter_tid config1:0-5 mask:0-5
59 [139936306186112] INFO perfrun.perfcollector <> - format: filter_nid config1:32-47 mask:32-47
59 [139936306186112] INFO perfrun.perfcollector <> - format: filter_nc config1:62 mask:62
59 [139936306186112] INFO perfrun.perfcollector <> - format: umask config:8-15 mask:8-15
59 [139936306186112] INFO perfrun.perfcollector <> - format: tid_en config:19 mask:19
59 [139936306186112] INFO perfrun.perfcollector <> - format: thresh config:24-31 mask:24-31
59 [139936306186112] INFO perfrun.perfcollector <> - format: filter_state config1:17-23 mask:17-23
59 [139936306186112] INFO perfrun.perfcollector <> - format: filter_opc config1:52-60 mask:52-60
59 [139936306186112] WARN perfrun.perfcollector <> - pmu hwInfo is not set, at file: vcs/perfrun1/plugins/perfcollector/src/controller.cpp:779
59 [139936306186112] INFO perfrun.perfcollector <> - pmu added : family : uncore_cbox , id : 5
59 [139936306186112] INFO perfrun.perfcollector <> - dir found : /sys/bus/event_source/devices/uncore_imc_0
59 [139936306186112] INFO perfrun.perfcollector <> - format: event config:0-7 mask:0-7
59 [139936306186112] INFO perfrun.perfcollector <> - format: edge config:18 mask:18
59 [139936306186112] INFO perfrun.perfcollector <> - format: inv config:23 mask:23
59 [139936306186112] INFO perfrun.perfcollector <> - format: umask config:8-15 mask:8-15
60 [139936306186112] INFO perfrun.perfcollector <> - format: thresh config:24-31 mask:24-31
60 [139936306186112] INFO perfrun.perfcollector <> - hwInfo : PERF_IMC_PMU_DETAILS
60 [139936306186112] INFO perfrun.perfcollector <> - pmu added : family : uncore_imc , id : 0
60 [139936306186112] INFO perfrun.perfcollector <> - dir found : /sys/bus/event_source/devices/uncore_pcu
60 [139936306186112] INFO perfrun.perfcollector <> - format: filter_band2 config1:16-23 mask:16-23
60 [139936306186112] INFO perfrun.perfcollector <> - format: event config:0-7 mask:0-7
60 [139936306186112] INFO perfrun.perfcollector <> - format: filter_band0 config1:0-7 mask:0-7
60 [139936306186112] INFO perfrun.perfcollector <> - format: edge config:18 mask:18
60 [139936306186112] INFO perfrun.perfcollector <> - format: occ_invert config:30 mask:30
60 [139936306186112] INFO perfrun.perfcollector <> - format: occ_edge config:14-51 mask:14-51
60 [139936306186112] INFO perfrun.perfcollector <> - format: filter_band3 config1:24-31 mask:24-31
60 [139936306186112] INFO perfrun.perfcollector <> - format: filter_band1 config1:8-15 mask:8-15
60 [139936306186112] INFO perfrun.perfcollector <> - format: inv config:23 mask:23
60 [139936306186112] INFO perfrun.perfcollector <> - format: thresh config:24-28 mask:24-28
60 [139936306186112] INFO perfrun.perfcollector <> - format: occ_sel config:14-15 mask:14-15
60 [139936306186112] WARN perfrun.perfcollector <> - pmu hwInfo is not set, at file: vcs/perfrun1/plugins/perfcollector/src/controller.cpp:779
60 [139936306186112] INFO perfrun.perfcollector <> - pmu added : family : uncore_pcu , id : 0
60 [139936306186112] INFO perfrun.perfcollector <> - dir found : /sys/bus/event_source/devices/uncore_r3qpi_1
61 [139936306186112] INFO perfrun.perfcollector <> - format: event config:0-7 mask:0-7
61 [139936306186112] INFO perfrun.perfcollector <> - format: edge config:18 mask:18
61 [139936306186112] INFO perfrun.perfcollector <> - format: inv config:23 mask:23
61 [139936306186112] INFO perfrun.perfcollector <> - format: umask config:8-15 mask:8-15
61 [139936306186112] INFO perfrun.perfcollector <> - format: thresh config:24-31 mask:24-31
61 [139936306186112] WARN perfrun.perfcollector <> - pmu hwInfo is not set, at file: vcs/perfrun1/plugins/perfcollector/src/controller.cpp:779
61 [139936306186112] INFO perfrun.perfcollector <> - pmu added : family : uncore_r3qpi , id : 1
61 [139936306186112] INFO perfrun.perfcollector <> - dir found : /sys/bus/event_source/devices/msr
61 [139936306186112] INFO perfrun.perfcollector <> - format: event config:0-63 mask:0-63
61 [139936306186112] WARN perfrun.perfcollector <> - pmu hwInfo is not set, at file: vcs/perfrun1/plugins/perfcollector/src/controller.cpp:779
61 [139936306186112] INFO perfrun.perfcollector <> - pmu added : family : msr , id : 0
61 [139936306186112] INFO perfrun.perfcollector <> - dir found : /sys/bus/event_source/devices/uncore_cbox_3
61 [139936306186112] INFO perfrun.perfcollector <> - format: event config:0-7 mask:0-7
61 [139936306186112] INFO perfrun.perfcollector <> - format: filter_link config1:6-8 mask:6-8
61 [139936306186112] INFO perfrun.perfcollector <> - format: filter_c6 config1:61 mask:61
61 [139936306186112] INFO perfrun.perfcollector <> - format: edge config:18 mask:18
62 [139936306186112] INFO perfrun.perfcollector <> - format: filter_isoc config1:63 mask:63
62 [139936306186112] INFO perfrun.perfcollector <> - format: filter_tid config1:0-5 mask:0-5
62 [139936306186112] INFO perfrun.perfcollector <> - format: filter_nid config1:32-47 mask:32-47
62 [139936306186112] INFO perfrun.perfcollector <> - format: filter_nc config1:62 mask:62
62 [139936306186112] INFO perfrun.perfcollector <> - format: umask config:8-15 mask:8-15
62 [139936306186112] INFO perfrun.perfcollector <> - format: tid_en config:19 mask:19
62 [139936306186112] INFO perfrun.perfcollector <> - format: thresh config:24-31 mask:24-31
62 [139936306186112] INFO perfrun.perfcollector <> - format: filter_state config1:17-23 mask:17-23
62 [139936306186112] INFO perfrun.perfcollector <> - format: filter_opc config1:52-60 mask:52-60
62 [139936306186112] WARN perfrun.perfcollector <> - pmu hwInfo is not set, at file: vcs/perfrun1/plugins/perfcollector/src/controller.cpp:779
62 [139936306186112] INFO perfrun.perfcollector <> - pmu added : family : uncore_cbox , id : 3
62 [139936306186112] INFO perfrun.perfcollector <> - dir found : /sys/bus/event_source/devices/intel_pt
62 [139936306186112] INFO perfrun.perfcollector <> - format: ptw config:12 mask:12
62 [139936306186112] INFO perfrun.perfcollector <> - format: cyc_thresh config:19-22 mask:19-22
62 [139936306186112] INFO perfrun.perfcollector <> - format: pt config:0 mask:0
62 [139936306186112] INFO perfrun.perfcollector <> - format: branch config:13 mask:13
62 [139936306186112] INFO perfrun.perfcollector <> - format: tsc config:10 mask:10
62 [139936306186112] INFO perfrun.perfcollector <> - format: pwr_evt config:4 mask:4
63 [139936306186112] INFO perfrun.perfcollector <> - format: fup_on_ptw config:5 mask:5
63 [139936306186112] INFO perfrun.perfcollector <> - format: cyc config:1 mask:1
63 [139936306186112] INFO perfrun.perfcollector <> - format: noretcomp config:11 mask:11
63 [139936306186112] INFO perfrun.perfcollector <> - format: mtc config:9 mask:9
63 [139936306186112] INFO perfrun.perfcollector <> - format: psb_period config:24-27 mask:24-27
63 [139936306186112] INFO perfrun.perfcollector <> - format: mtc_period config:14-17 mask:14-17
63 [139936306186112] WARN perfrun.perfcollector <> - pmu hwInfo is not set, at file: vcs/perfrun1/plugins/perfcollector/src/controller.cpp:779
63 [139936306186112] INFO perfrun.perfcollector <> - pmu added : family : intel_pt , id : 0
63 [139936306186112] INFO perfrun.perfcollector <> - dir found : /sys/bus/event_source/devices/uncore_cbox_1
63 [139936306186112] INFO perfrun.perfcollector <> - format: event config:0-7 mask:0-7
63 [139936306186112] INFO perfrun.perfcollector <> - format: filter_link config1:6-8 mask:6-8
63 [139936306186112] INFO perfrun.perfcollector <> - format: filter_c6 config1:61 mask:61
63 [139936306186112] INFO perfrun.perfcollector <> - format: edge config:18 mask:18
63 [139936306186112] INFO perfrun.perfcollector <> - format: filter_isoc config1:63 mask:63
63 [139936306186112] INFO perfrun.perfcollector <> - format: filter_tid config1:0-5 mask:0-5
63 [139936306186112] INFO perfrun.perfcollector <> - format: filter_nid config1:32-47 mask:32-47
64 [139936306186112] INFO perfrun.perfcollector <> - format: filter_nc config1:62 mask:62
64 [139936306186112] INFO perfrun.perfcollector <> - format: umask config:8-15 mask:8-15
64 [139936306186112] INFO perfrun.perfcollector <> - format: tid_en config:19 mask:19
64 [139936306186112] INFO perfrun.perfcollector <> - format: thresh config:24-31 mask:24-31
64 [139936306186112] INFO perfrun.perfcollector <> - format: filter_state config1:17-23 mask:17-23
64 [139936306186112] INFO perfrun.perfcollector <> - format: filter_opc config1:52-60 mask:52-60
64 [139936306186112] WARN perfrun.perfcollector <> - pmu hwInfo is not set, at file: vcs/perfrun1/plugins/perfcollector/src/controller.cpp:779
64 [139936306186112] INFO perfrun.perfcollector <> - pmu added : family : uncore_cbox , id : 1
64 [139936306186112] INFO perfrun.launcher <> - plugin perf has been added successfully
64 [139936306186112] INFO perfrun.launcher <> - plugin aoclprofile has been added successfully
64 [139936306186112] INFO perfrun.launcher <> - plugin tpss has been added successfully
65 [139936306186112] INFO perfrun.launcher <> - plugin exprof has been added successfully
65 [139936306186112] INFO perfrun.launcher <> - plugin media has been added successfully
65 [139936306186112] INFO perfrun.launcher <> - plugin ice has been added successfully
65 [139936306186112] INFO perfrun.launcher <> - plugin  has been added successfully
65 [139936306186112] INFO perfrun.launcher <> - plugin  has been added successfully
65 [139936306186112] INFO perfrun.launcher <> - plugin parallelfs has been added successfully
65 [139936306186112] INFO perfrun.launcher <> - plugin power has been added successfully
65 [139936306186112] INFO perfrun.launcher <> - plugin hwloc has been added successfully
65 [139936306186112] INFO perfrun.launcher <> - plugin ipmwatch has been added successfully
65 [139936306186112] INFO perfrun.launcher <> - plugin os_counters has been added successfully
66 [139936306186112] INFO perfrun.launcher <> - the option was added --interval: Specify an interval of data collection (for example, sampling) in milliseconds.
66 [139936306186112] INFO perfrun.launcher <> - the option was added --follow-child: Profile process with or without children.
66 [139936306186112] INFO perfrun.launcher <> - the option was added --gelding: BADMSG: perfrun1.launcher.plugin_manager::gelding
66 [139936306186112] INFO perfrun.launcher <> - the option was added --time-source: Specify time source for measurement. Possible values: sys - wall clock time; tsc - time stamp counter; ext - time from an external source; auto - auto select accurate time source.
66 [139936306186112] INFO perfrun.launcher <> - the option was added --stack: Enable or disable collection of stacks.
66 [139936306186112] INFO perfrun.launcher <> - the option was added --stack-stitching: Enable or disable the stack stitching algorithm for Intel TBB-based applications.
66 [139936306186112] INFO perfrun.launcher <> - the option was added --type: Specify type of data to be collected. For example, --type cpu:counters,waiting:nostack,io.
66 [139936306186112] INFO perfrun.launcher <> - the option was added --mrte-mode: Specify Java/.NET/other managed runtime collection mode. Possible values: native - collect information only for native code; managed - collect information only for managed code; mixed - collect information for both managed and native code; auto - choose the mode based on binary type.
66 [139936306186112] INFO perfrun.launcher <> - the option was added --mrte-mode-list: List supported Java/.NET/other managed runtime collection modes.
66 [139936306186112] INFO perfrun.launcher <> - the option was added --mrte-type: Specify which managed runtimes to collect. Possible values: java - collect information for Java; dotnet - collect information for .NET; python - collect information for CPython. You can specify several values separated by comma.
66 [139936306186112] INFO perfrun.launcher <> - the option was added --mrte-type-list: List supported Java/.NET/other managed runtime types.
67 [139936306186112] INFO perfrun.launcher <> - the option was added --trace-strategy: Specify how to profile a process tree. <string> can be "<process>:trace:notrace" - profile the process but do not profile its children. Shorthand parameters: t - trace, nt - notrace. For example, "vtunedemo.exe:t:t".
67 [139936306186112] INFO perfrun.launcher <> - the option was added --collector: BADMSG: perfrun1.launcher.plugin_manager::collector
67 [139936306186112] INFO perfrun.launcher <> - the option was added --system-wide: Enable system-wide profiling. This mode may require additional permissions.
67 [139936306186112] INFO perfrun.launcher <> - the option was added --kvm-guest: Enable KVM guest OS profiling.
67 [139936306186112] INFO perfrun.launcher <> - the option was added --kvm-guest-kallsyms: Specify a local path to the /proc/kallsyms file copied from the guest OS for proper symbol resolution.
67 [139936306186112] INFO perfrun.launcher <> - the option was added --kvm-guest-modules: Specify a local path to the /proc/modules file copied from the guest OS for proper symbol resolution.
67 [139936306186112] INFO perfrun.launcher <> - the option was added --bandwidth-limits: Measure bandwidth limits
67 [139936306186112] INFO perfrun.launcher <> - the option was added --acrn-map-info: Collect map info for ACRN
67 [139936306186112] INFO perfrun.launcher <> - the option was added --bandwidth-strategy: Bandwidth limits determination specific properties (example: --bandwidth-strategy array-size=0,duration=500).
67 [139936306186112] INFO perfrun.launcher <> - the option was added --bandwidth-config: List of benchmarks to run.
67 [139936306186112] INFO perfrun.launcher <> - the option was added --dump-vdso: Dump [vdso] to result directory
67 [139936306186112] INFO perfrun.launcher <> - the option was added --system-collector-config: Specify subcollectors. Possible values: all, container, device-info, none. Specify subcollectors. Possible values: all, vdso.
68 [139936306186112] INFO perfrun.launcher <> - the option was added --itt-config: Specify a sub-set of ITT API to collect.
68 [139936306186112] INFO perfrun.launcher <> - the option was added --itt-debug: Set pseudo-breakpoint at ITT API collector's start to enable the debugger to attach early.
68 [139936306186112] INFO perfrun.launcher <> - the option was added --ptrace: Ptrace collector.
68 [139936306186112] INFO perfrun.launcher <> - the option was added --target-pid: BADMSG: perfrun1.ptracecollector::target-pid
68 [139936306186112] INFO perfrun.launcher <> - the option was added --ptrace-server-pid: BADMSG: perfrun1.ptracecollector::ptrace-server-pid
68 [139936306186112] INFO perfrun.launcher <> - the option was added --ptrace-trace: BADMSG: perfrun1.ptracecollector::ptrace-trace
68 [139936306186112] INFO perfrun.launcher <> - the option was added --ptrace-time-source: BADMSG: perfrun1.ptracecollector::ptrace-time-source
68 [139936306186112] INFO perfrun.launcher <> - the option was added --ptrace-start-type: BADMSG: perfrun1.ptracecollector::ptrace-start-type
68 [139936306186112] INFO perfrun.launcher <> - the option was added --gpu-config: Specify types of GPU data to be collected. Possible values: preset1, preset2.
68 [139936306186112] INFO perfrun.launcher <> - the option was added --gpu-debug: Enable self-testing of the GPGPU profiling collector.
68 [139936306186112] INFO perfrun.launcher <> - the option was added --gpu-counting: Collect GPU data in the counting mode.
68 [139936306186112] INFO perfrun.launcher <> - the option was added --emon-preset: Specify a preset for EMON collector. For available presets, run: emon -preset-list.
68 [139936306186112] INFO perfrun.launcher <> - the option was added --emon-csv-trace-format: Use CSV format for EMON trace file.
69 [139936306186112] INFO perfrun.launcher <> - the option was added --emon-machine-readable-ver: Write machine readable EMON version file.
69 [139936306186112] INFO perfrun.launcher <> - the option was added --custom-collector: Allows to provide arbitrary command line to be run on collection steps.
69 [139936306186112] INFO perfrun.launcher <> - the option was added --stdsrc-config: Specify Standard Sources category tag(s).
69 [139936306186112] INFO perfrun.launcher <> - the option was added --ftrace-config-list: List Linux Ftrace category tag(s).
69 [139936306186112] INFO perfrun.launcher <> - the option was added --ftrace-config: Specify Linux Ftrace category tag(s).
69 [139936306186112] INFO perfrun.launcher <> - the option was added --ftrace-function-groups: Enable tracing of specific groups of functions.
69 [139936306186112] INFO perfrun.launcher <> - the option was added --event-info: BADMSG: perfrun1.stdsrc::event-info
69 [139936306186112] INFO perfrun.launcher <> - the option was added --cpu-list: List supported CPUs.
69 [139936306186112] INFO perfrun.launcher <> - the option was added --target-list: List available targets for performing sampling collection.
69 [139936306186112] INFO perfrun.launcher <> - the option was added --event-value-list: Display event information.
69 [139936306186112] INFO perfrun.launcher <> - the option was added --platform-value-list: Display details of supported platforms.
69 [139936306186112] INFO perfrun.launcher <> - the option was added --uncore-event-list: List uncore events for which a sampling data collection can be performed on this platform.
69 [139936306186112] INFO perfrun.launcher <> - the option was added --modifier-list: Specify the event name <string> for which the modifiers list is requested.
70 [139936306186112] INFO perfrun.launcher <> - the option was added --pmu-list: List supported PMUs.
70 [139936306186112] INFO perfrun.launcher <> - the option was added --os-mode-only: Enable sampling data collection for OS-mode processes only.
70 [139936306186112] INFO perfrun.launcher <> - the option was added --user-mode-only: Enable sampling data collection for user-mode processes only.
70 [139936306186112] INFO perfrun.launcher <> - the option was added --event-config: Perform data collection for the events with <string> configured using the format <event name1>":modifier1=val:modifier2=val/constraint1={:modifier3=val:modifier4=val}...,"<event name2>":... Specify the events(s) to monitor and embed the event names within double quotes("). [:modifier=val] specifies individual event modifiers along with the respective values for a given platform. Note that the modifiers can be generic to an event as well as specific to a constraint (or an event qualifier). The constraint specific special modifiers appear after [/constraint=]. The modifiers can be in decimal or hexadecimal format. Only specific modifiers accept the value as a string. Each event specification is delimited by a comma (,). For a list of supported modifiers and constraints, refer to the documentation.
70 [139936306186112] INFO perfrun.launcher <> - the option was added --chipset-event-config: Perform data collection for the chipset events with <string> configured using the format "<event name1>"...,"<event name2>":... Specify the events(s) to monitor and embed the event names within double quotes(").
70 [139936306186112] INFO perfrun.launcher <> - the option was added --uncore-event-config: Perform uncore data collection in ebc count mode for the events with <string> configured using the format "<event name1>"...,"<event name2>":... Specify the events(s) to monitor and embed the event names within double quotes(").
70 [139936306186112] INFO perfrun.launcher <> - the option was added --count-emon: Enable counting mode and output the data in EMON format.
70 [139936306186112] INFO perfrun.launcher <> - the option was added --event-based-counts: Enable event-based counting mode. During sampling data collection, event counts data is collected for the list of events specified in -event-config option.
70 [139936306186112] INFO perfrun.launcher <> - the option was added --event-mux-tfactor: Specify the event multiplexing tfactor as <integer> to set the length of the interval between interrupts. The larger the tfactor value, the larger the period between interrupts. Currently this option is only available on Intel platforms codenamed Knights Corner.
70 [139936306186112] INFO perfrun.launcher <> - the option was added --full-pebs-capture: Capture full pebs information.
70 [139936306186112] INFO perfrun.launcher <> - the option was added --last-branch-records: Capture Last Branch Records information.
70 [139936306186112] INFO perfrun.launcher <> - the option was added --pmu-type: Specify the targeted PMU name as <string>.
70 [139936306186112] INFO perfrun.launcher <> - the option was added --platform-type: Specify the targeted platform number as <number>.
71 [139936306186112] INFO perfrun.launcher <> - the option was added --p-state-trigger: Specify the name of the trigger event for P-state data as <string>. The default trigger is CPU_CLK_UNHALTED.REF_TSC.
71 [139936306186112] INFO perfrun.launcher <> - the option was added --bts-count: Specify the <integer> number of BTS records collected after each sample or context switch (VTSS++ only).
71 [139936306186112] INFO perfrun.launcher <> - the option was added --cpu-mask: Specify which CPU(s) <string> to collect data on. For example, specify "2-8,10,12-14" to sample only CPUs 2 through 8, 10, and 12 through 14.
71 [139936306186112] INFO perfrun.launcher <> - the option was added --event-mux-alg: Specify the event multiplexing algorithm. Possible values: sequence, timer, trigger.
71 [139936306186112] INFO perfrun.launcher <> - the option was added --event-mux-timeslice: Specify the event multiplexing time slice value as <integer>. The time slice specifies the duration between cycles for each event multiplexing group. The default value is 50 milliseconds. This option is valid only for timer-based event multiplexing. Specify the event multiplexing time slice value as <integer>. The time slice specifies the duration between cycles for each event multiplexing group. The default value is 1 millisecond. This option is valid only for timer-based event multiplexing.
71 [139936306186112] INFO perfrun.launcher <> - the option was added --event-mux-factor: Specify the event multiplexing factor as <integer>. It controls the switching of event multiplexing groups. The default factor is 50. This option is valid only for trigger-based event multiplexing. Specify the event multiplexing factor as <integer>. It controls the switching of event multiplexing groups. The default factor is 1. This option is valid only for trigger-based event multiplexing.
71 [139936306186112] INFO perfrun.launcher <> - the option was added --event-mux-trigger: Specify the name of the trigger event for event multiplexing as <string>. This option is valid only for trigger-based event multiplexing. The default trigger is CPU_CLK_UNHALTED.CORE (or CPU_CLK_UNHALTED.THREAD). BADMSG: perfrun1.vtsspp::event-mux-trigger
71 [139936306186112] INFO perfrun.launcher <> - the option was added --pt-mode: BADMSG: perfrun1.vtsspp::pt-mode
71 [139936306186112] INFO perfrun.launcher <> - the option was added --sample-after-multiplier: Specify the sample after multiplier as <double>. This multiplier modifies the sample after value for all the events specified in -event-config option. The values can range from 0.1 to 100.0. SAV multiplier value
71 [139936306186112] INFO perfrun.launcher <> - the option was added --uncore-sampling-interval: Specify the uncore sampling interval as <integer>. This value set the uncore sampling interval for all the uncore events specified in -event-config option.
71 [139936306186112] INFO perfrun.launcher <> - the option was added --count: Enable counting mode. Enable counting mode
71 [139936306186112] INFO perfrun.launcher <> - the option was added --trace-mpi: Configure collector to trace MPI code.
71 [139936306186112] INFO perfrun.launcher <> - the option was added --aggregated-counting: Enable aggregated counting mode. Enable aggregated-counting mode
72 [139936306186112] INFO perfrun.launcher <> - the option was added --perf-per-cpu: System-wide collection from all CPUs
72 [139936306186112] INFO perfrun.launcher <> - the option was added --raw-perf-config: Specify a verified configuration for the Perf collector in the format: <describer>,<content>. For example: map-events-file,<path_to_map_events_file>.
72 [139936306186112] INFO perfrun.launcher <> - the option was added --sys-config: BADMSG: perfrun1.vtsspp::sys-config Specify types of system data to be collected. Supported value: cswitch - collect context switch information.
72 [139936306186112] INFO perfrun.launcher <> - the option was added --perf-event-config: Specify events for Perf collector in Perf format. For example: perf-event-config=cpu-clock.
72 [139936306186112] INFO perfrun.launcher <> - the option was added --perf-aio: Number of control blocks in asynchronous trace writing mode.
72 [139936306186112] INFO perfrun.launcher <> - the option was added --perf-compression: Specify compression of Perf collector output data. Possible levels: 0 - without compression, 1..3 - best speed, 4..22 - best compression that incurs big overhead.
72 [139936306186112] INFO perfrun.launcher <> - the option was added --perf-mmap-flush: Minimum data size read from the kernel mapped region.
72 [139936306186112] INFO perfrun.launcher <> - the option was added --perf-affinity: Adjust an affinity mask of the Perf thread to a node with an allocated memory trace buffer.
72 [139936306186112] INFO perfrun.launcher <> - the option was added --perf-threads: Setup threading mode for trace writing.
72 [139936306186112] INFO perfrun.launcher <> - the option was added --aocl-profile: Enable profiling data collection through the aocl profiling tool.
72 [139936306186112] INFO perfrun.launcher <> - the option was added --aocl-source-file: Path to .source file that can be found in the compilation output directory of FPGA application. This option is recommended for accurate attribution of performance statistics to the source lines. If not specified, the profiler will try to find the file in the current directory.
72 [139936306186112] INFO perfrun.launcher <> - the option was added --stackwalk: Specify stack unwinding method. Possible values: online - unwind stacks during collection; offline - unwind stacks after collection is finished. Specify stack unwinding method. Possible value: lbr - unwind stacks during collection. Specify stack unwinding method. Possible values: online - unwind stacks during collection; offline - unwind stacks after collection is finished; lbr - enable LBR-based call stack collection. Specify stack unwinding method. Possible values: online - unwind stacks during collection; offline - unwind stacks after collection is finished. Specify stack unwinding method. Possible values: online - unwind stacks during collection; offline - unwind stacks after collection is finished.
73 [139936306186112] INFO perfrun.launcher <> - the option was added --filter-include: Filter data during collection. Possible values: contended=<on|off> - filter out uncontended events; contended_nostack=<time> - filter out stacks for contended events that take less than <time> microseconds; wait=<time> - ignore transitions and blocks with wait time less than <time> microseconds; wait_nostack=<time> - filter out stacks for waits that take less than <time> microseconds.
73 [139936306186112] INFO perfrun.launcher <> - the option was added --debug-pin: Debug PIN tool and runtime.
73 [139936306186112] INFO perfrun.launcher <> - the option was added --debug-exception: Disallow the application to set own abnormal termination handler.
73 [139936306186112] INFO perfrun.launcher <> - the option was added --trace-type: Specify the trace file granularity. Possible values: per-thread - per-thread trace file generation; per-process - per-process trace file generation.
73 [139936306186112] INFO perfrun.launcher <> - the option was added --instrumentation-type: Specify type of instrumentation.
73 [139936306186112] INFO perfrun.launcher <> - the option was added --altstack: Enable or disable usage of altstacks for profiling signal handlers.
73 [139936306186112] INFO perfrun.launcher <> - the option was added --profiling-signal: BADMSG: perfrun1.ptracecollector::profiling-signal Alternate profiling signal.
73 [139936306186112] INFO perfrun.launcher <> - the option was added --memory-strategy: Specify a minimal memory object size to be traced and a hash table size for faster objects search; for example: --memory-strategy obj-size-min=1024,hash-table-size=4096.
73 [139936306186112] INFO perfrun.launcher <> - the option was added --gpu-profiling-type: Specify a type of deep GPU profiling: none, bblatency, memlatency, instcount.
73 [139936306186112] INFO perfrun.launcher <> - the option was added --opencl-trace-mode: Specify OpenCL kernel tracing modes: 'default' to trace OpenCL kernels for Intel Graphics Driver only; 'epoch' for any non-Intel graphics, where OpenCL kernels will be traced and OpenCL profiling API timestamps will be interpreted as Unux Epoch time in nanoseconds; 'completion' to trace OpenCL kernels for any Graphics Driver and bind OpenCL profiling API timestamps to the timestamp of OpenCL completion callback.
73 [139936306186112] INFO perfrun.launcher <> - the option was added --gpu-kernels-to-profile: Specify a comma-separated list of GPU kernel names and invocations to be profiled in the following format: kernel_name[#start_idx#step#stop_idx], where kernel_name is the name of GPU kernel; start_idx is the number of the first invocation; and stop_idx is the number of the last invocation to be profiled.
74 [139936306186112] INFO perfrun.launcher <> - the option was added --exprof-com-list: List available COM ports.
74 [139936306186112] INFO perfrun.launcher <> - the option was added --exprof-dvc-list: List available DvC IDs.
74 [139936306186112] INFO perfrun.launcher <> - the option was added --exprof-trace-channel: BADMSG: perfrun1.exprof::exprof-trace-channel
74 [139936306186112] INFO perfrun.launcher <> - the option was added --exprof-event-config: Specify ExactProfiling Event Classes.
74 [139936306186112] INFO perfrun.launcher <> - the option was added --ice-pmons-list: BADMSG: perfrun1.ice::ice-pmons-list
74 [139936306186112] INFO perfrun.launcher <> - the option was added --ice-pmons-config: BADMSG: perfrun1.ice::ice-pmons-config
74 [139936306186112] INFO perfrun.launcher <> - the option was added --ice-sw-trace: Collect software traces of the Intel Neural Network Processor (NNP-I) and analyze software context of inference progress.
74 [139936306186112] INFO perfrun.launcher <> - the option was added --ice-sample-after-value: BADMSG: perfrun1.ice::ice-sample-after-value
74 [139936306186112] INFO perfrun.launcher <> - the option was added --ice-frequency: BADMSG: perfrun1.ice::ice-frequency
74 [139936306186112] INFO perfrun.launcher <> - the option was added --parallel-fs-config: Specify parallel fs counters to collect.
74 [139936306186112] INFO perfrun.launcher <> - the option was added --pwr-config: BADMSG: perfrun1.vtsspp::pwr-config Specify power metrics configuration.
74 [139936306186112] INFO perfrun.launcher <> - the option was added --collect-topology: Collect topology info with hwloc.
75 [139936306186112] INFO perfrun.launcher <> - the option was added --persistent-mem-metrics: Collect Persistent Memory performance counters.
75 [139936306186112] INFO perfrun.launcher <> - the option was added --os-counters: Collect OS counters
76 [139936306186112] INFO perfrun.launcher <> - create msngr2::ICliToolContext
76 [139936306186112] INFO perfrun.launcher <> - create file finder object
84 [139936297178880] INFO perfrun.launcher <> - plugin [remoteplug] was disabled because it doesn't support the given collection type.
84 [139936297178880] INFO perfrun.launcher <> - plugin [system] was disabled because it doesn't support the given collection type.
84 [139936297178880] INFO perfrun.vdso <> - dumping [vdso] pseudomodule
85 [139936297178880] INFO perfrun.launcher <> - plugin [itt] was disabled because it doesn't support the given collection type.
85 [139936297178880] INFO perfrun.launcher <> - plugin [ptracecollector] was disabled because it doesn't support the given collection type.
85 [139936297178880] INFO perfrun.launcher <> - plugin [gpu] was disabled because it doesn't support the given collection type.
85 [139936297178880] INFO perfrun.launcher <> - plugin [] was disabled because it doesn't support the given collection type.
85 [139936297178880] INFO perfrun.launcher <> - plugin [] was disabled because it doesn't support the given collection type.
85 [139936297178880] INFO perfrun.launcher <> - plugin [] was disabled because it doesn't support the given collection type.
85 [139936297178880] INFO perfrun.launcher <> - plugin [mrte] was disabled because it doesn't support the given collection type.
85 [139936297178880] INFO perfrun.launcher <> - plugin [emon] was disabled because it doesn't support the given collection type.
85 [139936297178880] INFO perfrun.launcher <> - plugin [cuscol] was disabled because it doesn't support the given collection type.
85 [139936297178880] INFO perfrun.launcher <> - plugin [stdsrc] was disabled because it doesn't support the given collection type.
85 [139936297178880] INFO perfrun.launcher <> - plugin [sep] was disabled because it doesn't support the given collection type.
85 [139936297178880] INFO perfrun.launcher <> - plugin [vtsspp] was disabled because it doesn't support the given collection type.
85 [139936297178880] INFO perfrun.launcher <> - plugin [perf] was disabled because it doesn't support the given collection type.
85 [139936297178880] INFO perfrun.launcher <> - plugin [aoclprofile] was disabled because it doesn't support the given collection type.
85 [139936297178880] INFO perfrun.launcher <> - plugin [tpss] was disabled because it doesn't support the given collection type.
85 [139936297178880] INFO perfrun.launcher <> - plugin [exprof] was disabled because it doesn't support the given collection type.
85 [139936297178880] INFO perfrun.launcher <> - plugin [media] was disabled because it doesn't support the given collection type.
85 [139936297178880] INFO perfrun.launcher <> - plugin [ice] was disabled because it doesn't support the given collection type.
85 [139936297178880] INFO perfrun.launcher <> - plugin [] was disabled because it doesn't support the given collection type.
85 [139936297178880] INFO perfrun.launcher <> - plugin [] was disabled because it doesn't support the given collection type.
85 [139936297178880] INFO perfrun.launcher <> - plugin [parallelfs] was disabled because it doesn't support the given collection type.
85 [139936297178880] INFO perfrun.launcher <> - plugin [power] was disabled because it doesn't support the given collection type.
85 [139936297178880] INFO perfrun.launcher <> - plugin [hwloc] was disabled because it doesn't support the given collection type.
85 [139936297178880] INFO perfrun.launcher <> - plugin [ipmwatch] was disabled because it doesn't support the given collection type.
85 [139936297178880] INFO perfrun.launcher <> - plugin [os_counters] was disabled because it doesn't support the given collection type.
85 [139936306186112] INFO perfrun.launcher <> - Application exit code: 0
85 [139936306186112] INFO perfrun.launcher <> - Exit code: 0
