
3819277 : 0x40e363c85ce0aa : 1 : spill_jit_data :  Jit agent is not initialized
3819277 : 0x40e363c85e16c6 : 2 : ittapi_config_mask_get :  --itt-config mask to be applied: 39
3819277 : 0x40e363c85e2e48 : 2 : ittapi_config_apply_per_lib :  ITTAPI function instrumented: __itt_domain_create
3819277 : 0x40e363c85e5209 : 2 : ittapi_config_apply_per_lib :  ITTAPI function instrumented: __itt_module_load_with_sections
3819277 : 0x40e363c85e638a : 2 : ittapi_config_apply_per_lib :  ITTAPI function not implemented: __itt_module_unload_with_sections
3819277 : 0x40e363c85e7215 : 2 : ittapi_config_apply_per_lib :  ITTAPI function instrumented: __itt_string_handle_create
3819277 : 0x40e363c85e7bb2 : 2 : ittapi_config_apply_per_lib :  ITTAPI function instrumented: __itt_counter_create
3819277 : 0x40e363c85e84ce : 2 : ittapi_config_apply_per_lib :  ITTAPI function instrumented: __itt_counter_create_typed
3819277 : 0x40e363c85e8f54 : 2 : ittapi_config_apply_per_lib :  ITTAPI function instrumented: __itt_pause
3819277 : 0x40e363c85e98ba : 2 : ittapi_config_apply_per_lib :  ITTAPI function instrumented: __itt_resume
3819277 : 0x40e363c85f7ec8 : 2 : ittapi_config_apply_per_lib :  ITTAPI function instrumented: __itt_thread_set_name
3819277 : 0x40e363c85f8d5f : 2 : ittapi_config_apply_per_lib :  ITTAPI function instrumented: __itt_thread_ignore
3819277 : 0x40e363c85f9768 : 2 : ittapi_config_apply_per_lib :  ITTAPI function instrumented: __itt_thr_name_set
3819277 : 0x40e363c85fa1c6 : 2 : ittapi_config_apply_per_lib :  ITTAPI function instrumented: __itt_thr_ignore
3819277 : 0x40e363c85fb127 : 2 : ittapi_config_apply_per_lib :  ITTAPI function not implemented: __itt_enable_attach
3819277 : 0x40e363c85fbb40 : 2 : ittapi_config_apply_per_lib :  ITTAPI function instrumented: __itt_detach
3819277 : 0x40e363c85fc3e0 : 2 : ittapi_config_apply_per_lib :  ITTAPI function NOT instrumented (not matched by --itt-config option): __itt_sync_create

3819277 : 0x40e363c85fcdf1 : 2 : ittapi_config_apply_per_lib :  ITTAPI function NOT instrumented (not matched by --itt-config option): __itt_sync_rename

3819277 : 0x40e363c85fd628 : 2 : ittapi_config_apply_per_lib :  ITTAPI function NOT instrumented (not matched by --itt-config option): __itt_sync_destroy

3819277 : 0x40e363c85fdedc : 2 : ittapi_config_apply_per_lib :  ITTAPI function NOT instrumented (not matched by --itt-config option): __itt_sync_prepare

3819277 : 0x40e363c8601c71 : 2 : ittapi_config_apply_per_lib :  ITTAPI function NOT instrumented (not matched by --itt-config option): __itt_sync_cancel

3819277 : 0x40e363c86026bb : 2 : ittapi_config_apply_per_lib :  ITTAPI function NOT instrumented (not matched by --itt-config option): __itt_sync_acquired

3819277 : 0x40e363c8602fba : 2 : ittapi_config_apply_per_lib :  ITTAPI function NOT instrumented (not matched by --itt-config option): __itt_sync_releasing

3819277 : 0x40e363c8603b77 : 2 : ittapi_config_apply_per_lib :  ITTAPI function not implemented: __itt_suppress_push
3819277 : 0x40e363c86049c4 : 2 : ittapi_config_apply_per_lib :  ITTAPI function not implemented: __itt_suppress_pop
3819277 : 0x40e363c86054cd : 2 : ittapi_config_apply_per_lib :  ITTAPI function not implemented: __itt_suppress_mark_range
3819277 : 0x40e363c860604e : 2 : ittapi_config_apply_per_lib :  ITTAPI function not implemented: __itt_suppress_clear_range
3819277 : 0x40e363c86068b0 : 2 : ittapi_config_apply_per_lib :  ITTAPI function NOT instrumented (not matched by --itt-config option): __itt_sync_prepare

3819277 : 0x40e363c86070fe : 2 : ittapi_config_apply_per_lib :  ITTAPI function NOT instrumented (not matched by --itt-config option): __itt_sync_cancel

3819277 : 0x40e363c86078d6 : 2 : ittapi_config_apply_per_lib :  ITTAPI function NOT instrumented (not matched by --itt-config option): __itt_sync_acquired

3819277 : 0x40e363c8612505 : 2 : ittapi_config_apply_per_lib :  ITTAPI function NOT instrumented (not matched by --itt-config option): __itt_sync_releasing

3819277 : 0x40e363c861310b : 2 : ittapi_config_apply_per_lib :  ITTAPI function NOT instrumented (not matched by --itt-config option): __itt_model_site_begin

3819277 : 0x40e363c86139bb : 2 : ittapi_config_apply_per_lib :  ITTAPI function NOT instrumented (not matched by --itt-config option): __itt_model_site_end

3819277 : 0x40e363c8614228 : 2 : ittapi_config_apply_per_lib :  ITTAPI function NOT instrumented (not matched by --itt-config option): __itt_model_task_begin

3819277 : 0x40e363c8614a71 : 2 : ittapi_config_apply_per_lib :  ITTAPI function NOT instrumented (not matched by --itt-config option): __itt_model_task_end

3819277 : 0x40e363c861534b : 2 : ittapi_config_apply_per_lib :  ITTAPI function NOT instrumented (not matched by --itt-config option): __itt_model_lock_acquire

3819277 : 0x40e363c8615baa : 2 : ittapi_config_apply_per_lib :  ITTAPI function NOT instrumented (not matched by --itt-config option): __itt_model_lock_release

3819277 : 0x40e363c8616418 : 2 : ittapi_config_apply_per_lib :  ITTAPI function NOT instrumented (not matched by --itt-config option): __itt_model_record_allocation

3819277 : 0x40e363c8616c5a : 2 : ittapi_config_apply_per_lib :  ITTAPI function NOT instrumented (not matched by --itt-config option): __itt_model_record_deallocation

3819277 : 0x40e363c8617527 : 2 : ittapi_config_apply_per_lib :  ITTAPI function NOT instrumented (not matched by --itt-config option): __itt_model_induction_uses

3819277 : 0x40e363c861c050 : 2 : ittapi_config_apply_per_lib :  ITTAPI function NOT instrumented (not matched by --itt-config option): __itt_model_reduction_uses

3819277 : 0x40e363c861ca69 : 2 : ittapi_config_apply_per_lib :  ITTAPI function NOT instrumented (not matched by --itt-config option): __itt_model_observe_uses

3819277 : 0x40e363c861d30a : 2 : ittapi_config_apply_per_lib :  ITTAPI function NOT instrumented (not matched by --itt-config option): __itt_model_clear_uses

3819277 : 0x40e363c861db5a : 2 : ittapi_config_apply_per_lib :  ITTAPI function NOT instrumented (not matched by --itt-config option): __itt_model_site_beginA

3819277 : 0x40e363c861e426 : 2 : ittapi_config_apply_per_lib :  ITTAPI function NOT instrumented (not matched by --itt-config option): __itt_model_site_beginAL

3819277 : 0x40e363c861ecf0 : 2 : ittapi_config_apply_per_lib :  ITTAPI function NOT instrumented (not matched by --itt-config option): __itt_model_task_beginA

3819277 : 0x40e363c861f53e : 2 : ittapi_config_apply_per_lib :  ITTAPI function NOT instrumented (not matched by --itt-config option): __itt_model_task_beginAL

3819277 : 0x40e363c861fdb2 : 2 : ittapi_config_apply_per_lib :  ITTAPI function NOT instrumented (not matched by --itt-config option): __itt_model_iteration_taskA

3819277 : 0x40e363c86205c4 : 2 : ittapi_config_apply_per_lib :  ITTAPI function NOT instrumented (not matched by --itt-config option): __itt_model_iteration_taskAL

3819277 : 0x40e363c8620e56 : 2 : ittapi_config_apply_per_lib :  ITTAPI function NOT instrumented (not matched by --itt-config option): __itt_model_site_end_2

3819277 : 0x40e363c8623b86 : 2 : ittapi_config_apply_per_lib :  ITTAPI function NOT instrumented (not matched by --itt-config option): __itt_model_task_end_2

3819277 : 0x40e363c8624419 : 2 : ittapi_config_apply_per_lib :  ITTAPI function NOT instrumented (not matched by --itt-config option): __itt_model_lock_acquire_2

3819277 : 0x40e363c8624c8e : 2 : ittapi_config_apply_per_lib :  ITTAPI function NOT instrumented (not matched by --itt-config option): __itt_model_lock_release_2

3819277 : 0x40e363c86254ec : 2 : ittapi_config_apply_per_lib :  ITTAPI function NOT instrumented (not matched by --itt-config option): __itt_model_aggregate_task

3819277 : 0x40e363c8625d5d : 2 : ittapi_config_apply_per_lib :  ITTAPI function NOT instrumented (not matched by --itt-config option): __itt_model_disable_push

3819277 : 0x40e363c8626627 : 2 : ittapi_config_apply_per_lib :  ITTAPI function NOT instrumented (not matched by --itt-config option): __itt_model_disable_pop

3819277 : 0x40e363c8627166 : 2 : ittapi_config_apply_per_lib :  ITTAPI function instrumented: __itt_heap_function_create
3819277 : 0x40e363c8627b4e : 2 : ittapi_config_apply_per_lib :  ITTAPI function instrumented: __itt_heap_allocate_begin
3819277 : 0x40e363c8628570 : 2 : ittapi_config_apply_per_lib :  ITTAPI function instrumented: __itt_heap_allocate_end
3819277 : 0x40e363c8628f37 : 2 : ittapi_config_apply_per_lib :  ITTAPI function instrumented: __itt_heap_free_begin
3819277 : 0x40e363c862d473 : 2 : ittapi_config_apply_per_lib :  ITTAPI function instrumented: __itt_heap_free_end
3819277 : 0x40e363c862dee9 : 2 : ittapi_config_apply_per_lib :  ITTAPI function instrumented: __itt_heap_reallocate_begin
3819277 : 0x40e363c862e823 : 2 : ittapi_config_apply_per_lib :  ITTAPI function instrumented: __itt_heap_reallocate_end
3819277 : 0x40e363c862f4f7 : 2 : ittapi_config_apply_per_lib :  ITTAPI function not implemented: __itt_heap_internal_access_begin
3819277 : 0x40e363c8630002 : 2 : ittapi_config_apply_per_lib :  ITTAPI function not implemented: __itt_heap_internal_access_end
3819277 : 0x40e363c8630b37 : 2 : ittapi_config_apply_per_lib :  ITTAPI function not implemented: __itt_heap_record_memory_growth_begin
3819277 : 0x40e363c8631557 : 2 : ittapi_config_apply_per_lib :  ITTAPI function not implemented: __itt_heap_record_memory_growth_end
3819277 : 0x40e363c8632005 : 2 : ittapi_config_apply_per_lib :  ITTAPI function not implemented: __itt_heap_reset_detection
3819277 : 0x40e363c8632bdc : 2 : ittapi_config_apply_per_lib :  ITTAPI function not implemented: __itt_heap_record
3819277 : 0x40e363c8633629 : 2 : ittapi_config_apply_per_lib :  ITTAPI function not implemented: __itt_id_create
3819277 : 0x40e363c8636b06 : 2 : ittapi_config_apply_per_lib :  ITTAPI function not implemented: __itt_id_destroy
3819277 : 0x40e363c8637579 : 2 : ittapi_config_apply_per_lib :  ITTAPI function instrumented: __itt_get_timestamp
3819277 : 0x40e363c8638024 : 2 : ittapi_config_apply_per_lib :  ITTAPI function not implemented: __itt_region_begin
3819277 : 0x40e363c8638ab5 : 2 : ittapi_config_apply_per_lib :  ITTAPI function not implemented: __itt_region_end
3819277 : 0x40e363c8639478 : 2 : ittapi_config_apply_per_lib :  ITTAPI function instrumented: __itt_frame_begin_v3
3819277 : 0x40e363c8639e1e : 2 : ittapi_config_apply_per_lib :  ITTAPI function instrumented: __itt_frame_end_v3
3819277 : 0x40e363c863a7ab : 2 : ittapi_config_apply_per_lib :  ITTAPI function instrumented: __itt_frame_submit_v3
3819277 : 0x40e363c863b2a7 : 2 : ittapi_config_apply_per_lib :  ITTAPI function not implemented: __itt_task_group
3819277 : 0x40e363c863bc6c : 2 : ittapi_config_apply_per_lib :  ITTAPI function instrumented: __itt_task_begin
3819277 : 0x40e363c863c5d8 : 2 : ittapi_config_apply_per_lib :  ITTAPI function instrumented: __itt_task_begin_fn
3819277 : 0x40e363c863fab2 : 2 : ittapi_config_apply_per_lib :  ITTAPI function instrumented: __itt_task_end
3819277 : 0x40e363c864077b : 2 : ittapi_config_apply_per_lib :  ITTAPI function not implemented: __itt_counter_inc_v3
3819277 : 0x40e363c86412da : 2 : ittapi_config_apply_per_lib :  ITTAPI function not implemented: __itt_counter_inc_delta_v3
3819277 : 0x40e363c8641d5e : 2 : ittapi_config_apply_per_lib :  ITTAPI function not implemented: __itt_counter_dec_v3
3819277 : 0x40e363c8642763 : 2 : ittapi_config_apply_per_lib :  ITTAPI function not implemented: __itt_counter_dec_delta_v3
3819277 : 0x40e363c86431e2 : 2 : ittapi_config_apply_per_lib :  ITTAPI function not implemented: __itt_marker
3819277 : 0x40e363c8643bb2 : 2 : ittapi_config_apply_per_lib :  ITTAPI function instrumented: __itt_metadata_add
3819277 : 0x40e363c86445e6 : 2 : ittapi_config_apply_per_lib :  ITTAPI function not implemented: __itt_metadata_str_add
3819277 : 0x40e363c864501a : 2 : ittapi_config_apply_per_lib :  ITTAPI function not implemented: __itt_relation_add_to_current
3819277 : 0x40e363c8645aa9 : 2 : ittapi_config_apply_per_lib :  ITTAPI function not implemented: __itt_relation_add
3819277 : 0x40e363c86488ac : 2 : ittapi_config_apply_per_lib :  ITTAPI function instrumented: __itt_event_create
3819277 : 0x40e363c864931c : 2 : ittapi_config_apply_per_lib :  ITTAPI function instrumented: __itt_event_start
3819277 : 0x40e363c8649c62 : 2 : ittapi_config_apply_per_lib :  ITTAPI function instrumented: __itt_event_end
3819277 : 0x40e363c864a43c : 2 : ittapi_config_apply_per_lib :  ITTAPI function NOT instrumented (not matched by --itt-config option): __itt_sync_set_name

3819277 : 0x40e363c864ace5 : 2 : ittapi_config_apply_per_lib :  ITTAPI function NOT instrumented (not matched by --itt-config option): __itt_notify_sync_name

3819277 : 0x40e363c864b55f : 2 : ittapi_config_apply_per_lib :  ITTAPI function NOT instrumented (not matched by --itt-config option): __itt_notify_sync_prepare

3819277 : 0x40e363c864bd59 : 2 : ittapi_config_apply_per_lib :  ITTAPI function NOT instrumented (not matched by --itt-config option): __itt_notify_sync_cancel

3819277 : 0x40e363c864c570 : 2 : ittapi_config_apply_per_lib :  ITTAPI function NOT instrumented (not matched by --itt-config option): __itt_notify_sync_acquired

3819277 : 0x40e363c864cd9e : 2 : ittapi_config_apply_per_lib :  ITTAPI function NOT instrumented (not matched by --itt-config option): __itt_notify_sync_releasing

3819277 : 0x40e363c864d7f4 : 2 : ittapi_config_apply_per_lib :  ITTAPI function not implemented: __itt_memory_read
3819277 : 0x40e363c8651833 : 2 : ittapi_config_apply_per_lib :  ITTAPI function not implemented: __itt_memory_write
3819277 : 0x40e363c8652415 : 2 : ittapi_config_apply_per_lib :  ITTAPI function not implemented: __itt_memory_update
3819277 : 0x40e363c8652e6f : 2 : ittapi_config_apply_per_lib :  ITTAPI function not implemented: __itt_state_get
3819277 : 0x40e363c8653836 : 2 : ittapi_config_apply_per_lib :  ITTAPI function not implemented: __itt_state_set
3819277 : 0x40e363c8654221 : 2 : ittapi_config_apply_per_lib :  ITTAPI function not implemented: __itt_obj_mode_set
3819277 : 0x40e363c8654c62 : 2 : ittapi_config_apply_per_lib :  ITTAPI function not implemented: __itt_thr_mode_set
3819277 : 0x40e363c86555a9 : 2 : ittapi_config_apply_per_lib :  ITTAPI function instrumented: __itt_frame_create
3819277 : 0x40e363c8655f12 : 2 : ittapi_config_apply_per_lib :  ITTAPI function instrumented: __itt_pt_region_create
3819277 : 0x40e363c86568ad : 2 : ittapi_config_apply_per_lib :  ITTAPI function instrumented: __itt_frame_begin
3819277 : 0x40e363c8657263 : 2 : ittapi_config_apply_per_lib :  ITTAPI function instrumented: __itt_frame_end
3819277 : 0x40e363c865a28c : 2 : ittapi_config_apply_per_lib :  ITTAPI function not implemented: __itt_counter_destroy
3819277 : 0x40e363c865ada2 : 2 : ittapi_config_apply_per_lib :  ITTAPI function instrumented: __itt_counter_inc
3819277 : 0x40e363c865b6e1 : 2 : ittapi_config_apply_per_lib :  ITTAPI function instrumented: __itt_counter_inc_delta
3819277 : 0x40e363c865c023 : 2 : ittapi_config_apply_per_lib :  ITTAPI function instrumented: __itt_counter_dec
3819277 : 0x40e363c865ca84 : 2 : ittapi_config_apply_per_lib :  ITTAPI function instrumented: __itt_counter_dec_delta
3819277 : 0x40e363c865d584 : 2 : ittapi_config_apply_per_lib :  ITTAPI function instrumented: __itt_counter_set_value
3819277 : 0x40e363c865e0f5 : 2 : ittapi_config_apply_per_lib :  ITTAPI function not implemented: __itt_counter_set_value_ex
3819277 : 0x40e363c865eadd : 2 : ittapi_config_apply_per_lib :  ITTAPI function not implemented: __itt_mark_create
3819277 : 0x40e363c865f580 : 2 : ittapi_config_apply_per_lib :  ITTAPI function not implemented: __itt_mark
3819277 : 0x40e363c8660016 : 2 : ittapi_config_apply_per_lib :  ITTAPI function not implemented: __itt_mark_off
3819277 : 0x40e363c8662da7 : 2 : ittapi_config_apply_per_lib :  ITTAPI function not implemented: __itt_mark_global
3819277 : 0x40e363c866389f : 2 : ittapi_config_apply_per_lib :  ITTAPI function not implemented: __itt_mark_global_off
3819277 : 0x40e363c86641ad : 2 : ittapi_config_apply_per_lib :  ITTAPI function NOT instrumented (not matched by --itt-config option): __itt_stack_caller_create

3819277 : 0x40e363c8664a44 : 2 : ittapi_config_apply_per_lib :  ITTAPI function NOT instrumented (not matched by --itt-config option): __itt_stack_caller_destroy

3819277 : 0x40e363c86652bd : 2 : ittapi_config_apply_per_lib :  ITTAPI function NOT instrumented (not matched by --itt-config option): __itt_stack_callee_enter

3819277 : 0x40e363c8665b16 : 2 : ittapi_config_apply_per_lib :  ITTAPI function NOT instrumented (not matched by --itt-config option): __itt_stack_callee_leave

3819277 : 0x40e363c8666554 : 2 : ittapi_config_apply_per_lib :  ITTAPI function not implemented: __itt_clock_domain_create
3819277 : 0x40e363c8666fb2 : 2 : ittapi_config_apply_per_lib :  ITTAPI function not implemented: __itt_clock_domain_reset
3819277 : 0x40e363c86679b6 : 2 : ittapi_config_apply_per_lib :  ITTAPI function not implemented: __itt_id_create_ex
3819277 : 0x40e363c86683e1 : 2 : ittapi_config_apply_per_lib :  ITTAPI function not implemented: __itt_id_destroy_ex
3819277 : 0x40e363c866c1eb : 2 : ittapi_config_apply_per_lib :  ITTAPI function not implemented: __itt_task_begin_ex
3819277 : 0x40e363c866cd8f : 2 : ittapi_config_apply_per_lib :  ITTAPI function not implemented: __itt_task_begin_fn_ex
3819277 : 0x40e363c866d846 : 2 : ittapi_config_apply_per_lib :  ITTAPI function not implemented: __itt_task_end_ex
3819277 : 0x40e363c866e1f4 : 2 : ittapi_config_apply_per_lib :  ITTAPI function instrumented: __itt_task_begin_overlapped
3819277 : 0x40e363c866ec05 : 2 : ittapi_config_apply_per_lib :  ITTAPI function not implemented: __itt_task_begin_overlapped_ex
3819277 : 0x40e363c866f69a : 2 : ittapi_config_apply_per_lib :  ITTAPI function instrumented: __itt_task_end_overlapped
3819277 : 0x40e363c867011b : 2 : ittapi_config_apply_per_lib :  ITTAPI function not implemented: __itt_task_end_overlapped_ex
3819277 : 0x40e363c8670b11 : 2 : ittapi_config_apply_per_lib :  ITTAPI function not implemented: __itt_marker_ex
3819277 : 0x40e363c86715ee : 2 : ittapi_config_apply_per_lib :  ITTAPI function not implemented: __itt_metadata_add_with_scope
3819277 : 0x40e363c86720c6 : 2 : ittapi_config_apply_per_lib :  ITTAPI function not implemented: __itt_metadata_str_add_with_scope
3819277 : 0x40e363c86752c7 : 2 : ittapi_config_apply_per_lib :  ITTAPI function not implemented: __itt_relation_add_to_current_ex
3819277 : 0x40e363c8675dab : 2 : ittapi_config_apply_per_lib :  ITTAPI function not implemented: __itt_relation_add_ex
3819277 : 0x40e363c8676868 : 2 : ittapi_config_apply_per_lib :  ITTAPI function not implemented: __itt_track_group_create
3819277 : 0x40e363c86771e6 : 2 : ittapi_config_apply_per_lib :  ITTAPI function not implemented: __itt_track_create
3819277 : 0x40e363c8677bba : 2 : ittapi_config_apply_per_lib :  ITTAPI function not implemented: __itt_set_track
3819277 : 0x40e363c86785bb : 2 : ittapi_config_apply_per_lib :  ITTAPI function instrumented: __itt_api_version
3819277 : 0x40e363c8679029 : 2 : ittapi_config_apply_per_lib :  ITTAPI function not implemented: __itt_av_save
3819277 : 0x40e363c86799fb : 2 : ittapi_config_apply_per_lib :  ITTAPI function instrumented: __itt_module_load
3819277 : 0x40e363c867a3f3 : 2 : ittapi_config_apply_per_lib :  ITTAPI function not implemented: __itt_module_unload