
3823517 : 0x40e39629b692af : 1 : spill_jit_data :  Jit agent is not initialized
3823517 : 0x40e39629b7bacf : 2 : ittapi_config_mask_get :  --itt-config mask to be applied: 39
3823517 : 0x40e39629b7def6 : 2 : ittapi_config_apply_per_lib :  ITTAPI function instrumented: __itt_domain_create
3823517 : 0x40e39629b7f1c2 : 2 : ittapi_config_apply_per_lib :  ITTAPI function instrumented: __itt_module_load_with_sections
3823517 : 0x40e39629b80a71 : 2 : ittapi_config_apply_per_lib :  ITTAPI function not implemented: __itt_module_unload_with_sections
3823517 : 0x40e39629b81fe7 : 2 : ittapi_config_apply_per_lib :  ITTAPI function instrumented: __itt_string_handle_create
3823517 : 0x40e39629b82ebd : 2 : ittapi_config_apply_per_lib :  ITTAPI function instrumented: __itt_counter_create
3823517 : 0x40e39629b83e78 : 2 : ittapi_config_apply_per_lib :  ITTAPI function instrumented: __itt_counter_create_typed
3823517 : 0x40e39629b84c78 : 2 : ittapi_config_apply_per_lib :  ITTAPI function instrumented: __itt_pause
3823517 : 0x40e39629b85aaf : 2 : ittapi_config_apply_per_lib :  ITTAPI function instrumented: __itt_resume
3823517 : 0x40e39629b9bb98 : 2 : ittapi_config_apply_per_lib :  ITTAPI function instrumented: __itt_thread_set_name
3823517 : 0x40e39629b9d135 : 2 : ittapi_config_apply_per_lib :  ITTAPI function instrumented: __itt_thread_ignore
3823517 : 0x40e39629b9e1e3 : 2 : ittapi_config_apply_per_lib :  ITTAPI function instrumented: __itt_thr_name_set
3823517 : 0x40e39629b9f1fb : 2 : ittapi_config_apply_per_lib :  ITTAPI function instrumented: __itt_thr_ignore
3823517 : 0x40e39629ba07a2 : 2 : ittapi_config_apply_per_lib :  ITTAPI function not implemented: __itt_enable_attach
3823517 : 0x40e39629ba1711 : 2 : ittapi_config_apply_per_lib :  ITTAPI function instrumented: __itt_detach
3823517 : 0x40e39629ba25bd : 2 : ittapi_config_apply_per_lib :  ITTAPI function NOT instrumented (not matched by --itt-config option): __itt_sync_create

3823517 : 0x40e39629ba35d0 : 2 : ittapi_config_apply_per_lib :  ITTAPI function NOT instrumented (not matched by --itt-config option): __itt_sync_rename

3823517 : 0x40e39629ba41f1 : 2 : ittapi_config_apply_per_lib :  ITTAPI function NOT instrumented (not matched by --itt-config option): __itt_sync_destroy

3823517 : 0x40e39629ba4fa9 : 2 : ittapi_config_apply_per_lib :  ITTAPI function NOT instrumented (not matched by --itt-config option): __itt_sync_prepare

3823517 : 0x40e39629baa54d : 2 : ittapi_config_apply_per_lib :  ITTAPI function NOT instrumented (not matched by --itt-config option): __itt_sync_cancel

3823517 : 0x40e39629bab4d1 : 2 : ittapi_config_apply_per_lib :  ITTAPI function NOT instrumented (not matched by --itt-config option): __itt_sync_acquired

3823517 : 0x40e39629bac223 : 2 : ittapi_config_apply_per_lib :  ITTAPI function NOT instrumented (not matched by --itt-config option): __itt_sync_releasing

3823517 : 0x40e39629bad43f : 2 : ittapi_config_apply_per_lib :  ITTAPI function not implemented: __itt_suppress_push
3823517 : 0x40e39629baea3b : 2 : ittapi_config_apply_per_lib :  ITTAPI function not implemented: __itt_suppress_pop
3823517 : 0x40e39629bafddf : 2 : ittapi_config_apply_per_lib :  ITTAPI function not implemented: __itt_suppress_mark_range
3823517 : 0x40e39629bb11f5 : 2 : ittapi_config_apply_per_lib :  ITTAPI function not implemented: __itt_suppress_clear_range
3823517 : 0x40e39629bb208b : 2 : ittapi_config_apply_per_lib :  ITTAPI function NOT instrumented (not matched by --itt-config option): __itt_sync_prepare

3823517 : 0x40e39629bb2da2 : 2 : ittapi_config_apply_per_lib :  ITTAPI function NOT instrumented (not matched by --itt-config option): __itt_sync_cancel

3823517 : 0x40e39629bb395f : 2 : ittapi_config_apply_per_lib :  ITTAPI function NOT instrumented (not matched by --itt-config option): __itt_sync_acquired

3823517 : 0x40e39629bb7be5 : 2 : ittapi_config_apply_per_lib :  ITTAPI function NOT instrumented (not matched by --itt-config option): __itt_sync_releasing

3823517 : 0x40e39629bb8abb : 2 : ittapi_config_apply_per_lib :  ITTAPI function NOT instrumented (not matched by --itt-config option): __itt_model_site_begin

3823517 : 0x40e39629bb971d : 2 : ittapi_config_apply_per_lib :  ITTAPI function NOT instrumented (not matched by --itt-config option): __itt_model_site_end

3823517 : 0x40e39629bba2d0 : 2 : ittapi_config_apply_per_lib :  ITTAPI function NOT instrumented (not matched by --itt-config option): __itt_model_task_begin

3823517 : 0x40e39629bbaef8 : 2 : ittapi_config_apply_per_lib :  ITTAPI function NOT instrumented (not matched by --itt-config option): __itt_model_task_end

3823517 : 0x40e39629bbbb34 : 2 : ittapi_config_apply_per_lib :  ITTAPI function NOT instrumented (not matched by --itt-config option): __itt_model_lock_acquire

3823517 : 0x40e39629bbc8bd : 2 : ittapi_config_apply_per_lib :  ITTAPI function NOT instrumented (not matched by --itt-config option): __itt_model_lock_release

3823517 : 0x40e39629bbd77c : 2 : ittapi_config_apply_per_lib :  ITTAPI function NOT instrumented (not matched by --itt-config option): __itt_model_record_allocation

3823517 : 0x40e39629bbe0df : 2 : ittapi_config_apply_per_lib :  ITTAPI function NOT instrumented (not matched by --itt-config option): __itt_model_record_deallocation

3823517 : 0x40e39629bbe9e3 : 2 : ittapi_config_apply_per_lib :  ITTAPI function NOT instrumented (not matched by --itt-config option): __itt_model_induction_uses

3823517 : 0x40e39629bc3c5a : 2 : ittapi_config_apply_per_lib :  ITTAPI function NOT instrumented (not matched by --itt-config option): __itt_model_reduction_uses

3823517 : 0x40e39629bc4751 : 2 : ittapi_config_apply_per_lib :  ITTAPI function NOT instrumented (not matched by --itt-config option): __itt_model_observe_uses

3823517 : 0x40e39629bc50d6 : 2 : ittapi_config_apply_per_lib :  ITTAPI function NOT instrumented (not matched by --itt-config option): __itt_model_clear_uses

3823517 : 0x40e39629bc5a0a : 2 : ittapi_config_apply_per_lib :  ITTAPI function NOT instrumented (not matched by --itt-config option): __itt_model_site_beginA

3823517 : 0x40e39629bc638b : 2 : ittapi_config_apply_per_lib :  ITTAPI function NOT instrumented (not matched by --itt-config option): __itt_model_site_beginAL

3823517 : 0x40e39629bc6cde : 2 : ittapi_config_apply_per_lib :  ITTAPI function NOT instrumented (not matched by --itt-config option): __itt_model_task_beginA

3823517 : 0x40e39629bc7602 : 2 : ittapi_config_apply_per_lib :  ITTAPI function NOT instrumented (not matched by --itt-config option): __itt_model_task_beginAL

3823517 : 0x40e39629bc7f22 : 2 : ittapi_config_apply_per_lib :  ITTAPI function NOT instrumented (not matched by --itt-config option): __itt_model_iteration_taskA

3823517 : 0x40e39629bc8824 : 2 : ittapi_config_apply_per_lib :  ITTAPI function NOT instrumented (not matched by --itt-config option): __itt_model_iteration_taskAL

3823517 : 0x40e39629bc9193 : 2 : ittapi_config_apply_per_lib :  ITTAPI function NOT instrumented (not matched by --itt-config option): __itt_model_site_end_2

3823517 : 0x40e39629bcc09d : 2 : ittapi_config_apply_per_lib :  ITTAPI function NOT instrumented (not matched by --itt-config option): __itt_model_task_end_2

3823517 : 0x40e39629bcc9fc : 2 : ittapi_config_apply_per_lib :  ITTAPI function NOT instrumented (not matched by --itt-config option): __itt_model_lock_acquire_2

3823517 : 0x40e39629bcd311 : 2 : ittapi_config_apply_per_lib :  ITTAPI function NOT instrumented (not matched by --itt-config option): __itt_model_lock_release_2

3823517 : 0x40e39629bcdc90 : 2 : ittapi_config_apply_per_lib :  ITTAPI function NOT instrumented (not matched by --itt-config option): __itt_model_aggregate_task

3823517 : 0x40e39629bce658 : 2 : ittapi_config_apply_per_lib :  ITTAPI function NOT instrumented (not matched by --itt-config option): __itt_model_disable_push

3823517 : 0x40e39629bcef63 : 2 : ittapi_config_apply_per_lib :  ITTAPI function NOT instrumented (not matched by --itt-config option): __itt_model_disable_pop

3823517 : 0x40e39629bcfb3c : 2 : ittapi_config_apply_per_lib :  ITTAPI function instrumented: __itt_heap_function_create
3823517 : 0x40e39629bd061a : 2 : ittapi_config_apply_per_lib :  ITTAPI function instrumented: __itt_heap_allocate_begin
3823517 : 0x40e39629bd10f3 : 2 : ittapi_config_apply_per_lib :  ITTAPI function instrumented: __itt_heap_allocate_end
3823517 : 0x40e39629bd1b7a : 2 : ittapi_config_apply_per_lib :  ITTAPI function instrumented: __itt_heap_free_begin
3823517 : 0x40e39629bd5c6f : 2 : ittapi_config_apply_per_lib :  ITTAPI function instrumented: __itt_heap_free_end
3823517 : 0x40e39629bd6800 : 2 : ittapi_config_apply_per_lib :  ITTAPI function instrumented: __itt_heap_reallocate_begin
3823517 : 0x40e39629bd71f9 : 2 : ittapi_config_apply_per_lib :  ITTAPI function instrumented: __itt_heap_reallocate_end
3823517 : 0x40e39629bd7ef3 : 2 : ittapi_config_apply_per_lib :  ITTAPI function not implemented: __itt_heap_internal_access_begin
3823517 : 0x40e39629bd8a93 : 2 : ittapi_config_apply_per_lib :  ITTAPI function not implemented: __itt_heap_internal_access_end
3823517 : 0x40e39629bd973b : 2 : ittapi_config_apply_per_lib :  ITTAPI function not implemented: __itt_heap_record_memory_growth_begin
3823517 : 0x40e39629bda328 : 2 : ittapi_config_apply_per_lib :  ITTAPI function not implemented: __itt_heap_record_memory_growth_end
3823517 : 0x40e39629bdae97 : 2 : ittapi_config_apply_per_lib :  ITTAPI function not implemented: __itt_heap_reset_detection
3823517 : 0x40e39629bdbb34 : 2 : ittapi_config_apply_per_lib :  ITTAPI function not implemented: __itt_heap_record
3823517 : 0x40e39629bdc858 : 2 : ittapi_config_apply_per_lib :  ITTAPI function not implemented: __itt_id_create
3823517 : 0x40e39629bdface : 2 : ittapi_config_apply_per_lib :  ITTAPI function not implemented: __itt_id_destroy
3823517 : 0x40e39629be06ec : 2 : ittapi_config_apply_per_lib :  ITTAPI function instrumented: __itt_get_timestamp
3823517 : 0x40e39629be1265 : 2 : ittapi_config_apply_per_lib :  ITTAPI function not implemented: __itt_region_begin
3823517 : 0x40e39629be1de3 : 2 : ittapi_config_apply_per_lib :  ITTAPI function not implemented: __itt_region_end
3823517 : 0x40e39629be2893 : 2 : ittapi_config_apply_per_lib :  ITTAPI function instrumented: __itt_frame_begin_v3
3823517 : 0x40e39629be333f : 2 : ittapi_config_apply_per_lib :  ITTAPI function instrumented: __itt_frame_end_v3
3823517 : 0x40e39629be3dda : 2 : ittapi_config_apply_per_lib :  ITTAPI function instrumented: __itt_frame_submit_v3
3823517 : 0x40e39629be49a9 : 2 : ittapi_config_apply_per_lib :  ITTAPI function not implemented: __itt_task_group
3823517 : 0x40e39629be55cd : 2 : ittapi_config_apply_per_lib :  ITTAPI function instrumented: __itt_task_begin
3823517 : 0x40e39629be6008 : 2 : ittapi_config_apply_per_lib :  ITTAPI function instrumented: __itt_task_begin_fn
3823517 : 0x40e39629be8e68 : 2 : ittapi_config_apply_per_lib :  ITTAPI function instrumented: __itt_task_end
3823517 : 0x40e39629be9b88 : 2 : ittapi_config_apply_per_lib :  ITTAPI function not implemented: __itt_counter_inc_v3
3823517 : 0x40e39629bea7c8 : 2 : ittapi_config_apply_per_lib :  ITTAPI function not implemented: __itt_counter_inc_delta_v3
3823517 : 0x40e39629beb2fb : 2 : ittapi_config_apply_per_lib :  ITTAPI function not implemented: __itt_counter_dec_v3
3823517 : 0x40e39629bebe00 : 2 : ittapi_config_apply_per_lib :  ITTAPI function not implemented: __itt_counter_dec_delta_v3
3823517 : 0x40e39629beca52 : 2 : ittapi_config_apply_per_lib :  ITTAPI function not implemented: __itt_marker
3823517 : 0x40e39629bed4f9 : 2 : ittapi_config_apply_per_lib :  ITTAPI function instrumented: __itt_metadata_add
3823517 : 0x40e39629bee08d : 2 : ittapi_config_apply_per_lib :  ITTAPI function not implemented: __itt_metadata_str_add
3823517 : 0x40e39629beebcd : 2 : ittapi_config_apply_per_lib :  ITTAPI function not implemented: __itt_relation_add_to_current
3823517 : 0x40e39629bef70d : 2 : ittapi_config_apply_per_lib :  ITTAPI function not implemented: __itt_relation_add
3823517 : 0x40e39629bf25ef : 2 : ittapi_config_apply_per_lib :  ITTAPI function instrumented: __itt_event_create
3823517 : 0x40e39629bf315d : 2 : ittapi_config_apply_per_lib :  ITTAPI function instrumented: __itt_event_start
3823517 : 0x40e39629bf3b6b : 2 : ittapi_config_apply_per_lib :  ITTAPI function instrumented: __itt_event_end
3823517 : 0x40e39629bf4451 : 2 : ittapi_config_apply_per_lib :  ITTAPI function NOT instrumented (not matched by --itt-config option): __itt_sync_set_name

3823517 : 0x40e39629bf4e7f : 2 : ittapi_config_apply_per_lib :  ITTAPI function NOT instrumented (not matched by --itt-config option): __itt_notify_sync_name

3823517 : 0x40e39629bf57d4 : 2 : ittapi_config_apply_per_lib :  ITTAPI function NOT instrumented (not matched by --itt-config option): __itt_notify_sync_prepare

3823517 : 0x40e39629bf60d5 : 2 : ittapi_config_apply_per_lib :  ITTAPI function NOT instrumented (not matched by --itt-config option): __itt_notify_sync_cancel

3823517 : 0x40e39629bf6a2f : 2 : ittapi_config_apply_per_lib :  ITTAPI function NOT instrumented (not matched by --itt-config option): __itt_notify_sync_acquired

3823517 : 0x40e39629bf7368 : 2 : ittapi_config_apply_per_lib :  ITTAPI function NOT instrumented (not matched by --itt-config option): __itt_notify_sync_releasing

3823517 : 0x40e39629bf7ef0 : 2 : ittapi_config_apply_per_lib :  ITTAPI function not implemented: __itt_memory_read
3823517 : 0x40e39629bfc1f0 : 2 : ittapi_config_apply_per_lib :  ITTAPI function not implemented: __itt_memory_write
3823517 : 0x40e39629bfce9b : 2 : ittapi_config_apply_per_lib :  ITTAPI function not implemented: __itt_memory_update
3823517 : 0x40e39629bfd9c6 : 2 : ittapi_config_apply_per_lib :  ITTAPI function not implemented: __itt_state_get
3823517 : 0x40e39629bfe4c0 : 2 : ittapi_config_apply_per_lib :  ITTAPI function not implemented: __itt_state_set
3823517 : 0x40e39629bfef8b : 2 : ittapi_config_apply_per_lib :  ITTAPI function not implemented: __itt_obj_mode_set
3823517 : 0x40e39629bffaee : 2 : ittapi_config_apply_per_lib :  ITTAPI function not implemented: __itt_thr_mode_set
3823517 : 0x40e39629c005aa : 2 : ittapi_config_apply_per_lib :  ITTAPI function instrumented: __itt_frame_create
3823517 : 0x40e39629c00f6e : 2 : ittapi_config_apply_per_lib :  ITTAPI function instrumented: __itt_pt_region_create
3823517 : 0x40e39629c01a04 : 2 : ittapi_config_apply_per_lib :  ITTAPI function instrumented: __itt_frame_begin
3823517 : 0x40e39629c02477 : 2 : ittapi_config_apply_per_lib :  ITTAPI function instrumented: __itt_frame_end
3823517 : 0x40e39629c0577e : 2 : ittapi_config_apply_per_lib :  ITTAPI function not implemented: __itt_counter_destroy
3823517 : 0x40e39629c0628d : 2 : ittapi_config_apply_per_lib :  ITTAPI function instrumented: __itt_counter_inc
3823517 : 0x40e39629c06cce : 2 : ittapi_config_apply_per_lib :  ITTAPI function instrumented: __itt_counter_inc_delta
3823517 : 0x40e39629c0770b : 2 : ittapi_config_apply_per_lib :  ITTAPI function instrumented: __itt_counter_dec
3823517 : 0x40e39629c08216 : 2 : ittapi_config_apply_per_lib :  ITTAPI function instrumented: __itt_counter_dec_delta
3823517 : 0x40e39629c08ca4 : 2 : ittapi_config_apply_per_lib :  ITTAPI function instrumented: __itt_counter_set_value
3823517 : 0x40e39629c09775 : 2 : ittapi_config_apply_per_lib :  ITTAPI function not implemented: __itt_counter_set_value_ex
3823517 : 0x40e39629c0a21e : 2 : ittapi_config_apply_per_lib :  ITTAPI function not implemented: __itt_mark_create
3823517 : 0x40e39629c0adf9 : 2 : ittapi_config_apply_per_lib :  ITTAPI function not implemented: __itt_mark
3823517 : 0x40e39629c0bb52 : 2 : ittapi_config_apply_per_lib :  ITTAPI function not implemented: __itt_mark_off
3823517 : 0x40e39629c0ee94 : 2 : ittapi_config_apply_per_lib :  ITTAPI function not implemented: __itt_mark_global
3823517 : 0x40e39629c0fba7 : 2 : ittapi_config_apply_per_lib :  ITTAPI function not implemented: __itt_mark_global_off
3823517 : 0x40e39629c108c3 : 2 : ittapi_config_apply_per_lib :  ITTAPI function NOT instrumented (not matched by --itt-config option): __itt_stack_caller_create

3823517 : 0x40e39629c1158d : 2 : ittapi_config_apply_per_lib :  ITTAPI function NOT instrumented (not matched by --itt-config option): __itt_stack_caller_destroy

3823517 : 0x40e39629c12338 : 2 : ittapi_config_apply_per_lib :  ITTAPI function NOT instrumented (not matched by --itt-config option): __itt_stack_callee_enter

3823517 : 0x40e39629c13136 : 2 : ittapi_config_apply_per_lib :  ITTAPI function NOT instrumented (not matched by --itt-config option): __itt_stack_callee_leave

3823517 : 0x40e39629c140f4 : 2 : ittapi_config_apply_per_lib :  ITTAPI function not implemented: __itt_clock_domain_create
3823517 : 0x40e39629c152c3 : 2 : ittapi_config_apply_per_lib :  ITTAPI function not implemented: __itt_clock_domain_reset
3823517 : 0x40e39629c16088 : 2 : ittapi_config_apply_per_lib :  ITTAPI function not implemented: __itt_id_create_ex
3823517 : 0x40e39629c16bb6 : 2 : ittapi_config_apply_per_lib :  ITTAPI function not implemented: __itt_id_destroy_ex
3823517 : 0x40e39629c1c45e : 2 : ittapi_config_apply_per_lib :  ITTAPI function not implemented: __itt_task_begin_ex
3823517 : 0x40e39629c1d74e : 2 : ittapi_config_apply_per_lib :  ITTAPI function not implemented: __itt_task_begin_fn_ex
3823517 : 0x40e39629c1eafa : 2 : ittapi_config_apply_per_lib :  ITTAPI function not implemented: __itt_task_end_ex
3823517 : 0x40e39629c1fbfe : 2 : ittapi_config_apply_per_lib :  ITTAPI function instrumented: __itt_task_begin_overlapped
3823517 : 0x40e39629c20be2 : 2 : ittapi_config_apply_per_lib :  ITTAPI function not implemented: __itt_task_begin_overlapped_ex
3823517 : 0x40e39629c21d85 : 2 : ittapi_config_apply_per_lib :  ITTAPI function instrumented: __itt_task_end_overlapped
3823517 : 0x40e39629c22958 : 2 : ittapi_config_apply_per_lib :  ITTAPI function not implemented: __itt_task_end_overlapped_ex
3823517 : 0x40e39629c23495 : 2 : ittapi_config_apply_per_lib :  ITTAPI function not implemented: __itt_marker_ex
3823517 : 0x40e39629c24075 : 2 : ittapi_config_apply_per_lib :  ITTAPI function not implemented: __itt_metadata_add_with_scope
3823517 : 0x40e39629c24e15 : 2 : ittapi_config_apply_per_lib :  ITTAPI function not implemented: __itt_metadata_str_add_with_scope
3823517 : 0x40e39629c28aa2 : 2 : ittapi_config_apply_per_lib :  ITTAPI function not implemented: __itt_relation_add_to_current_ex
3823517 : 0x40e39629c296b9 : 2 : ittapi_config_apply_per_lib :  ITTAPI function not implemented: __itt_relation_add_ex
3823517 : 0x40e39629c2a269 : 2 : ittapi_config_apply_per_lib :  ITTAPI function not implemented: __itt_track_group_create
3823517 : 0x40e39629c2b0d7 : 2 : ittapi_config_apply_per_lib :  ITTAPI function not implemented: __itt_track_create
3823517 : 0x40e39629c2c308 : 2 : ittapi_config_apply_per_lib :  ITTAPI function not implemented: __itt_set_track
3823517 : 0x40e39629c2d407 : 2 : ittapi_config_apply_per_lib :  ITTAPI function instrumented: __itt_api_version
3823517 : 0x40e39629c2e2d9 : 2 : ittapi_config_apply_per_lib :  ITTAPI function not implemented: __itt_av_save
3823517 : 0x40e39629c2ed9f : 2 : ittapi_config_apply_per_lib :  ITTAPI function instrumented: __itt_module_load
3823517 : 0x40e39629c2fab2 : 2 : ittapi_config_apply_per_lib :  ITTAPI function not implemented: __itt_module_unload