
3822821 : 0x40e389a6fbf3da : 1 : spill_jit_data :  Jit agent is not initialized
3822821 : 0x40e389a6fd49d8 : 2 : ittapi_config_mask_get :  --itt-config mask to be applied: 39
3822821 : 0x40e389a6fd84ff : 2 : ittapi_config_apply_per_lib :  ITTAPI function instrumented: __itt_domain_create
3822821 : 0x40e389a6fdb4a0 : 2 : ittapi_config_apply_per_lib :  ITTAPI function instrumented: __itt_module_load_with_sections
3822821 : 0x40e389a6fdd48f : 2 : ittapi_config_apply_per_lib :  ITTAPI function not implemented: __itt_module_unload_with_sections
3822821 : 0x40e389a6fdf1e6 : 2 : ittapi_config_apply_per_lib :  ITTAPI function instrumented: __itt_string_handle_create
3822821 : 0x40e389a6fe01f7 : 2 : ittapi_config_apply_per_lib :  ITTAPI function instrumented: __itt_counter_create
3822821 : 0x40e389a6fe1fdf : 2 : ittapi_config_apply_per_lib :  ITTAPI function instrumented: __itt_counter_create_typed
3822821 : 0x40e389a6fe37b0 : 2 : ittapi_config_apply_per_lib :  ITTAPI function instrumented: __itt_pause
3822821 : 0x40e389a6fe44a2 : 2 : ittapi_config_apply_per_lib :  ITTAPI function instrumented: __itt_resume
3822821 : 0x40e389a6ff9374 : 2 : ittapi_config_apply_per_lib :  ITTAPI function instrumented: __itt_thread_set_name
3822821 : 0x40e389a6ffb557 : 2 : ittapi_config_apply_per_lib :  ITTAPI function instrumented: __itt_thread_ignore
3822821 : 0x40e389a6ffc83f : 2 : ittapi_config_apply_per_lib :  ITTAPI function instrumented: __itt_thr_name_set
3822821 : 0x40e389a6ffdb10 : 2 : ittapi_config_apply_per_lib :  ITTAPI function instrumented: __itt_thr_ignore
3822821 : 0x40e389a6fff101 : 2 : ittapi_config_apply_per_lib :  ITTAPI function not implemented: __itt_enable_attach
3822821 : 0x40e389a6fffe90 : 2 : ittapi_config_apply_per_lib :  ITTAPI function instrumented: __itt_detach
3822821 : 0x40e389a7000d6c : 2 : ittapi_config_apply_per_lib :  ITTAPI function NOT instrumented (not matched by --itt-config option): __itt_sync_create

3822821 : 0x40e389a7002566 : 2 : ittapi_config_apply_per_lib :  ITTAPI function NOT instrumented (not matched by --itt-config option): __itt_sync_rename

3822821 : 0x40e389a7003ef6 : 2 : ittapi_config_apply_per_lib :  ITTAPI function NOT instrumented (not matched by --itt-config option): __itt_sync_destroy

3822821 : 0x40e389a70053cb : 2 : ittapi_config_apply_per_lib :  ITTAPI function NOT instrumented (not matched by --itt-config option): __itt_sync_prepare

3822821 : 0x40e389a700b496 : 2 : ittapi_config_apply_per_lib :  ITTAPI function NOT instrumented (not matched by --itt-config option): __itt_sync_cancel

3822821 : 0x40e389a700c4f6 : 2 : ittapi_config_apply_per_lib :  ITTAPI function NOT instrumented (not matched by --itt-config option): __itt_sync_acquired

3822821 : 0x40e389a700d910 : 2 : ittapi_config_apply_per_lib :  ITTAPI function NOT instrumented (not matched by --itt-config option): __itt_sync_releasing

3822821 : 0x40e389a700e7bd : 2 : ittapi_config_apply_per_lib :  ITTAPI function not implemented: __itt_suppress_push
3822821 : 0x40e389a7010a8a : 2 : ittapi_config_apply_per_lib :  ITTAPI function not implemented: __itt_suppress_pop
3822821 : 0x40e389a7011807 : 2 : ittapi_config_apply_per_lib :  ITTAPI function not implemented: __itt_suppress_mark_range
3822821 : 0x40e389a70125e3 : 2 : ittapi_config_apply_per_lib :  ITTAPI function not implemented: __itt_suppress_clear_range
3822821 : 0x40e389a7013064 : 2 : ittapi_config_apply_per_lib :  ITTAPI function NOT instrumented (not matched by --itt-config option): __itt_sync_prepare

3822821 : 0x40e389a70147ef : 2 : ittapi_config_apply_per_lib :  ITTAPI function NOT instrumented (not matched by --itt-config option): __itt_sync_cancel

3822821 : 0x40e389a7016055 : 2 : ittapi_config_apply_per_lib :  ITTAPI function NOT instrumented (not matched by --itt-config option): __itt_sync_acquired

3822821 : 0x40e389a701c17f : 2 : ittapi_config_apply_per_lib :  ITTAPI function NOT instrumented (not matched by --itt-config option): __itt_sync_releasing

3822821 : 0x40e389a701db8b : 2 : ittapi_config_apply_per_lib :  ITTAPI function NOT instrumented (not matched by --itt-config option): __itt_model_site_begin

3822821 : 0x40e389a701f1ea : 2 : ittapi_config_apply_per_lib :  ITTAPI function NOT instrumented (not matched by --itt-config option): __itt_model_site_end

3822821 : 0x40e389a701feb2 : 2 : ittapi_config_apply_per_lib :  ITTAPI function NOT instrumented (not matched by --itt-config option): __itt_model_task_begin

3822821 : 0x40e389a70213c4 : 2 : ittapi_config_apply_per_lib :  ITTAPI function NOT instrumented (not matched by --itt-config option): __itt_model_task_end

3822821 : 0x40e389a7021e4c : 2 : ittapi_config_apply_per_lib :  ITTAPI function NOT instrumented (not matched by --itt-config option): __itt_model_lock_acquire

3822821 : 0x40e389a7022c9c : 2 : ittapi_config_apply_per_lib :  ITTAPI function NOT instrumented (not matched by --itt-config option): __itt_model_lock_release

3822821 : 0x40e389a70250a1 : 2 : ittapi_config_apply_per_lib :  ITTAPI function NOT instrumented (not matched by --itt-config option): __itt_model_record_allocation

3822821 : 0x40e389a7025c59 : 2 : ittapi_config_apply_per_lib :  ITTAPI function NOT instrumented (not matched by --itt-config option): __itt_model_record_deallocation

3822821 : 0x40e389a7026f55 : 2 : ittapi_config_apply_per_lib :  ITTAPI function NOT instrumented (not matched by --itt-config option): __itt_model_induction_uses

3822821 : 0x40e389a70329a0 : 2 : ittapi_config_apply_per_lib :  ITTAPI function NOT instrumented (not matched by --itt-config option): __itt_model_reduction_uses

3822821 : 0x40e389a7033d6e : 2 : ittapi_config_apply_per_lib :  ITTAPI function NOT instrumented (not matched by --itt-config option): __itt_model_observe_uses

3822821 : 0x40e389a7035829 : 2 : ittapi_config_apply_per_lib :  ITTAPI function NOT instrumented (not matched by --itt-config option): __itt_model_clear_uses

3822821 : 0x40e389a70369dd : 2 : ittapi_config_apply_per_lib :  ITTAPI function NOT instrumented (not matched by --itt-config option): __itt_model_site_beginA

3822821 : 0x40e389a703773b : 2 : ittapi_config_apply_per_lib :  ITTAPI function NOT instrumented (not matched by --itt-config option): __itt_model_site_beginAL

3822821 : 0x40e389a7039354 : 2 : ittapi_config_apply_per_lib :  ITTAPI function NOT instrumented (not matched by --itt-config option): __itt_model_task_beginA

3822821 : 0x40e389a703ab7a : 2 : ittapi_config_apply_per_lib :  ITTAPI function NOT instrumented (not matched by --itt-config option): __itt_model_task_beginAL

3822821 : 0x40e389a703ba7a : 2 : ittapi_config_apply_per_lib :  ITTAPI function NOT instrumented (not matched by --itt-config option): __itt_model_iteration_taskA

3822821 : 0x40e389a703c6c2 : 2 : ittapi_config_apply_per_lib :  ITTAPI function NOT instrumented (not matched by --itt-config option): __itt_model_iteration_taskAL

3822821 : 0x40e389a703d916 : 2 : ittapi_config_apply_per_lib :  ITTAPI function NOT instrumented (not matched by --itt-config option): __itt_model_site_end_2

3822821 : 0x40e389a7042732 : 2 : ittapi_config_apply_per_lib :  ITTAPI function NOT instrumented (not matched by --itt-config option): __itt_model_task_end_2

3822821 : 0x40e389a704350f : 2 : ittapi_config_apply_per_lib :  ITTAPI function NOT instrumented (not matched by --itt-config option): __itt_model_lock_acquire_2

3822821 : 0x40e389a70443ca : 2 : ittapi_config_apply_per_lib :  ITTAPI function NOT instrumented (not matched by --itt-config option): __itt_model_lock_release_2

3822821 : 0x40e389a7045bc3 : 2 : ittapi_config_apply_per_lib :  ITTAPI function NOT instrumented (not matched by --itt-config option): __itt_model_aggregate_task

3822821 : 0x40e389a70467b5 : 2 : ittapi_config_apply_per_lib :  ITTAPI function NOT instrumented (not matched by --itt-config option): __itt_model_disable_push

3822821 : 0x40e389a7047dd8 : 2 : ittapi_config_apply_per_lib :  ITTAPI function NOT instrumented (not matched by --itt-config option): __itt_model_disable_pop

3822821 : 0x40e389a7049288 : 2 : ittapi_config_apply_per_lib :  ITTAPI function instrumented: __itt_heap_function_create
3822821 : 0x40e389a704acc7 : 2 : ittapi_config_apply_per_lib :  ITTAPI function instrumented: __itt_heap_allocate_begin
3822821 : 0x40e389a704c12d : 2 : ittapi_config_apply_per_lib :  ITTAPI function instrumented: __itt_heap_allocate_end
3822821 : 0x40e389a704d4cc : 2 : ittapi_config_apply_per_lib :  ITTAPI function instrumented: __itt_heap_free_begin
3822821 : 0x40e389a7055313 : 2 : ittapi_config_apply_per_lib :  ITTAPI function instrumented: __itt_heap_free_end
3822821 : 0x40e389a7057583 : 2 : ittapi_config_apply_per_lib :  ITTAPI function instrumented: __itt_heap_reallocate_begin
3822821 : 0x40e389a705890e : 2 : ittapi_config_apply_per_lib :  ITTAPI function instrumented: __itt_heap_reallocate_end
3822821 : 0x40e389a705a42c : 2 : ittapi_config_apply_per_lib :  ITTAPI function not implemented: __itt_heap_internal_access_begin
3822821 : 0x40e389a705c3bf : 2 : ittapi_config_apply_per_lib :  ITTAPI function not implemented: __itt_heap_internal_access_end
3822821 : 0x40e389a705dc3c : 2 : ittapi_config_apply_per_lib :  ITTAPI function not implemented: __itt_heap_record_memory_growth_begin
3822821 : 0x40e389a705f877 : 2 : ittapi_config_apply_per_lib :  ITTAPI function not implemented: __itt_heap_record_memory_growth_end
3822821 : 0x40e389a7061f2b : 2 : ittapi_config_apply_per_lib :  ITTAPI function not implemented: __itt_heap_reset_detection
3822821 : 0x40e389a7063c1f : 2 : ittapi_config_apply_per_lib :  ITTAPI function not implemented: __itt_heap_record
3822821 : 0x40e389a7066080 : 2 : ittapi_config_apply_per_lib :  ITTAPI function not implemented: __itt_id_create
3822821 : 0x40e389a706bc47 : 2 : ittapi_config_apply_per_lib :  ITTAPI function not implemented: __itt_id_destroy
3822821 : 0x40e389a706d92f : 2 : ittapi_config_apply_per_lib :  ITTAPI function instrumented: __itt_get_timestamp
3822821 : 0x40e389a706f167 : 2 : ittapi_config_apply_per_lib :  ITTAPI function not implemented: __itt_region_begin
3822821 : 0x40e389a7070201 : 2 : ittapi_config_apply_per_lib :  ITTAPI function not implemented: __itt_region_end
3822821 : 0x40e389a7072364 : 2 : ittapi_config_apply_per_lib :  ITTAPI function instrumented: __itt_frame_begin_v3
3822821 : 0x40e389a7073701 : 2 : ittapi_config_apply_per_lib :  ITTAPI function instrumented: __itt_frame_end_v3
3822821 : 0x40e389a7074a44 : 2 : ittapi_config_apply_per_lib :  ITTAPI function instrumented: __itt_frame_submit_v3
3822821 : 0x40e389a707628c : 2 : ittapi_config_apply_per_lib :  ITTAPI function not implemented: __itt_task_group
3822821 : 0x40e389a7077c2e : 2 : ittapi_config_apply_per_lib :  ITTAPI function instrumented: __itt_task_begin
3822821 : 0x40e389a70788ac : 2 : ittapi_config_apply_per_lib :  ITTAPI function instrumented: __itt_task_begin_fn
3822821 : 0x40e389a707e733 : 2 : ittapi_config_apply_per_lib :  ITTAPI function instrumented: __itt_task_end
3822821 : 0x40e389a7080754 : 2 : ittapi_config_apply_per_lib :  ITTAPI function not implemented: __itt_counter_inc_v3
3822821 : 0x40e389a708223f : 2 : ittapi_config_apply_per_lib :  ITTAPI function not implemented: __itt_counter_inc_delta_v3
3822821 : 0x40e389a7083cd6 : 2 : ittapi_config_apply_per_lib :  ITTAPI function not implemented: __itt_counter_dec_v3
3822821 : 0x40e389a70859bf : 2 : ittapi_config_apply_per_lib :  ITTAPI function not implemented: __itt_counter_dec_delta_v3
3822821 : 0x40e389a7087cdc : 2 : ittapi_config_apply_per_lib :  ITTAPI function not implemented: __itt_marker
3822821 : 0x40e389a708934b : 2 : ittapi_config_apply_per_lib :  ITTAPI function instrumented: __itt_metadata_add
3822821 : 0x40e389a708b5c6 : 2 : ittapi_config_apply_per_lib :  ITTAPI function not implemented: __itt_metadata_str_add
3822821 : 0x40e389a708c80c : 2 : ittapi_config_apply_per_lib :  ITTAPI function not implemented: __itt_relation_add_to_current
3822821 : 0x40e389a708e212 : 2 : ittapi_config_apply_per_lib :  ITTAPI function not implemented: __itt_relation_add
3822821 : 0x40e389a7094df8 : 2 : ittapi_config_apply_per_lib :  ITTAPI function instrumented: __itt_event_create
3822821 : 0x40e389a709604d : 2 : ittapi_config_apply_per_lib :  ITTAPI function instrumented: __itt_event_start
3822821 : 0x40e389a70970cc : 2 : ittapi_config_apply_per_lib :  ITTAPI function instrumented: __itt_event_end
3822821 : 0x40e389a70986de : 2 : ittapi_config_apply_per_lib :  ITTAPI function NOT instrumented (not matched by --itt-config option): __itt_sync_set_name

3822821 : 0x40e389a709a2b9 : 2 : ittapi_config_apply_per_lib :  ITTAPI function NOT instrumented (not matched by --itt-config option): __itt_notify_sync_name

3822821 : 0x40e389a709bdf2 : 2 : ittapi_config_apply_per_lib :  ITTAPI function NOT instrumented (not matched by --itt-config option): __itt_notify_sync_prepare

3822821 : 0x40e389a709cd45 : 2 : ittapi_config_apply_per_lib :  ITTAPI function NOT instrumented (not matched by --itt-config option): __itt_notify_sync_cancel

3822821 : 0x40e389a709de3a : 2 : ittapi_config_apply_per_lib :  ITTAPI function NOT instrumented (not matched by --itt-config option): __itt_notify_sync_acquired

3822821 : 0x40e389a709efa4 : 2 : ittapi_config_apply_per_lib :  ITTAPI function NOT instrumented (not matched by --itt-config option): __itt_notify_sync_releasing

3822821 : 0x40e389a709ff47 : 2 : ittapi_config_apply_per_lib :  ITTAPI function not implemented: __itt_memory_read
3822821 : 0x40e389a70a80aa : 2 : ittapi_config_apply_per_lib :  ITTAPI function not implemented: __itt_memory_write
3822821 : 0x40e389a70a9820 : 2 : ittapi_config_apply_per_lib :  ITTAPI function not implemented: __itt_memory_update
3822821 : 0x40e389a70aaeeb : 2 : ittapi_config_apply_per_lib :  ITTAPI function not implemented: __itt_state_get
3822821 : 0x40e389a70ac9cc : 2 : ittapi_config_apply_per_lib :  ITTAPI function not implemented: __itt_state_set
3822821 : 0x40e389a70af77e : 2 : ittapi_config_apply_per_lib :  ITTAPI function not implemented: __itt_obj_mode_set
3822821 : 0x40e389a70b18b2 : 2 : ittapi_config_apply_per_lib :  ITTAPI function not implemented: __itt_thr_mode_set
3822821 : 0x40e389a70b26ca : 2 : ittapi_config_apply_per_lib :  ITTAPI function instrumented: __itt_frame_create
3822821 : 0x40e389a70b3587 : 2 : ittapi_config_apply_per_lib :  ITTAPI function instrumented: __itt_pt_region_create
3822821 : 0x40e389a70b4a39 : 2 : ittapi_config_apply_per_lib :  ITTAPI function instrumented: __itt_frame_begin
3822821 : 0x40e389a70b6cb5 : 2 : ittapi_config_apply_per_lib :  ITTAPI function instrumented: __itt_frame_end
3822821 : 0x40e389a70be604 : 2 : ittapi_config_apply_per_lib :  ITTAPI function not implemented: __itt_counter_destroy
3822821 : 0x40e389a70c06fa : 2 : ittapi_config_apply_per_lib :  ITTAPI function instrumented: __itt_counter_inc
3822821 : 0x40e389a70c159c : 2 : ittapi_config_apply_per_lib :  ITTAPI function instrumented: __itt_counter_inc_delta
3822821 : 0x40e389a70c2359 : 2 : ittapi_config_apply_per_lib :  ITTAPI function instrumented: __itt_counter_dec
3822821 : 0x40e389a70c6250 : 2 : ittapi_config_apply_per_lib :  ITTAPI function instrumented: __itt_counter_dec_delta
3822821 : 0x40e389a70c7a04 : 2 : ittapi_config_apply_per_lib :  ITTAPI function instrumented: __itt_counter_set_value
3822821 : 0x40e389a70c912a : 2 : ittapi_config_apply_per_lib :  ITTAPI function not implemented: __itt_counter_set_value_ex
3822821 : 0x40e389a70ca59b : 2 : ittapi_config_apply_per_lib :  ITTAPI function not implemented: __itt_mark_create
3822821 : 0x40e389a70cb338 : 2 : ittapi_config_apply_per_lib :  ITTAPI function not implemented: __itt_mark
3822821 : 0x40e389a70cc112 : 2 : ittapi_config_apply_per_lib :  ITTAPI function not implemented: __itt_mark_off
3822821 : 0x40e389a70d158b : 2 : ittapi_config_apply_per_lib :  ITTAPI function not implemented: __itt_mark_global
3822821 : 0x40e389a70d3074 : 2 : ittapi_config_apply_per_lib :  ITTAPI function not implemented: __itt_mark_global_off
3822821 : 0x40e389a70d477c : 2 : ittapi_config_apply_per_lib :  ITTAPI function NOT instrumented (not matched by --itt-config option): __itt_stack_caller_create

3822821 : 0x40e389a70d582d : 2 : ittapi_config_apply_per_lib :  ITTAPI function NOT instrumented (not matched by --itt-config option): __itt_stack_caller_destroy

3822821 : 0x40e389a70d6cef : 2 : ittapi_config_apply_per_lib :  ITTAPI function NOT instrumented (not matched by --itt-config option): __itt_stack_callee_enter

3822821 : 0x40e389a70d8298 : 2 : ittapi_config_apply_per_lib :  ITTAPI function NOT instrumented (not matched by --itt-config option): __itt_stack_callee_leave

3822821 : 0x40e389a70d93a6 : 2 : ittapi_config_apply_per_lib :  ITTAPI function not implemented: __itt_clock_domain_create
3822821 : 0x40e389a70da572 : 2 : ittapi_config_apply_per_lib :  ITTAPI function not implemented: __itt_clock_domain_reset
3822821 : 0x40e389a70dc55e : 2 : ittapi_config_apply_per_lib :  ITTAPI function not implemented: __itt_id_create_ex
3822821 : 0x40e389a70dd92f : 2 : ittapi_config_apply_per_lib :  ITTAPI function not implemented: __itt_id_destroy_ex
3822821 : 0x40e389a70e4e76 : 2 : ittapi_config_apply_per_lib :  ITTAPI function not implemented: __itt_task_begin_ex
3822821 : 0x40e389a70e64e3 : 2 : ittapi_config_apply_per_lib :  ITTAPI function not implemented: __itt_task_begin_fn_ex
3822821 : 0x40e389a70e811d : 2 : ittapi_config_apply_per_lib :  ITTAPI function not implemented: __itt_task_end_ex
3822821 : 0x40e389a70eff45 : 2 : ittapi_config_apply_per_lib :  ITTAPI function instrumented: __itt_task_begin_overlapped
3822821 : 0x40e389a70f12e0 : 2 : ittapi_config_apply_per_lib :  ITTAPI function not implemented: __itt_task_begin_overlapped_ex
3822821 : 0x40e389a70f28cd : 2 : ittapi_config_apply_per_lib :  ITTAPI function instrumented: __itt_task_end_overlapped
3822821 : 0x40e389a70f3919 : 2 : ittapi_config_apply_per_lib :  ITTAPI function not implemented: __itt_task_end_overlapped_ex
3822821 : 0x40e389a70f5068 : 2 : ittapi_config_apply_per_lib :  ITTAPI function not implemented: __itt_marker_ex
3822821 : 0x40e389a70f70e2 : 2 : ittapi_config_apply_per_lib :  ITTAPI function not implemented: __itt_metadata_add_with_scope
3822821 : 0x40e389a70f821a : 2 : ittapi_config_apply_per_lib :  ITTAPI function not implemented: __itt_metadata_str_add_with_scope
3822821 : 0x40e389a70fff7d : 2 : ittapi_config_apply_per_lib :  ITTAPI function not implemented: __itt_relation_add_to_current_ex
3822821 : 0x40e389a7101114 : 2 : ittapi_config_apply_per_lib :  ITTAPI function not implemented: __itt_relation_add_ex
3822821 : 0x40e389a710231c : 2 : ittapi_config_apply_per_lib :  ITTAPI function not implemented: __itt_track_group_create
3822821 : 0x40e389a7104eef : 2 : ittapi_config_apply_per_lib :  ITTAPI function not implemented: __itt_track_create
3822821 : 0x40e389a71073d4 : 2 : ittapi_config_apply_per_lib :  ITTAPI function not implemented: __itt_set_track
3822821 : 0x40e389a710851d : 2 : ittapi_config_apply_per_lib :  ITTAPI function instrumented: __itt_api_version
3822821 : 0x40e389a710a426 : 2 : ittapi_config_apply_per_lib :  ITTAPI function not implemented: __itt_av_save
3822821 : 0x40e389a710bb7f : 2 : ittapi_config_apply_per_lib :  ITTAPI function instrumented: __itt_module_load
3822821 : 0x40e389a710d4d1 : 2 : ittapi_config_apply_per_lib :  ITTAPI function not implemented: __itt_module_unload