
3821105 : 0x40e37f3ea84790 : 1 : spill_jit_data :  Jit agent is not initialized
3821105 : 0x40e37f3ea9c9b6 : 2 : ittapi_config_mask_get :  --itt-config mask to be applied: 39
3821105 : 0x40e37f3ea9f046 : 2 : ittapi_config_apply_per_lib :  ITTAPI function instrumented: __itt_domain_create
3821105 : 0x40e37f3eaa08c1 : 2 : ittapi_config_apply_per_lib :  ITTAPI function instrumented: __itt_module_load_with_sections
3821105 : 0x40e37f3eaa26f8 : 2 : ittapi_config_apply_per_lib :  ITTAPI function not implemented: __itt_module_unload_with_sections
3821105 : 0x40e37f3eaa433f : 2 : ittapi_config_apply_per_lib :  ITTAPI function instrumented: __itt_string_handle_create
3821105 : 0x40e37f3eaa55f0 : 2 : ittapi_config_apply_per_lib :  ITTAPI function instrumented: __itt_counter_create
3821105 : 0x40e37f3eaa6682 : 2 : ittapi_config_apply_per_lib :  ITTAPI function instrumented: __itt_counter_create_typed
3821105 : 0x40e37f3eaa7865 : 2 : ittapi_config_apply_per_lib :  ITTAPI function instrumented: __itt_pause
3821105 : 0x40e37f3eaa89a4 : 2 : ittapi_config_apply_per_lib :  ITTAPI function instrumented: __itt_resume
3821105 : 0x40e37f3eabcbb8 : 2 : ittapi_config_apply_per_lib :  ITTAPI function instrumented: __itt_thread_set_name
3821105 : 0x40e37f3eabe3f1 : 2 : ittapi_config_apply_per_lib :  ITTAPI function instrumented: __itt_thread_ignore
3821105 : 0x40e37f3eabf6db : 2 : ittapi_config_apply_per_lib :  ITTAPI function instrumented: __itt_thr_name_set
3821105 : 0x40e37f3eac0975 : 2 : ittapi_config_apply_per_lib :  ITTAPI function instrumented: __itt_thr_ignore
3821105 : 0x40e37f3eac2237 : 2 : ittapi_config_apply_per_lib :  ITTAPI function not implemented: __itt_enable_attach
3821105 : 0x40e37f3eac35f7 : 2 : ittapi_config_apply_per_lib :  ITTAPI function instrumented: __itt_detach
3821105 : 0x40e37f3eac45a5 : 2 : ittapi_config_apply_per_lib :  ITTAPI function NOT instrumented (not matched by --itt-config option): __itt_sync_create

3821105 : 0x40e37f3eac56f2 : 2 : ittapi_config_apply_per_lib :  ITTAPI function NOT instrumented (not matched by --itt-config option): __itt_sync_rename

3821105 : 0x40e37f3eac6521 : 2 : ittapi_config_apply_per_lib :  ITTAPI function NOT instrumented (not matched by --itt-config option): __itt_sync_destroy

3821105 : 0x40e37f3eac74c2 : 2 : ittapi_config_apply_per_lib :  ITTAPI function NOT instrumented (not matched by --itt-config option): __itt_sync_prepare

3821105 : 0x40e37f3eacd009 : 2 : ittapi_config_apply_per_lib :  ITTAPI function NOT instrumented (not matched by --itt-config option): __itt_sync_cancel

3821105 : 0x40e37f3eace1a6 : 2 : ittapi_config_apply_per_lib :  ITTAPI function NOT instrumented (not matched by --itt-config option): __itt_sync_acquired

3821105 : 0x40e37f3eacf0ad : 2 : ittapi_config_apply_per_lib :  ITTAPI function NOT instrumented (not matched by --itt-config option): __itt_sync_releasing

3821105 : 0x40e37f3ead065e : 2 : ittapi_config_apply_per_lib :  ITTAPI function not implemented: __itt_suppress_push
3821105 : 0x40e37f3ead1de9 : 2 : ittapi_config_apply_per_lib :  ITTAPI function not implemented: __itt_suppress_pop
3821105 : 0x40e37f3ead3318 : 2 : ittapi_config_apply_per_lib :  ITTAPI function not implemented: __itt_suppress_mark_range
3821105 : 0x40e37f3ead48af : 2 : ittapi_config_apply_per_lib :  ITTAPI function not implemented: __itt_suppress_clear_range
3821105 : 0x40e37f3ead5843 : 2 : ittapi_config_apply_per_lib :  ITTAPI function NOT instrumented (not matched by --itt-config option): __itt_sync_prepare

3821105 : 0x40e37f3ead6718 : 2 : ittapi_config_apply_per_lib :  ITTAPI function NOT instrumented (not matched by --itt-config option): __itt_sync_cancel

3821105 : 0x40e37f3ead7537 : 2 : ittapi_config_apply_per_lib :  ITTAPI function NOT instrumented (not matched by --itt-config option): __itt_sync_acquired

3821105 : 0x40e37f3eadc8e7 : 2 : ittapi_config_apply_per_lib :  ITTAPI function NOT instrumented (not matched by --itt-config option): __itt_sync_releasing

3821105 : 0x40e37f3eaddaca : 2 : ittapi_config_apply_per_lib :  ITTAPI function NOT instrumented (not matched by --itt-config option): __itt_model_site_begin

3821105 : 0x40e37f3eadeab1 : 2 : ittapi_config_apply_per_lib :  ITTAPI function NOT instrumented (not matched by --itt-config option): __itt_model_site_end

3821105 : 0x40e37f3eadf981 : 2 : ittapi_config_apply_per_lib :  ITTAPI function NOT instrumented (not matched by --itt-config option): __itt_model_task_begin

3821105 : 0x40e37f3eae084c : 2 : ittapi_config_apply_per_lib :  ITTAPI function NOT instrumented (not matched by --itt-config option): __itt_model_task_end

3821105 : 0x40e37f3eae180c : 2 : ittapi_config_apply_per_lib :  ITTAPI function NOT instrumented (not matched by --itt-config option): __itt_model_lock_acquire

3821105 : 0x40e37f3eae26e1 : 2 : ittapi_config_apply_per_lib :  ITTAPI function NOT instrumented (not matched by --itt-config option): __itt_model_lock_release

3821105 : 0x40e37f3eae3647 : 2 : ittapi_config_apply_per_lib :  ITTAPI function NOT instrumented (not matched by --itt-config option): __itt_model_record_allocation

3821105 : 0x40e37f3eae4548 : 2 : ittapi_config_apply_per_lib :  ITTAPI function NOT instrumented (not matched by --itt-config option): __itt_model_record_deallocation

3821105 : 0x40e37f3eae5421 : 2 : ittapi_config_apply_per_lib :  ITTAPI function NOT instrumented (not matched by --itt-config option): __itt_model_induction_uses

3821105 : 0x40e37f3eaec69c : 2 : ittapi_config_apply_per_lib :  ITTAPI function NOT instrumented (not matched by --itt-config option): __itt_model_reduction_uses

3821105 : 0x40e37f3eaed83f : 2 : ittapi_config_apply_per_lib :  ITTAPI function NOT instrumented (not matched by --itt-config option): __itt_model_observe_uses

3821105 : 0x40e37f3eaee7a5 : 2 : ittapi_config_apply_per_lib :  ITTAPI function NOT instrumented (not matched by --itt-config option): __itt_model_clear_uses

3821105 : 0x40e37f3eaef6ce : 2 : ittapi_config_apply_per_lib :  ITTAPI function NOT instrumented (not matched by --itt-config option): __itt_model_site_beginA

3821105 : 0x40e37f3eaf0604 : 2 : ittapi_config_apply_per_lib :  ITTAPI function NOT instrumented (not matched by --itt-config option): __itt_model_site_beginAL

3821105 : 0x40e37f3eaf1569 : 2 : ittapi_config_apply_per_lib :  ITTAPI function NOT instrumented (not matched by --itt-config option): __itt_model_task_beginA

3821105 : 0x40e37f3eaf23df : 2 : ittapi_config_apply_per_lib :  ITTAPI function NOT instrumented (not matched by --itt-config option): __itt_model_task_beginAL

3821105 : 0x40e37f3eaf329a : 2 : ittapi_config_apply_per_lib :  ITTAPI function NOT instrumented (not matched by --itt-config option): __itt_model_iteration_taskA

3821105 : 0x40e37f3eaf415b : 2 : ittapi_config_apply_per_lib :  ITTAPI function NOT instrumented (not matched by --itt-config option): __itt_model_iteration_taskAL

3821105 : 0x40e37f3eaf5071 : 2 : ittapi_config_apply_per_lib :  ITTAPI function NOT instrumented (not matched by --itt-config option): __itt_model_site_end_2

3821105 : 0x40e37f3eaf9bc3 : 2 : ittapi_config_apply_per_lib :  ITTAPI function NOT instrumented (not matched by --itt-config option): __itt_model_task_end_2

3821105 : 0x40e37f3eafac68 : 2 : ittapi_config_apply_per_lib :  ITTAPI function NOT instrumented (not matched by --itt-config option): __itt_model_lock_acquire_2

3821105 : 0x40e37f3eafbb19 : 2 : ittapi_config_apply_per_lib :  ITTAPI function NOT instrumented (not matched by --itt-config option): __itt_model_lock_release_2

3821105 : 0x40e37f3eafca2b : 2 : ittapi_config_apply_per_lib :  ITTAPI function NOT instrumented (not matched by --itt-config option): __itt_model_aggregate_task

3821105 : 0x40e37f3eafd8fe : 2 : ittapi_config_apply_per_lib :  ITTAPI function NOT instrumented (not matched by --itt-config option): __itt_model_disable_push

3821105 : 0x40e37f3eafe7b9 : 2 : ittapi_config_apply_per_lib :  ITTAPI function NOT instrumented (not matched by --itt-config option): __itt_model_disable_pop

3821105 : 0x40e37f3eaff89b : 2 : ittapi_config_apply_per_lib :  ITTAPI function instrumented: __itt_heap_function_create
3821105 : 0x40e37f3eb00a05 : 2 : ittapi_config_apply_per_lib :  ITTAPI function instrumented: __itt_heap_allocate_begin
3821105 : 0x40e37f3eb01b44 : 2 : ittapi_config_apply_per_lib :  ITTAPI function instrumented: __itt_heap_allocate_end
3821105 : 0x40e37f3eb02ce0 : 2 : ittapi_config_apply_per_lib :  ITTAPI function instrumented: __itt_heap_free_begin
3821105 : 0x40e37f3eb09635 : 2 : ittapi_config_apply_per_lib :  ITTAPI function instrumented: __itt_heap_free_end
3821105 : 0x40e37f3eb0a973 : 2 : ittapi_config_apply_per_lib :  ITTAPI function instrumented: __itt_heap_reallocate_begin
3821105 : 0x40e37f3eb0ba22 : 2 : ittapi_config_apply_per_lib :  ITTAPI function instrumented: __itt_heap_reallocate_end
3821105 : 0x40e37f3eb0cefb : 2 : ittapi_config_apply_per_lib :  ITTAPI function not implemented: __itt_heap_internal_access_begin
3821105 : 0x40e37f3eb0e2cb : 2 : ittapi_config_apply_per_lib :  ITTAPI function not implemented: __itt_heap_internal_access_end
3821105 : 0x40e37f3eb0f7b4 : 2 : ittapi_config_apply_per_lib :  ITTAPI function not implemented: __itt_heap_record_memory_growth_begin
3821105 : 0x40e37f3eb10b4f : 2 : ittapi_config_apply_per_lib :  ITTAPI function not implemented: __itt_heap_record_memory_growth_end
3821105 : 0x40e37f3eb11f3a : 2 : ittapi_config_apply_per_lib :  ITTAPI function not implemented: __itt_heap_reset_detection
3821105 : 0x40e37f3eb13452 : 2 : ittapi_config_apply_per_lib :  ITTAPI function not implemented: __itt_heap_record
3821105 : 0x40e37f3eb147d6 : 2 : ittapi_config_apply_per_lib :  ITTAPI function not implemented: __itt_id_create
3821105 : 0x40e37f3eb19949 : 2 : ittapi_config_apply_per_lib :  ITTAPI function not implemented: __itt_id_destroy
3821105 : 0x40e37f3eb1ac58 : 2 : ittapi_config_apply_per_lib :  ITTAPI function instrumented: __itt_get_timestamp
3821105 : 0x40e37f3eb1bfdc : 2 : ittapi_config_apply_per_lib :  ITTAPI function not implemented: __itt_region_begin
3821105 : 0x40e37f3eb1d3d1 : 2 : ittapi_config_apply_per_lib :  ITTAPI function not implemented: __itt_region_end
3821105 : 0x40e37f3eb1e729 : 2 : ittapi_config_apply_per_lib :  ITTAPI function instrumented: __itt_frame_begin_v3
3821105 : 0x40e37f3eb1f8ab : 2 : ittapi_config_apply_per_lib :  ITTAPI function instrumented: __itt_frame_end_v3
3821105 : 0x40e37f3eb209cc : 2 : ittapi_config_apply_per_lib :  ITTAPI function instrumented: __itt_frame_submit_v3
3821105 : 0x40e37f3eb21d64 : 2 : ittapi_config_apply_per_lib :  ITTAPI function not implemented: __itt_task_group
3821105 : 0x40e37f3eb22fa4 : 2 : ittapi_config_apply_per_lib :  ITTAPI function instrumented: __itt_task_begin
3821105 : 0x40e37f3eb24141 : 2 : ittapi_config_apply_per_lib :  ITTAPI function instrumented: __itt_task_begin_fn
3821105 : 0x40e37f3eb28f8f : 2 : ittapi_config_apply_per_lib :  ITTAPI function instrumented: __itt_task_end
3821105 : 0x40e37f3eb2a5da : 2 : ittapi_config_apply_per_lib :  ITTAPI function not implemented: __itt_counter_inc_v3
3821105 : 0x40e37f3eb2ba55 : 2 : ittapi_config_apply_per_lib :  ITTAPI function not implemented: __itt_counter_inc_delta_v3
3821105 : 0x40e37f3eb2cdd8 : 2 : ittapi_config_apply_per_lib :  ITTAPI function not implemented: __itt_counter_dec_v3
3821105 : 0x40e37f3eb2e0a2 : 2 : ittapi_config_apply_per_lib :  ITTAPI function not implemented: __itt_counter_dec_delta_v3
3821105 : 0x40e37f3eb2f429 : 2 : ittapi_config_apply_per_lib :  ITTAPI function not implemented: __itt_marker
3821105 : 0x40e37f3eb306d7 : 2 : ittapi_config_apply_per_lib :  ITTAPI function instrumented: __itt_metadata_add
3821105 : 0x40e37f3eb319e9 : 2 : ittapi_config_apply_per_lib :  ITTAPI function not implemented: __itt_metadata_str_add
3821105 : 0x40e37f3eb32d02 : 2 : ittapi_config_apply_per_lib :  ITTAPI function not implemented: __itt_relation_add_to_current
3821105 : 0x40e37f3eb3408c : 2 : ittapi_config_apply_per_lib :  ITTAPI function not implemented: __itt_relation_add
3821105 : 0x40e37f3eb4705a : 2 : ittapi_config_apply_per_lib :  ITTAPI function instrumented: __itt_event_create
3821105 : 0x40e37f3eb4870c : 2 : ittapi_config_apply_per_lib :  ITTAPI function instrumented: __itt_event_start
3821105 : 0x40e37f3eb497fe : 2 : ittapi_config_apply_per_lib :  ITTAPI function instrumented: __itt_event_end
3821105 : 0x40e37f3eb4a6a6 : 2 : ittapi_config_apply_per_lib :  ITTAPI function NOT instrumented (not matched by --itt-config option): __itt_sync_set_name

3821105 : 0x40e37f3eb4b6d6 : 2 : ittapi_config_apply_per_lib :  ITTAPI function NOT instrumented (not matched by --itt-config option): __itt_notify_sync_name

3821105 : 0x40e37f3eb4c59c : 2 : ittapi_config_apply_per_lib :  ITTAPI function NOT instrumented (not matched by --itt-config option): __itt_notify_sync_prepare

3821105 : 0x40e37f3eb4d450 : 2 : ittapi_config_apply_per_lib :  ITTAPI function NOT instrumented (not matched by --itt-config option): __itt_notify_sync_cancel

3821105 : 0x40e37f3eb4e2d9 : 2 : ittapi_config_apply_per_lib :  ITTAPI function NOT instrumented (not matched by --itt-config option): __itt_notify_sync_acquired

3821105 : 0x40e37f3eb4f18d : 2 : ittapi_config_apply_per_lib :  ITTAPI function NOT instrumented (not matched by --itt-config option): __itt_notify_sync_releasing

3821105 : 0x40e37f3eb504f0 : 2 : ittapi_config_apply_per_lib :  ITTAPI function not implemented: __itt_memory_read
3821105 : 0x40e37f3eb57b44 : 2 : ittapi_config_apply_per_lib :  ITTAPI function not implemented: __itt_memory_write
3821105 : 0x40e37f3eb5913b : 2 : ittapi_config_apply_per_lib :  ITTAPI function not implemented: __itt_memory_update
3821105 : 0x40e37f3eb5a5af : 2 : ittapi_config_apply_per_lib :  ITTAPI function not implemented: __itt_state_get
3821105 : 0x40e37f3eb5b8ba : 2 : ittapi_config_apply_per_lib :  ITTAPI function not implemented: __itt_state_set
3821105 : 0x40e37f3eb5cb9b : 2 : ittapi_config_apply_per_lib :  ITTAPI function not implemented: __itt_obj_mode_set
3821105 : 0x40e37f3eb5e03e : 2 : ittapi_config_apply_per_lib :  ITTAPI function not implemented: __itt_thr_mode_set
3821105 : 0x40e37f3eb5f183 : 2 : ittapi_config_apply_per_lib :  ITTAPI function instrumented: __itt_frame_create
3821105 : 0x40e37f3eb601ed : 2 : ittapi_config_apply_per_lib :  ITTAPI function instrumented: __itt_pt_region_create
3821105 : 0x40e37f3eb613e0 : 2 : ittapi_config_apply_per_lib :  ITTAPI function instrumented: __itt_frame_begin
3821105 : 0x40e37f3eb624ed : 2 : ittapi_config_apply_per_lib :  ITTAPI function instrumented: __itt_frame_end
3821105 : 0x40e37f3eb67d6d : 2 : ittapi_config_apply_per_lib :  ITTAPI function not implemented: __itt_counter_destroy
3821105 : 0x40e37f3eb690e7 : 2 : ittapi_config_apply_per_lib :  ITTAPI function instrumented: __itt_counter_inc
3821105 : 0x40e37f3eb6a1cf : 2 : ittapi_config_apply_per_lib :  ITTAPI function instrumented: __itt_counter_inc_delta
3821105 : 0x40e37f3eb6b319 : 2 : ittapi_config_apply_per_lib :  ITTAPI function instrumented: __itt_counter_dec
3821105 : 0x40e37f3eb6c51d : 2 : ittapi_config_apply_per_lib :  ITTAPI function instrumented: __itt_counter_dec_delta
3821105 : 0x40e37f3eb6d627 : 2 : ittapi_config_apply_per_lib :  ITTAPI function instrumented: __itt_counter_set_value
3821105 : 0x40e37f3eb6e88b : 2 : ittapi_config_apply_per_lib :  ITTAPI function not implemented: __itt_counter_set_value_ex
3821105 : 0x40e37f3eb6facf : 2 : ittapi_config_apply_per_lib :  ITTAPI function not implemented: __itt_mark_create
3821105 : 0x40e37f3eb70f2c : 2 : ittapi_config_apply_per_lib :  ITTAPI function not implemented: __itt_mark
3821105 : 0x40e37f3eb72482 : 2 : ittapi_config_apply_per_lib :  ITTAPI function not implemented: __itt_mark_off
3821105 : 0x40e37f3eb775b2 : 2 : ittapi_config_apply_per_lib :  ITTAPI function not implemented: __itt_mark_global
3821105 : 0x40e37f3eb78c7c : 2 : ittapi_config_apply_per_lib :  ITTAPI function not implemented: __itt_mark_global_off
3821105 : 0x40e37f3eb79d78 : 2 : ittapi_config_apply_per_lib :  ITTAPI function NOT instrumented (not matched by --itt-config option): __itt_stack_caller_create

3821105 : 0x40e37f3eb7ad02 : 2 : ittapi_config_apply_per_lib :  ITTAPI function NOT instrumented (not matched by --itt-config option): __itt_stack_caller_destroy

3821105 : 0x40e37f3eb7bc17 : 2 : ittapi_config_apply_per_lib :  ITTAPI function NOT instrumented (not matched by --itt-config option): __itt_stack_callee_enter

3821105 : 0x40e37f3eb7cb15 : 2 : ittapi_config_apply_per_lib :  ITTAPI function NOT instrumented (not matched by --itt-config option): __itt_stack_callee_leave

3821105 : 0x40e37f3eb7de03 : 2 : ittapi_config_apply_per_lib :  ITTAPI function not implemented: __itt_clock_domain_create
3821105 : 0x40e37f3eb7f25f : 2 : ittapi_config_apply_per_lib :  ITTAPI function not implemented: __itt_clock_domain_reset
3821105 : 0x40e37f3eb8059d : 2 : ittapi_config_apply_per_lib :  ITTAPI function not implemented: __itt_id_create_ex
3821105 : 0x40e37f3eb8197f : 2 : ittapi_config_apply_per_lib :  ITTAPI function not implemented: __itt_id_destroy_ex
3821105 : 0x40e37f3eb885ea : 2 : ittapi_config_apply_per_lib :  ITTAPI function not implemented: __itt_task_begin_ex
3821105 : 0x40e37f3eb89b2a : 2 : ittapi_config_apply_per_lib :  ITTAPI function not implemented: __itt_task_begin_fn_ex
3821105 : 0x40e37f3eb8af18 : 2 : ittapi_config_apply_per_lib :  ITTAPI function not implemented: __itt_task_end_ex
3821105 : 0x40e37f3eb8c191 : 2 : ittapi_config_apply_per_lib :  ITTAPI function instrumented: __itt_task_begin_overlapped
3821105 : 0x40e37f3eb8d421 : 2 : ittapi_config_apply_per_lib :  ITTAPI function not implemented: __itt_task_begin_overlapped_ex
3821105 : 0x40e37f3eb8e7d0 : 2 : ittapi_config_apply_per_lib :  ITTAPI function instrumented: __itt_task_end_overlapped
3821105 : 0x40e37f3eb8facc : 2 : ittapi_config_apply_per_lib :  ITTAPI function not implemented: __itt_task_end_overlapped_ex
3821105 : 0x40e37f3eb90e4f : 2 : ittapi_config_apply_per_lib :  ITTAPI function not implemented: __itt_marker_ex
3821105 : 0x40e37f3eb92291 : 2 : ittapi_config_apply_per_lib :  ITTAPI function not implemented: __itt_metadata_add_with_scope
3821105 : 0x40e37f3eb9371d : 2 : ittapi_config_apply_per_lib :  ITTAPI function not implemented: __itt_metadata_str_add_with_scope
3821105 : 0x40e37f3eb98c2f : 2 : ittapi_config_apply_per_lib :  ITTAPI function not implemented: __itt_relation_add_to_current_ex
3821105 : 0x40e37f3eb9a057 : 2 : ittapi_config_apply_per_lib :  ITTAPI function not implemented: __itt_relation_add_ex
3821105 : 0x40e37f3eb9b366 : 2 : ittapi_config_apply_per_lib :  ITTAPI function not implemented: __itt_track_group_create
3821105 : 0x40e37f3eb9c548 : 2 : ittapi_config_apply_per_lib :  ITTAPI function not implemented: __itt_track_create
3821105 : 0x40e37f3eb9d8c2 : 2 : ittapi_config_apply_per_lib :  ITTAPI function not implemented: __itt_set_track
3821105 : 0x40e37f3eb9eb3e : 2 : ittapi_config_apply_per_lib :  ITTAPI function instrumented: __itt_api_version
3821105 : 0x40e37f3eb9fd60 : 2 : ittapi_config_apply_per_lib :  ITTAPI function not implemented: __itt_av_save
3821105 : 0x40e37f3eba0fd9 : 2 : ittapi_config_apply_per_lib :  ITTAPI function instrumented: __itt_module_load
3821105 : 0x40e37f3eba223b : 2 : ittapi_config_apply_per_lib :  ITTAPI function not implemented: __itt_module_unload