
3813351 : 0x40e31c6747946e : 1 : spill_jit_data :  Jit agent is not initialized
3813351 : 0x40e31c6748f0e2 : 2 : ittapi_config_mask_get :  --itt-config mask to be applied: 39
3813351 : 0x40e31c67491196 : 2 : ittapi_config_apply_per_lib :  ITTAPI function instrumented: __itt_domain_create
3813351 : 0x40e31c6749283b : 2 : ittapi_config_apply_per_lib :  ITTAPI function instrumented: __itt_module_load_with_sections
3813351 : 0x40e31c6749460c : 2 : ittapi_config_apply_per_lib :  ITTAPI function not implemented: __itt_module_unload_with_sections
3813351 : 0x40e31c67495f31 : 2 : ittapi_config_apply_per_lib :  ITTAPI function instrumented: __itt_string_handle_create
3813351 : 0x40e31c67497073 : 2 : ittapi_config_apply_per_lib :  ITTAPI function instrumented: __itt_counter_create
3813351 : 0x40e31c674980ea : 2 : ittapi_config_apply_per_lib :  ITTAPI function instrumented: __itt_counter_create_typed
3813351 : 0x40e31c6749934c : 2 : ittapi_config_apply_per_lib :  ITTAPI function instrumented: __itt_pause
3813351 : 0x40e31c6749a3ee : 2 : ittapi_config_apply_per_lib :  ITTAPI function instrumented: __itt_resume
3813351 : 0x40e31c674aea2e : 2 : ittapi_config_apply_per_lib :  ITTAPI function instrumented: __itt_thread_set_name
3813351 : 0x40e31c674b0177 : 2 : ittapi_config_apply_per_lib :  ITTAPI function instrumented: __itt_thread_ignore
3813351 : 0x40e31c674b1321 : 2 : ittapi_config_apply_per_lib :  ITTAPI function instrumented: __itt_thr_name_set
3813351 : 0x40e31c674b24f6 : 2 : ittapi_config_apply_per_lib :  ITTAPI function instrumented: __itt_thr_ignore
3813351 : 0x40e31c674b3c77 : 2 : ittapi_config_apply_per_lib :  ITTAPI function not implemented: __itt_enable_attach
3813351 : 0x40e31c674b4e92 : 2 : ittapi_config_apply_per_lib :  ITTAPI function instrumented: __itt_detach
3813351 : 0x40e31c674b5e6f : 2 : ittapi_config_apply_per_lib :  ITTAPI function NOT instrumented (not matched by --itt-config option): __itt_sync_create

3813351 : 0x40e31c674b6f54 : 2 : ittapi_config_apply_per_lib :  ITTAPI function NOT instrumented (not matched by --itt-config option): __itt_sync_rename

3813351 : 0x40e31c674b7deb : 2 : ittapi_config_apply_per_lib :  ITTAPI function NOT instrumented (not matched by --itt-config option): __itt_sync_destroy

3813351 : 0x40e31c674b8d6b : 2 : ittapi_config_apply_per_lib :  ITTAPI function NOT instrumented (not matched by --itt-config option): __itt_sync_prepare

3813351 : 0x40e31c674be3a0 : 2 : ittapi_config_apply_per_lib :  ITTAPI function NOT instrumented (not matched by --itt-config option): __itt_sync_cancel

3813351 : 0x40e31c674bf3ca : 2 : ittapi_config_apply_per_lib :  ITTAPI function NOT instrumented (not matched by --itt-config option): __itt_sync_acquired

3813351 : 0x40e31c674c02ad : 2 : ittapi_config_apply_per_lib :  ITTAPI function NOT instrumented (not matched by --itt-config option): __itt_sync_releasing

3813351 : 0x40e31c674c174c : 2 : ittapi_config_apply_per_lib :  ITTAPI function not implemented: __itt_suppress_push
3813351 : 0x40e31c674c2f6d : 2 : ittapi_config_apply_per_lib :  ITTAPI function not implemented: __itt_suppress_pop
3813351 : 0x40e31c674c4348 : 2 : ittapi_config_apply_per_lib :  ITTAPI function not implemented: __itt_suppress_mark_range
3813351 : 0x40e31c674c5762 : 2 : ittapi_config_apply_per_lib :  ITTAPI function not implemented: __itt_suppress_clear_range
3813351 : 0x40e31c674c6677 : 2 : ittapi_config_apply_per_lib :  ITTAPI function NOT instrumented (not matched by --itt-config option): __itt_sync_prepare

3813351 : 0x40e31c674c7540 : 2 : ittapi_config_apply_per_lib :  ITTAPI function NOT instrumented (not matched by --itt-config option): __itt_sync_cancel

3813351 : 0x40e31c674c835e : 2 : ittapi_config_apply_per_lib :  ITTAPI function NOT instrumented (not matched by --itt-config option): __itt_sync_acquired

3813351 : 0x40e31c674cd24d : 2 : ittapi_config_apply_per_lib :  ITTAPI function NOT instrumented (not matched by --itt-config option): __itt_sync_releasing

3813351 : 0x40e31c674ce2d1 : 2 : ittapi_config_apply_per_lib :  ITTAPI function NOT instrumented (not matched by --itt-config option): __itt_model_site_begin

3813351 : 0x40e31c674cf29d : 2 : ittapi_config_apply_per_lib :  ITTAPI function NOT instrumented (not matched by --itt-config option): __itt_model_site_end

3813351 : 0x40e31c674d01a9 : 2 : ittapi_config_apply_per_lib :  ITTAPI function NOT instrumented (not matched by --itt-config option): __itt_model_task_begin

3813351 : 0x40e31c674d108f : 2 : ittapi_config_apply_per_lib :  ITTAPI function NOT instrumented (not matched by --itt-config option): __itt_model_task_end

3813351 : 0x40e31c674d206d : 2 : ittapi_config_apply_per_lib :  ITTAPI function NOT instrumented (not matched by --itt-config option): __itt_model_lock_acquire

3813351 : 0x40e31c674d2f49 : 2 : ittapi_config_apply_per_lib :  ITTAPI function NOT instrumented (not matched by --itt-config option): __itt_model_lock_release

3813351 : 0x40e31c674d3e5b : 2 : ittapi_config_apply_per_lib :  ITTAPI function NOT instrumented (not matched by --itt-config option): __itt_model_record_allocation

3813351 : 0x40e31c674d4d19 : 2 : ittapi_config_apply_per_lib :  ITTAPI function NOT instrumented (not matched by --itt-config option): __itt_model_record_deallocation

3813351 : 0x40e31c674d5c03 : 2 : ittapi_config_apply_per_lib :  ITTAPI function NOT instrumented (not matched by --itt-config option): __itt_model_induction_uses

3813351 : 0x40e31c674dd39e : 2 : ittapi_config_apply_per_lib :  ITTAPI function NOT instrumented (not matched by --itt-config option): __itt_model_reduction_uses

3813351 : 0x40e31c674de512 : 2 : ittapi_config_apply_per_lib :  ITTAPI function NOT instrumented (not matched by --itt-config option): __itt_model_observe_uses

3813351 : 0x40e31c674df48f : 2 : ittapi_config_apply_per_lib :  ITTAPI function NOT instrumented (not matched by --itt-config option): __itt_model_clear_uses

3813351 : 0x40e31c674e03b8 : 2 : ittapi_config_apply_per_lib :  ITTAPI function NOT instrumented (not matched by --itt-config option): __itt_model_site_beginA

3813351 : 0x40e31c674e12eb : 2 : ittapi_config_apply_per_lib :  ITTAPI function NOT instrumented (not matched by --itt-config option): __itt_model_site_beginAL

3813351 : 0x40e31c674eca60 : 2 : ittapi_config_apply_per_lib :  ITTAPI function NOT instrumented (not matched by --itt-config option): __itt_model_task_beginA

3813351 : 0x40e31c674ee197 : 2 : ittapi_config_apply_per_lib :  ITTAPI function NOT instrumented (not matched by --itt-config option): __itt_model_task_beginAL

3813351 : 0x40e31c674ef107 : 2 : ittapi_config_apply_per_lib :  ITTAPI function NOT instrumented (not matched by --itt-config option): __itt_model_iteration_taskA

3813351 : 0x40e31c674effdc : 2 : ittapi_config_apply_per_lib :  ITTAPI function NOT instrumented (not matched by --itt-config option): __itt_model_iteration_taskAL

3813351 : 0x40e31c674f0f13 : 2 : ittapi_config_apply_per_lib :  ITTAPI function NOT instrumented (not matched by --itt-config option): __itt_model_site_end_2

3813351 : 0x40e31c674f6adf : 2 : ittapi_config_apply_per_lib :  ITTAPI function NOT instrumented (not matched by --itt-config option): __itt_model_task_end_2

3813351 : 0x40e31c674f7af2 : 2 : ittapi_config_apply_per_lib :  ITTAPI function NOT instrumented (not matched by --itt-config option): __itt_model_lock_acquire_2

3813351 : 0x40e31c674f8a11 : 2 : ittapi_config_apply_per_lib :  ITTAPI function NOT instrumented (not matched by --itt-config option): __itt_model_lock_release_2

3813351 : 0x40e31c674f99af : 2 : ittapi_config_apply_per_lib :  ITTAPI function NOT instrumented (not matched by --itt-config option): __itt_model_aggregate_task

3813351 : 0x40e31c674fa8df : 2 : ittapi_config_apply_per_lib :  ITTAPI function NOT instrumented (not matched by --itt-config option): __itt_model_disable_push

3813351 : 0x40e31c674fb7bf : 2 : ittapi_config_apply_per_lib :  ITTAPI function NOT instrumented (not matched by --itt-config option): __itt_model_disable_pop

3813351 : 0x40e31c674fcd26 : 2 : ittapi_config_apply_per_lib :  ITTAPI function instrumented: __itt_heap_function_create
3813351 : 0x40e31c674fde80 : 2 : ittapi_config_apply_per_lib :  ITTAPI function instrumented: __itt_heap_allocate_begin
3813351 : 0x40e31c674ff038 : 2 : ittapi_config_apply_per_lib :  ITTAPI function instrumented: __itt_heap_allocate_end
3813351 : 0x40e31c6750019f : 2 : ittapi_config_apply_per_lib :  ITTAPI function instrumented: __itt_heap_free_begin
3813351 : 0x40e31c675069a6 : 2 : ittapi_config_apply_per_lib :  ITTAPI function instrumented: __itt_heap_free_end
3813351 : 0x40e31c67507cc2 : 2 : ittapi_config_apply_per_lib :  ITTAPI function instrumented: __itt_heap_reallocate_begin
3813351 : 0x40e31c67508d6b : 2 : ittapi_config_apply_per_lib :  ITTAPI function instrumented: __itt_heap_reallocate_end
3813351 : 0x40e31c6750a2dd : 2 : ittapi_config_apply_per_lib :  ITTAPI function not implemented: __itt_heap_internal_access_begin
3813351 : 0x40e31c6750b69d : 2 : ittapi_config_apply_per_lib :  ITTAPI function not implemented: __itt_heap_internal_access_end
3813351 : 0x40e31c6750cb32 : 2 : ittapi_config_apply_per_lib :  ITTAPI function not implemented: __itt_heap_record_memory_growth_begin
3813351 : 0x40e31c6750decd : 2 : ittapi_config_apply_per_lib :  ITTAPI function not implemented: __itt_heap_record_memory_growth_end
3813351 : 0x40e31c6750f19d : 2 : ittapi_config_apply_per_lib :  ITTAPI function not implemented: __itt_heap_reset_detection
3813351 : 0x40e31c675106e6 : 2 : ittapi_config_apply_per_lib :  ITTAPI function not implemented: __itt_heap_record
3813351 : 0x40e31c675119a5 : 2 : ittapi_config_apply_per_lib :  ITTAPI function not implemented: __itt_id_create
3813351 : 0x40e31c675166d5 : 2 : ittapi_config_apply_per_lib :  ITTAPI function not implemented: __itt_id_destroy
3813351 : 0x40e31c6751791c : 2 : ittapi_config_apply_per_lib :  ITTAPI function instrumented: __itt_get_timestamp
3813351 : 0x40e31c67518b87 : 2 : ittapi_config_apply_per_lib :  ITTAPI function not implemented: __itt_region_begin
3813351 : 0x40e31c67519e57 : 2 : ittapi_config_apply_per_lib :  ITTAPI function not implemented: __itt_region_end
3813351 : 0x40e31c6751afbe : 2 : ittapi_config_apply_per_lib :  ITTAPI function instrumented: __itt_frame_begin_v3
3813351 : 0x40e31c6751c125 : 2 : ittapi_config_apply_per_lib :  ITTAPI function instrumented: __itt_frame_end_v3
3813351 : 0x40e31c6751d22f : 2 : ittapi_config_apply_per_lib :  ITTAPI function instrumented: __itt_frame_submit_v3
3813351 : 0x40e31c6751e569 : 2 : ittapi_config_apply_per_lib :  ITTAPI function not implemented: __itt_task_group
3813351 : 0x40e31c6751f710 : 2 : ittapi_config_apply_per_lib :  ITTAPI function instrumented: __itt_task_begin
3813351 : 0x40e31c675207c3 : 2 : ittapi_config_apply_per_lib :  ITTAPI function instrumented: __itt_task_begin_fn
3813351 : 0x40e31c67525185 : 2 : ittapi_config_apply_per_lib :  ITTAPI function instrumented: __itt_task_end
3813351 : 0x40e31c67526656 : 2 : ittapi_config_apply_per_lib :  ITTAPI function not implemented: __itt_counter_inc_v3
3813351 : 0x40e31c675279e7 : 2 : ittapi_config_apply_per_lib :  ITTAPI function not implemented: __itt_counter_inc_delta_v3
3813351 : 0x40e31c67528c7e : 2 : ittapi_config_apply_per_lib :  ITTAPI function not implemented: __itt_counter_dec_v3
3813351 : 0x40e31c67529e3f : 2 : ittapi_config_apply_per_lib :  ITTAPI function not implemented: __itt_counter_dec_delta_v3
3813351 : 0x40e31c6752b0e0 : 2 : ittapi_config_apply_per_lib :  ITTAPI function not implemented: __itt_marker
3813351 : 0x40e31c6752c251 : 2 : ittapi_config_apply_per_lib :  ITTAPI function instrumented: __itt_metadata_add
3813351 : 0x40e31c6752d4ba : 2 : ittapi_config_apply_per_lib :  ITTAPI function not implemented: __itt_metadata_str_add
3813351 : 0x40e31c6752e718 : 2 : ittapi_config_apply_per_lib :  ITTAPI function not implemented: __itt_relation_add_to_current
3813351 : 0x40e31c6752f983 : 2 : ittapi_config_apply_per_lib :  ITTAPI function not implemented: __itt_relation_add
3813351 : 0x40e31c675343db : 2 : ittapi_config_apply_per_lib :  ITTAPI function instrumented: __itt_event_create
3813351 : 0x40e31c675355ad : 2 : ittapi_config_apply_per_lib :  ITTAPI function instrumented: __itt_event_start
3813351 : 0x40e31c67536632 : 2 : ittapi_config_apply_per_lib :  ITTAPI function instrumented: __itt_event_end
3813351 : 0x40e31c67537496 : 2 : ittapi_config_apply_per_lib :  ITTAPI function NOT instrumented (not matched by --itt-config option): __itt_sync_set_name

3813351 : 0x40e31c67538402 : 2 : ittapi_config_apply_per_lib :  ITTAPI function NOT instrumented (not matched by --itt-config option): __itt_notify_sync_name

3813351 : 0x40e31c6753933b : 2 : ittapi_config_apply_per_lib :  ITTAPI function NOT instrumented (not matched by --itt-config option): __itt_notify_sync_prepare

3813351 : 0x40e31c6753a1d2 : 2 : ittapi_config_apply_per_lib :  ITTAPI function NOT instrumented (not matched by --itt-config option): __itt_notify_sync_cancel

3813351 : 0x40e31c6753b0a1 : 2 : ittapi_config_apply_per_lib :  ITTAPI function NOT instrumented (not matched by --itt-config option): __itt_notify_sync_acquired

3813351 : 0x40e31c6753bf3e : 2 : ittapi_config_apply_per_lib :  ITTAPI function NOT instrumented (not matched by --itt-config option): __itt_notify_sync_releasing

3813351 : 0x40e31c6753d18c : 2 : ittapi_config_apply_per_lib :  ITTAPI function not implemented: __itt_memory_read
3813351 : 0x40e31c67543614 : 2 : ittapi_config_apply_per_lib :  ITTAPI function not implemented: __itt_memory_write
3813351 : 0x40e31c67544a4c : 2 : ittapi_config_apply_per_lib :  ITTAPI function not implemented: __itt_memory_update
3813351 : 0x40e31c67545cc8 : 2 : ittapi_config_apply_per_lib :  ITTAPI function not implemented: __itt_state_get
3813351 : 0x40e31c67546e40 : 2 : ittapi_config_apply_per_lib :  ITTAPI function not implemented: __itt_state_set
3813351 : 0x40e31c67547ffe : 2 : ittapi_config_apply_per_lib :  ITTAPI function not implemented: __itt_obj_mode_set
3813351 : 0x40e31c67549270 : 2 : ittapi_config_apply_per_lib :  ITTAPI function not implemented: __itt_thr_mode_set
3813351 : 0x40e31c6754a312 : 2 : ittapi_config_apply_per_lib :  ITTAPI function instrumented: __itt_frame_create
3813351 : 0x40e31c6754b361 : 2 : ittapi_config_apply_per_lib :  ITTAPI function instrumented: __itt_pt_region_create
3813351 : 0x40e31c6754c4aa : 2 : ittapi_config_apply_per_lib :  ITTAPI function instrumented: __itt_frame_begin
3813351 : 0x40e31c6754d62c : 2 : ittapi_config_apply_per_lib :  ITTAPI function instrumented: __itt_frame_end
3813351 : 0x40e31c67552980 : 2 : ittapi_config_apply_per_lib :  ITTAPI function not implemented: __itt_counter_destroy
3813351 : 0x40e31c67553bf2 : 2 : ittapi_config_apply_per_lib :  ITTAPI function instrumented: __itt_counter_inc
3813351 : 0x40e31c67554ca8 : 2 : ittapi_config_apply_per_lib :  ITTAPI function instrumented: __itt_counter_inc_delta
3813351 : 0x40e31c67555d7c : 2 : ittapi_config_apply_per_lib :  ITTAPI function instrumented: __itt_counter_dec
3813351 : 0x40e31c67556fbd : 2 : ittapi_config_apply_per_lib :  ITTAPI function instrumented: __itt_counter_dec_delta
3813351 : 0x40e31c67558127 : 2 : ittapi_config_apply_per_lib :  ITTAPI function instrumented: __itt_counter_set_value
3813351 : 0x40e31c6755932b : 2 : ittapi_config_apply_per_lib :  ITTAPI function not implemented: __itt_counter_set_value_ex
3813351 : 0x40e31c6755a4df : 2 : ittapi_config_apply_per_lib :  ITTAPI function not implemented: __itt_mark_create
3813351 : 0x40e31c6755b8de : 2 : ittapi_config_apply_per_lib :  ITTAPI function not implemented: __itt_mark
3813351 : 0x40e31c6755ccf5 : 2 : ittapi_config_apply_per_lib :  ITTAPI function not implemented: __itt_mark_off
3813351 : 0x40e31c67563fa2 : 2 : ittapi_config_apply_per_lib :  ITTAPI function not implemented: __itt_mark_global
3813351 : 0x40e31c67565561 : 2 : ittapi_config_apply_per_lib :  ITTAPI function not implemented: __itt_mark_global_off
3813351 : 0x40e31c6756661e : 2 : ittapi_config_apply_per_lib :  ITTAPI function NOT instrumented (not matched by --itt-config option): __itt_stack_caller_create

3813351 : 0x40e31c67567597 : 2 : ittapi_config_apply_per_lib :  ITTAPI function NOT instrumented (not matched by --itt-config option): __itt_stack_caller_destroy

3813351 : 0x40e31c675684c3 : 2 : ittapi_config_apply_per_lib :  ITTAPI function NOT instrumented (not matched by --itt-config option): __itt_stack_callee_enter

3813351 : 0x40e31c675693dc : 2 : ittapi_config_apply_per_lib :  ITTAPI function NOT instrumented (not matched by --itt-config option): __itt_stack_callee_leave

3813351 : 0x40e31c6756a6d7 : 2 : ittapi_config_apply_per_lib :  ITTAPI function not implemented: __itt_clock_domain_create
3813351 : 0x40e31c6756ba61 : 2 : ittapi_config_apply_per_lib :  ITTAPI function not implemented: __itt_clock_domain_reset
3813351 : 0x40e31c6756cc83 : 2 : ittapi_config_apply_per_lib :  ITTAPI function not implemented: __itt_id_create_ex
3813351 : 0x40e31c6756def6 : 2 : ittapi_config_apply_per_lib :  ITTAPI function not implemented: __itt_id_destroy_ex
3813351 : 0x40e31c67574916 : 2 : ittapi_config_apply_per_lib :  ITTAPI function not implemented: __itt_task_begin_ex
3813351 : 0x40e31c67575cdf : 2 : ittapi_config_apply_per_lib :  ITTAPI function not implemented: __itt_task_begin_fn_ex
3813351 : 0x40e31c67576f87 : 2 : ittapi_config_apply_per_lib :  ITTAPI function not implemented: __itt_task_end_ex
3813351 : 0x40e31c67578148 : 2 : ittapi_config_apply_per_lib :  ITTAPI function instrumented: __itt_task_begin_overlapped
3813351 : 0x40e31c67579350 : 2 : ittapi_config_apply_per_lib :  ITTAPI function not implemented: __itt_task_begin_overlapped_ex
3813351 : 0x40e31c6757a5cc : 2 : ittapi_config_apply_per_lib :  ITTAPI function instrumented: __itt_task_end_overlapped
3813351 : 0x40e31c6757b881 : 2 : ittapi_config_apply_per_lib :  ITTAPI function not implemented: __itt_task_end_overlapped_ex
3813351 : 0x40e31c6757ca71 : 2 : ittapi_config_apply_per_lib :  ITTAPI function not implemented: __itt_marker_ex
3813351 : 0x40e31c6757de20 : 2 : ittapi_config_apply_per_lib :  ITTAPI function not implemented: __itt_metadata_add_with_scope
3813351 : 0x40e31c6757f146 : 2 : ittapi_config_apply_per_lib :  ITTAPI function not implemented: __itt_metadata_str_add_with_scope
3813351 : 0x40e31c675843c4 : 2 : ittapi_config_apply_per_lib :  ITTAPI function not implemented: __itt_relation_add_to_current_ex
3813351 : 0x40e31c67585766 : 2 : ittapi_config_apply_per_lib :  ITTAPI function not implemented: __itt_relation_add_ex
3813351 : 0x40e31c67586963 : 2 : ittapi_config_apply_per_lib :  ITTAPI function not implemented: __itt_track_group_create
3813351 : 0x40e31c67587a63 : 2 : ittapi_config_apply_per_lib :  ITTAPI function not implemented: __itt_track_create
3813351 : 0x40e31c67588c93 : 2 : ittapi_config_apply_per_lib :  ITTAPI function not implemented: __itt_set_track
3813351 : 0x40e31c67589e33 : 2 : ittapi_config_apply_per_lib :  ITTAPI function instrumented: __itt_api_version
3813351 : 0x40e31c6758aff0 : 2 : ittapi_config_apply_per_lib :  ITTAPI function not implemented: __itt_av_save
3813351 : 0x40e31c6758c1c5 : 2 : ittapi_config_apply_per_lib :  ITTAPI function instrumented: __itt_module_load
3813351 : 0x40e31c6758d38a : 2 : ittapi_config_apply_per_lib :  ITTAPI function not implemented: __itt_module_unload