
3812747 : 0x40e31175a7788a : 1 : spill_jit_data :  Jit agent is not initialized
3812747 : 0x40e31175a89f00 : 2 : ittapi_config_mask_get :  --itt-config mask to be applied: 39
3812747 : 0x40e31175a8b781 : 2 : ittapi_config_apply_per_lib :  ITTAPI function instrumented: __itt_domain_create
3812747 : 0x40e31175a8c4a5 : 2 : ittapi_config_apply_per_lib :  ITTAPI function instrumented: __itt_module_load_with_sections
3812747 : 0x40e31175a8d6d5 : 2 : ittapi_config_apply_per_lib :  ITTAPI function not implemented: __itt_module_unload_with_sections
3812747 : 0x40e31175a8e641 : 2 : ittapi_config_apply_per_lib :  ITTAPI function instrumented: __itt_string_handle_create
3812747 : 0x40e31175a8f03b : 2 : ittapi_config_apply_per_lib :  ITTAPI function instrumented: __itt_counter_create
3812747 : 0x40e31175a8f96b : 2 : ittapi_config_apply_per_lib :  ITTAPI function instrumented: __itt_counter_create_typed
3812747 : 0x40e31175a90377 : 2 : ittapi_config_apply_per_lib :  ITTAPI function instrumented: __itt_pause
3812747 : 0x40e31175a90d28 : 2 : ittapi_config_apply_per_lib :  ITTAPI function instrumented: __itt_resume
3812747 : 0x40e31175a9e17a : 2 : ittapi_config_apply_per_lib :  ITTAPI function instrumented: __itt_thread_set_name
3812747 : 0x40e31175a9f0b9 : 2 : ittapi_config_apply_per_lib :  ITTAPI function instrumented: __itt_thread_ignore
3812747 : 0x40e31175a9fb60 : 2 : ittapi_config_apply_per_lib :  ITTAPI function instrumented: __itt_thr_name_set
3812747 : 0x40e31175aa0634 : 2 : ittapi_config_apply_per_lib :  ITTAPI function instrumented: __itt_thr_ignore
3812747 : 0x40e31175aa1575 : 2 : ittapi_config_apply_per_lib :  ITTAPI function not implemented: __itt_enable_attach
3812747 : 0x40e31175aa2035 : 2 : ittapi_config_apply_per_lib :  ITTAPI function instrumented: __itt_detach
3812747 : 0x40e31175aa2966 : 2 : ittapi_config_apply_per_lib :  ITTAPI function NOT instrumented (not matched by --itt-config option): __itt_sync_create

3812747 : 0x40e31175aa3415 : 2 : ittapi_config_apply_per_lib :  ITTAPI function NOT instrumented (not matched by --itt-config option): __itt_sync_rename

3812747 : 0x40e31175aa3c32 : 2 : ittapi_config_apply_per_lib :  ITTAPI function NOT instrumented (not matched by --itt-config option): __itt_sync_destroy

3812747 : 0x40e31175aa44e7 : 2 : ittapi_config_apply_per_lib :  ITTAPI function NOT instrumented (not matched by --itt-config option): __itt_sync_prepare

3812747 : 0x40e31175aa7bb6 : 2 : ittapi_config_apply_per_lib :  ITTAPI function NOT instrumented (not matched by --itt-config option): __itt_sync_cancel

3812747 : 0x40e31175aa85bf : 2 : ittapi_config_apply_per_lib :  ITTAPI function NOT instrumented (not matched by --itt-config option): __itt_sync_acquired

3812747 : 0x40e31175aa8e23 : 2 : ittapi_config_apply_per_lib :  ITTAPI function NOT instrumented (not matched by --itt-config option): __itt_sync_releasing

3812747 : 0x40e31175aa9a51 : 2 : ittapi_config_apply_per_lib :  ITTAPI function not implemented: __itt_suppress_push
3812747 : 0x40e31175aaa7b8 : 2 : ittapi_config_apply_per_lib :  ITTAPI function not implemented: __itt_suppress_pop
3812747 : 0x40e31175aab327 : 2 : ittapi_config_apply_per_lib :  ITTAPI function not implemented: __itt_suppress_mark_range
3812747 : 0x40e31175aabe46 : 2 : ittapi_config_apply_per_lib :  ITTAPI function not implemented: __itt_suppress_clear_range
3812747 : 0x40e31175aac6c7 : 2 : ittapi_config_apply_per_lib :  ITTAPI function NOT instrumented (not matched by --itt-config option): __itt_sync_prepare

3812747 : 0x40e31175aacf43 : 2 : ittapi_config_apply_per_lib :  ITTAPI function NOT instrumented (not matched by --itt-config option): __itt_sync_cancel

3812747 : 0x40e31175aad732 : 2 : ittapi_config_apply_per_lib :  ITTAPI function NOT instrumented (not matched by --itt-config option): __itt_sync_acquired

3812747 : 0x40e31175ab05d9 : 2 : ittapi_config_apply_per_lib :  ITTAPI function NOT instrumented (not matched by --itt-config option): __itt_sync_releasing

3812747 : 0x40e31175ab101a : 2 : ittapi_config_apply_per_lib :  ITTAPI function NOT instrumented (not matched by --itt-config option): __itt_model_site_begin

3812747 : 0x40e31175ab191c : 2 : ittapi_config_apply_per_lib :  ITTAPI function NOT instrumented (not matched by --itt-config option): __itt_model_site_end

3812747 : 0x40e31175ab21a6 : 2 : ittapi_config_apply_per_lib :  ITTAPI function NOT instrumented (not matched by --itt-config option): __itt_model_task_begin

3812747 : 0x40e31175ab2a10 : 2 : ittapi_config_apply_per_lib :  ITTAPI function NOT instrumented (not matched by --itt-config option): __itt_model_task_end

3812747 : 0x40e31175ab333a : 2 : ittapi_config_apply_per_lib :  ITTAPI function NOT instrumented (not matched by --itt-config option): __itt_model_lock_acquire

3812747 : 0x40e31175ab3b90 : 2 : ittapi_config_apply_per_lib :  ITTAPI function NOT instrumented (not matched by --itt-config option): __itt_model_lock_release

3812747 : 0x40e31175ab4425 : 2 : ittapi_config_apply_per_lib :  ITTAPI function NOT instrumented (not matched by --itt-config option): __itt_model_record_allocation

3812747 : 0x40e31175ab4c57 : 2 : ittapi_config_apply_per_lib :  ITTAPI function NOT instrumented (not matched by --itt-config option): __itt_model_record_deallocation

3812747 : 0x40e31175ab54b4 : 2 : ittapi_config_apply_per_lib :  ITTAPI function NOT instrumented (not matched by --itt-config option): __itt_model_induction_uses

3812747 : 0x40e31175abb2b4 : 2 : ittapi_config_apply_per_lib :  ITTAPI function NOT instrumented (not matched by --itt-config option): __itt_model_reduction_uses

3812747 : 0x40e31175abbd3a : 2 : ittapi_config_apply_per_lib :  ITTAPI function NOT instrumented (not matched by --itt-config option): __itt_model_observe_uses

3812747 : 0x40e31175abc61c : 2 : ittapi_config_apply_per_lib :  ITTAPI function NOT instrumented (not matched by --itt-config option): __itt_model_clear_uses

3812747 : 0x40e31175abce75 : 2 : ittapi_config_apply_per_lib :  ITTAPI function NOT instrumented (not matched by --itt-config option): __itt_model_site_beginA

3812747 : 0x40e31175abd6d3 : 2 : ittapi_config_apply_per_lib :  ITTAPI function NOT instrumented (not matched by --itt-config option): __itt_model_site_beginAL

3812747 : 0x40e31175abdf82 : 2 : ittapi_config_apply_per_lib :  ITTAPI function NOT instrumented (not matched by --itt-config option): __itt_model_task_beginA

3812747 : 0x40e31175abe7bc : 2 : ittapi_config_apply_per_lib :  ITTAPI function NOT instrumented (not matched by --itt-config option): __itt_model_task_beginAL

3812747 : 0x40e31175abf02b : 2 : ittapi_config_apply_per_lib :  ITTAPI function NOT instrumented (not matched by --itt-config option): __itt_model_iteration_taskA

3812747 : 0x40e31175abf874 : 2 : ittapi_config_apply_per_lib :  ITTAPI function NOT instrumented (not matched by --itt-config option): __itt_model_iteration_taskAL

3812747 : 0x40e31175ac0101 : 2 : ittapi_config_apply_per_lib :  ITTAPI function NOT instrumented (not matched by --itt-config option): __itt_model_site_end_2

3812747 : 0x40e31175ac2d48 : 2 : ittapi_config_apply_per_lib :  ITTAPI function NOT instrumented (not matched by --itt-config option): __itt_model_task_end_2

3812747 : 0x40e31175ac3658 : 2 : ittapi_config_apply_per_lib :  ITTAPI function NOT instrumented (not matched by --itt-config option): __itt_model_lock_acquire_2

3812747 : 0x40e31175ac3ea9 : 2 : ittapi_config_apply_per_lib :  ITTAPI function NOT instrumented (not matched by --itt-config option): __itt_model_lock_release_2

3812747 : 0x40e31175ac471c : 2 : ittapi_config_apply_per_lib :  ITTAPI function NOT instrumented (not matched by --itt-config option): __itt_model_aggregate_task

3812747 : 0x40e31175ac4fd7 : 2 : ittapi_config_apply_per_lib :  ITTAPI function NOT instrumented (not matched by --itt-config option): __itt_model_disable_push

3812747 : 0x40e31175ac5825 : 2 : ittapi_config_apply_per_lib :  ITTAPI function NOT instrumented (not matched by --itt-config option): __itt_model_disable_pop

3812747 : 0x40e31175ac62c5 : 2 : ittapi_config_apply_per_lib :  ITTAPI function instrumented: __itt_heap_function_create
3812747 : 0x40e31175ac6c91 : 2 : ittapi_config_apply_per_lib :  ITTAPI function instrumented: __itt_heap_allocate_begin
3812747 : 0x40e31175ac7690 : 2 : ittapi_config_apply_per_lib :  ITTAPI function instrumented: __itt_heap_allocate_end
3812747 : 0x40e31175ac80ca : 2 : ittapi_config_apply_per_lib :  ITTAPI function instrumented: __itt_heap_free_begin
3812747 : 0x40e31175acc692 : 2 : ittapi_config_apply_per_lib :  ITTAPI function instrumented: __itt_heap_free_end
3812747 : 0x40e31175acd186 : 2 : ittapi_config_apply_per_lib :  ITTAPI function instrumented: __itt_heap_reallocate_begin
3812747 : 0x40e31175acdac0 : 2 : ittapi_config_apply_per_lib :  ITTAPI function instrumented: __itt_heap_reallocate_end
3812747 : 0x40e31175ace5dc : 2 : ittapi_config_apply_per_lib :  ITTAPI function not implemented: __itt_heap_internal_access_begin
3812747 : 0x40e31175acf06b : 2 : ittapi_config_apply_per_lib :  ITTAPI function not implemented: __itt_heap_internal_access_end
3812747 : 0x40e31175acfb91 : 2 : ittapi_config_apply_per_lib :  ITTAPI function not implemented: __itt_heap_record_memory_growth_begin
3812747 : 0x40e31175ad0670 : 2 : ittapi_config_apply_per_lib :  ITTAPI function not implemented: __itt_heap_record_memory_growth_end
3812747 : 0x40e31175ad1132 : 2 : ittapi_config_apply_per_lib :  ITTAPI function not implemented: __itt_heap_reset_detection
3812747 : 0x40e31175ad1d1d : 2 : ittapi_config_apply_per_lib :  ITTAPI function not implemented: __itt_heap_record
3812747 : 0x40e31175ad27a5 : 2 : ittapi_config_apply_per_lib :  ITTAPI function not implemented: __itt_id_create
3812747 : 0x40e31175ad5ddf : 2 : ittapi_config_apply_per_lib :  ITTAPI function not implemented: __itt_id_destroy
3812747 : 0x40e31175ad6938 : 2 : ittapi_config_apply_per_lib :  ITTAPI function instrumented: __itt_get_timestamp
3812747 : 0x40e31175ad740e : 2 : ittapi_config_apply_per_lib :  ITTAPI function not implemented: __itt_region_begin
3812747 : 0x40e31175ad7e7e : 2 : ittapi_config_apply_per_lib :  ITTAPI function not implemented: __itt_region_end
3812747 : 0x40e31175ad8951 : 2 : ittapi_config_apply_per_lib :  ITTAPI function instrumented: __itt_frame_begin_v3
3812747 : 0x40e31175ad933a : 2 : ittapi_config_apply_per_lib :  ITTAPI function instrumented: __itt_frame_end_v3
3812747 : 0x40e31175ad9d2b : 2 : ittapi_config_apply_per_lib :  ITTAPI function instrumented: __itt_frame_submit_v3
3812747 : 0x40e31175ada84f : 2 : ittapi_config_apply_per_lib :  ITTAPI function not implemented: __itt_task_group
3812747 : 0x40e31175adb244 : 2 : ittapi_config_apply_per_lib :  ITTAPI function instrumented: __itt_task_begin
3812747 : 0x40e31175adbb98 : 2 : ittapi_config_apply_per_lib :  ITTAPI function instrumented: __itt_task_begin_fn
3812747 : 0x40e31175adef4d : 2 : ittapi_config_apply_per_lib :  ITTAPI function instrumented: __itt_task_end
3812747 : 0x40e31175adfbb2 : 2 : ittapi_config_apply_per_lib :  ITTAPI function not implemented: __itt_counter_inc_v3
3812747 : 0x40e31175ae0693 : 2 : ittapi_config_apply_per_lib :  ITTAPI function not implemented: __itt_counter_inc_delta_v3
3812747 : 0x40e31175ae10db : 2 : ittapi_config_apply_per_lib :  ITTAPI function not implemented: __itt_counter_dec_v3
3812747 : 0x40e31175ae1b08 : 2 : ittapi_config_apply_per_lib :  ITTAPI function not implemented: __itt_counter_dec_delta_v3
3812747 : 0x40e31175ae2568 : 2 : ittapi_config_apply_per_lib :  ITTAPI function not implemented: __itt_marker
3812747 : 0x40e31175ae2efd : 2 : ittapi_config_apply_per_lib :  ITTAPI function instrumented: __itt_metadata_add
3812747 : 0x40e31175ae3921 : 2 : ittapi_config_apply_per_lib :  ITTAPI function not implemented: __itt_metadata_str_add
3812747 : 0x40e31175ae43b0 : 2 : ittapi_config_apply_per_lib :  ITTAPI function not implemented: __itt_relation_add_to_current
3812747 : 0x40e31175ae4e12 : 2 : ittapi_config_apply_per_lib :  ITTAPI function not implemented: __itt_relation_add
3812747 : 0x40e31175ae7c24 : 2 : ittapi_config_apply_per_lib :  ITTAPI function instrumented: __itt_event_create
3812747 : 0x40e31175ae8690 : 2 : ittapi_config_apply_per_lib :  ITTAPI function instrumented: __itt_event_start
3812747 : 0x40e31175ae9007 : 2 : ittapi_config_apply_per_lib :  ITTAPI function instrumented: __itt_event_end
3812747 : 0x40e31175ae9820 : 2 : ittapi_config_apply_per_lib :  ITTAPI function NOT instrumented (not matched by --itt-config option): __itt_sync_set_name

3812747 : 0x40e31175aea0da : 2 : ittapi_config_apply_per_lib :  ITTAPI function NOT instrumented (not matched by --itt-config option): __itt_notify_sync_name

3812747 : 0x40e31175aea962 : 2 : ittapi_config_apply_per_lib :  ITTAPI function NOT instrumented (not matched by --itt-config option): __itt_notify_sync_prepare

3812747 : 0x40e31175aeb183 : 2 : ittapi_config_apply_per_lib :  ITTAPI function NOT instrumented (not matched by --itt-config option): __itt_notify_sync_cancel

3812747 : 0x40e31175aeb9ec : 2 : ittapi_config_apply_per_lib :  ITTAPI function NOT instrumented (not matched by --itt-config option): __itt_notify_sync_acquired

3812747 : 0x40e31175aec219 : 2 : ittapi_config_apply_per_lib :  ITTAPI function NOT instrumented (not matched by --itt-config option): __itt_notify_sync_releasing

3812747 : 0x40e31175aecc81 : 2 : ittapi_config_apply_per_lib :  ITTAPI function not implemented: __itt_memory_read
3812747 : 0x40e31175af0e38 : 2 : ittapi_config_apply_per_lib :  ITTAPI function not implemented: __itt_memory_write
3812747 : 0x40e31175af19ac : 2 : ittapi_config_apply_per_lib :  ITTAPI function not implemented: __itt_memory_update
3812747 : 0x40e31175af241c : 2 : ittapi_config_apply_per_lib :  ITTAPI function not implemented: __itt_state_get
3812747 : 0x40e31175af2e0b : 2 : ittapi_config_apply_per_lib :  ITTAPI function not implemented: __itt_state_set
3812747 : 0x40e31175af37f5 : 2 : ittapi_config_apply_per_lib :  ITTAPI function not implemented: __itt_obj_mode_set
3812747 : 0x40e31175af4284 : 2 : ittapi_config_apply_per_lib :  ITTAPI function not implemented: __itt_thr_mode_set
3812747 : 0x40e31175af4c0d : 2 : ittapi_config_apply_per_lib :  ITTAPI function instrumented: __itt_frame_create
3812747 : 0x40e31175af5534 : 2 : ittapi_config_apply_per_lib :  ITTAPI function instrumented: __itt_pt_region_create
3812747 : 0x40e31175af5ef2 : 2 : ittapi_config_apply_per_lib :  ITTAPI function instrumented: __itt_frame_begin
3812747 : 0x40e31175af6890 : 2 : ittapi_config_apply_per_lib :  ITTAPI function instrumented: __itt_frame_end
3812747 : 0x40e31175af9859 : 2 : ittapi_config_apply_per_lib :  ITTAPI function not implemented: __itt_counter_destroy
3812747 : 0x40e31175afa3cd : 2 : ittapi_config_apply_per_lib :  ITTAPI function instrumented: __itt_counter_inc
3812747 : 0x40e31175afad5c : 2 : ittapi_config_apply_per_lib :  ITTAPI function instrumented: __itt_counter_inc_delta
3812747 : 0x40e31175afb6cb : 2 : ittapi_config_apply_per_lib :  ITTAPI function instrumented: __itt_counter_dec
3812747 : 0x40e31175afc0df : 2 : ittapi_config_apply_per_lib :  ITTAPI function instrumented: __itt_counter_dec_delta
3812747 : 0x40e31175afca8a : 2 : ittapi_config_apply_per_lib :  ITTAPI function instrumented: __itt_counter_set_value
3812747 : 0x40e31175afd476 : 2 : ittapi_config_apply_per_lib :  ITTAPI function not implemented: __itt_counter_set_value_ex
3812747 : 0x40e31175afde2e : 2 : ittapi_config_apply_per_lib :  ITTAPI function not implemented: __itt_mark_create
3812747 : 0x40e31175afe942 : 2 : ittapi_config_apply_per_lib :  ITTAPI function not implemented: __itt_mark
3812747 : 0x40e31175aff483 : 2 : ittapi_config_apply_per_lib :  ITTAPI function not implemented: __itt_mark_off
3812747 : 0x40e31175b0239d : 2 : ittapi_config_apply_per_lib :  ITTAPI function not implemented: __itt_mark_global
3812747 : 0x40e31175b02f63 : 2 : ittapi_config_apply_per_lib :  ITTAPI function not implemented: __itt_mark_global_off
3812747 : 0x40e31175b0388a : 2 : ittapi_config_apply_per_lib :  ITTAPI function NOT instrumented (not matched by --itt-config option): __itt_stack_caller_create

3812747 : 0x40e31175b04137 : 2 : ittapi_config_apply_per_lib :  ITTAPI function NOT instrumented (not matched by --itt-config option): __itt_stack_caller_destroy

3812747 : 0x40e31175b049d9 : 2 : ittapi_config_apply_per_lib :  ITTAPI function NOT instrumented (not matched by --itt-config option): __itt_stack_callee_enter

3812747 : 0x40e31175b0527c : 2 : ittapi_config_apply_per_lib :  ITTAPI function NOT instrumented (not matched by --itt-config option): __itt_stack_callee_leave

3812747 : 0x40e31175b05ce4 : 2 : ittapi_config_apply_per_lib :  ITTAPI function not implemented: __itt_clock_domain_create
3812747 : 0x40e31175b067a0 : 2 : ittapi_config_apply_per_lib :  ITTAPI function not implemented: __itt_clock_domain_reset
3812747 : 0x40e31175b07231 : 2 : ittapi_config_apply_per_lib :  ITTAPI function not implemented: __itt_id_create_ex
3812747 : 0x40e31175b07cac : 2 : ittapi_config_apply_per_lib :  ITTAPI function not implemented: __itt_id_destroy_ex
3812747 : 0x40e31175b0bd66 : 2 : ittapi_config_apply_per_lib :  ITTAPI function not implemented: __itt_task_begin_ex
3812747 : 0x40e31175b0c93d : 2 : ittapi_config_apply_per_lib :  ITTAPI function not implemented: __itt_task_begin_fn_ex
3812747 : 0x40e31175b0d3cc : 2 : ittapi_config_apply_per_lib :  ITTAPI function not implemented: __itt_task_end_ex
3812747 : 0x40e31175b0ddd3 : 2 : ittapi_config_apply_per_lib :  ITTAPI function instrumented: __itt_task_begin_overlapped
3812747 : 0x40e31175b0e80b : 2 : ittapi_config_apply_per_lib :  ITTAPI function not implemented: __itt_task_begin_overlapped_ex
3812747 : 0x40e31175b0f2cf : 2 : ittapi_config_apply_per_lib :  ITTAPI function instrumented: __itt_task_end_overlapped
3812747 : 0x40e31175b0fd1c : 2 : ittapi_config_apply_per_lib :  ITTAPI function not implemented: __itt_task_end_overlapped_ex
3812747 : 0x40e31175b1075b : 2 : ittapi_config_apply_per_lib :  ITTAPI function not implemented: __itt_marker_ex
3812747 : 0x40e31175b111e5 : 2 : ittapi_config_apply_per_lib :  ITTAPI function not implemented: __itt_metadata_add_with_scope
3812747 : 0x40e31175b13e18 : 2 : ittapi_config_apply_per_lib :  ITTAPI function not implemented: __itt_metadata_str_add_with_scope
3812747 : 0x40e31175b17426 : 2 : ittapi_config_apply_per_lib :  ITTAPI function not implemented: __itt_relation_add_to_current_ex
3812747 : 0x40e31175b17f51 : 2 : ittapi_config_apply_per_lib :  ITTAPI function not implemented: __itt_relation_add_ex
3812747 : 0x40e31175b189e4 : 2 : ittapi_config_apply_per_lib :  ITTAPI function not implemented: __itt_track_group_create
3812747 : 0x40e31175b194a6 : 2 : ittapi_config_apply_per_lib :  ITTAPI function not implemented: __itt_track_create
3812747 : 0x40e31175b19eb6 : 2 : ittapi_config_apply_per_lib :  ITTAPI function not implemented: __itt_set_track
3812747 : 0x40e31175b1a8bd : 2 : ittapi_config_apply_per_lib :  ITTAPI function instrumented: __itt_api_version
3812747 : 0x40e31175b1b2b7 : 2 : ittapi_config_apply_per_lib :  ITTAPI function not implemented: __itt_av_save
3812747 : 0x40e31175b1bcab : 2 : ittapi_config_apply_per_lib :  ITTAPI function instrumented: __itt_module_load
3812747 : 0x40e31175b1c698 : 2 : ittapi_config_apply_per_lib :  ITTAPI function not implemented: __itt_module_unload