
3823285 : 0x40e393a1e08590 : 1 : spill_jit_data :  Jit agent is not initialized
3823285 : 0x40e393a1e21586 : 2 : ittapi_config_mask_get :  --itt-config mask to be applied: 39
3823285 : 0x40e393a1e24614 : 2 : ittapi_config_apply_per_lib :  ITTAPI function instrumented: __itt_domain_create
3823285 : 0x40e393a1e270d1 : 2 : ittapi_config_apply_per_lib :  ITTAPI function instrumented: __itt_module_load_with_sections
3823285 : 0x40e393a1e28c7c : 2 : ittapi_config_apply_per_lib :  ITTAPI function not implemented: __itt_module_unload_with_sections
3823285 : 0x40e393a1e2b121 : 2 : ittapi_config_apply_per_lib :  ITTAPI function instrumented: __itt_string_handle_create
3823285 : 0x40e393a1e2bcfa : 2 : ittapi_config_apply_per_lib :  ITTAPI function instrumented: __itt_counter_create
3823285 : 0x40e393a1e2d1fa : 2 : ittapi_config_apply_per_lib :  ITTAPI function instrumented: __itt_counter_create_typed
3823285 : 0x40e393a1e2eec9 : 2 : ittapi_config_apply_per_lib :  ITTAPI function instrumented: __itt_pause
3823285 : 0x40e393a1e30272 : 2 : ittapi_config_apply_per_lib :  ITTAPI function instrumented: __itt_resume
3823285 : 0x40e393a1e49dc6 : 2 : ittapi_config_apply_per_lib :  ITTAPI function instrumented: __itt_thread_set_name
3823285 : 0x40e393a1e4c236 : 2 : ittapi_config_apply_per_lib :  ITTAPI function instrumented: __itt_thread_ignore
3823285 : 0x40e393a1e4d092 : 2 : ittapi_config_apply_per_lib :  ITTAPI function instrumented: __itt_thr_name_set
3823285 : 0x40e393a1e4f326 : 2 : ittapi_config_apply_per_lib :  ITTAPI function instrumented: __itt_thr_ignore
3823285 : 0x40e393a1e509c6 : 2 : ittapi_config_apply_per_lib :  ITTAPI function not implemented: __itt_enable_attach
3823285 : 0x40e393a1e52925 : 2 : ittapi_config_apply_per_lib :  ITTAPI function instrumented: __itt_detach
3823285 : 0x40e393a1e54067 : 2 : ittapi_config_apply_per_lib :  ITTAPI function NOT instrumented (not matched by --itt-config option): __itt_sync_create

3823285 : 0x40e393a1e552a6 : 2 : ittapi_config_apply_per_lib :  ITTAPI function NOT instrumented (not matched by --itt-config option): __itt_sync_rename

3823285 : 0x40e393a1e57ef3 : 2 : ittapi_config_apply_per_lib :  ITTAPI function NOT instrumented (not matched by --itt-config option): __itt_sync_destroy

3823285 : 0x40e393a1e59265 : 2 : ittapi_config_apply_per_lib :  ITTAPI function NOT instrumented (not matched by --itt-config option): __itt_sync_prepare

3823285 : 0x40e393a1e61f25 : 2 : ittapi_config_apply_per_lib :  ITTAPI function NOT instrumented (not matched by --itt-config option): __itt_sync_cancel

3823285 : 0x40e393a1e639ef : 2 : ittapi_config_apply_per_lib :  ITTAPI function NOT instrumented (not matched by --itt-config option): __itt_sync_acquired

3823285 : 0x40e393a1e652ec : 2 : ittapi_config_apply_per_lib :  ITTAPI function NOT instrumented (not matched by --itt-config option): __itt_sync_releasing

3823285 : 0x40e393a1e674e6 : 2 : ittapi_config_apply_per_lib :  ITTAPI function not implemented: __itt_suppress_push
3823285 : 0x40e393a1e69c32 : 2 : ittapi_config_apply_per_lib :  ITTAPI function not implemented: __itt_suppress_pop
3823285 : 0x40e393a1e6acaa : 2 : ittapi_config_apply_per_lib :  ITTAPI function not implemented: __itt_suppress_mark_range
3823285 : 0x40e393a1e6e238 : 2 : ittapi_config_apply_per_lib :  ITTAPI function not implemented: __itt_suppress_clear_range
3823285 : 0x40e393a1e702e6 : 2 : ittapi_config_apply_per_lib :  ITTAPI function NOT instrumented (not matched by --itt-config option): __itt_sync_prepare

3823285 : 0x40e393a1e7162f : 2 : ittapi_config_apply_per_lib :  ITTAPI function NOT instrumented (not matched by --itt-config option): __itt_sync_cancel

3823285 : 0x40e393a1e721cf : 2 : ittapi_config_apply_per_lib :  ITTAPI function NOT instrumented (not matched by --itt-config option): __itt_sync_acquired

3823285 : 0x40e393a1e79bd6 : 2 : ittapi_config_apply_per_lib :  ITTAPI function NOT instrumented (not matched by --itt-config option): __itt_sync_releasing

3823285 : 0x40e393a1e7b287 : 2 : ittapi_config_apply_per_lib :  ITTAPI function NOT instrumented (not matched by --itt-config option): __itt_model_site_begin

3823285 : 0x40e393a1e7c27b : 2 : ittapi_config_apply_per_lib :  ITTAPI function NOT instrumented (not matched by --itt-config option): __itt_model_site_end

3823285 : 0x40e393a1e7d7de : 2 : ittapi_config_apply_per_lib :  ITTAPI function NOT instrumented (not matched by --itt-config option): __itt_model_task_begin

3823285 : 0x40e393a1e7e6ae : 2 : ittapi_config_apply_per_lib :  ITTAPI function NOT instrumented (not matched by --itt-config option): __itt_model_task_end

3823285 : 0x40e393a1e7f746 : 2 : ittapi_config_apply_per_lib :  ITTAPI function NOT instrumented (not matched by --itt-config option): __itt_model_lock_acquire

3823285 : 0x40e393a1e80de4 : 2 : ittapi_config_apply_per_lib :  ITTAPI function NOT instrumented (not matched by --itt-config option): __itt_model_lock_release

3823285 : 0x40e393a1e818e0 : 2 : ittapi_config_apply_per_lib :  ITTAPI function NOT instrumented (not matched by --itt-config option): __itt_model_record_allocation

3823285 : 0x40e393a1e835da : 2 : ittapi_config_apply_per_lib :  ITTAPI function NOT instrumented (not matched by --itt-config option): __itt_model_record_deallocation

3823285 : 0x40e393a1e86355 : 2 : ittapi_config_apply_per_lib :  ITTAPI function NOT instrumented (not matched by --itt-config option): __itt_model_induction_uses

3823285 : 0x40e393a1e92095 : 2 : ittapi_config_apply_per_lib :  ITTAPI function NOT instrumented (not matched by --itt-config option): __itt_model_reduction_uses

3823285 : 0x40e393a1e92ded : 2 : ittapi_config_apply_per_lib :  ITTAPI function NOT instrumented (not matched by --itt-config option): __itt_model_observe_uses

3823285 : 0x40e393a1e947b8 : 2 : ittapi_config_apply_per_lib :  ITTAPI function NOT instrumented (not matched by --itt-config option): __itt_model_clear_uses

3823285 : 0x40e393a1e953a1 : 2 : ittapi_config_apply_per_lib :  ITTAPI function NOT instrumented (not matched by --itt-config option): __itt_model_site_beginA

3823285 : 0x40e393a1e9611c : 2 : ittapi_config_apply_per_lib :  ITTAPI function NOT instrumented (not matched by --itt-config option): __itt_model_site_beginAL

3823285 : 0x40e393a1e97cd3 : 2 : ittapi_config_apply_per_lib :  ITTAPI function NOT instrumented (not matched by --itt-config option): __itt_model_task_beginA

3823285 : 0x40e393a1e99399 : 2 : ittapi_config_apply_per_lib :  ITTAPI function NOT instrumented (not matched by --itt-config option): __itt_model_task_beginAL

3823285 : 0x40e393a1e9a5df : 2 : ittapi_config_apply_per_lib :  ITTAPI function NOT instrumented (not matched by --itt-config option): __itt_model_iteration_taskA

3823285 : 0x40e393a1e9b88c : 2 : ittapi_config_apply_per_lib :  ITTAPI function NOT instrumented (not matched by --itt-config option): __itt_model_iteration_taskAL

3823285 : 0x40e393a1e9cc28 : 2 : ittapi_config_apply_per_lib :  ITTAPI function NOT instrumented (not matched by --itt-config option): __itt_model_site_end_2

3823285 : 0x40e393a1eadf13 : 2 : ittapi_config_apply_per_lib :  ITTAPI function NOT instrumented (not matched by --itt-config option): __itt_model_task_end_2

3823285 : 0x40e393a1eb0522 : 2 : ittapi_config_apply_per_lib :  ITTAPI function NOT instrumented (not matched by --itt-config option): __itt_model_lock_acquire_2

3823285 : 0x40e393a1eb1bb0 : 2 : ittapi_config_apply_per_lib :  ITTAPI function NOT instrumented (not matched by --itt-config option): __itt_model_lock_release_2

3823285 : 0x40e393a1eb2e8c : 2 : ittapi_config_apply_per_lib :  ITTAPI function NOT instrumented (not matched by --itt-config option): __itt_model_aggregate_task

3823285 : 0x40e393a1eb53c9 : 2 : ittapi_config_apply_per_lib :  ITTAPI function NOT instrumented (not matched by --itt-config option): __itt_model_disable_push

3823285 : 0x40e393a1eb9233 : 2 : ittapi_config_apply_per_lib :  ITTAPI function NOT instrumented (not matched by --itt-config option): __itt_model_disable_pop

3823285 : 0x40e393a1eba42e : 2 : ittapi_config_apply_per_lib :  ITTAPI function instrumented: __itt_heap_function_create
3823285 : 0x40e393a1ebb3af : 2 : ittapi_config_apply_per_lib :  ITTAPI function instrumented: __itt_heap_allocate_begin
3823285 : 0x40e393a1ebceb1 : 2 : ittapi_config_apply_per_lib :  ITTAPI function instrumented: __itt_heap_allocate_end
3823285 : 0x40e393a1ebe00f : 2 : ittapi_config_apply_per_lib :  ITTAPI function instrumented: __itt_heap_free_begin
3823285 : 0x40e393a1ec621e : 2 : ittapi_config_apply_per_lib :  ITTAPI function instrumented: __itt_heap_free_end
3823285 : 0x40e393a1ec8e6d : 2 : ittapi_config_apply_per_lib :  ITTAPI function instrumented: __itt_heap_reallocate_begin
3823285 : 0x40e393a1ecb13c : 2 : ittapi_config_apply_per_lib :  ITTAPI function instrumented: __itt_heap_reallocate_end
3823285 : 0x40e393a1ecceef : 2 : ittapi_config_apply_per_lib :  ITTAPI function not implemented: __itt_heap_internal_access_begin
3823285 : 0x40e393a1eceead : 2 : ittapi_config_apply_per_lib :  ITTAPI function not implemented: __itt_heap_internal_access_end
3823285 : 0x40e393a1ed2275 : 2 : ittapi_config_apply_per_lib :  ITTAPI function not implemented: __itt_heap_record_memory_growth_begin
3823285 : 0x40e393a1ed4af7 : 2 : ittapi_config_apply_per_lib :  ITTAPI function not implemented: __itt_heap_record_memory_growth_end
3823285 : 0x40e393a1ed6c6c : 2 : ittapi_config_apply_per_lib :  ITTAPI function not implemented: __itt_heap_reset_detection
3823285 : 0x40e393a1ed8529 : 2 : ittapi_config_apply_per_lib :  ITTAPI function not implemented: __itt_heap_record
3823285 : 0x40e393a1edb10c : 2 : ittapi_config_apply_per_lib :  ITTAPI function not implemented: __itt_id_create
3823285 : 0x40e393a1ee3625 : 2 : ittapi_config_apply_per_lib :  ITTAPI function not implemented: __itt_id_destroy
3823285 : 0x40e393a1ee4dd6 : 2 : ittapi_config_apply_per_lib :  ITTAPI function instrumented: __itt_get_timestamp
3823285 : 0x40e393a1ee658a : 2 : ittapi_config_apply_per_lib :  ITTAPI function not implemented: __itt_region_begin
3823285 : 0x40e393a1ee89f0 : 2 : ittapi_config_apply_per_lib :  ITTAPI function not implemented: __itt_region_end
3823285 : 0x40e393a1eea294 : 2 : ittapi_config_apply_per_lib :  ITTAPI function instrumented: __itt_frame_begin_v3
3823285 : 0x40e393a1eebc49 : 2 : ittapi_config_apply_per_lib :  ITTAPI function instrumented: __itt_frame_end_v3
3823285 : 0x40e393a1eecc75 : 2 : ittapi_config_apply_per_lib :  ITTAPI function instrumented: __itt_frame_submit_v3
3823285 : 0x40e393a1eef3ec : 2 : ittapi_config_apply_per_lib :  ITTAPI function not implemented: __itt_task_group
3823285 : 0x40e393a1ef17a8 : 2 : ittapi_config_apply_per_lib :  ITTAPI function instrumented: __itt_task_begin
3823285 : 0x40e393a1ef23b9 : 2 : ittapi_config_apply_per_lib :  ITTAPI function instrumented: __itt_task_begin_fn
3823285 : 0x40e393a1ef9e18 : 2 : ittapi_config_apply_per_lib :  ITTAPI function instrumented: __itt_task_end
3823285 : 0x40e393a1efcaee : 2 : ittapi_config_apply_per_lib :  ITTAPI function not implemented: __itt_counter_inc_v3
3823285 : 0x40e393a1efe433 : 2 : ittapi_config_apply_per_lib :  ITTAPI function not implemented: __itt_counter_inc_delta_v3
3823285 : 0x40e393a1f00598 : 2 : ittapi_config_apply_per_lib :  ITTAPI function not implemented: __itt_counter_dec_v3
3823285 : 0x40e393a1f040c2 : 2 : ittapi_config_apply_per_lib :  ITTAPI function not implemented: __itt_counter_dec_delta_v3
3823285 : 0x40e393a1f06b87 : 2 : ittapi_config_apply_per_lib :  ITTAPI function not implemented: __itt_marker
3823285 : 0x40e393a1f088d2 : 2 : ittapi_config_apply_per_lib :  ITTAPI function instrumented: __itt_metadata_add
3823285 : 0x40e393a1f0af44 : 2 : ittapi_config_apply_per_lib :  ITTAPI function not implemented: __itt_metadata_str_add
3823285 : 0x40e393a1f0d184 : 2 : ittapi_config_apply_per_lib :  ITTAPI function not implemented: __itt_relation_add_to_current
3823285 : 0x40e393a1f0fd7f : 2 : ittapi_config_apply_per_lib :  ITTAPI function not implemented: __itt_relation_add
3823285 : 0x40e393a1f16a1a : 2 : ittapi_config_apply_per_lib :  ITTAPI function instrumented: __itt_event_create
3823285 : 0x40e393a1f19256 : 2 : ittapi_config_apply_per_lib :  ITTAPI function instrumented: __itt_event_start
3823285 : 0x40e393a1f1a1b5 : 2 : ittapi_config_apply_per_lib :  ITTAPI function instrumented: __itt_event_end
3823285 : 0x40e393a1f1bc8e : 2 : ittapi_config_apply_per_lib :  ITTAPI function NOT instrumented (not matched by --itt-config option): __itt_sync_set_name

3823285 : 0x40e393a1f1d4f3 : 2 : ittapi_config_apply_per_lib :  ITTAPI function NOT instrumented (not matched by --itt-config option): __itt_notify_sync_name

3823285 : 0x40e393a1f1e833 : 2 : ittapi_config_apply_per_lib :  ITTAPI function NOT instrumented (not matched by --itt-config option): __itt_notify_sync_prepare

3823285 : 0x40e393a1f1f496 : 2 : ittapi_config_apply_per_lib :  ITTAPI function NOT instrumented (not matched by --itt-config option): __itt_notify_sync_cancel

3823285 : 0x40e393a1f2088c : 2 : ittapi_config_apply_per_lib :  ITTAPI function NOT instrumented (not matched by --itt-config option): __itt_notify_sync_acquired

3823285 : 0x40e393a1f21908 : 2 : ittapi_config_apply_per_lib :  ITTAPI function NOT instrumented (not matched by --itt-config option): __itt_notify_sync_releasing

3823285 : 0x40e393a1f22c79 : 2 : ittapi_config_apply_per_lib :  ITTAPI function not implemented: __itt_memory_read
3823285 : 0x40e393a1f2c240 : 2 : ittapi_config_apply_per_lib :  ITTAPI function not implemented: __itt_memory_write
3823285 : 0x40e393a1f2d053 : 2 : ittapi_config_apply_per_lib :  ITTAPI function not implemented: __itt_memory_update
3823285 : 0x40e393a1f2e968 : 2 : ittapi_config_apply_per_lib :  ITTAPI function not implemented: __itt_state_get
3823285 : 0x40e393a1f2fe9d : 2 : ittapi_config_apply_per_lib :  ITTAPI function not implemented: __itt_state_set
3823285 : 0x40e393a1f30fdb : 2 : ittapi_config_apply_per_lib :  ITTAPI function not implemented: __itt_obj_mode_set
3823285 : 0x40e393a1f3323a : 2 : ittapi_config_apply_per_lib :  ITTAPI function not implemented: __itt_thr_mode_set
3823285 : 0x40e393a1f354ae : 2 : ittapi_config_apply_per_lib :  ITTAPI function instrumented: __itt_frame_create
3823285 : 0x40e393a1f36899 : 2 : ittapi_config_apply_per_lib :  ITTAPI function instrumented: __itt_pt_region_create
3823285 : 0x40e393a1f3738c : 2 : ittapi_config_apply_per_lib :  ITTAPI function instrumented: __itt_frame_begin
3823285 : 0x40e393a1f399a9 : 2 : ittapi_config_apply_per_lib :  ITTAPI function instrumented: __itt_frame_end
3823285 : 0x40e393a1f42b7c : 2 : ittapi_config_apply_per_lib :  ITTAPI function not implemented: __itt_counter_destroy
3823285 : 0x40e393a1f44594 : 2 : ittapi_config_apply_per_lib :  ITTAPI function instrumented: __itt_counter_inc
3823285 : 0x40e393a1f4542c : 2 : ittapi_config_apply_per_lib :  ITTAPI function instrumented: __itt_counter_inc_delta
3823285 : 0x40e393a1f462c4 : 2 : ittapi_config_apply_per_lib :  ITTAPI function instrumented: __itt_counter_dec
3823285 : 0x40e393a1f48117 : 2 : ittapi_config_apply_per_lib :  ITTAPI function instrumented: __itt_counter_dec_delta
3823285 : 0x40e393a1f4a40a : 2 : ittapi_config_apply_per_lib :  ITTAPI function instrumented: __itt_counter_set_value
3823285 : 0x40e393a1f4c0dd : 2 : ittapi_config_apply_per_lib :  ITTAPI function not implemented: __itt_counter_set_value_ex
3823285 : 0x40e393a1f4fa19 : 2 : ittapi_config_apply_per_lib :  ITTAPI function not implemented: __itt_mark_create
3823285 : 0x40e393a1f5163a : 2 : ittapi_config_apply_per_lib :  ITTAPI function not implemented: __itt_mark
3823285 : 0x40e393a1f542b4 : 2 : ittapi_config_apply_per_lib :  ITTAPI function not implemented: __itt_mark_off
3823285 : 0x40e393a1f5c2b2 : 2 : ittapi_config_apply_per_lib :  ITTAPI function not implemented: __itt_mark_global
3823285 : 0x40e393a1f5f9f1 : 2 : ittapi_config_apply_per_lib :  ITTAPI function not implemented: __itt_mark_global_off
3823285 : 0x40e393a1f61595 : 2 : ittapi_config_apply_per_lib :  ITTAPI function NOT instrumented (not matched by --itt-config option): __itt_stack_caller_create

3823285 : 0x40e393a1f62d27 : 2 : ittapi_config_apply_per_lib :  ITTAPI function NOT instrumented (not matched by --itt-config option): __itt_stack_caller_destroy

3823285 : 0x40e393a1f63e20 : 2 : ittapi_config_apply_per_lib :  ITTAPI function NOT instrumented (not matched by --itt-config option): __itt_stack_callee_enter

3823285 : 0x40e393a1f657a0 : 2 : ittapi_config_apply_per_lib :  ITTAPI function NOT instrumented (not matched by --itt-config option): __itt_stack_callee_leave

3823285 : 0x40e393a1f67807 : 2 : ittapi_config_apply_per_lib :  ITTAPI function not implemented: __itt_clock_domain_create
3823285 : 0x40e393a1f693fb : 2 : ittapi_config_apply_per_lib :  ITTAPI function not implemented: __itt_clock_domain_reset
3823285 : 0x40e393a1f6a5da : 2 : ittapi_config_apply_per_lib :  ITTAPI function not implemented: __itt_id_create_ex
3823285 : 0x40e393a1f6baa4 : 2 : ittapi_config_apply_per_lib :  ITTAPI function not implemented: __itt_id_destroy_ex
3823285 : 0x40e393a1f74507 : 2 : ittapi_config_apply_per_lib :  ITTAPI function not implemented: __itt_task_begin_ex
3823285 : 0x40e393a1f75c33 : 2 : ittapi_config_apply_per_lib :  ITTAPI function not implemented: __itt_task_begin_fn_ex
3823285 : 0x40e393a1f78bfd : 2 : ittapi_config_apply_per_lib :  ITTAPI function not implemented: __itt_task_end_ex
3823285 : 0x40e393a1f7a70c : 2 : ittapi_config_apply_per_lib :  ITTAPI function instrumented: __itt_task_begin_overlapped
3823285 : 0x40e393a1f7d0c2 : 2 : ittapi_config_apply_per_lib :  ITTAPI function not implemented: __itt_task_begin_overlapped_ex
3823285 : 0x40e393a1f7f7bb : 2 : ittapi_config_apply_per_lib :  ITTAPI function instrumented: __itt_task_end_overlapped
3823285 : 0x40e393a1f823ea : 2 : ittapi_config_apply_per_lib :  ITTAPI function not implemented: __itt_task_end_overlapped_ex
3823285 : 0x40e393a1f84250 : 2 : ittapi_config_apply_per_lib :  ITTAPI function not implemented: __itt_marker_ex
3823285 : 0x40e393a1f8d450 : 2 : ittapi_config_apply_per_lib :  ITTAPI function not implemented: __itt_metadata_add_with_scope
3823285 : 0x40e393a1f8f3da : 2 : ittapi_config_apply_per_lib :  ITTAPI function not implemented: __itt_metadata_str_add_with_scope
3823285 : 0x40e393a1f94bee : 2 : ittapi_config_apply_per_lib :  ITTAPI function not implemented: __itt_relation_add_to_current_ex
3823285 : 0x40e393a1f9652e : 2 : ittapi_config_apply_per_lib :  ITTAPI function not implemented: __itt_relation_add_ex
3823285 : 0x40e393a1f98285 : 2 : ittapi_config_apply_per_lib :  ITTAPI function not implemented: __itt_track_group_create
3823285 : 0x40e393a1f9a4bd : 2 : ittapi_config_apply_per_lib :  ITTAPI function not implemented: __itt_track_create
3823285 : 0x40e393a1f9d1cb : 2 : ittapi_config_apply_per_lib :  ITTAPI function not implemented: __itt_set_track
3823285 : 0x40e393a1f9f0f6 : 2 : ittapi_config_apply_per_lib :  ITTAPI function instrumented: __itt_api_version
3823285 : 0x40e393a1fa1bd0 : 2 : ittapi_config_apply_per_lib :  ITTAPI function not implemented: __itt_av_save
3823285 : 0x40e393a1fa36d9 : 2 : ittapi_config_apply_per_lib :  ITTAPI function instrumented: __itt_module_load
3823285 : 0x40e393a1fabc30 : 2 : ittapi_config_apply_per_lib :  ITTAPI function not implemented: __itt_module_unload