
3817640 : 0x40e34cda151dc9 : 1 : spill_jit_data :  Jit agent is not initialized
3817640 : 0x40e34cda161cff : 2 : ittapi_config_mask_get :  --itt-config mask to be applied: 39
3817640 : 0x40e34cda1633f6 : 2 : ittapi_config_apply_per_lib :  ITTAPI function instrumented: __itt_domain_create
3817640 : 0x40e34cda1641c3 : 2 : ittapi_config_apply_per_lib :  ITTAPI function instrumented: __itt_module_load_with_sections
3817640 : 0x40e34cda1654c7 : 2 : ittapi_config_apply_per_lib :  ITTAPI function not implemented: __itt_module_unload_with_sections
3817640 : 0x40e34cda166473 : 2 : ittapi_config_apply_per_lib :  ITTAPI function instrumented: __itt_string_handle_create
3817640 : 0x40e34cda166f6f : 2 : ittapi_config_apply_per_lib :  ITTAPI function instrumented: __itt_counter_create
3817640 : 0x40e34cda1678a2 : 2 : ittapi_config_apply_per_lib :  ITTAPI function instrumented: __itt_counter_create_typed
3817640 : 0x40e34cda168283 : 2 : ittapi_config_apply_per_lib :  ITTAPI function instrumented: __itt_pause
3817640 : 0x40e34cda168c0a : 2 : ittapi_config_apply_per_lib :  ITTAPI function instrumented: __itt_resume
3817640 : 0x40e34cda176670 : 2 : ittapi_config_apply_per_lib :  ITTAPI function instrumented: __itt_thread_set_name
3817640 : 0x40e34cda1776aa : 2 : ittapi_config_apply_per_lib :  ITTAPI function instrumented: __itt_thread_ignore
3817640 : 0x40e34cda17815e : 2 : ittapi_config_apply_per_lib :  ITTAPI function instrumented: __itt_thr_name_set
3817640 : 0x40e34cda178b94 : 2 : ittapi_config_apply_per_lib :  ITTAPI function instrumented: __itt_thr_ignore
3817640 : 0x40e34cda179a6b : 2 : ittapi_config_apply_per_lib :  ITTAPI function not implemented: __itt_enable_attach
3817640 : 0x40e34cda17a5da : 2 : ittapi_config_apply_per_lib :  ITTAPI function instrumented: __itt_detach
3817640 : 0x40e34cda17ae78 : 2 : ittapi_config_apply_per_lib :  ITTAPI function NOT instrumented (not matched by --itt-config option): __itt_sync_create

3817640 : 0x40e34cda17b902 : 2 : ittapi_config_apply_per_lib :  ITTAPI function NOT instrumented (not matched by --itt-config option): __itt_sync_rename

3817640 : 0x40e34cda17c0d9 : 2 : ittapi_config_apply_per_lib :  ITTAPI function NOT instrumented (not matched by --itt-config option): __itt_sync_destroy

3817640 : 0x40e34cda17c98a : 2 : ittapi_config_apply_per_lib :  ITTAPI function NOT instrumented (not matched by --itt-config option): __itt_sync_prepare

3817640 : 0x40e34cda17ff53 : 2 : ittapi_config_apply_per_lib :  ITTAPI function NOT instrumented (not matched by --itt-config option): __itt_sync_cancel

3817640 : 0x40e34cda1808dd : 2 : ittapi_config_apply_per_lib :  ITTAPI function NOT instrumented (not matched by --itt-config option): __itt_sync_acquired

3817640 : 0x40e34cda181124 : 2 : ittapi_config_apply_per_lib :  ITTAPI function NOT instrumented (not matched by --itt-config option): __itt_sync_releasing

3817640 : 0x40e34cda181d3e : 2 : ittapi_config_apply_per_lib :  ITTAPI function not implemented: __itt_suppress_push
3817640 : 0x40e34cda182b01 : 2 : ittapi_config_apply_per_lib :  ITTAPI function not implemented: __itt_suppress_pop
3817640 : 0x40e34cda183627 : 2 : ittapi_config_apply_per_lib :  ITTAPI function not implemented: __itt_suppress_mark_range
3817640 : 0x40e34cda18417b : 2 : ittapi_config_apply_per_lib :  ITTAPI function not implemented: __itt_suppress_clear_range
3817640 : 0x40e34cda1849ba : 2 : ittapi_config_apply_per_lib :  ITTAPI function NOT instrumented (not matched by --itt-config option): __itt_sync_prepare

3817640 : 0x40e34cda1851f2 : 2 : ittapi_config_apply_per_lib :  ITTAPI function NOT instrumented (not matched by --itt-config option): __itt_sync_cancel

3817640 : 0x40e34cda1859e9 : 2 : ittapi_config_apply_per_lib :  ITTAPI function NOT instrumented (not matched by --itt-config option): __itt_sync_acquired

3817640 : 0x40e34cda18864a : 2 : ittapi_config_apply_per_lib :  ITTAPI function NOT instrumented (not matched by --itt-config option): __itt_sync_releasing

3817640 : 0x40e34cda188ff9 : 2 : ittapi_config_apply_per_lib :  ITTAPI function NOT instrumented (not matched by --itt-config option): __itt_model_site_begin

3817640 : 0x40e34cda189897 : 2 : ittapi_config_apply_per_lib :  ITTAPI function NOT instrumented (not matched by --itt-config option): __itt_model_site_end

3817640 : 0x40e34cda18a0ff : 2 : ittapi_config_apply_per_lib :  ITTAPI function NOT instrumented (not matched by --itt-config option): __itt_model_task_begin

3817640 : 0x40e34cda18a933 : 2 : ittapi_config_apply_per_lib :  ITTAPI function NOT instrumented (not matched by --itt-config option): __itt_model_task_end

3817640 : 0x40e34cda18b1f4 : 2 : ittapi_config_apply_per_lib :  ITTAPI function NOT instrumented (not matched by --itt-config option): __itt_model_lock_acquire

3817640 : 0x40e34cda18ba3e : 2 : ittapi_config_apply_per_lib :  ITTAPI function NOT instrumented (not matched by --itt-config option): __itt_model_lock_release

3817640 : 0x40e34cda18c2c1 : 2 : ittapi_config_apply_per_lib :  ITTAPI function NOT instrumented (not matched by --itt-config option): __itt_model_record_allocation

3817640 : 0x40e34cda18cb04 : 2 : ittapi_config_apply_per_lib :  ITTAPI function NOT instrumented (not matched by --itt-config option): __itt_model_record_deallocation

3817640 : 0x40e34cda18d36c : 2 : ittapi_config_apply_per_lib :  ITTAPI function NOT instrumented (not matched by --itt-config option): __itt_model_induction_uses

3817640 : 0x40e34cda191be1 : 2 : ittapi_config_apply_per_lib :  ITTAPI function NOT instrumented (not matched by --itt-config option): __itt_model_reduction_uses

3817640 : 0x40e34cda1926e8 : 2 : ittapi_config_apply_per_lib :  ITTAPI function NOT instrumented (not matched by --itt-config option): __itt_model_observe_uses

3817640 : 0x40e34cda192f70 : 2 : ittapi_config_apply_per_lib :  ITTAPI function NOT instrumented (not matched by --itt-config option): __itt_model_clear_uses

3817640 : 0x40e34cda1937cb : 2 : ittapi_config_apply_per_lib :  ITTAPI function NOT instrumented (not matched by --itt-config option): __itt_model_site_beginA

3817640 : 0x40e34cda19404b : 2 : ittapi_config_apply_per_lib :  ITTAPI function NOT instrumented (not matched by --itt-config option): __itt_model_site_beginAL

3817640 : 0x40e34cda1948d5 : 2 : ittapi_config_apply_per_lib :  ITTAPI function NOT instrumented (not matched by --itt-config option): __itt_model_task_beginA

3817640 : 0x40e34cda1950fd : 2 : ittapi_config_apply_per_lib :  ITTAPI function NOT instrumented (not matched by --itt-config option): __itt_model_task_beginAL

3817640 : 0x40e34cda195952 : 2 : ittapi_config_apply_per_lib :  ITTAPI function NOT instrumented (not matched by --itt-config option): __itt_model_iteration_taskA

3817640 : 0x40e34cda19617e : 2 : ittapi_config_apply_per_lib :  ITTAPI function NOT instrumented (not matched by --itt-config option): __itt_model_iteration_taskAL

3817640 : 0x40e34cda1969ee : 2 : ittapi_config_apply_per_lib :  ITTAPI function NOT instrumented (not matched by --itt-config option): __itt_model_site_end_2

3817640 : 0x40e34cda199b3c : 2 : ittapi_config_apply_per_lib :  ITTAPI function NOT instrumented (not matched by --itt-config option): __itt_model_task_end_2

3817640 : 0x40e34cda19a432 : 2 : ittapi_config_apply_per_lib :  ITTAPI function NOT instrumented (not matched by --itt-config option): __itt_model_lock_acquire_2

3817640 : 0x40e34cda19ac75 : 2 : ittapi_config_apply_per_lib :  ITTAPI function NOT instrumented (not matched by --itt-config option): __itt_model_lock_release_2

3817640 : 0x40e34cda19b4d2 : 2 : ittapi_config_apply_per_lib :  ITTAPI function NOT instrumented (not matched by --itt-config option): __itt_model_aggregate_task

3817640 : 0x40e34cda19bd18 : 2 : ittapi_config_apply_per_lib :  ITTAPI function NOT instrumented (not matched by --itt-config option): __itt_model_disable_push

3817640 : 0x40e34cda19c554 : 2 : ittapi_config_apply_per_lib :  ITTAPI function NOT instrumented (not matched by --itt-config option): __itt_model_disable_pop

3817640 : 0x40e34cda19cf5d : 2 : ittapi_config_apply_per_lib :  ITTAPI function instrumented: __itt_heap_function_create
3817640 : 0x40e34cda19d90a : 2 : ittapi_config_apply_per_lib :  ITTAPI function instrumented: __itt_heap_allocate_begin
3817640 : 0x40e34cda19e288 : 2 : ittapi_config_apply_per_lib :  ITTAPI function instrumented: __itt_heap_allocate_end
3817640 : 0x40e34cda19ec0e : 2 : ittapi_config_apply_per_lib :  ITTAPI function instrumented: __itt_heap_free_begin
3817640 : 0x40e34cda1a3689 : 2 : ittapi_config_apply_per_lib :  ITTAPI function instrumented: __itt_heap_free_end
3817640 : 0x40e34cda1a4226 : 2 : ittapi_config_apply_per_lib :  ITTAPI function instrumented: __itt_heap_reallocate_begin
3817640 : 0x40e34cda1a4b68 : 2 : ittapi_config_apply_per_lib :  ITTAPI function instrumented: __itt_heap_reallocate_end
3817640 : 0x40e34cda1a5702 : 2 : ittapi_config_apply_per_lib :  ITTAPI function not implemented: __itt_heap_internal_access_begin
3817640 : 0x40e34cda1a61da : 2 : ittapi_config_apply_per_lib :  ITTAPI function not implemented: __itt_heap_internal_access_end
3817640 : 0x40e34cda1a6d2e : 2 : ittapi_config_apply_per_lib :  ITTAPI function not implemented: __itt_heap_record_memory_growth_begin
3817640 : 0x40e34cda1a7750 : 2 : ittapi_config_apply_per_lib :  ITTAPI function not implemented: __itt_heap_record_memory_growth_end
3817640 : 0x40e34cda1a8202 : 2 : ittapi_config_apply_per_lib :  ITTAPI function not implemented: __itt_heap_reset_detection
3817640 : 0x40e34cda1a8d92 : 2 : ittapi_config_apply_per_lib :  ITTAPI function not implemented: __itt_heap_record
3817640 : 0x40e34cda1a97b2 : 2 : ittapi_config_apply_per_lib :  ITTAPI function not implemented: __itt_id_create
3817640 : 0x40e34cda1acdb8 : 2 : ittapi_config_apply_per_lib :  ITTAPI function not implemented: __itt_id_destroy
3817640 : 0x40e34cda1ad8c0 : 2 : ittapi_config_apply_per_lib :  ITTAPI function instrumented: __itt_get_timestamp
3817640 : 0x40e34cda1ae352 : 2 : ittapi_config_apply_per_lib :  ITTAPI function not implemented: __itt_region_begin
3817640 : 0x40e34cda1aedb4 : 2 : ittapi_config_apply_per_lib :  ITTAPI function not implemented: __itt_region_end
3817640 : 0x40e34cda1af793 : 2 : ittapi_config_apply_per_lib :  ITTAPI function instrumented: __itt_frame_begin_v3
3817640 : 0x40e34cda1b0163 : 2 : ittapi_config_apply_per_lib :  ITTAPI function instrumented: __itt_frame_end_v3
3817640 : 0x40e34cda1b0b12 : 2 : ittapi_config_apply_per_lib :  ITTAPI function instrumented: __itt_frame_submit_v3
3817640 : 0x40e34cda1b15d2 : 2 : ittapi_config_apply_per_lib :  ITTAPI function not implemented: __itt_task_group
3817640 : 0x40e34cda1b1fd1 : 2 : ittapi_config_apply_per_lib :  ITTAPI function instrumented: __itt_task_begin
3817640 : 0x40e34cda1b2924 : 2 : ittapi_config_apply_per_lib :  ITTAPI function instrumented: __itt_task_begin_fn
3817640 : 0x40e34cda1b5529 : 2 : ittapi_config_apply_per_lib :  ITTAPI function instrumented: __itt_task_end
3817640 : 0x40e34cda1b6149 : 2 : ittapi_config_apply_per_lib :  ITTAPI function not implemented: __itt_counter_inc_v3
3817640 : 0x40e34cda1b6cce : 2 : ittapi_config_apply_per_lib :  ITTAPI function not implemented: __itt_counter_inc_delta_v3
3817640 : 0x40e34cda1b76ee : 2 : ittapi_config_apply_per_lib :  ITTAPI function not implemented: __itt_counter_dec_v3
3817640 : 0x40e34cda1b80c0 : 2 : ittapi_config_apply_per_lib :  ITTAPI function not implemented: __itt_counter_dec_delta_v3
3817640 : 0x40e34cda1b8b02 : 2 : ittapi_config_apply_per_lib :  ITTAPI function not implemented: __itt_marker
3817640 : 0x40e34cda1b94c2 : 2 : ittapi_config_apply_per_lib :  ITTAPI function instrumented: __itt_metadata_add
3817640 : 0x40e34cda1b9ed2 : 2 : ittapi_config_apply_per_lib :  ITTAPI function not implemented: __itt_metadata_str_add
3817640 : 0x40e34cda1ba93b : 2 : ittapi_config_apply_per_lib :  ITTAPI function not implemented: __itt_relation_add_to_current
3817640 : 0x40e34cda1bb3a0 : 2 : ittapi_config_apply_per_lib :  ITTAPI function not implemented: __itt_relation_add
3817640 : 0x40e34cda1bdee4 : 2 : ittapi_config_apply_per_lib :  ITTAPI function instrumented: __itt_event_create
3817640 : 0x40e34cda1be925 : 2 : ittapi_config_apply_per_lib :  ITTAPI function instrumented: __itt_event_start
3817640 : 0x40e34cda1bf260 : 2 : ittapi_config_apply_per_lib :  ITTAPI function instrumented: __itt_event_end
3817640 : 0x40e34cda1bfa95 : 2 : ittapi_config_apply_per_lib :  ITTAPI function NOT instrumented (not matched by --itt-config option): __itt_sync_set_name

3817640 : 0x40e34cda1c0300 : 2 : ittapi_config_apply_per_lib :  ITTAPI function NOT instrumented (not matched by --itt-config option): __itt_notify_sync_name

3817640 : 0x40e34cda1c0b31 : 2 : ittapi_config_apply_per_lib :  ITTAPI function NOT instrumented (not matched by --itt-config option): __itt_notify_sync_prepare

3817640 : 0x40e34cda1c1350 : 2 : ittapi_config_apply_per_lib :  ITTAPI function NOT instrumented (not matched by --itt-config option): __itt_notify_sync_cancel

3817640 : 0x40e34cda1c1b82 : 2 : ittapi_config_apply_per_lib :  ITTAPI function NOT instrumented (not matched by --itt-config option): __itt_notify_sync_acquired

3817640 : 0x40e34cda1c23df : 2 : ittapi_config_apply_per_lib :  ITTAPI function NOT instrumented (not matched by --itt-config option): __itt_notify_sync_releasing

3817640 : 0x40e34cda1c2e60 : 2 : ittapi_config_apply_per_lib :  ITTAPI function not implemented: __itt_memory_read
3817640 : 0x40e34cda1c6ddd : 2 : ittapi_config_apply_per_lib :  ITTAPI function not implemented: __itt_memory_write
3817640 : 0x40e34cda1c7a87 : 2 : ittapi_config_apply_per_lib :  ITTAPI function not implemented: __itt_memory_update
3817640 : 0x40e34cda1c84ec : 2 : ittapi_config_apply_per_lib :  ITTAPI function not implemented: __itt_state_get
3817640 : 0x40e34cda1c8ef3 : 2 : ittapi_config_apply_per_lib :  ITTAPI function not implemented: __itt_state_set
3817640 : 0x40e34cda1c98e4 : 2 : ittapi_config_apply_per_lib :  ITTAPI function not implemented: __itt_obj_mode_set
3817640 : 0x40e34cda1ca331 : 2 : ittapi_config_apply_per_lib :  ITTAPI function not implemented: __itt_thr_mode_set
3817640 : 0x40e34cda1cac82 : 2 : ittapi_config_apply_per_lib :  ITTAPI function instrumented: __itt_frame_create
3817640 : 0x40e34cda1cb5a3 : 2 : ittapi_config_apply_per_lib :  ITTAPI function instrumented: __itt_pt_region_create
3817640 : 0x40e34cda1cbf3b : 2 : ittapi_config_apply_per_lib :  ITTAPI function instrumented: __itt_frame_begin
3817640 : 0x40e34cda1cc8e3 : 2 : ittapi_config_apply_per_lib :  ITTAPI function instrumented: __itt_frame_end
3817640 : 0x40e34cda1cf93d : 2 : ittapi_config_apply_per_lib :  ITTAPI function not implemented: __itt_counter_destroy
3817640 : 0x40e34cda1d03ca : 2 : ittapi_config_apply_per_lib :  ITTAPI function instrumented: __itt_counter_inc
3817640 : 0x40e34cda1d0d46 : 2 : ittapi_config_apply_per_lib :  ITTAPI function instrumented: __itt_counter_inc_delta
3817640 : 0x40e34cda1d16f4 : 2 : ittapi_config_apply_per_lib :  ITTAPI function instrumented: __itt_counter_dec
3817640 : 0x40e34cda1d2160 : 2 : ittapi_config_apply_per_lib :  ITTAPI function instrumented: __itt_counter_dec_delta
3817640 : 0x40e34cda1d2b0c : 2 : ittapi_config_apply_per_lib :  ITTAPI function instrumented: __itt_counter_set_value
3817640 : 0x40e34cda1d353c : 2 : ittapi_config_apply_per_lib :  ITTAPI function not implemented: __itt_counter_set_value_ex
3817640 : 0x40e34cda1d3f01 : 2 : ittapi_config_apply_per_lib :  ITTAPI function not implemented: __itt_mark_create
3817640 : 0x40e34cda1d49ea : 2 : ittapi_config_apply_per_lib :  ITTAPI function not implemented: __itt_mark
3817640 : 0x40e34cda1d5528 : 2 : ittapi_config_apply_per_lib :  ITTAPI function not implemented: __itt_mark_off
3817640 : 0x40e34cda1d83c2 : 2 : ittapi_config_apply_per_lib :  ITTAPI function not implemented: __itt_mark_global
3817640 : 0x40e34cda1d8f5c : 2 : ittapi_config_apply_per_lib :  ITTAPI function not implemented: __itt_mark_global_off
3817640 : 0x40e34cda1d986f : 2 : ittapi_config_apply_per_lib :  ITTAPI function NOT instrumented (not matched by --itt-config option): __itt_stack_caller_create

3817640 : 0x40e34cda1da12c : 2 : ittapi_config_apply_per_lib :  ITTAPI function NOT instrumented (not matched by --itt-config option): __itt_stack_caller_destroy

3817640 : 0x40e34cda1da985 : 2 : ittapi_config_apply_per_lib :  ITTAPI function NOT instrumented (not matched by --itt-config option): __itt_stack_callee_enter

3817640 : 0x40e34cda1db1e6 : 2 : ittapi_config_apply_per_lib :  ITTAPI function NOT instrumented (not matched by --itt-config option): __itt_stack_callee_leave

3817640 : 0x40e34cda1dbc14 : 2 : ittapi_config_apply_per_lib :  ITTAPI function not implemented: __itt_clock_domain_create
3817640 : 0x40e34cda1dc6a0 : 2 : ittapi_config_apply_per_lib :  ITTAPI function not implemented: __itt_clock_domain_reset
3817640 : 0x40e34cda1dd086 : 2 : ittapi_config_apply_per_lib :  ITTAPI function not implemented: __itt_id_create_ex
3817640 : 0x40e34cda1ddaba : 2 : ittapi_config_apply_per_lib :  ITTAPI function not implemented: __itt_id_destroy_ex
3817640 : 0x40e34cda1e1a5a : 2 : ittapi_config_apply_per_lib :  ITTAPI function not implemented: __itt_task_begin_ex
3817640 : 0x40e34cda1e26bf : 2 : ittapi_config_apply_per_lib :  ITTAPI function not implemented: __itt_task_begin_fn_ex
3817640 : 0x40e34cda1e312f : 2 : ittapi_config_apply_per_lib :  ITTAPI function not implemented: __itt_task_end_ex
3817640 : 0x40e34cda1e3b18 : 2 : ittapi_config_apply_per_lib :  ITTAPI function instrumented: __itt_task_begin_overlapped
3817640 : 0x40e34cda1e452f : 2 : ittapi_config_apply_per_lib :  ITTAPI function not implemented: __itt_task_begin_overlapped_ex
3817640 : 0x40e34cda1e4fcb : 2 : ittapi_config_apply_per_lib :  ITTAPI function instrumented: __itt_task_end_overlapped
3817640 : 0x40e34cda1e5a25 : 2 : ittapi_config_apply_per_lib :  ITTAPI function not implemented: __itt_task_end_overlapped_ex
3817640 : 0x40e34cda1e6435 : 2 : ittapi_config_apply_per_lib :  ITTAPI function not implemented: __itt_marker_ex
3817640 : 0x40e34cda1e6f1f : 2 : ittapi_config_apply_per_lib :  ITTAPI function not implemented: __itt_metadata_add_with_scope
3817640 : 0x40e34cda1e7a44 : 2 : ittapi_config_apply_per_lib :  ITTAPI function not implemented: __itt_metadata_str_add_with_scope
3817640 : 0x40e34cda1eaffc : 2 : ittapi_config_apply_per_lib :  ITTAPI function not implemented: __itt_relation_add_to_current_ex
3817640 : 0x40e34cda1ebb16 : 2 : ittapi_config_apply_per_lib :  ITTAPI function not implemented: __itt_relation_add_ex
3817640 : 0x40e34cda1ec4de : 2 : ittapi_config_apply_per_lib :  ITTAPI function not implemented: __itt_track_group_create
3817640 : 0x40e34cda1ece45 : 2 : ittapi_config_apply_per_lib :  ITTAPI function not implemented: __itt_track_create
3817640 : 0x40e34cda1ed851 : 2 : ittapi_config_apply_per_lib :  ITTAPI function not implemented: __itt_set_track
3817640 : 0x40e34cda1ee1dd : 2 : ittapi_config_apply_per_lib :  ITTAPI function instrumented: __itt_api_version
3817640 : 0x40e34cda1eebd0 : 2 : ittapi_config_apply_per_lib :  ITTAPI function not implemented: __itt_av_save
3817640 : 0x40e34cda1ef602 : 2 : ittapi_config_apply_per_lib :  ITTAPI function instrumented: __itt_module_load
3817640 : 0x40e34cda1f0035 : 2 : ittapi_config_apply_per_lib :  ITTAPI function not implemented: __itt_module_unload