
3823629 : 0x40e398a0cd5c75 : 1 : spill_jit_data :  Jit agent is not initialized
3823629 : 0x40e398a0ceffad : 2 : ittapi_config_mask_get :  --itt-config mask to be applied: 39
3823629 : 0x40e398a0cf3e4a : 2 : ittapi_config_apply_per_lib :  ITTAPI function instrumented: __itt_domain_create
3823629 : 0x40e398a0cf5de2 : 2 : ittapi_config_apply_per_lib :  ITTAPI function instrumented: __itt_module_load_with_sections
3823629 : 0x40e398a0cf808b : 2 : ittapi_config_apply_per_lib :  ITTAPI function not implemented: __itt_module_unload_with_sections
3823629 : 0x40e398a0cfc165 : 2 : ittapi_config_apply_per_lib :  ITTAPI function instrumented: __itt_string_handle_create
3823629 : 0x40e398a0cfd76d : 2 : ittapi_config_apply_per_lib :  ITTAPI function instrumented: __itt_counter_create
3823629 : 0x40e398a0cfe33f : 2 : ittapi_config_apply_per_lib :  ITTAPI function instrumented: __itt_counter_create_typed
3823629 : 0x40e398a0cffb32 : 2 : ittapi_config_apply_per_lib :  ITTAPI function instrumented: __itt_pause
3823629 : 0x40e398a0d01c7f : 2 : ittapi_config_apply_per_lib :  ITTAPI function instrumented: __itt_resume
3823629 : 0x40e398a0d174cd : 2 : ittapi_config_apply_per_lib :  ITTAPI function instrumented: __itt_thread_set_name
3823629 : 0x40e398a0d197b2 : 2 : ittapi_config_apply_per_lib :  ITTAPI function instrumented: __itt_thread_ignore
3823629 : 0x40e398a0d1b8dd : 2 : ittapi_config_apply_per_lib :  ITTAPI function instrumented: __itt_thr_name_set
3823629 : 0x40e398a0d1cb2f : 2 : ittapi_config_apply_per_lib :  ITTAPI function instrumented: __itt_thr_ignore
3823629 : 0x40e398a0d1e7bd : 2 : ittapi_config_apply_per_lib :  ITTAPI function not implemented: __itt_enable_attach
3823629 : 0x40e398a0d1fa16 : 2 : ittapi_config_apply_per_lib :  ITTAPI function instrumented: __itt_detach
3823629 : 0x40e398a0d206bf : 2 : ittapi_config_apply_per_lib :  ITTAPI function NOT instrumented (not matched by --itt-config option): __itt_sync_create

3823629 : 0x40e398a0d21e54 : 2 : ittapi_config_apply_per_lib :  ITTAPI function NOT instrumented (not matched by --itt-config option): __itt_sync_rename

3823629 : 0x40e398a0d23c6e : 2 : ittapi_config_apply_per_lib :  ITTAPI function NOT instrumented (not matched by --itt-config option): __itt_sync_destroy

3823629 : 0x40e398a0d25d4f : 2 : ittapi_config_apply_per_lib :  ITTAPI function NOT instrumented (not matched by --itt-config option): __itt_sync_prepare

3823629 : 0x40e398a0d2c4b4 : 2 : ittapi_config_apply_per_lib :  ITTAPI function NOT instrumented (not matched by --itt-config option): __itt_sync_cancel

3823629 : 0x40e398a0d2e371 : 2 : ittapi_config_apply_per_lib :  ITTAPI function NOT instrumented (not matched by --itt-config option): __itt_sync_acquired

3823629 : 0x40e398a0d2ff02 : 2 : ittapi_config_apply_per_lib :  ITTAPI function NOT instrumented (not matched by --itt-config option): __itt_sync_releasing

3823629 : 0x40e398a0d315c9 : 2 : ittapi_config_apply_per_lib :  ITTAPI function not implemented: __itt_suppress_push
3823629 : 0x40e398a0d33b4b : 2 : ittapi_config_apply_per_lib :  ITTAPI function not implemented: __itt_suppress_pop
3823629 : 0x40e398a0d35b8e : 2 : ittapi_config_apply_per_lib :  ITTAPI function not implemented: __itt_suppress_mark_range
3823629 : 0x40e398a0d37577 : 2 : ittapi_config_apply_per_lib :  ITTAPI function not implemented: __itt_suppress_clear_range
3823629 : 0x40e398a0d39163 : 2 : ittapi_config_apply_per_lib :  ITTAPI function NOT instrumented (not matched by --itt-config option): __itt_sync_prepare

3823629 : 0x40e398a0d39e51 : 2 : ittapi_config_apply_per_lib :  ITTAPI function NOT instrumented (not matched by --itt-config option): __itt_sync_cancel

3823629 : 0x40e398a0d3b22c : 2 : ittapi_config_apply_per_lib :  ITTAPI function NOT instrumented (not matched by --itt-config option): __itt_sync_acquired

3823629 : 0x40e398a0d42991 : 2 : ittapi_config_apply_per_lib :  ITTAPI function NOT instrumented (not matched by --itt-config option): __itt_sync_releasing

3823629 : 0x40e398a0d43543 : 2 : ittapi_config_apply_per_lib :  ITTAPI function NOT instrumented (not matched by --itt-config option): __itt_model_site_begin

3823629 : 0x40e398a0d45015 : 2 : ittapi_config_apply_per_lib :  ITTAPI function NOT instrumented (not matched by --itt-config option): __itt_model_site_end

3823629 : 0x40e398a0d46581 : 2 : ittapi_config_apply_per_lib :  ITTAPI function NOT instrumented (not matched by --itt-config option): __itt_model_task_begin

3823629 : 0x40e398a0d47de0 : 2 : ittapi_config_apply_per_lib :  ITTAPI function NOT instrumented (not matched by --itt-config option): __itt_model_task_end

3823629 : 0x40e398a0d494e7 : 2 : ittapi_config_apply_per_lib :  ITTAPI function NOT instrumented (not matched by --itt-config option): __itt_model_lock_acquire

3823629 : 0x40e398a0d4a7a7 : 2 : ittapi_config_apply_per_lib :  ITTAPI function NOT instrumented (not matched by --itt-config option): __itt_model_lock_release

3823629 : 0x40e398a0d4c40e : 2 : ittapi_config_apply_per_lib :  ITTAPI function NOT instrumented (not matched by --itt-config option): __itt_model_record_allocation

3823629 : 0x40e398a0d4d5cb : 2 : ittapi_config_apply_per_lib :  ITTAPI function NOT instrumented (not matched by --itt-config option): __itt_model_record_deallocation

3823629 : 0x40e398a0d4fbb9 : 2 : ittapi_config_apply_per_lib :  ITTAPI function NOT instrumented (not matched by --itt-config option): __itt_model_induction_uses

3823629 : 0x40e398a0d5a826 : 2 : ittapi_config_apply_per_lib :  ITTAPI function NOT instrumented (not matched by --itt-config option): __itt_model_reduction_uses

3823629 : 0x40e398a0d5c7df : 2 : ittapi_config_apply_per_lib :  ITTAPI function NOT instrumented (not matched by --itt-config option): __itt_model_observe_uses

3823629 : 0x40e398a0d5d998 : 2 : ittapi_config_apply_per_lib :  ITTAPI function NOT instrumented (not matched by --itt-config option): __itt_model_clear_uses

3823629 : 0x40e398a0d5ece7 : 2 : ittapi_config_apply_per_lib :  ITTAPI function NOT instrumented (not matched by --itt-config option): __itt_model_site_beginA

3823629 : 0x40e398a0d6101f : 2 : ittapi_config_apply_per_lib :  ITTAPI function NOT instrumented (not matched by --itt-config option): __itt_model_site_beginAL

3823629 : 0x40e398a0d61daf : 2 : ittapi_config_apply_per_lib :  ITTAPI function NOT instrumented (not matched by --itt-config option): __itt_model_task_beginA

3823629 : 0x40e398a0d63c26 : 2 : ittapi_config_apply_per_lib :  ITTAPI function NOT instrumented (not matched by --itt-config option): __itt_model_task_beginAL

3823629 : 0x40e398a0d64e5e : 2 : ittapi_config_apply_per_lib :  ITTAPI function NOT instrumented (not matched by --itt-config option): __itt_model_iteration_taskA

3823629 : 0x40e398a0d66e70 : 2 : ittapi_config_apply_per_lib :  ITTAPI function NOT instrumented (not matched by --itt-config option): __itt_model_iteration_taskAL

3823629 : 0x40e398a0d67c33 : 2 : ittapi_config_apply_per_lib :  ITTAPI function NOT instrumented (not matched by --itt-config option): __itt_model_site_end_2

3823629 : 0x40e398a0d6cc24 : 2 : ittapi_config_apply_per_lib :  ITTAPI function NOT instrumented (not matched by --itt-config option): __itt_model_task_end_2

3823629 : 0x40e398a0d6db50 : 2 : ittapi_config_apply_per_lib :  ITTAPI function NOT instrumented (not matched by --itt-config option): __itt_model_lock_acquire_2

3823629 : 0x40e398a0d6eaff : 2 : ittapi_config_apply_per_lib :  ITTAPI function NOT instrumented (not matched by --itt-config option): __itt_model_lock_release_2

3823629 : 0x40e398a0d70347 : 2 : ittapi_config_apply_per_lib :  ITTAPI function NOT instrumented (not matched by --itt-config option): __itt_model_aggregate_task

3823629 : 0x40e398a0d72370 : 2 : ittapi_config_apply_per_lib :  ITTAPI function NOT instrumented (not matched by --itt-config option): __itt_model_disable_push

3823629 : 0x40e398a0d73a29 : 2 : ittapi_config_apply_per_lib :  ITTAPI function NOT instrumented (not matched by --itt-config option): __itt_model_disable_pop

3823629 : 0x40e398a0d74e96 : 2 : ittapi_config_apply_per_lib :  ITTAPI function instrumented: __itt_heap_function_create
3823629 : 0x40e398a0d7630d : 2 : ittapi_config_apply_per_lib :  ITTAPI function instrumented: __itt_heap_allocate_begin
3823629 : 0x40e398a0d78e59 : 2 : ittapi_config_apply_per_lib :  ITTAPI function instrumented: __itt_heap_allocate_end
3823629 : 0x40e398a0d7bd3f : 2 : ittapi_config_apply_per_lib :  ITTAPI function instrumented: __itt_heap_free_begin
3823629 : 0x40e398a0d85f67 : 2 : ittapi_config_apply_per_lib :  ITTAPI function instrumented: __itt_heap_free_end
3823629 : 0x40e398a0d8f40e : 2 : ittapi_config_apply_per_lib :  ITTAPI function instrumented: __itt_heap_reallocate_begin
3823629 : 0x40e398a0d90ae1 : 2 : ittapi_config_apply_per_lib :  ITTAPI function instrumented: __itt_heap_reallocate_end
3823629 : 0x40e398a0d921dd : 2 : ittapi_config_apply_per_lib :  ITTAPI function not implemented: __itt_heap_internal_access_begin
3823629 : 0x40e398a0d93b82 : 2 : ittapi_config_apply_per_lib :  ITTAPI function not implemented: __itt_heap_internal_access_end
3823629 : 0x40e398a0d97095 : 2 : ittapi_config_apply_per_lib :  ITTAPI function not implemented: __itt_heap_record_memory_growth_begin
3823629 : 0x40e398a0d9a00e : 2 : ittapi_config_apply_per_lib :  ITTAPI function not implemented: __itt_heap_record_memory_growth_end
3823629 : 0x40e398a0d9ba1e : 2 : ittapi_config_apply_per_lib :  ITTAPI function not implemented: __itt_heap_reset_detection
3823629 : 0x40e398a0d9d8a6 : 2 : ittapi_config_apply_per_lib :  ITTAPI function not implemented: __itt_heap_record
3823629 : 0x40e398a0d9eb7d : 2 : ittapi_config_apply_per_lib :  ITTAPI function not implemented: __itt_id_create
3823629 : 0x40e398a0da54e5 : 2 : ittapi_config_apply_per_lib :  ITTAPI function not implemented: __itt_id_destroy
3823629 : 0x40e398a0da76b1 : 2 : ittapi_config_apply_per_lib :  ITTAPI function instrumented: __itt_get_timestamp
3823629 : 0x40e398a0da9a94 : 2 : ittapi_config_apply_per_lib :  ITTAPI function not implemented: __itt_region_begin
3823629 : 0x40e398a0dad0ca : 2 : ittapi_config_apply_per_lib :  ITTAPI function not implemented: __itt_region_end
3823629 : 0x40e398a0dae797 : 2 : ittapi_config_apply_per_lib :  ITTAPI function instrumented: __itt_frame_begin_v3
3823629 : 0x40e398a0db0ba3 : 2 : ittapi_config_apply_per_lib :  ITTAPI function instrumented: __itt_frame_end_v3
3823629 : 0x40e398a0db1c12 : 2 : ittapi_config_apply_per_lib :  ITTAPI function instrumented: __itt_frame_submit_v3
3823629 : 0x40e398a0db3a97 : 2 : ittapi_config_apply_per_lib :  ITTAPI function not implemented: __itt_task_group
3823629 : 0x40e398a0db4f6a : 2 : ittapi_config_apply_per_lib :  ITTAPI function instrumented: __itt_task_begin
3823629 : 0x40e398a0db6ce1 : 2 : ittapi_config_apply_per_lib :  ITTAPI function instrumented: __itt_task_begin_fn
3823629 : 0x40e398a0dbf909 : 2 : ittapi_config_apply_per_lib :  ITTAPI function instrumented: __itt_task_end
3823629 : 0x40e398a0dc3ee2 : 2 : ittapi_config_apply_per_lib :  ITTAPI function not implemented: __itt_counter_inc_v3
3823629 : 0x40e398a0dc5dfb : 2 : ittapi_config_apply_per_lib :  ITTAPI function not implemented: __itt_counter_inc_delta_v3
3823629 : 0x40e398a0dc7108 : 2 : ittapi_config_apply_per_lib :  ITTAPI function not implemented: __itt_counter_dec_v3
3823629 : 0x40e398a0dca61e : 2 : ittapi_config_apply_per_lib :  ITTAPI function not implemented: __itt_counter_dec_delta_v3
3823629 : 0x40e398a0dcc7cd : 2 : ittapi_config_apply_per_lib :  ITTAPI function not implemented: __itt_marker
3823629 : 0x40e398a0dcdd80 : 2 : ittapi_config_apply_per_lib :  ITTAPI function instrumented: __itt_metadata_add
3823629 : 0x40e398a0dcfafa : 2 : ittapi_config_apply_per_lib :  ITTAPI function not implemented: __itt_metadata_str_add
3823629 : 0x40e398a0dd2d09 : 2 : ittapi_config_apply_per_lib :  ITTAPI function not implemented: __itt_relation_add_to_current
3823629 : 0x40e398a0dd4d28 : 2 : ittapi_config_apply_per_lib :  ITTAPI function not implemented: __itt_relation_add
3823629 : 0x40e398a0dddc65 : 2 : ittapi_config_apply_per_lib :  ITTAPI function instrumented: __itt_event_create
3823629 : 0x40e398a0ddf2bc : 2 : ittapi_config_apply_per_lib :  ITTAPI function instrumented: __itt_event_start
3823629 : 0x40e398a0de0778 : 2 : ittapi_config_apply_per_lib :  ITTAPI function instrumented: __itt_event_end
3823629 : 0x40e398a0de194a : 2 : ittapi_config_apply_per_lib :  ITTAPI function NOT instrumented (not matched by --itt-config option): __itt_sync_set_name

3823629 : 0x40e398a0de2d2b : 2 : ittapi_config_apply_per_lib :  ITTAPI function NOT instrumented (not matched by --itt-config option): __itt_notify_sync_name

3823629 : 0x40e398a0de4b1e : 2 : ittapi_config_apply_per_lib :  ITTAPI function NOT instrumented (not matched by --itt-config option): __itt_notify_sync_prepare

3823629 : 0x40e398a0decc1c : 2 : ittapi_config_apply_per_lib :  ITTAPI function NOT instrumented (not matched by --itt-config option): __itt_notify_sync_cancel

3823629 : 0x40e398a0dedf83 : 2 : ittapi_config_apply_per_lib :  ITTAPI function NOT instrumented (not matched by --itt-config option): __itt_notify_sync_acquired

3823629 : 0x40e398a0def3b9 : 2 : ittapi_config_apply_per_lib :  ITTAPI function NOT instrumented (not matched by --itt-config option): __itt_notify_sync_releasing

3823629 : 0x40e398a0df1422 : 2 : ittapi_config_apply_per_lib :  ITTAPI function not implemented: __itt_memory_read
3823629 : 0x40e398a0dfb45f : 2 : ittapi_config_apply_per_lib :  ITTAPI function not implemented: __itt_memory_write
3823629 : 0x40e398a0dfd284 : 2 : ittapi_config_apply_per_lib :  ITTAPI function not implemented: __itt_memory_update
3823629 : 0x40e398a0dfe951 : 2 : ittapi_config_apply_per_lib :  ITTAPI function not implemented: __itt_state_get
3823629 : 0x40e398a0e00da7 : 2 : ittapi_config_apply_per_lib :  ITTAPI function not implemented: __itt_state_set
3823629 : 0x40e398a0e033fa : 2 : ittapi_config_apply_per_lib :  ITTAPI function not implemented: __itt_obj_mode_set
3823629 : 0x40e398a0e06645 : 2 : ittapi_config_apply_per_lib :  ITTAPI function not implemented: __itt_thr_mode_set
3823629 : 0x40e398a0e08119 : 2 : ittapi_config_apply_per_lib :  ITTAPI function instrumented: __itt_frame_create
3823629 : 0x40e398a0e0b4b3 : 2 : ittapi_config_apply_per_lib :  ITTAPI function instrumented: __itt_pt_region_create
3823629 : 0x40e398a0e0c336 : 2 : ittapi_config_apply_per_lib :  ITTAPI function instrumented: __itt_frame_begin
3823629 : 0x40e398a0e0ee36 : 2 : ittapi_config_apply_per_lib :  ITTAPI function instrumented: __itt_frame_end
3823629 : 0x40e398a0e18c83 : 2 : ittapi_config_apply_per_lib :  ITTAPI function not implemented: __itt_counter_destroy
3823629 : 0x40e398a0e19f70 : 2 : ittapi_config_apply_per_lib :  ITTAPI function instrumented: __itt_counter_inc
3823629 : 0x40e398a0e1b148 : 2 : ittapi_config_apply_per_lib :  ITTAPI function instrumented: __itt_counter_inc_delta
3823629 : 0x40e398a0e1c537 : 2 : ittapi_config_apply_per_lib :  ITTAPI function instrumented: __itt_counter_dec
3823629 : 0x40e398a0e1e45f : 2 : ittapi_config_apply_per_lib :  ITTAPI function instrumented: __itt_counter_dec_delta
3823629 : 0x40e398a0e1f7db : 2 : ittapi_config_apply_per_lib :  ITTAPI function instrumented: __itt_counter_set_value
3823629 : 0x40e398a0e21c7f : 2 : ittapi_config_apply_per_lib :  ITTAPI function not implemented: __itt_counter_set_value_ex
3823629 : 0x40e398a0e23e4b : 2 : ittapi_config_apply_per_lib :  ITTAPI function not implemented: __itt_mark_create
3823629 : 0x40e398a0e26733 : 2 : ittapi_config_apply_per_lib :  ITTAPI function not implemented: __itt_mark
3823629 : 0x40e398a0e2925e : 2 : ittapi_config_apply_per_lib :  ITTAPI function not implemented: __itt_mark_off
3823629 : 0x40e398a0e31910 : 2 : ittapi_config_apply_per_lib :  ITTAPI function not implemented: __itt_mark_global
3823629 : 0x40e398a0e34e15 : 2 : ittapi_config_apply_per_lib :  ITTAPI function not implemented: __itt_mark_global_off
3823629 : 0x40e398a0e36cbf : 2 : ittapi_config_apply_per_lib :  ITTAPI function NOT instrumented (not matched by --itt-config option): __itt_stack_caller_create

3823629 : 0x40e398a0e387f2 : 2 : ittapi_config_apply_per_lib :  ITTAPI function NOT instrumented (not matched by --itt-config option): __itt_stack_caller_destroy

3823629 : 0x40e398a0e39832 : 2 : ittapi_config_apply_per_lib :  ITTAPI function NOT instrumented (not matched by --itt-config option): __itt_stack_callee_enter

3823629 : 0x40e398a0e3a89e : 2 : ittapi_config_apply_per_lib :  ITTAPI function NOT instrumented (not matched by --itt-config option): __itt_stack_callee_leave

3823629 : 0x40e398a0e3c99a : 2 : ittapi_config_apply_per_lib :  ITTAPI function not implemented: __itt_clock_domain_create
3823629 : 0x40e398a0e3e155 : 2 : ittapi_config_apply_per_lib :  ITTAPI function not implemented: __itt_clock_domain_reset
3823629 : 0x40e398a0e3fdea : 2 : ittapi_config_apply_per_lib :  ITTAPI function not implemented: __itt_id_create_ex
3823629 : 0x40e398a0e413a0 : 2 : ittapi_config_apply_per_lib :  ITTAPI function not implemented: __itt_id_destroy_ex
3823629 : 0x40e398a0e49097 : 2 : ittapi_config_apply_per_lib :  ITTAPI function not implemented: __itt_task_begin_ex
3823629 : 0x40e398a0e4cad7 : 2 : ittapi_config_apply_per_lib :  ITTAPI function not implemented: __itt_task_begin_fn_ex
3823629 : 0x40e398a0e4e791 : 2 : ittapi_config_apply_per_lib :  ITTAPI function not implemented: __itt_task_end_ex
3823629 : 0x40e398a0e5050d : 2 : ittapi_config_apply_per_lib :  ITTAPI function instrumented: __itt_task_begin_overlapped
3823629 : 0x40e398a0e5126a : 2 : ittapi_config_apply_per_lib :  ITTAPI function not implemented: __itt_task_begin_overlapped_ex
3823629 : 0x40e398a0e529ce : 2 : ittapi_config_apply_per_lib :  ITTAPI function instrumented: __itt_task_end_overlapped
3823629 : 0x40e398a0e544d3 : 2 : ittapi_config_apply_per_lib :  ITTAPI function not implemented: __itt_task_end_overlapped_ex
3823629 : 0x40e398a0e55464 : 2 : ittapi_config_apply_per_lib :  ITTAPI function not implemented: __itt_marker_ex
3823629 : 0x40e398a0e57ec8 : 2 : ittapi_config_apply_per_lib :  ITTAPI function not implemented: __itt_metadata_add_with_scope
3823629 : 0x40e398a0e59648 : 2 : ittapi_config_apply_per_lib :  ITTAPI function not implemented: __itt_metadata_str_add_with_scope
3823629 : 0x40e398a0e61bb6 : 2 : ittapi_config_apply_per_lib :  ITTAPI function not implemented: __itt_relation_add_to_current_ex
3823629 : 0x40e398a0e638f8 : 2 : ittapi_config_apply_per_lib :  ITTAPI function not implemented: __itt_relation_add_ex
3823629 : 0x40e398a0e6bcff : 2 : ittapi_config_apply_per_lib :  ITTAPI function not implemented: __itt_track_group_create
3823629 : 0x40e398a0e6d799 : 2 : ittapi_config_apply_per_lib :  ITTAPI function not implemented: __itt_track_create
3823629 : 0x40e398a0e6ec5f : 2 : ittapi_config_apply_per_lib :  ITTAPI function not implemented: __itt_set_track
3823629 : 0x40e398a0e705f4 : 2 : ittapi_config_apply_per_lib :  ITTAPI function instrumented: __itt_api_version
3823629 : 0x40e398a0e718e9 : 2 : ittapi_config_apply_per_lib :  ITTAPI function not implemented: __itt_av_save
3823629 : 0x40e398a0e7275f : 2 : ittapi_config_apply_per_lib :  ITTAPI function instrumented: __itt_module_load
3823629 : 0x40e398a0e74d22 : 2 : ittapi_config_apply_per_lib :  ITTAPI function not implemented: __itt_module_unload