
3819396 : 0x40e3666fdcab38 : 1 : spill_jit_data :  Jit agent is not initialized
3819396 : 0x40e3666fde15e6 : 2 : ittapi_config_mask_get :  --itt-config mask to be applied: 39
3819396 : 0x40e3666fde3b49 : 2 : ittapi_config_apply_per_lib :  ITTAPI function instrumented: __itt_domain_create
3819396 : 0x40e3666fde4d08 : 2 : ittapi_config_apply_per_lib :  ITTAPI function instrumented: __itt_module_load_with_sections
3819396 : 0x40e3666fde661e : 2 : ittapi_config_apply_per_lib :  ITTAPI function not implemented: __itt_module_unload_with_sections
3819396 : 0x40e3666fde7a59 : 2 : ittapi_config_apply_per_lib :  ITTAPI function instrumented: __itt_string_handle_create
3819396 : 0x40e3666fde8727 : 2 : ittapi_config_apply_per_lib :  ITTAPI function instrumented: __itt_counter_create
3819396 : 0x40e3666fde93b3 : 2 : ittapi_config_apply_per_lib :  ITTAPI function instrumented: __itt_counter_create_typed
3819396 : 0x40e3666fdea1c5 : 2 : ittapi_config_apply_per_lib :  ITTAPI function instrumented: __itt_pause
3819396 : 0x40e3666fdeb57f : 2 : ittapi_config_apply_per_lib :  ITTAPI function instrumented: __itt_resume
3819396 : 0x40e3666fdffb60 : 2 : ittapi_config_apply_per_lib :  ITTAPI function instrumented: __itt_thread_set_name
3819396 : 0x40e3666fe00f6a : 2 : ittapi_config_apply_per_lib :  ITTAPI function instrumented: __itt_thread_ignore
3819396 : 0x40e3666fe01d70 : 2 : ittapi_config_apply_per_lib :  ITTAPI function instrumented: __itt_thr_name_set
3819396 : 0x40e3666fe02bbe : 2 : ittapi_config_apply_per_lib :  ITTAPI function instrumented: __itt_thr_ignore
3819396 : 0x40e3666fe041d3 : 2 : ittapi_config_apply_per_lib :  ITTAPI function not implemented: __itt_enable_attach
3819396 : 0x40e3666fe05747 : 2 : ittapi_config_apply_per_lib :  ITTAPI function instrumented: __itt_detach
3819396 : 0x40e3666fe06a55 : 2 : ittapi_config_apply_per_lib :  ITTAPI function NOT instrumented (not matched by --itt-config option): __itt_sync_create

3819396 : 0x40e3666fe07c30 : 2 : ittapi_config_apply_per_lib :  ITTAPI function NOT instrumented (not matched by --itt-config option): __itt_sync_rename

3819396 : 0x40e3666fe087f5 : 2 : ittapi_config_apply_per_lib :  ITTAPI function NOT instrumented (not matched by --itt-config option): __itt_sync_destroy

3819396 : 0x40e3666fe123ee : 2 : ittapi_config_apply_per_lib :  ITTAPI function NOT instrumented (not matched by --itt-config option): __itt_sync_prepare

3819396 : 0x40e3666fe18c6b : 2 : ittapi_config_apply_per_lib :  ITTAPI function NOT instrumented (not matched by --itt-config option): __itt_sync_cancel

3819396 : 0x40e3666fe19a29 : 2 : ittapi_config_apply_per_lib :  ITTAPI function NOT instrumented (not matched by --itt-config option): __itt_sync_acquired

3819396 : 0x40e3666fe1a560 : 2 : ittapi_config_apply_per_lib :  ITTAPI function NOT instrumented (not matched by --itt-config option): __itt_sync_releasing

3819396 : 0x40e3666fe1b7ea : 2 : ittapi_config_apply_per_lib :  ITTAPI function not implemented: __itt_suppress_push
3819396 : 0x40e3666fe1ca7d : 2 : ittapi_config_apply_per_lib :  ITTAPI function not implemented: __itt_suppress_pop
3819396 : 0x40e3666fe1da2c : 2 : ittapi_config_apply_per_lib :  ITTAPI function not implemented: __itt_suppress_mark_range
3819396 : 0x40e3666fe1ebf5 : 2 : ittapi_config_apply_per_lib :  ITTAPI function not implemented: __itt_suppress_clear_range
3819396 : 0x40e3666fe1ff5b : 2 : ittapi_config_apply_per_lib :  ITTAPI function NOT instrumented (not matched by --itt-config option): __itt_sync_prepare

3819396 : 0x40e3666fe21068 : 2 : ittapi_config_apply_per_lib :  ITTAPI function NOT instrumented (not matched by --itt-config option): __itt_sync_cancel

3819396 : 0x40e3666fe22048 : 2 : ittapi_config_apply_per_lib :  ITTAPI function NOT instrumented (not matched by --itt-config option): __itt_sync_acquired

3819396 : 0x40e3666fe28328 : 2 : ittapi_config_apply_per_lib :  ITTAPI function NOT instrumented (not matched by --itt-config option): __itt_sync_releasing

3819396 : 0x40e3666fe29451 : 2 : ittapi_config_apply_per_lib :  ITTAPI function NOT instrumented (not matched by --itt-config option): __itt_model_site_begin

3819396 : 0x40e3666fe2a048 : 2 : ittapi_config_apply_per_lib :  ITTAPI function NOT instrumented (not matched by --itt-config option): __itt_model_site_end

3819396 : 0x40e3666fe2ab90 : 2 : ittapi_config_apply_per_lib :  ITTAPI function NOT instrumented (not matched by --itt-config option): __itt_model_task_begin

3819396 : 0x40e3666fe2b6ef : 2 : ittapi_config_apply_per_lib :  ITTAPI function NOT instrumented (not matched by --itt-config option): __itt_model_task_end

3819396 : 0x40e3666fe2c2cb : 2 : ittapi_config_apply_per_lib :  ITTAPI function NOT instrumented (not matched by --itt-config option): __itt_model_lock_acquire

3819396 : 0x40e3666fe2ce39 : 2 : ittapi_config_apply_per_lib :  ITTAPI function NOT instrumented (not matched by --itt-config option): __itt_model_lock_release

3819396 : 0x40e3666fe2dcf7 : 2 : ittapi_config_apply_per_lib :  ITTAPI function NOT instrumented (not matched by --itt-config option): __itt_model_record_allocation

3819396 : 0x40e3666fe2ee98 : 2 : ittapi_config_apply_per_lib :  ITTAPI function NOT instrumented (not matched by --itt-config option): __itt_model_record_deallocation

3819396 : 0x40e3666fe30163 : 2 : ittapi_config_apply_per_lib :  ITTAPI function NOT instrumented (not matched by --itt-config option): __itt_model_induction_uses

3819396 : 0x40e3666fe37710 : 2 : ittapi_config_apply_per_lib :  ITTAPI function NOT instrumented (not matched by --itt-config option): __itt_model_reduction_uses

3819396 : 0x40e3666fe38b7d : 2 : ittapi_config_apply_per_lib :  ITTAPI function NOT instrumented (not matched by --itt-config option): __itt_model_observe_uses

3819396 : 0x40e3666fe39c26 : 2 : ittapi_config_apply_per_lib :  ITTAPI function NOT instrumented (not matched by --itt-config option): __itt_model_clear_uses

3819396 : 0x40e3666fe3ac1d : 2 : ittapi_config_apply_per_lib :  ITTAPI function NOT instrumented (not matched by --itt-config option): __itt_model_site_beginA

3819396 : 0x40e3666fe3bf78 : 2 : ittapi_config_apply_per_lib :  ITTAPI function NOT instrumented (not matched by --itt-config option): __itt_model_site_beginAL

3819396 : 0x40e3666fe3cb98 : 2 : ittapi_config_apply_per_lib :  ITTAPI function NOT instrumented (not matched by --itt-config option): __itt_model_task_beginA

3819396 : 0x40e3666fe3d6bb : 2 : ittapi_config_apply_per_lib :  ITTAPI function NOT instrumented (not matched by --itt-config option): __itt_model_task_beginAL

3819396 : 0x40e3666fe3e210 : 2 : ittapi_config_apply_per_lib :  ITTAPI function NOT instrumented (not matched by --itt-config option): __itt_model_iteration_taskA

3819396 : 0x40e3666fe3ed6c : 2 : ittapi_config_apply_per_lib :  ITTAPI function NOT instrumented (not matched by --itt-config option): __itt_model_iteration_taskAL

3819396 : 0x40e3666fe3fc50 : 2 : ittapi_config_apply_per_lib :  ITTAPI function NOT instrumented (not matched by --itt-config option): __itt_model_site_end_2

3819396 : 0x40e3666fe45683 : 2 : ittapi_config_apply_per_lib :  ITTAPI function NOT instrumented (not matched by --itt-config option): __itt_model_task_end_2

3819396 : 0x40e3666fe46409 : 2 : ittapi_config_apply_per_lib :  ITTAPI function NOT instrumented (not matched by --itt-config option): __itt_model_lock_acquire_2

3819396 : 0x40e3666fe46f9f : 2 : ittapi_config_apply_per_lib :  ITTAPI function NOT instrumented (not matched by --itt-config option): __itt_model_lock_release_2

3819396 : 0x40e3666fe47b3c : 2 : ittapi_config_apply_per_lib :  ITTAPI function NOT instrumented (not matched by --itt-config option): __itt_model_aggregate_task

3819396 : 0x40e3666fe486b0 : 2 : ittapi_config_apply_per_lib :  ITTAPI function NOT instrumented (not matched by --itt-config option): __itt_model_disable_push

3819396 : 0x40e3666fe4929b : 2 : ittapi_config_apply_per_lib :  ITTAPI function NOT instrumented (not matched by --itt-config option): __itt_model_disable_pop

3819396 : 0x40e3666fe4a18b : 2 : ittapi_config_apply_per_lib :  ITTAPI function instrumented: __itt_heap_function_create
3819396 : 0x40e3666fe4af18 : 2 : ittapi_config_apply_per_lib :  ITTAPI function instrumented: __itt_heap_allocate_begin
3819396 : 0x40e3666fe4bc2b : 2 : ittapi_config_apply_per_lib :  ITTAPI function instrumented: __itt_heap_allocate_end
3819396 : 0x40e3666fe4cfbb : 2 : ittapi_config_apply_per_lib :  ITTAPI function instrumented: __itt_heap_free_begin
3819396 : 0x40e3666fe541c3 : 2 : ittapi_config_apply_per_lib :  ITTAPI function instrumented: __itt_heap_free_end
3819396 : 0x40e3666fe551c6 : 2 : ittapi_config_apply_per_lib :  ITTAPI function instrumented: __itt_heap_reallocate_begin
3819396 : 0x40e3666fe55e4c : 2 : ittapi_config_apply_per_lib :  ITTAPI function instrumented: __itt_heap_reallocate_end
3819396 : 0x40e3666fe56f9f : 2 : ittapi_config_apply_per_lib :  ITTAPI function not implemented: __itt_heap_internal_access_begin
3819396 : 0x40e3666fe57eab : 2 : ittapi_config_apply_per_lib :  ITTAPI function not implemented: __itt_heap_internal_access_end
3819396 : 0x40e3666fe58e37 : 2 : ittapi_config_apply_per_lib :  ITTAPI function not implemented: __itt_heap_record_memory_growth_begin
3819396 : 0x40e3666fe5a2ec : 2 : ittapi_config_apply_per_lib :  ITTAPI function not implemented: __itt_heap_record_memory_growth_end
3819396 : 0x40e3666fe5b916 : 2 : ittapi_config_apply_per_lib :  ITTAPI function not implemented: __itt_heap_reset_detection
3819396 : 0x40e3666fe5d2a8 : 2 : ittapi_config_apply_per_lib :  ITTAPI function not implemented: __itt_heap_record
3819396 : 0x40e3666fe5e62e : 2 : ittapi_config_apply_per_lib :  ITTAPI function not implemented: __itt_id_create
3819396 : 0x40e3666fe62df6 : 2 : ittapi_config_apply_per_lib :  ITTAPI function not implemented: __itt_id_destroy
3819396 : 0x40e3666fe63e4e : 2 : ittapi_config_apply_per_lib :  ITTAPI function instrumented: __itt_get_timestamp
3819396 : 0x40e3666fe64d1c : 2 : ittapi_config_apply_per_lib :  ITTAPI function not implemented: __itt_region_begin
3819396 : 0x40e3666fe65be7 : 2 : ittapi_config_apply_per_lib :  ITTAPI function not implemented: __itt_region_end
3819396 : 0x40e3666fe66fc7 : 2 : ittapi_config_apply_per_lib :  ITTAPI function instrumented: __itt_frame_begin_v3
3819396 : 0x40e3666fe683d2 : 2 : ittapi_config_apply_per_lib :  ITTAPI function instrumented: __itt_frame_end_v3
3819396 : 0x40e3666fe6967c : 2 : ittapi_config_apply_per_lib :  ITTAPI function instrumented: __itt_frame_submit_v3
3819396 : 0x40e3666fe6acf4 : 2 : ittapi_config_apply_per_lib :  ITTAPI function not implemented: __itt_task_group
3819396 : 0x40e3666fe6ba4a : 2 : ittapi_config_apply_per_lib :  ITTAPI function instrumented: __itt_task_begin
3819396 : 0x40e3666fe6c6ee : 2 : ittapi_config_apply_per_lib :  ITTAPI function instrumented: __itt_task_begin_fn
3819396 : 0x40e3666fe71664 : 2 : ittapi_config_apply_per_lib :  ITTAPI function instrumented: __itt_task_end
3819396 : 0x40e3666fe72fd4 : 2 : ittapi_config_apply_per_lib :  ITTAPI function not implemented: __itt_counter_inc_v3
3819396 : 0x40e3666fe74833 : 2 : ittapi_config_apply_per_lib :  ITTAPI function not implemented: __itt_counter_inc_delta_v3
3819396 : 0x40e3666fe75e9f : 2 : ittapi_config_apply_per_lib :  ITTAPI function not implemented: __itt_counter_dec_v3
3819396 : 0x40e3666fe76d24 : 2 : ittapi_config_apply_per_lib :  ITTAPI function not implemented: __itt_counter_dec_delta_v3
3819396 : 0x40e3666fe77ae0 : 2 : ittapi_config_apply_per_lib :  ITTAPI function not implemented: __itt_marker
3819396 : 0x40e3666fe78822 : 2 : ittapi_config_apply_per_lib :  ITTAPI function instrumented: __itt_metadata_add
3819396 : 0x40e3666fe7960c : 2 : ittapi_config_apply_per_lib :  ITTAPI function not implemented: __itt_metadata_str_add
3819396 : 0x40e3666fe7a3f3 : 2 : ittapi_config_apply_per_lib :  ITTAPI function not implemented: __itt_relation_add_to_current
3819396 : 0x40e3666fe7b51e : 2 : ittapi_config_apply_per_lib :  ITTAPI function not implemented: __itt_relation_add
3819396 : 0x40e3666fe81894 : 2 : ittapi_config_apply_per_lib :  ITTAPI function instrumented: __itt_event_create
3819396 : 0x40e3666fe82848 : 2 : ittapi_config_apply_per_lib :  ITTAPI function instrumented: __itt_event_start
3819396 : 0x40e3666fe8357d : 2 : ittapi_config_apply_per_lib :  ITTAPI function instrumented: __itt_event_end
3819396 : 0x40e3666fe84091 : 2 : ittapi_config_apply_per_lib :  ITTAPI function NOT instrumented (not matched by --itt-config option): __itt_sync_set_name

3819396 : 0x40e3666fe84cc2 : 2 : ittapi_config_apply_per_lib :  ITTAPI function NOT instrumented (not matched by --itt-config option): __itt_notify_sync_name

3819396 : 0x40e3666fe85838 : 2 : ittapi_config_apply_per_lib :  ITTAPI function NOT instrumented (not matched by --itt-config option): __itt_notify_sync_prepare

3819396 : 0x40e3666fe8630b : 2 : ittapi_config_apply_per_lib :  ITTAPI function NOT instrumented (not matched by --itt-config option): __itt_notify_sync_cancel

3819396 : 0x40e3666fe86e30 : 2 : ittapi_config_apply_per_lib :  ITTAPI function NOT instrumented (not matched by --itt-config option): __itt_notify_sync_acquired

3819396 : 0x40e3666fe87948 : 2 : ittapi_config_apply_per_lib :  ITTAPI function NOT instrumented (not matched by --itt-config option): __itt_notify_sync_releasing

3819396 : 0x40e3666fe8894c : 2 : ittapi_config_apply_per_lib :  ITTAPI function not implemented: __itt_memory_read
3819396 : 0x40e3666fe8f5e9 : 2 : ittapi_config_apply_per_lib :  ITTAPI function not implemented: __itt_memory_write
3819396 : 0x40e3666fe906f8 : 2 : ittapi_config_apply_per_lib :  ITTAPI function not implemented: __itt_memory_update
3819396 : 0x40e3666fe914f6 : 2 : ittapi_config_apply_per_lib :  ITTAPI function not implemented: __itt_state_get
3819396 : 0x40e3666fe9224e : 2 : ittapi_config_apply_per_lib :  ITTAPI function not implemented: __itt_state_set
3819396 : 0x40e3666fe93038 : 2 : ittapi_config_apply_per_lib :  ITTAPI function not implemented: __itt_obj_mode_set
3819396 : 0x40e3666fe93e24 : 2 : ittapi_config_apply_per_lib :  ITTAPI function not implemented: __itt_thr_mode_set
3819396 : 0x40e3666fe94ab2 : 2 : ittapi_config_apply_per_lib :  ITTAPI function instrumented: __itt_frame_create
3819396 : 0x40e3666fe9571d : 2 : ittapi_config_apply_per_lib :  ITTAPI function instrumented: __itt_pt_region_create
3819396 : 0x40e3666fe9641b : 2 : ittapi_config_apply_per_lib :  ITTAPI function instrumented: __itt_frame_begin
3819396 : 0x40e3666fe970ed : 2 : ittapi_config_apply_per_lib :  ITTAPI function instrumented: __itt_frame_end
3819396 : 0x40e3666fe9b114 : 2 : ittapi_config_apply_per_lib :  ITTAPI function not implemented: __itt_counter_destroy
3819396 : 0x40e3666fe9bfd0 : 2 : ittapi_config_apply_per_lib :  ITTAPI function instrumented: __itt_counter_inc
3819396 : 0x40e3666fe9cca9 : 2 : ittapi_config_apply_per_lib :  ITTAPI function instrumented: __itt_counter_inc_delta
3819396 : 0x40e3666fe9d93a : 2 : ittapi_config_apply_per_lib :  ITTAPI function instrumented: __itt_counter_dec
3819396 : 0x40e3666fe9e748 : 2 : ittapi_config_apply_per_lib :  ITTAPI function instrumented: __itt_counter_dec_delta
3819396 : 0x40e3666fe9f5af : 2 : ittapi_config_apply_per_lib :  ITTAPI function instrumented: __itt_counter_set_value
3819396 : 0x40e3666fea04e1 : 2 : ittapi_config_apply_per_lib :  ITTAPI function not implemented: __itt_counter_set_value_ex
3819396 : 0x40e3666fea127b : 2 : ittapi_config_apply_per_lib :  ITTAPI function not implemented: __itt_mark_create
3819396 : 0x40e3666fea210e : 2 : ittapi_config_apply_per_lib :  ITTAPI function not implemented: __itt_mark
3819396 : 0x40e3666fea2fa0 : 2 : ittapi_config_apply_per_lib :  ITTAPI function not implemented: __itt_mark_off
3819396 : 0x40e3666fea6b61 : 2 : ittapi_config_apply_per_lib :  ITTAPI function not implemented: __itt_mark_global
3819396 : 0x40e3666fea7a8c : 2 : ittapi_config_apply_per_lib :  ITTAPI function not implemented: __itt_mark_global_off
3819396 : 0x40e3666fea887a : 2 : ittapi_config_apply_per_lib :  ITTAPI function NOT instrumented (not matched by --itt-config option): __itt_stack_caller_create

3819396 : 0x40e3666fea9442 : 2 : ittapi_config_apply_per_lib :  ITTAPI function NOT instrumented (not matched by --itt-config option): __itt_stack_caller_destroy

3819396 : 0x40e3666feaa049 : 2 : ittapi_config_apply_per_lib :  ITTAPI function NOT instrumented (not matched by --itt-config option): __itt_stack_callee_enter

3819396 : 0x40e3666feaabcb : 2 : ittapi_config_apply_per_lib :  ITTAPI function NOT instrumented (not matched by --itt-config option): __itt_stack_callee_leave

3819396 : 0x40e3666feab9d2 : 2 : ittapi_config_apply_per_lib :  ITTAPI function not implemented: __itt_clock_domain_create
3819396 : 0x40e3666feac84f : 2 : ittapi_config_apply_per_lib :  ITTAPI function not implemented: __itt_clock_domain_reset
3819396 : 0x40e3666fead5ee : 2 : ittapi_config_apply_per_lib :  ITTAPI function not implemented: __itt_id_create_ex
3819396 : 0x40e3666feae3f1 : 2 : ittapi_config_apply_per_lib :  ITTAPI function not implemented: __itt_id_destroy_ex
3819396 : 0x40e3666feb3e66 : 2 : ittapi_config_apply_per_lib :  ITTAPI function not implemented: __itt_task_begin_ex
3819396 : 0x40e3666feb4db7 : 2 : ittapi_config_apply_per_lib :  ITTAPI function not implemented: __itt_task_begin_fn_ex
3819396 : 0x40e3666feb5c44 : 2 : ittapi_config_apply_per_lib :  ITTAPI function not implemented: __itt_task_end_ex
3819396 : 0x40e3666feb69a1 : 2 : ittapi_config_apply_per_lib :  ITTAPI function instrumented: __itt_task_begin_overlapped
3819396 : 0x40e3666feb7783 : 2 : ittapi_config_apply_per_lib :  ITTAPI function not implemented: __itt_task_begin_overlapped_ex
3819396 : 0x40e3666feb8608 : 2 : ittapi_config_apply_per_lib :  ITTAPI function instrumented: __itt_task_end_overlapped
3819396 : 0x40e3666feb942c : 2 : ittapi_config_apply_per_lib :  ITTAPI function not implemented: __itt_task_end_overlapped_ex
3819396 : 0x40e3666feba210 : 2 : ittapi_config_apply_per_lib :  ITTAPI function not implemented: __itt_marker_ex
3819396 : 0x40e3666febb0e5 : 2 : ittapi_config_apply_per_lib :  ITTAPI function not implemented: __itt_metadata_add_with_scope
3819396 : 0x40e3666febbfb5 : 2 : ittapi_config_apply_per_lib :  ITTAPI function not implemented: __itt_metadata_str_add_with_scope
3819396 : 0x40e3666febff7b : 2 : ittapi_config_apply_per_lib :  ITTAPI function not implemented: __itt_relation_add_to_current_ex
3819396 : 0x40e3666fec0e3a : 2 : ittapi_config_apply_per_lib :  ITTAPI function not implemented: __itt_relation_add_ex
3819396 : 0x40e3666fec1c71 : 2 : ittapi_config_apply_per_lib :  ITTAPI function not implemented: __itt_track_group_create
3819396 : 0x40e3666fec29d4 : 2 : ittapi_config_apply_per_lib :  ITTAPI function not implemented: __itt_track_create
3819396 : 0x40e3666fec37a2 : 2 : ittapi_config_apply_per_lib :  ITTAPI function not implemented: __itt_set_track
3819396 : 0x40e3666fec453b : 2 : ittapi_config_apply_per_lib :  ITTAPI function instrumented: __itt_api_version
3819396 : 0x40e3666fec52e4 : 2 : ittapi_config_apply_per_lib :  ITTAPI function not implemented: __itt_av_save
3819396 : 0x40e3666fec600f : 2 : ittapi_config_apply_per_lib :  ITTAPI function instrumented: __itt_module_load
3819396 : 0x40e3666fec6e00 : 2 : ittapi_config_apply_per_lib :  ITTAPI function not implemented: __itt_module_unload